<?xml version="1.0" encoding="UTF-8"?>
<!-- Generated by org.testng.reporters.JUnitXMLReporter -->
<testsuite hostname="Surya" ignored="0" name="Radio Button Test" tests="4" failures="0" timestamp="23 Oct 2020 07:05:20 GMT" time="6.448" errors="0">
  <testcase name="@BeforeClass opening_RadioButton_page" time="6.378" classname="testcases.TC3_RadioButton_Page">
    <failure type="org.openqa.selenium.NoSuchElementException" message="no such element: Unable to locate element: {&amp;quot;method&amp;quot;:&amp;quot;xpath&amp;quot;,&amp;quot;selector&amp;quot;:&amp;quot;//div[text()=&amp;quot;Radio Button&amp;quot;]&amp;quot;}
  (Session info: chrome=86.0.4240.111)
For documentation on this error, please visit: https://www.seleniumhq.org/exceptions/no_such_element.html
Build info: version: &amp;apos;3.141.59&amp;apos;, revision: &amp;apos;e82be7d358&amp;apos;, time: &amp;apos;2018-11-14T08:17:03&amp;apos;
System info: host: &amp;apos;SURYA&amp;apos;, ip: &amp;apos;192.168.0.7&amp;apos;, os.name: &amp;apos;Windows 10&amp;apos;, os.arch: &amp;apos;amd64&amp;apos;, os.version: &amp;apos;10.0&amp;apos;, java.version: &amp;apos;1.8.0_161&amp;apos;
Driver info: org.openqa.selenium.chrome.ChromeDriver
Capabilities {acceptInsecureCerts: false, browserName: chrome, browserVersion: 86.0.4240.111, chrome: {chromedriverVersion: 86.0.4240.22 (398b0743353ff..., userDataDir: C:\Users\Surya\AppData\Loca...}, goog:chromeOptions: {debuggerAddress: localhost:63170}, javascriptEnabled: true, networkConnectionEnabled: false, pageLoadStrategy: normal, platform: WINDOWS, platformName: WINDOWS, proxy: Proxy(), setWindowRect: true, strictFileInteractability: false, timeouts: {implicit: 0, pageLoad: 300000, script: 30000}, unhandledPromptBehavior: dismiss and notify, webauthn:virtualAuthenticators: true}
Session ID: a47c30e60f0ad86a6eb2d040d9c9e738
*** Element info: {Using=xpath, value=//div[text()=&amp;quot;Radio Button&amp;quot;]}">
      <![CDATA[org.openqa.selenium.NoSuchElementException: no such element: Unable to locate element: {"method":"xpath","selector":"//div[text()="Radio Button"]"}
  (Session info: chrome=86.0.4240.111)
For documentation on this error, please visit: https://www.seleniumhq.org/exceptions/no_such_element.html
Build info: version: '3.141.59', revision: 'e82be7d358', time: '2018-11-14T08:17:03'
System info: host: 'SURYA', ip: '192.168.0.7', os.name: 'Windows 10', os.arch: 'amd64', os.version: '10.0', java.version: '1.8.0_161'
Driver info: org.openqa.selenium.chrome.ChromeDriver
Capabilities {acceptInsecureCerts: false, browserName: chrome, browserVersion: 86.0.4240.111, chrome: {chromedriverVersion: 86.0.4240.22 (398b0743353ff..., userDataDir: C:\Users\Surya\AppData\Loca...}, goog:chromeOptions: {debuggerAddress: localhost:63170}, javascriptEnabled: true, networkConnectionEnabled: false, pageLoadStrategy: normal, platform: WINDOWS, platformName: WINDOWS, proxy: Proxy(), setWindowRect: true, strictFileInteractability: false, timeouts: {implicit: 0, pageLoad: 300000, script: 30000}, unhandledPromptBehavior: dismiss and notify, webauthn:virtualAuthenticators: true}
Session ID: a47c30e60f0ad86a6eb2d040d9c9e738
*** Element info: {Using=xpath, value=//div[text()="Radio Button"]}
at org.openqa.selenium.remote.http.W3CHttpResponseCodec.createException(W3CHttpResponseCodec.java:187)
at org.openqa.selenium.remote.http.W3CHttpResponseCodec.decode(W3CHttpResponseCodec.java:122)
at org.openqa.selenium.remote.http.W3CHttpResponseCodec.decode(W3CHttpResponseCodec.java:49)
at org.openqa.selenium.remote.HttpCommandExecutor.execute(HttpCommandExecutor.java:158)
at org.openqa.selenium.remote.service.DriverCommandExecutor.execute(DriverCommandExecutor.java:83)
at org.openqa.selenium.remote.RemoteWebDriver.execute(RemoteWebDriver.java:552)
at org.openqa.selenium.remote.RemoteWebDriver.findElement(RemoteWebDriver.java:323)
at org.openqa.selenium.remote.RemoteWebDriver.findElementByXPath(RemoteWebDriver.java:428)
at org.openqa.selenium.By$ByXPath.findElement(By.java:353)
at org.openqa.selenium.remote.RemoteWebDriver.findElement(RemoteWebDriver.java:315)
at org.openqa.selenium.support.pagefactory.DefaultElementLocator.findElement(DefaultElementLocator.java:69)
at org.openqa.selenium.support.pagefactory.internal.LocatingElementHandler.invoke(LocatingElementHandler.java:38)
at com.sun.proxy.$Proxy12.getText(Unknown Source)
at testcases.TC3_RadioButton_Page.opening_RadioButton_page(TC3_RadioButton_Page.java:23)
at java.util.concurrent.FutureTask.run(FutureTask.java:266)
at java.util.concurrent.ThreadPoolExecutor.runWorker(ThreadPoolExecutor.java:1149)
at java.util.concurrent.ThreadPoolExecutor$Worker.run(ThreadPoolExecutor.java:624)
at java.lang.Thread.run(Thread.java:748)
... Removed 21 stack frames]]>
    </failure>
  </testcase> <!-- @BeforeClass opening_RadioButton_page -->
  <testcase name="@AfterMethod refresh_page" time="0.0" classname="testcases.TC3_RadioButton_Page">
    <skipped/>
  </testcase> <!-- @AfterMethod refresh_page -->
  <testcase name="@AfterMethod refresh_page" time="0.0" classname="testcases.TC3_RadioButton_Page">
    <skipped/>
  </testcase> <!-- @AfterMethod refresh_page -->
  <testcase name="@AfterMethod refresh_page" time="0.0" classname="testcases.TC3_RadioButton_Page">
    <skipped/>
  </testcase> <!-- @AfterMethod refresh_page -->
  <testcase name="@AfterMethod refresh_page" time="0.0" classname="testcases.TC3_RadioButton_Page">
    <skipped/>
  </testcase> <!-- @AfterMethod refresh_page -->
  <testcase name="testing_Impressive_radio_button" time="0.0" classname="testcases.TC3_RadioButton_Page">
    <skipped/>
  </testcase> <!-- testing_Impressive_radio_button -->
  <testcase name="testing_No_radio_button" time="0.0" classname="testcases.TC3_RadioButton_Page">
    <skipped/>
  </testcase> <!-- testing_No_radio_button -->
  <testcase name="testing_Yes_radio_button" time="0.0" classname="testcases.TC3_RadioButton_Page">
    <skipped/>
  </testcase> <!-- testing_Yes_radio_button -->
  <testcase name="testing_status_of_radiobuttons" time="0.0" classname="testcases.TC3_RadioButton_Page">
    <skipped/>
  </testcase> <!-- testing_status_of_radiobuttons -->
</testsuite> <!-- Radio Button Test -->
