<?xml version="1.0" encoding="UTF-8"?>
<!-- Generated by org.testng.reporters.JUnitXMLReporter -->
<testsuite hostname="Surya" ignored="6" name="Rough Test" tests="3" failures="2" timestamp="02 Nov 2020 06:42:45 GMT" time="38.5" errors="0">
  <testcase name="testing_simpleLink_link" time="0.225" classname="testcases.TC6_Links_Page"/>
  <testcase name="testing_created_link" time="0.249" classname="testcases.TC6_Links_Page">
    <failure type="java.lang.AssertionError" message="expected [null] but found [Link has responded with staus 201 and status text Created]">
      <![CDATA[java.lang.AssertionError: expected [null] but found [Link has responded with staus 201 and status text Created]
at testcases.TC6_Links_Page.testing_created_link(TC6_Links_Page.java:89)
... Removed 31 stack frames]]>
    </failure>
  </testcase> <!-- testing_created_link -->
  <testcase name="testing_links_noContent_link" time="0.246" classname="testcases.TC6_Links_Page">
    <failure type="org.openqa.selenium.NoSuchElementException" message="no such element: Unable to locate element: {&amp;quot;method&amp;quot;:&amp;quot;xpath&amp;quot;,&amp;quot;selector&amp;quot;:&amp;quot;/html/body/div/div/div/div[2]/div[2]/div[1]/p[10]&amp;quot;}
  (Session info: chrome=86.0.4240.111)
For documentation on this error, please visit: https://www.seleniumhq.org/exceptions/no_such_element.html
Build info: version: &amp;apos;3.141.59&amp;apos;, revision: &amp;apos;e82be7d358&amp;apos;, time: &amp;apos;2018-11-14T08:17:03&amp;apos;
System info: host: &amp;apos;SURYA&amp;apos;, ip: &amp;apos;192.168.0.7&amp;apos;, os.name: &amp;apos;Windows 10&amp;apos;, os.arch: &amp;apos;amd64&amp;apos;, os.version: &amp;apos;10.0&amp;apos;, java.version: &amp;apos;1.8.0_161&amp;apos;
Driver info: org.openqa.selenium.chrome.ChromeDriver
Capabilities {acceptInsecureCerts: false, browserName: chrome, browserVersion: 86.0.4240.111, chrome: {chromedriverVersion: 86.0.4240.22 (398b0743353ff..., userDataDir: C:\Users\Surya\AppData\Loca...}, goog:chromeOptions: {debuggerAddress: localhost:55361}, javascriptEnabled: true, networkConnectionEnabled: false, pageLoadStrategy: normal, platform: WINDOWS, platformName: WINDOWS, proxy: Proxy(), setWindowRect: true, strictFileInteractability: false, timeouts: {implicit: 0, pageLoad: 300000, script: 30000}, unhandledPromptBehavior: dismiss and notify, webauthn:virtualAuthenticators: true}
Session ID: 907fdd17c009b1075e0b8cc6e27be412
*** Element info: {Using=xpath, value=/html/body/div/div/div/div[2]/div[2]/div[1]/p[10]}">
      <![CDATA[org.openqa.selenium.NoSuchElementException: no such element: Unable to locate element: {"method":"xpath","selector":"/html/body/div/div/div/div[2]/div[2]/div[1]/p[10]"}
  (Session info: chrome=86.0.4240.111)
For documentation on this error, please visit: https://www.seleniumhq.org/exceptions/no_such_element.html
Build info: version: '3.141.59', revision: 'e82be7d358', time: '2018-11-14T08:17:03'
System info: host: 'SURYA', ip: '192.168.0.7', os.name: 'Windows 10', os.arch: 'amd64', os.version: '10.0', java.version: '1.8.0_161'
Driver info: org.openqa.selenium.chrome.ChromeDriver
Capabilities {acceptInsecureCerts: false, browserName: chrome, browserVersion: 86.0.4240.111, chrome: {chromedriverVersion: 86.0.4240.22 (398b0743353ff..., userDataDir: C:\Users\Surya\AppData\Loca...}, goog:chromeOptions: {debuggerAddress: localhost:55361}, javascriptEnabled: true, networkConnectionEnabled: false, pageLoadStrategy: normal, platform: WINDOWS, platformName: WINDOWS, proxy: Proxy(), setWindowRect: true, strictFileInteractability: false, timeouts: {implicit: 0, pageLoad: 300000, script: 30000}, unhandledPromptBehavior: dismiss and notify, webauthn:virtualAuthenticators: true}
Session ID: 907fdd17c009b1075e0b8cc6e27be412
*** Element info: {Using=xpath, value=/html/body/div/div/div/div[2]/div[2]/div[1]/p[10]}
at org.openqa.selenium.remote.http.W3CHttpResponseCodec.createException(W3CHttpResponseCodec.java:187)
at org.openqa.selenium.remote.http.W3CHttpResponseCodec.decode(W3CHttpResponseCodec.java:122)
at org.openqa.selenium.remote.http.W3CHttpResponseCodec.decode(W3CHttpResponseCodec.java:49)
at org.openqa.selenium.remote.HttpCommandExecutor.execute(HttpCommandExecutor.java:158)
at org.openqa.selenium.remote.service.DriverCommandExecutor.execute(DriverCommandExecutor.java:83)
at org.openqa.selenium.remote.RemoteWebDriver.execute(RemoteWebDriver.java:552)
at org.openqa.selenium.remote.RemoteWebDriver.findElement(RemoteWebDriver.java:323)
at org.openqa.selenium.remote.RemoteWebDriver.findElementByXPath(RemoteWebDriver.java:428)
at org.openqa.selenium.By$ByXPath.findElement(By.java:353)
at org.openqa.selenium.remote.RemoteWebDriver.findElement(RemoteWebDriver.java:315)
at org.openqa.selenium.support.pagefactory.DefaultElementLocator.findElement(DefaultElementLocator.java:69)
at org.openqa.selenium.support.pagefactory.internal.LocatingElementHandler.invoke(LocatingElementHandler.java:38)
at com.sun.proxy.$Proxy11.getText(Unknown Source)
at testcases.TC6_Links_Page.testing_links_noContent_link(TC6_Links_Page.java:105)
... Removed 29 stack frames]]>
    </failure>
  </testcase> <!-- testing_links_noContent_link -->
  <testcase name="testing_links_links_moved_link" time="0.0" classname="testcases.TC6_Links_Page">
    <ignored/>
  </testcase> <!-- testing_links_links_moved_link -->
  <testcase name="testing_dynamicLink_link" time="0.0" classname="testcases.TC6_Links_Page">
    <ignored/>
  </testcase> <!-- testing_dynamicLink_link -->
  <testcase name="testing_links_links_unauthorized_link" time="0.0" classname="testcases.TC6_Links_Page">
    <ignored/>
  </testcase> <!-- testing_links_links_unauthorized_link -->
  <testcase name="testing_links_badRequest_link" time="0.0" classname="testcases.TC6_Links_Page">
    <ignored/>
  </testcase> <!-- testing_links_badRequest_link -->
  <testcase name="testing_links_forbidden_link" time="0.0" classname="testcases.TC6_Links_Page">
    <ignored/>
  </testcase> <!-- testing_links_forbidden_link -->
  <testcase name="testing_links_links_invalidUrl_link" time="0.0" classname="testcases.TC6_Links_Page">
    <ignored/>
  </testcase> <!-- testing_links_links_invalidUrl_link -->
</testsuite> <!-- Rough Test -->
