<!DOCTYPE html PUBLIC "-//W3C//DTD XHTML 1.1//EN" "http://www.w3.org/TR/xhtml11/DTD/xhtml11.dtd">
<html xmlns="http://www.w3.org/1999/xhtml"><head><title>TestNG Report</title><style type="text/css">table {margin-bottom:10px;border-collapse:collapse;empty-cells:show}th,td {border:1px solid #009;padding:.25em .5em}th {vertical-align:bottom}td {vertical-align:top}table a {font-weight:bold}.stripe td {background-color: #E6EBF9}.num {text-align:right}.passedodd td {background-color: #3F3}.passedeven td {background-color: #0A0}.skippedodd td {background-color: #DDD}.skippedeven td {background-color: #CCC}.failedodd td,.attn {background-color: #F33}.failedeven td,.stripe .attn {background-color: #D00}.stacktrace {white-space:pre;font-family:monospace}.totop {font-size:85%;text-align:center;border-bottom:2px solid #000}</style></head><body><table><tr><th>Test</th><th># Passed</th><th># Skipped</th><th># Failed</th><th>Time (ms)</th><th>Included Groups</th><th>Excluded Groups</th></tr><tr><th colspan="7">Testing ToolsQA Suite</th></tr><tr><td><a href="#t0">Text Box Test</a></td><td class="num">4</td><td class="num">0</td><td class="num attn">2</td><td class="num">11,818</td><td></td><td></td></tr><tr class="stripe"><td><a href="#t1">Check Box Test</a></td><td class="num">7</td><td class="num">0</td><td class="num attn">2</td><td class="num">7,138</td><td></td><td></td></tr><tr><td><a href="#t2">Radio Button Test</a></td><td class="num">4</td><td class="num">0</td><td class="num">0</td><td class="num">6,117</td><td></td><td></td></tr><tr class="stripe"><td><a href="#t3">Buttons Page Test</a></td><td class="num">3</td><td class="num">0</td><td class="num">0</td><td class="num">6,233</td><td></td><td></td></tr><tr><th>Total</th><th class="num">18</th><th class="num">0</th><th class="num attn">4</th><th class="num">31,306</th><th colspan="2"></th></tr></table><table id='summary'><thead><tr><th>Class</th><th>Method</th><th>Start</th><th>Time (ms)</th></tr></thead><tbody><tr><th colspan="4">Testing ToolsQA Suite</th></tr></tbody><tbody id="t0"><tr><th colspan="4">Text Box Test &#8212; failed</th></tr><tr class="failedeven"><td rowspan="2">testcases.TC1_TextBox_Page</td><td><a href="#m0">testing_form_by_entering_Invalid_Email</a></td><td rowspan="1">1604382142674</td><td rowspan="1">2325</td></tr><tr class="failedeven"><td><a href="#m1">testing_submit_button_with_ValidData</a></td><td rowspan="1">1604382139651</td><td rowspan="1">2672</td></tr><tr><th colspan="4">Text Box Test &#8212; passed</th></tr><tr class="passedeven"><td rowspan="4">testcases.TC1_TextBox_Page</td><td><a href="#m2">testing_currentAddress_shadow_enteringText</a></td><td rowspan="1">1604382138114</td><td rowspan="1">316</td></tr><tr class="passedeven"><td><a href="#m3">testing_permanenAddress_shadow_enteringText</a></td><td rowspan="1">1604382138883</td><td rowspan="1">421</td></tr><tr class="passedeven"><td><a href="#m4">testing_userEmail_shadow_entering_Valid_Text</a></td><td rowspan="1">1604382137412</td><td rowspan="1">327</td></tr><tr class="passedeven"><td><a href="#m5">testing_userName_shadow_enteringText</a></td><td rowspan="1">1604382136627</td><td rowspan="1">380</td></tr></tbody><tbody id="t1"><tr><th colspan="4">Check Box Test &#8212; failed</th></tr><tr class="failedeven"><td rowspan="2">testcases.TC2_CheckBox_Page</td><td><a href="#m6">testing_downloads_checkBox_text_by_Checking</a></td><td rowspan="1">1604382149439</td><td rowspan="1">1301</td></tr><tr class="failedeven"><td><a href="#m7">testing_downloads_checkBox_text_by_UnChecking</a></td><td rowspan="1">1604382151085</td><td rowspan="1">1051</td></tr><tr><th colspan="4">Check Box Test &#8212; passed</th></tr><tr class="passedeven"><td rowspan="7">testcases.TC2_CheckBox_Page</td><td><a href="#m8">testing_CollapseAll_Button</a></td><td rowspan="1">1604382146827</td><td rowspan="1">108</td></tr><tr class="passedeven"><td><a href="#m9">testing_ExpandAll_Button</a></td><td rowspan="1">1604382146305</td><td rowspan="1">180</td></tr><tr class="passedeven"><td><a href="#m10">testing_Unexpanded_Expansion</a></td><td rowspan="1">1604382145962</td><td rowspan="1">25</td></tr><tr class="passedeven"><td><a href="#m11">testing_desktop_checkBox_text_by_Checking</a></td><td rowspan="1">1604382147252</td><td rowspan="1">322</td></tr><tr class="passedeven"><td><a href="#m12">testing_desktop_checkBox_text_by_UnChecking</a></td><td rowspan="1">1604382147887</td><td rowspan="1">92</td></tr><tr class="passedeven"><td><a href="#m13">testing_documents_checkBox_text_by_Checking</a></td><td rowspan="1">1604382148308</td><td rowspan="1">347</td></tr><tr class="passedeven"><td><a href="#m14">testing_documents_checkBox_text_by_UnChecking</a></td><td rowspan="1">1604382148982</td><td rowspan="1">101</td></tr></tbody><tbody id="t2"><tr><th colspan="4">Radio Button Test &#8212; passed</th></tr><tr class="passedeven"><td rowspan="4">testcases.TC3_RadioButton_Page</td><td><a href="#m15">testing_Impressive_radio_button</a></td><td rowspan="1">1604382156153</td><td rowspan="1">200</td></tr><tr class="passedeven"><td><a href="#m16">testing_No_radio_button</a></td><td rowspan="1">1604382157368</td><td rowspan="1">114</td></tr><tr class="passedeven"><td><a href="#m17">testing_Yes_radio_button</a></td><td rowspan="1">1604382154734</td><td rowspan="1">314</td></tr><tr class="passedeven"><td><a href="#m18">testing_status_of_radiobuttons</a></td><td rowspan="1">1604382153364</td><td rowspan="1">386</td></tr></tbody><tbody id="t3"><tr><th colspan="4">Buttons Page Test &#8212; passed</th></tr><tr class="passedeven"><td rowspan="3">testcases.TC5_Buttons_Page</td><td><a href="#m19">testing_double_click_button</a></td><td rowspan="1">1604382162703</td><td rowspan="1">895</td></tr><tr class="passedeven"><td><a href="#m20">testing_left_click_button</a></td><td rowspan="1">1604382159480</td><td rowspan="1">303</td></tr><tr class="passedeven"><td><a href="#m21">testing_right_click_button</a></td><td rowspan="1">1604382160860</td><td rowspan="1">692</td></tr></tbody></table><h2>Text Box Test</h2><h3 id="m0">testcases.TC1_TextBox_Page#testing_form_by_entering_Invalid_Email</h3><table class="result"><tr><th>Messages</th></tr><tr><td><div class="messages">Evidance of the Test<br/><hr><br/><a href='G:\practiseSelenium\maven2\test-output\screenshots\Fail Evidance of the method - TESTING_FORM_BY_ENTERING_INVALID_EMAIL at Tue_Nov_03_11_12_06_IST_2020.jpeg'> <img src='G:\practiseSelenium\maven2\test-output\screenshots\Fail Evidance of the method - TESTING_FORM_BY_ENTERING_INVALID_EMAIL at Tue_Nov_03_11_12_06_IST_2020.jpeg' height='200' width='400'/> </a></div></td></tr><tr><th>Exception</th></tr><tr><td><div class="stacktrace">org.openqa.selenium.ElementClickInterceptedException: element click intercepted: Element &lt;button id=&quot;submit&quot; type=&quot;button&quot; class=&quot;btn btn-primary&quot;&gt;...&lt;/button&gt; is not clickable at point (720, 636). Other element would receive the click: &lt;footer&gt;...&lt;/footer&gt;
  (Session info: chrome=86.0.4240.111)
Build info: version: &apos;3.141.59&apos;, revision: &apos;e82be7d358&apos;, time: &apos;2018-11-14T08:17:03&apos;
System info: host: &apos;SURYA&apos;, ip: &apos;192.168.0.7&apos;, os.name: &apos;Windows 10&apos;, os.arch: &apos;amd64&apos;, os.version: &apos;10.0&apos;, java.version: &apos;1.8.0_161&apos;
Driver info: org.openqa.selenium.chrome.ChromeDriver
Capabilities {acceptInsecureCerts: false, browserName: chrome, browserVersion: 86.0.4240.111, chrome: {chromedriverVersion: 86.0.4240.22 (398b0743353ff..., userDataDir: C:\WINDOWS\TEMP\scoped_dir1...}, goog:chromeOptions: {debuggerAddress: localhost:62642}, javascriptEnabled: true, networkConnectionEnabled: false, pageLoadStrategy: normal, platform: WINDOWS, platformName: WINDOWS, proxy: Proxy(), setWindowRect: true, strictFileInteractability: false, timeouts: {implicit: 0, pageLoad: 300000, script: 30000}, unhandledPromptBehavior: dismiss and notify, webauthn:virtualAuthenticators: true}
Session ID: a91f03c5aa6a25908e4f4ccaefcc847e
	at org.openqa.selenium.remote.http.W3CHttpResponseCodec.createException(W3CHttpResponseCodec.java:187)
	at org.openqa.selenium.remote.http.W3CHttpResponseCodec.decode(W3CHttpResponseCodec.java:122)
	at org.openqa.selenium.remote.http.W3CHttpResponseCodec.decode(W3CHttpResponseCodec.java:49)
	at org.openqa.selenium.remote.HttpCommandExecutor.execute(HttpCommandExecutor.java:158)
	at org.openqa.selenium.remote.service.DriverCommandExecutor.execute(DriverCommandExecutor.java:83)
	at org.openqa.selenium.remote.RemoteWebDriver.execute(RemoteWebDriver.java:552)
	at org.openqa.selenium.remote.RemoteWebElement.execute(RemoteWebElement.java:285)
	at org.openqa.selenium.remote.RemoteWebElement.click(RemoteWebElement.java:84)
	at org.openqa.selenium.support.pagefactory.internal.LocatingElementHandler.invoke(LocatingElementHandler.java:51)
	at com.sun.proxy.$Proxy10.click(Unknown Source)
	at testcases.TC1_TextBox_Page.testing_form_by_entering_Invalid_Email(TC1_TextBox_Page.java:38)
... Removed 36 stack frames</div></td></tr></table><p class="totop"><a href="#summary">back to summary</a></p><h3 id="m1">testcases.TC1_TextBox_Page#testing_submit_button_with_ValidData</h3><table class="result"><tr><th>Messages</th></tr><tr><td><div class="messages">Evidance of the Test<br/><hr><br/><a href='G:\practiseSelenium\maven2\test-output\screenshots\Fail Evidance of the method - TESTING_SUBMIT_BUTTON_WITH_VALIDDATA at Tue_Nov_03_11_12_06_IST_2020.jpeg'> <img src='G:\practiseSelenium\maven2\test-output\screenshots\Fail Evidance of the method - TESTING_SUBMIT_BUTTON_WITH_VALIDDATA at Tue_Nov_03_11_12_06_IST_2020.jpeg' height='200' width='400'/> </a></div></td></tr><tr><th>Exception</th></tr><tr><td><div class="stacktrace">org.openqa.selenium.ElementClickInterceptedException: element click intercepted: Element &lt;button id=&quot;submit&quot; type=&quot;button&quot; class=&quot;btn btn-primary&quot;&gt;...&lt;/button&gt; is not clickable at point (720, 636). Other element would receive the click: &lt;footer&gt;...&lt;/footer&gt;
  (Session info: chrome=86.0.4240.111)
Build info: version: &apos;3.141.59&apos;, revision: &apos;e82be7d358&apos;, time: &apos;2018-11-14T08:17:03&apos;
System info: host: &apos;SURYA&apos;, ip: &apos;192.168.0.7&apos;, os.name: &apos;Windows 10&apos;, os.arch: &apos;amd64&apos;, os.version: &apos;10.0&apos;, java.version: &apos;1.8.0_161&apos;
Driver info: org.openqa.selenium.chrome.ChromeDriver
Capabilities {acceptInsecureCerts: false, browserName: chrome, browserVersion: 86.0.4240.111, chrome: {chromedriverVersion: 86.0.4240.22 (398b0743353ff..., userDataDir: C:\WINDOWS\TEMP\scoped_dir1...}, goog:chromeOptions: {debuggerAddress: localhost:62642}, javascriptEnabled: true, networkConnectionEnabled: false, pageLoadStrategy: normal, platform: WINDOWS, platformName: WINDOWS, proxy: Proxy(), setWindowRect: true, strictFileInteractability: false, timeouts: {implicit: 0, pageLoad: 300000, script: 30000}, unhandledPromptBehavior: dismiss and notify, webauthn:virtualAuthenticators: true}
Session ID: a91f03c5aa6a25908e4f4ccaefcc847e
	at org.openqa.selenium.remote.http.W3CHttpResponseCodec.createException(W3CHttpResponseCodec.java:187)
	at org.openqa.selenium.remote.http.W3CHttpResponseCodec.decode(W3CHttpResponseCodec.java:122)
	at org.openqa.selenium.remote.http.W3CHttpResponseCodec.decode(W3CHttpResponseCodec.java:49)
	at org.openqa.selenium.remote.HttpCommandExecutor.execute(HttpCommandExecutor.java:158)
	at org.openqa.selenium.remote.service.DriverCommandExecutor.execute(DriverCommandExecutor.java:83)
	at org.openqa.selenium.remote.RemoteWebDriver.execute(RemoteWebDriver.java:552)
	at org.openqa.selenium.remote.RemoteWebElement.execute(RemoteWebElement.java:285)
	at org.openqa.selenium.remote.RemoteWebElement.click(RemoteWebElement.java:84)
	at org.openqa.selenium.support.pagefactory.internal.LocatingElementHandler.invoke(LocatingElementHandler.java:51)
	at com.sun.proxy.$Proxy10.click(Unknown Source)
	at testcases.TC1_TextBox_Page.testing_submit_button_with_ValidData(TC1_TextBox_Page.java:76)
... Removed 36 stack frames</div></td></tr></table><p class="totop"><a href="#summary">back to summary</a></p><h3 id="m2">testcases.TC1_TextBox_Page#testing_currentAddress_shadow_enteringText</h3><table class="result"><tr><th>Messages</th></tr><tr><td><div class="messages">Evidance of the Test<br/><hr><br/><a href='G:\practiseSelenium\maven2\test-output\screenshots\Pass Evidance of the method - TESTING_CURRENTADDRESS_SHADOW_ENTERINGTEXT at Tue_Nov_03_11_12_06_IST_2020.jpeg'> <img src='G:\practiseSelenium\maven2\test-output\screenshots\Pass Evidance of the method - TESTING_CURRENTADDRESS_SHADOW_ENTERINGTEXT at Tue_Nov_03_11_12_06_IST_2020.jpeg' height='200' width='400'/> </a></div></td></tr></table><p class="totop"><a href="#summary">back to summary</a></p><h3 id="m3">testcases.TC1_TextBox_Page#testing_permanenAddress_shadow_enteringText</h3><table class="result"><tr><th>Messages</th></tr><tr><td><div class="messages">Evidance of the Test<br/><hr><br/><a href='G:\practiseSelenium\maven2\test-output\screenshots\Pass Evidance of the method - TESTING_PERMANENADDRESS_SHADOW_ENTERINGTEXT at Tue_Nov_03_11_12_06_IST_2020.jpeg'> <img src='G:\practiseSelenium\maven2\test-output\screenshots\Pass Evidance of the method - TESTING_PERMANENADDRESS_SHADOW_ENTERINGTEXT at Tue_Nov_03_11_12_06_IST_2020.jpeg' height='200' width='400'/> </a></div></td></tr></table><p class="totop"><a href="#summary">back to summary</a></p><h3 id="m4">testcases.TC1_TextBox_Page#testing_userEmail_shadow_entering_Valid_Text</h3><table class="result"><tr><th>Messages</th></tr><tr><td><div class="messages">Evidance of the Test<br/><hr><br/><a href='G:\practiseSelenium\maven2\test-output\screenshots\Pass Evidance of the method - TESTING_USEREMAIL_SHADOW_ENTERING_VALID_TEXT at Tue_Nov_03_11_12_06_IST_2020.jpeg'> <img src='G:\practiseSelenium\maven2\test-output\screenshots\Pass Evidance of the method - TESTING_USEREMAIL_SHADOW_ENTERING_VALID_TEXT at Tue_Nov_03_11_12_06_IST_2020.jpeg' height='200' width='400'/> </a></div></td></tr></table><p class="totop"><a href="#summary">back to summary</a></p><h3 id="m5">testcases.TC1_TextBox_Page#testing_userName_shadow_enteringText</h3><table class="result"><tr><th>Messages</th></tr><tr><td><div class="messages">Evidance of the Test<br/><hr><br/><a href='G:\practiseSelenium\maven2\test-output\screenshots\Pass Evidance of the method - TESTING_USERNAME_SHADOW_ENTERINGTEXT at Tue_Nov_03_11_12_06_IST_2020.jpeg'> <img src='G:\practiseSelenium\maven2\test-output\screenshots\Pass Evidance of the method - TESTING_USERNAME_SHADOW_ENTERINGTEXT at Tue_Nov_03_11_12_06_IST_2020.jpeg' height='200' width='400'/> </a></div></td></tr></table><p class="totop"><a href="#summary">back to summary</a></p><h2>Check Box Test</h2><h3 id="m6">testcases.TC2_CheckBox_Page#testing_downloads_checkBox_text_by_Checking</h3><table class="result"><tr><th>Messages</th></tr><tr><td><div class="messages">Evidance of the Test<br/><hr><br/><a href='G:\practiseSelenium\maven2\test-output\screenshots\Fail Evidance of the method - TESTING_DOWNLOADS_CHECKBOX_TEXT_BY_CHECKING at Tue_Nov_03_11_12_06_IST_2020.jpeg'> <img src='G:\practiseSelenium\maven2\test-output\screenshots\Fail Evidance of the method - TESTING_DOWNLOADS_CHECKBOX_TEXT_BY_CHECKING at Tue_Nov_03_11_12_06_IST_2020.jpeg' height='200' width='400'/> </a></div></td></tr><tr><th>Exception</th></tr><tr><td><div class="stacktrace">org.openqa.selenium.ElementClickInterceptedException: element click intercepted: Element &lt;span class=&quot;rct-title&quot;&gt;...&lt;/span&gt; is not clickable at point (461, 637). Other element would receive the click: &lt;span&gt;...&lt;/span&gt;
  (Session info: chrome=86.0.4240.111)
Build info: version: &apos;3.141.59&apos;, revision: &apos;e82be7d358&apos;, time: &apos;2018-11-14T08:17:03&apos;
System info: host: &apos;SURYA&apos;, ip: &apos;192.168.0.7&apos;, os.name: &apos;Windows 10&apos;, os.arch: &apos;amd64&apos;, os.version: &apos;10.0&apos;, java.version: &apos;1.8.0_161&apos;
Driver info: org.openqa.selenium.chrome.ChromeDriver
Capabilities {acceptInsecureCerts: false, browserName: chrome, browserVersion: 86.0.4240.111, chrome: {chromedriverVersion: 86.0.4240.22 (398b0743353ff..., userDataDir: C:\WINDOWS\TEMP\scoped_dir1...}, goog:chromeOptions: {debuggerAddress: localhost:62642}, javascriptEnabled: true, networkConnectionEnabled: false, pageLoadStrategy: normal, platform: WINDOWS, platformName: WINDOWS, proxy: Proxy(), setWindowRect: true, strictFileInteractability: false, timeouts: {implicit: 0, pageLoad: 300000, script: 30000}, unhandledPromptBehavior: dismiss and notify, webauthn:virtualAuthenticators: true}
Session ID: a91f03c5aa6a25908e4f4ccaefcc847e
	at org.openqa.selenium.remote.http.W3CHttpResponseCodec.createException(W3CHttpResponseCodec.java:187)
	at org.openqa.selenium.remote.http.W3CHttpResponseCodec.decode(W3CHttpResponseCodec.java:122)
	at org.openqa.selenium.remote.http.W3CHttpResponseCodec.decode(W3CHttpResponseCodec.java:49)
	at org.openqa.selenium.remote.HttpCommandExecutor.execute(HttpCommandExecutor.java:158)
	at org.openqa.selenium.remote.service.DriverCommandExecutor.execute(DriverCommandExecutor.java:83)
	at org.openqa.selenium.remote.RemoteWebDriver.execute(RemoteWebDriver.java:552)
	at org.openqa.selenium.remote.RemoteWebElement.execute(RemoteWebElement.java:285)
	at org.openqa.selenium.remote.RemoteWebElement.click(RemoteWebElement.java:84)
	at org.openqa.selenium.support.pagefactory.internal.LocatingElementHandler.invoke(LocatingElementHandler.java:51)
	at com.sun.proxy.$Proxy10.click(Unknown Source)
	at testcases.TC2_CheckBox_Page.testing_downloads_checkBox_text_by_Checking(TC2_CheckBox_Page.java:125)
... Removed 36 stack frames</div></td></tr></table><p class="totop"><a href="#summary">back to summary</a></p><h3 id="m7">testcases.TC2_CheckBox_Page#testing_downloads_checkBox_text_by_UnChecking</h3><table class="result"><tr><th>Messages</th></tr><tr><td><div class="messages">Evidance of the Test<br/><hr><br/><a href='G:\practiseSelenium\maven2\test-output\screenshots\Fail Evidance of the method - TESTING_DOWNLOADS_CHECKBOX_TEXT_BY_UNCHECKING at Tue_Nov_03_11_12_06_IST_2020.jpeg'> <img src='G:\practiseSelenium\maven2\test-output\screenshots\Fail Evidance of the method - TESTING_DOWNLOADS_CHECKBOX_TEXT_BY_UNCHECKING at Tue_Nov_03_11_12_06_IST_2020.jpeg' height='200' width='400'/> </a></div></td></tr><tr><th>Exception</th></tr><tr><td><div class="stacktrace">org.openqa.selenium.ElementClickInterceptedException: element click intercepted: Element &lt;span class=&quot;rct-title&quot;&gt;...&lt;/span&gt; is not clickable at point (461, 637). Other element would receive the click: &lt;span&gt;...&lt;/span&gt;
  (Session info: chrome=86.0.4240.111)
Build info: version: &apos;3.141.59&apos;, revision: &apos;e82be7d358&apos;, time: &apos;2018-11-14T08:17:03&apos;
System info: host: &apos;SURYA&apos;, ip: &apos;192.168.0.7&apos;, os.name: &apos;Windows 10&apos;, os.arch: &apos;amd64&apos;, os.version: &apos;10.0&apos;, java.version: &apos;1.8.0_161&apos;
Driver info: org.openqa.selenium.chrome.ChromeDriver
Capabilities {acceptInsecureCerts: false, browserName: chrome, browserVersion: 86.0.4240.111, chrome: {chromedriverVersion: 86.0.4240.22 (398b0743353ff..., userDataDir: C:\WINDOWS\TEMP\scoped_dir1...}, goog:chromeOptions: {debuggerAddress: localhost:62642}, javascriptEnabled: true, networkConnectionEnabled: false, pageLoadStrategy: normal, platform: WINDOWS, platformName: WINDOWS, proxy: Proxy(), setWindowRect: true, strictFileInteractability: false, timeouts: {implicit: 0, pageLoad: 300000, script: 30000}, unhandledPromptBehavior: dismiss and notify, webauthn:virtualAuthenticators: true}
Session ID: a91f03c5aa6a25908e4f4ccaefcc847e
	at org.openqa.selenium.remote.http.W3CHttpResponseCodec.createException(W3CHttpResponseCodec.java:187)
	at org.openqa.selenium.remote.http.W3CHttpResponseCodec.decode(W3CHttpResponseCodec.java:122)
	at org.openqa.selenium.remote.http.W3CHttpResponseCodec.decode(W3CHttpResponseCodec.java:49)
	at org.openqa.selenium.remote.HttpCommandExecutor.execute(HttpCommandExecutor.java:158)
	at org.openqa.selenium.remote.service.DriverCommandExecutor.execute(DriverCommandExecutor.java:83)
	at org.openqa.selenium.remote.RemoteWebDriver.execute(RemoteWebDriver.java:552)
	at org.openqa.selenium.remote.RemoteWebElement.execute(RemoteWebElement.java:285)
	at org.openqa.selenium.remote.RemoteWebElement.click(RemoteWebElement.java:84)
	at org.openqa.selenium.support.pagefactory.internal.LocatingElementHandler.invoke(LocatingElementHandler.java:51)
	at com.sun.proxy.$Proxy10.click(Unknown Source)
	at testcases.TC2_CheckBox_Page.testing_downloads_checkBox_text_by_UnChecking(TC2_CheckBox_Page.java:141)
... Removed 36 stack frames</div></td></tr></table><p class="totop"><a href="#summary">back to summary</a></p><h3 id="m8">testcases.TC2_CheckBox_Page#testing_CollapseAll_Button</h3><table class="result"><tr><th>Messages</th></tr><tr><td><div class="messages">Evidance of the Test<br/><hr><br/><a href='G:\practiseSelenium\maven2\test-output\screenshots\Pass Evidance of the method - TESTING_COLLAPSEALL_BUTTON at Tue_Nov_03_11_12_06_IST_2020.jpeg'> <img src='G:\practiseSelenium\maven2\test-output\screenshots\Pass Evidance of the method - TESTING_COLLAPSEALL_BUTTON at Tue_Nov_03_11_12_06_IST_2020.jpeg' height='200' width='400'/> </a></div></td></tr></table><p class="totop"><a href="#summary">back to summary</a></p><h3 id="m9">testcases.TC2_CheckBox_Page#testing_ExpandAll_Button</h3><table class="result"><tr><th>Messages</th></tr><tr><td><div class="messages">Evidance of the Test<br/><hr><br/><a href='G:\practiseSelenium\maven2\test-output\screenshots\Pass Evidance of the method - TESTING_EXPANDALL_BUTTON at Tue_Nov_03_11_12_06_IST_2020.jpeg'> <img src='G:\practiseSelenium\maven2\test-output\screenshots\Pass Evidance of the method - TESTING_EXPANDALL_BUTTON at Tue_Nov_03_11_12_06_IST_2020.jpeg' height='200' width='400'/> </a></div></td></tr></table><p class="totop"><a href="#summary">back to summary</a></p><h3 id="m10">testcases.TC2_CheckBox_Page#testing_Unexpanded_Expansion</h3><table class="result"><tr><th>Messages</th></tr><tr><td><div class="messages">Evidance of the Test<br/><hr><br/><a href='G:\practiseSelenium\maven2\test-output\screenshots\Pass Evidance of the method - TESTING_UNEXPANDED_EXPANSION at Tue_Nov_03_11_12_06_IST_2020.jpeg'> <img src='G:\practiseSelenium\maven2\test-output\screenshots\Pass Evidance of the method - TESTING_UNEXPANDED_EXPANSION at Tue_Nov_03_11_12_06_IST_2020.jpeg' height='200' width='400'/> </a></div></td></tr></table><p class="totop"><a href="#summary">back to summary</a></p><h3 id="m11">testcases.TC2_CheckBox_Page#testing_desktop_checkBox_text_by_Checking</h3><table class="result"><tr><th>Messages</th></tr><tr><td><div class="messages">Evidance of the Test<br/><hr><br/><a href='G:\practiseSelenium\maven2\test-output\screenshots\Pass Evidance of the method - TESTING_DESKTOP_CHECKBOX_TEXT_BY_CHECKING at Tue_Nov_03_11_12_06_IST_2020.jpeg'> <img src='G:\practiseSelenium\maven2\test-output\screenshots\Pass Evidance of the method - TESTING_DESKTOP_CHECKBOX_TEXT_BY_CHECKING at Tue_Nov_03_11_12_06_IST_2020.jpeg' height='200' width='400'/> </a></div></td></tr></table><p class="totop"><a href="#summary">back to summary</a></p><h3 id="m12">testcases.TC2_CheckBox_Page#testing_desktop_checkBox_text_by_UnChecking</h3><table class="result"><tr><th>Messages</th></tr><tr><td><div class="messages">Evidance of the Test<br/><hr><br/><a href='G:\practiseSelenium\maven2\test-output\screenshots\Pass Evidance of the method - TESTING_DESKTOP_CHECKBOX_TEXT_BY_UNCHECKING at Tue_Nov_03_11_12_06_IST_2020.jpeg'> <img src='G:\practiseSelenium\maven2\test-output\screenshots\Pass Evidance of the method - TESTING_DESKTOP_CHECKBOX_TEXT_BY_UNCHECKING at Tue_Nov_03_11_12_06_IST_2020.jpeg' height='200' width='400'/> </a></div></td></tr></table><p class="totop"><a href="#summary">back to summary</a></p><h3 id="m13">testcases.TC2_CheckBox_Page#testing_documents_checkBox_text_by_Checking</h3><table class="result"><tr><th>Messages</th></tr><tr><td><div class="messages">Evidance of the Test<br/><hr><br/><a href='G:\practiseSelenium\maven2\test-output\screenshots\Pass Evidance of the method - TESTING_DOCUMENTS_CHECKBOX_TEXT_BY_CHECKING at Tue_Nov_03_11_12_06_IST_2020.jpeg'> <img src='G:\practiseSelenium\maven2\test-output\screenshots\Pass Evidance of the method - TESTING_DOCUMENTS_CHECKBOX_TEXT_BY_CHECKING at Tue_Nov_03_11_12_06_IST_2020.jpeg' height='200' width='400'/> </a></div></td></tr></table><p class="totop"><a href="#summary">back to summary</a></p><h3 id="m14">testcases.TC2_CheckBox_Page#testing_documents_checkBox_text_by_UnChecking</h3><table class="result"><tr><th>Messages</th></tr><tr><td><div class="messages">Evidance of the Test<br/><hr><br/><a href='G:\practiseSelenium\maven2\test-output\screenshots\Pass Evidance of the method - TESTING_DOCUMENTS_CHECKBOX_TEXT_BY_UNCHECKING at Tue_Nov_03_11_12_06_IST_2020.jpeg'> <img src='G:\practiseSelenium\maven2\test-output\screenshots\Pass Evidance of the method - TESTING_DOCUMENTS_CHECKBOX_TEXT_BY_UNCHECKING at Tue_Nov_03_11_12_06_IST_2020.jpeg' height='200' width='400'/> </a></div></td></tr></table><p class="totop"><a href="#summary">back to summary</a></p><h2>Radio Button Test</h2><h3 id="m15">testcases.TC3_RadioButton_Page#testing_Impressive_radio_button</h3><table class="result"><tr><th>Messages</th></tr><tr><td><div class="messages">Evidance of the Test<br/><hr><br/><a href='G:\practiseSelenium\maven2\test-output\screenshots\Pass Evidance of the method - TESTING_IMPRESSIVE_RADIO_BUTTON at Tue_Nov_03_11_12_06_IST_2020.jpeg'> <img src='G:\practiseSelenium\maven2\test-output\screenshots\Pass Evidance of the method - TESTING_IMPRESSIVE_RADIO_BUTTON at Tue_Nov_03_11_12_06_IST_2020.jpeg' height='200' width='400'/> </a></div></td></tr></table><p class="totop"><a href="#summary">back to summary</a></p><h3 id="m16">testcases.TC3_RadioButton_Page#testing_No_radio_button</h3><table class="result"><tr><th>Messages</th></tr><tr><td><div class="messages">Evidance of the Test<br/><hr><br/><a href='G:\practiseSelenium\maven2\test-output\screenshots\Pass Evidance of the method - TESTING_NO_RADIO_BUTTON at Tue_Nov_03_11_12_06_IST_2020.jpeg'> <img src='G:\practiseSelenium\maven2\test-output\screenshots\Pass Evidance of the method - TESTING_NO_RADIO_BUTTON at Tue_Nov_03_11_12_06_IST_2020.jpeg' height='200' width='400'/> </a></div></td></tr></table><p class="totop"><a href="#summary">back to summary</a></p><h3 id="m17">testcases.TC3_RadioButton_Page#testing_Yes_radio_button</h3><table class="result"><tr><th>Messages</th></tr><tr><td><div class="messages">Evidance of the Test<br/><hr><br/><a href='G:\practiseSelenium\maven2\test-output\screenshots\Pass Evidance of the method - TESTING_YES_RADIO_BUTTON at Tue_Nov_03_11_12_06_IST_2020.jpeg'> <img src='G:\practiseSelenium\maven2\test-output\screenshots\Pass Evidance of the method - TESTING_YES_RADIO_BUTTON at Tue_Nov_03_11_12_06_IST_2020.jpeg' height='200' width='400'/> </a></div></td></tr></table><p class="totop"><a href="#summary">back to summary</a></p><h3 id="m18">testcases.TC3_RadioButton_Page#testing_status_of_radiobuttons</h3><table class="result"><tr><th>Messages</th></tr><tr><td><div class="messages">Evidance of the Test<br/><hr><br/><a href='G:\practiseSelenium\maven2\test-output\screenshots\Pass Evidance of the method - TESTING_STATUS_OF_RADIOBUTTONS at Tue_Nov_03_11_12_06_IST_2020.jpeg'> <img src='G:\practiseSelenium\maven2\test-output\screenshots\Pass Evidance of the method - TESTING_STATUS_OF_RADIOBUTTONS at Tue_Nov_03_11_12_06_IST_2020.jpeg' height='200' width='400'/> </a></div></td></tr></table><p class="totop"><a href="#summary">back to summary</a></p><h2>Buttons Page Test</h2><h3 id="m19">testcases.TC5_Buttons_Page#testing_double_click_button</h3><table class="result"><tr><th>Messages</th></tr><tr><td><div class="messages">Evidance of the Test<br/><hr><br/><a href='G:\practiseSelenium\maven2\test-output\screenshots\Pass Evidance of the method - TESTING_DOUBLE_CLICK_BUTTON at Tue_Nov_03_11_12_06_IST_2020.jpeg'> <img src='G:\practiseSelenium\maven2\test-output\screenshots\Pass Evidance of the method - TESTING_DOUBLE_CLICK_BUTTON at Tue_Nov_03_11_12_06_IST_2020.jpeg' height='200' width='400'/> </a></div></td></tr></table><p class="totop"><a href="#summary">back to summary</a></p><h3 id="m20">testcases.TC5_Buttons_Page#testing_left_click_button</h3><table class="result"><tr><th>Messages</th></tr><tr><td><div class="messages">Evidance of the Test<br/><hr><br/><a href='G:\practiseSelenium\maven2\test-output\screenshots\Pass Evidance of the method - TESTING_LEFT_CLICK_BUTTON at Tue_Nov_03_11_12_06_IST_2020.jpeg'> <img src='G:\practiseSelenium\maven2\test-output\screenshots\Pass Evidance of the method - TESTING_LEFT_CLICK_BUTTON at Tue_Nov_03_11_12_06_IST_2020.jpeg' height='200' width='400'/> </a></div></td></tr></table><p class="totop"><a href="#summary">back to summary</a></p><h3 id="m21">testcases.TC5_Buttons_Page#testing_right_click_button</h3><table class="result"><tr><th>Messages</th></tr><tr><td><div class="messages">Evidance of the Test<br/><hr><br/><a href='G:\practiseSelenium\maven2\test-output\screenshots\Pass Evidance of the method - TESTING_RIGHT_CLICK_BUTTON at Tue_Nov_03_11_12_06_IST_2020.jpeg'> <img src='G:\practiseSelenium\maven2\test-output\screenshots\Pass Evidance of the method - TESTING_RIGHT_CLICK_BUTTON at Tue_Nov_03_11_12_06_IST_2020.jpeg' height='200' width='400'/> </a></div></td></tr></table><p class="totop"><a href="#summary">back to summary</a></p></body></html>