<?xml version="1.0" encoding="UTF-8"?>
<testng-results skipped="0" failed="4" ignored="0" total="22" passed="18">
  <reporter-output>
    <line>
      <![CDATA[Evidance of the Test]]>
    </line>
    <line>
      <![CDATA[<hr>]]>
    </line>
    <line>
      <![CDATA[<a href='G:\practiseSelenium\maven2\test-output\screenshots\Pass Evidance of the method - TESTING_USERNAME_SHADOW_ENTERINGTEXT at Tue_Nov_03_11_12_06_IST_2020.jpeg'> <img src='G:\practiseSelenium\maven2\test-output\screenshots\Pass Evidance of the method - TESTING_USERNAME_SHADOW_ENTERINGTEXT at Tue_Nov_03_11_12_06_IST_2020.jpeg' height='200' width='400'/> </a>]]>
    </line>
    <line>
      <![CDATA[Evidance of the Test]]>
    </line>
    <line>
      <![CDATA[<hr>]]>
    </line>
    <line>
      <![CDATA[<a href='G:\practiseSelenium\maven2\test-output\screenshots\Pass Evidance of the method - TESTING_USEREMAIL_SHADOW_ENTERING_VALID_TEXT at Tue_Nov_03_11_12_06_IST_2020.jpeg'> <img src='G:\practiseSelenium\maven2\test-output\screenshots\Pass Evidance of the method - TESTING_USEREMAIL_SHADOW_ENTERING_VALID_TEXT at Tue_Nov_03_11_12_06_IST_2020.jpeg' height='200' width='400'/> </a>]]>
    </line>
    <line>
      <![CDATA[Evidance of the Test]]>
    </line>
    <line>
      <![CDATA[<hr>]]>
    </line>
    <line>
      <![CDATA[<a href='G:\practiseSelenium\maven2\test-output\screenshots\Pass Evidance of the method - TESTING_CURRENTADDRESS_SHADOW_ENTERINGTEXT at Tue_Nov_03_11_12_06_IST_2020.jpeg'> <img src='G:\practiseSelenium\maven2\test-output\screenshots\Pass Evidance of the method - TESTING_CURRENTADDRESS_SHADOW_ENTERINGTEXT at Tue_Nov_03_11_12_06_IST_2020.jpeg' height='200' width='400'/> </a>]]>
    </line>
    <line>
      <![CDATA[Evidance of the Test]]>
    </line>
    <line>
      <![CDATA[<hr>]]>
    </line>
    <line>
      <![CDATA[<a href='G:\practiseSelenium\maven2\test-output\screenshots\Pass Evidance of the method - TESTING_PERMANENADDRESS_SHADOW_ENTERINGTEXT at Tue_Nov_03_11_12_06_IST_2020.jpeg'> <img src='G:\practiseSelenium\maven2\test-output\screenshots\Pass Evidance of the method - TESTING_PERMANENADDRESS_SHADOW_ENTERINGTEXT at Tue_Nov_03_11_12_06_IST_2020.jpeg' height='200' width='400'/> </a>]]>
    </line>
    <line>
      <![CDATA[Evidance of the Test]]>
    </line>
    <line>
      <![CDATA[<hr>]]>
    </line>
    <line>
      <![CDATA[<a href='G:\practiseSelenium\maven2\test-output\screenshots\Fail Evidance of the method - TESTING_SUBMIT_BUTTON_WITH_VALIDDATA at Tue_Nov_03_11_12_06_IST_2020.jpeg'> <img src='G:\practiseSelenium\maven2\test-output\screenshots\Fail Evidance of the method - TESTING_SUBMIT_BUTTON_WITH_VALIDDATA at Tue_Nov_03_11_12_06_IST_2020.jpeg' height='200' width='400'/> </a>]]>
    </line>
    <line>
      <![CDATA[Evidance of the Test]]>
    </line>
    <line>
      <![CDATA[<hr>]]>
    </line>
    <line>
      <![CDATA[<a href='G:\practiseSelenium\maven2\test-output\screenshots\Fail Evidance of the method - TESTING_FORM_BY_ENTERING_INVALID_EMAIL at Tue_Nov_03_11_12_06_IST_2020.jpeg'> <img src='G:\practiseSelenium\maven2\test-output\screenshots\Fail Evidance of the method - TESTING_FORM_BY_ENTERING_INVALID_EMAIL at Tue_Nov_03_11_12_06_IST_2020.jpeg' height='200' width='400'/> </a>]]>
    </line>
    <line>
      <![CDATA[Evidance of the Test]]>
    </line>
    <line>
      <![CDATA[<hr>]]>
    </line>
    <line>
      <![CDATA[<a href='G:\practiseSelenium\maven2\test-output\screenshots\Pass Evidance of the method - TESTING_UNEXPANDED_EXPANSION at Tue_Nov_03_11_12_06_IST_2020.jpeg'> <img src='G:\practiseSelenium\maven2\test-output\screenshots\Pass Evidance of the method - TESTING_UNEXPANDED_EXPANSION at Tue_Nov_03_11_12_06_IST_2020.jpeg' height='200' width='400'/> </a>]]>
    </line>
    <line>
      <![CDATA[Evidance of the Test]]>
    </line>
    <line>
      <![CDATA[<hr>]]>
    </line>
    <line>
      <![CDATA[<a href='G:\practiseSelenium\maven2\test-output\screenshots\Pass Evidance of the method - TESTING_EXPANDALL_BUTTON at Tue_Nov_03_11_12_06_IST_2020.jpeg'> <img src='G:\practiseSelenium\maven2\test-output\screenshots\Pass Evidance of the method - TESTING_EXPANDALL_BUTTON at Tue_Nov_03_11_12_06_IST_2020.jpeg' height='200' width='400'/> </a>]]>
    </line>
    <line>
      <![CDATA[Evidance of the Test]]>
    </line>
    <line>
      <![CDATA[<hr>]]>
    </line>
    <line>
      <![CDATA[<a href='G:\practiseSelenium\maven2\test-output\screenshots\Pass Evidance of the method - TESTING_COLLAPSEALL_BUTTON at Tue_Nov_03_11_12_06_IST_2020.jpeg'> <img src='G:\practiseSelenium\maven2\test-output\screenshots\Pass Evidance of the method - TESTING_COLLAPSEALL_BUTTON at Tue_Nov_03_11_12_06_IST_2020.jpeg' height='200' width='400'/> </a>]]>
    </line>
    <line>
      <![CDATA[Evidance of the Test]]>
    </line>
    <line>
      <![CDATA[<hr>]]>
    </line>
    <line>
      <![CDATA[<a href='G:\practiseSelenium\maven2\test-output\screenshots\Pass Evidance of the method - TESTING_DESKTOP_CHECKBOX_TEXT_BY_CHECKING at Tue_Nov_03_11_12_06_IST_2020.jpeg'> <img src='G:\practiseSelenium\maven2\test-output\screenshots\Pass Evidance of the method - TESTING_DESKTOP_CHECKBOX_TEXT_BY_CHECKING at Tue_Nov_03_11_12_06_IST_2020.jpeg' height='200' width='400'/> </a>]]>
    </line>
    <line>
      <![CDATA[Evidance of the Test]]>
    </line>
    <line>
      <![CDATA[<hr>]]>
    </line>
    <line>
      <![CDATA[<a href='G:\practiseSelenium\maven2\test-output\screenshots\Pass Evidance of the method - TESTING_DESKTOP_CHECKBOX_TEXT_BY_UNCHECKING at Tue_Nov_03_11_12_06_IST_2020.jpeg'> <img src='G:\practiseSelenium\maven2\test-output\screenshots\Pass Evidance of the method - TESTING_DESKTOP_CHECKBOX_TEXT_BY_UNCHECKING at Tue_Nov_03_11_12_06_IST_2020.jpeg' height='200' width='400'/> </a>]]>
    </line>
    <line>
      <![CDATA[Evidance of the Test]]>
    </line>
    <line>
      <![CDATA[<hr>]]>
    </line>
    <line>
      <![CDATA[<a href='G:\practiseSelenium\maven2\test-output\screenshots\Pass Evidance of the method - TESTING_DOCUMENTS_CHECKBOX_TEXT_BY_CHECKING at Tue_Nov_03_11_12_06_IST_2020.jpeg'> <img src='G:\practiseSelenium\maven2\test-output\screenshots\Pass Evidance of the method - TESTING_DOCUMENTS_CHECKBOX_TEXT_BY_CHECKING at Tue_Nov_03_11_12_06_IST_2020.jpeg' height='200' width='400'/> </a>]]>
    </line>
    <line>
      <![CDATA[Evidance of the Test]]>
    </line>
    <line>
      <![CDATA[<hr>]]>
    </line>
    <line>
      <![CDATA[<a href='G:\practiseSelenium\maven2\test-output\screenshots\Pass Evidance of the method - TESTING_DOCUMENTS_CHECKBOX_TEXT_BY_UNCHECKING at Tue_Nov_03_11_12_06_IST_2020.jpeg'> <img src='G:\practiseSelenium\maven2\test-output\screenshots\Pass Evidance of the method - TESTING_DOCUMENTS_CHECKBOX_TEXT_BY_UNCHECKING at Tue_Nov_03_11_12_06_IST_2020.jpeg' height='200' width='400'/> </a>]]>
    </line>
    <line>
      <![CDATA[Evidance of the Test]]>
    </line>
    <line>
      <![CDATA[<hr>]]>
    </line>
    <line>
      <![CDATA[<a href='G:\practiseSelenium\maven2\test-output\screenshots\Fail Evidance of the method - TESTING_DOWNLOADS_CHECKBOX_TEXT_BY_CHECKING at Tue_Nov_03_11_12_06_IST_2020.jpeg'> <img src='G:\practiseSelenium\maven2\test-output\screenshots\Fail Evidance of the method - TESTING_DOWNLOADS_CHECKBOX_TEXT_BY_CHECKING at Tue_Nov_03_11_12_06_IST_2020.jpeg' height='200' width='400'/> </a>]]>
    </line>
    <line>
      <![CDATA[Evidance of the Test]]>
    </line>
    <line>
      <![CDATA[<hr>]]>
    </line>
    <line>
      <![CDATA[<a href='G:\practiseSelenium\maven2\test-output\screenshots\Fail Evidance of the method - TESTING_DOWNLOADS_CHECKBOX_TEXT_BY_UNCHECKING at Tue_Nov_03_11_12_06_IST_2020.jpeg'> <img src='G:\practiseSelenium\maven2\test-output\screenshots\Fail Evidance of the method - TESTING_DOWNLOADS_CHECKBOX_TEXT_BY_UNCHECKING at Tue_Nov_03_11_12_06_IST_2020.jpeg' height='200' width='400'/> </a>]]>
    </line>
    <line>
      <![CDATA[Evidance of the Test]]>
    </line>
    <line>
      <![CDATA[<hr>]]>
    </line>
    <line>
      <![CDATA[<a href='G:\practiseSelenium\maven2\test-output\screenshots\Pass Evidance of the method - TESTING_STATUS_OF_RADIOBUTTONS at Tue_Nov_03_11_12_06_IST_2020.jpeg'> <img src='G:\practiseSelenium\maven2\test-output\screenshots\Pass Evidance of the method - TESTING_STATUS_OF_RADIOBUTTONS at Tue_Nov_03_11_12_06_IST_2020.jpeg' height='200' width='400'/> </a>]]>
    </line>
    <line>
      <![CDATA[Evidance of the Test]]>
    </line>
    <line>
      <![CDATA[<hr>]]>
    </line>
    <line>
      <![CDATA[<a href='G:\practiseSelenium\maven2\test-output\screenshots\Pass Evidance of the method - TESTING_YES_RADIO_BUTTON at Tue_Nov_03_11_12_06_IST_2020.jpeg'> <img src='G:\practiseSelenium\maven2\test-output\screenshots\Pass Evidance of the method - TESTING_YES_RADIO_BUTTON at Tue_Nov_03_11_12_06_IST_2020.jpeg' height='200' width='400'/> </a>]]>
    </line>
    <line>
      <![CDATA[Evidance of the Test]]>
    </line>
    <line>
      <![CDATA[<hr>]]>
    </line>
    <line>
      <![CDATA[<a href='G:\practiseSelenium\maven2\test-output\screenshots\Pass Evidance of the method - TESTING_IMPRESSIVE_RADIO_BUTTON at Tue_Nov_03_11_12_06_IST_2020.jpeg'> <img src='G:\practiseSelenium\maven2\test-output\screenshots\Pass Evidance of the method - TESTING_IMPRESSIVE_RADIO_BUTTON at Tue_Nov_03_11_12_06_IST_2020.jpeg' height='200' width='400'/> </a>]]>
    </line>
    <line>
      <![CDATA[Evidance of the Test]]>
    </line>
    <line>
      <![CDATA[<hr>]]>
    </line>
    <line>
      <![CDATA[<a href='G:\practiseSelenium\maven2\test-output\screenshots\Pass Evidance of the method - TESTING_NO_RADIO_BUTTON at Tue_Nov_03_11_12_06_IST_2020.jpeg'> <img src='G:\practiseSelenium\maven2\test-output\screenshots\Pass Evidance of the method - TESTING_NO_RADIO_BUTTON at Tue_Nov_03_11_12_06_IST_2020.jpeg' height='200' width='400'/> </a>]]>
    </line>
    <line>
      <![CDATA[Evidance of the Test]]>
    </line>
    <line>
      <![CDATA[<hr>]]>
    </line>
    <line>
      <![CDATA[<a href='G:\practiseSelenium\maven2\test-output\screenshots\Pass Evidance of the method - TESTING_LEFT_CLICK_BUTTON at Tue_Nov_03_11_12_06_IST_2020.jpeg'> <img src='G:\practiseSelenium\maven2\test-output\screenshots\Pass Evidance of the method - TESTING_LEFT_CLICK_BUTTON at Tue_Nov_03_11_12_06_IST_2020.jpeg' height='200' width='400'/> </a>]]>
    </line>
    <line>
      <![CDATA[Evidance of the Test]]>
    </line>
    <line>
      <![CDATA[<hr>]]>
    </line>
    <line>
      <![CDATA[<a href='G:\practiseSelenium\maven2\test-output\screenshots\Pass Evidance of the method - TESTING_RIGHT_CLICK_BUTTON at Tue_Nov_03_11_12_06_IST_2020.jpeg'> <img src='G:\practiseSelenium\maven2\test-output\screenshots\Pass Evidance of the method - TESTING_RIGHT_CLICK_BUTTON at Tue_Nov_03_11_12_06_IST_2020.jpeg' height='200' width='400'/> </a>]]>
    </line>
    <line>
      <![CDATA[Evidance of the Test]]>
    </line>
    <line>
      <![CDATA[<hr>]]>
    </line>
    <line>
      <![CDATA[<a href='G:\practiseSelenium\maven2\test-output\screenshots\Pass Evidance of the method - TESTING_DOUBLE_CLICK_BUTTON at Tue_Nov_03_11_12_06_IST_2020.jpeg'> <img src='G:\practiseSelenium\maven2\test-output\screenshots\Pass Evidance of the method - TESTING_DOUBLE_CLICK_BUTTON at Tue_Nov_03_11_12_06_IST_2020.jpeg' height='200' width='400'/> </a>]]>
    </line>
  </reporter-output>
  <suite name="Testing ToolsQA Suite" duration-ms="31361" started-at="2020-11-03T05:42:13Z" finished-at="2020-11-03T05:42:44Z">
    <groups>
    </groups>
    <test name="Text Box Test" duration-ms="11818" started-at="2020-11-03T05:42:13Z" finished-at="2020-11-03T05:42:25Z">
      <class name="testcases.TC1_TextBox_Page">
        <test-method status="PASS" signature="opening_TextBox_Page()[pri:0, instance:testcases.TC1_TextBox_Page@2133c8f8]" name="opening_TextBox_Page" is-config="true" duration-ms="3093" started-at="2020-11-03T11:12:13Z" finished-at="2020-11-03T11:12:16Z">
          <reporter-output>
          </reporter-output>
        </test-method> <!-- opening_TextBox_Page -->
        <test-method status="PASS" signature="testing_userName_shadow_enteringText()[pri:1, instance:testcases.TC1_TextBox_Page@2133c8f8]" name="testing_userName_shadow_enteringText" duration-ms="380" started-at="2020-11-03T11:12:16Z" finished-at="2020-11-03T11:12:17Z">
          <reporter-output>
            <line>
              <![CDATA[Evidance of the Test]]>
            </line>
            <line>
              <![CDATA[<hr>]]>
            </line>
            <line>
              <![CDATA[<a href='G:\practiseSelenium\maven2\test-output\screenshots\Pass Evidance of the method - TESTING_USERNAME_SHADOW_ENTERINGTEXT at Tue_Nov_03_11_12_06_IST_2020.jpeg'> <img src='G:\practiseSelenium\maven2\test-output\screenshots\Pass Evidance of the method - TESTING_USERNAME_SHADOW_ENTERINGTEXT at Tue_Nov_03_11_12_06_IST_2020.jpeg' height='200' width='400'/> </a>]]>
            </line>
          </reporter-output>
        </test-method> <!-- testing_userName_shadow_enteringText -->
        <test-method status="PASS" signature="testing_userEmail_shadow_entering_Valid_Text()[pri:2, instance:testcases.TC1_TextBox_Page@2133c8f8]" name="testing_userEmail_shadow_entering_Valid_Text" duration-ms="327" started-at="2020-11-03T11:12:17Z" finished-at="2020-11-03T11:12:17Z">
          <reporter-output>
            <line>
              <![CDATA[Evidance of the Test]]>
            </line>
            <line>
              <![CDATA[<hr>]]>
            </line>
            <line>
              <![CDATA[<a href='G:\practiseSelenium\maven2\test-output\screenshots\Pass Evidance of the method - TESTING_USEREMAIL_SHADOW_ENTERING_VALID_TEXT at Tue_Nov_03_11_12_06_IST_2020.jpeg'> <img src='G:\practiseSelenium\maven2\test-output\screenshots\Pass Evidance of the method - TESTING_USEREMAIL_SHADOW_ENTERING_VALID_TEXT at Tue_Nov_03_11_12_06_IST_2020.jpeg' height='200' width='400'/> </a>]]>
            </line>
          </reporter-output>
        </test-method> <!-- testing_userEmail_shadow_entering_Valid_Text -->
        <test-method status="PASS" signature="testing_currentAddress_shadow_enteringText()[pri:3, instance:testcases.TC1_TextBox_Page@2133c8f8]" name="testing_currentAddress_shadow_enteringText" duration-ms="316" started-at="2020-11-03T11:12:18Z" finished-at="2020-11-03T11:12:18Z">
          <reporter-output>
            <line>
              <![CDATA[Evidance of the Test]]>
            </line>
            <line>
              <![CDATA[<hr>]]>
            </line>
            <line>
              <![CDATA[<a href='G:\practiseSelenium\maven2\test-output\screenshots\Pass Evidance of the method - TESTING_CURRENTADDRESS_SHADOW_ENTERINGTEXT at Tue_Nov_03_11_12_06_IST_2020.jpeg'> <img src='G:\practiseSelenium\maven2\test-output\screenshots\Pass Evidance of the method - TESTING_CURRENTADDRESS_SHADOW_ENTERINGTEXT at Tue_Nov_03_11_12_06_IST_2020.jpeg' height='200' width='400'/> </a>]]>
            </line>
          </reporter-output>
        </test-method> <!-- testing_currentAddress_shadow_enteringText -->
        <test-method status="PASS" signature="testing_permanenAddress_shadow_enteringText()[pri:4, instance:testcases.TC1_TextBox_Page@2133c8f8]" name="testing_permanenAddress_shadow_enteringText" duration-ms="421" started-at="2020-11-03T11:12:18Z" finished-at="2020-11-03T11:12:19Z">
          <reporter-output>
            <line>
              <![CDATA[Evidance of the Test]]>
            </line>
            <line>
              <![CDATA[<hr>]]>
            </line>
            <line>
              <![CDATA[<a href='G:\practiseSelenium\maven2\test-output\screenshots\Pass Evidance of the method - TESTING_PERMANENADDRESS_SHADOW_ENTERINGTEXT at Tue_Nov_03_11_12_06_IST_2020.jpeg'> <img src='G:\practiseSelenium\maven2\test-output\screenshots\Pass Evidance of the method - TESTING_PERMANENADDRESS_SHADOW_ENTERINGTEXT at Tue_Nov_03_11_12_06_IST_2020.jpeg' height='200' width='400'/> </a>]]>
            </line>
          </reporter-output>
        </test-method> <!-- testing_permanenAddress_shadow_enteringText -->
        <test-method status="FAIL" signature="testing_submit_button_with_ValidData()[pri:5, instance:testcases.TC1_TextBox_Page@2133c8f8]" name="testing_submit_button_with_ValidData" duration-ms="2672" started-at="2020-11-03T11:12:19Z" finished-at="2020-11-03T11:12:22Z">
          <exception class="org.openqa.selenium.ElementClickInterceptedException">
            <message>
              <![CDATA[element click intercepted: Element <button id="submit" type="button" class="btn btn-primary">...</button> is not clickable at point (720, 636). Other element would receive the click: <footer>...</footer>
  (Session info: chrome=86.0.4240.111)
Build info: version: '3.141.59', revision: 'e82be7d358', time: '2018-11-14T08:17:03'
System info: host: 'SURYA', ip: '192.168.0.7', os.name: 'Windows 10', os.arch: 'amd64', os.version: '10.0', java.version: '1.8.0_161'
Driver info: org.openqa.selenium.chrome.ChromeDriver
Capabilities {acceptInsecureCerts: false, browserName: chrome, browserVersion: 86.0.4240.111, chrome: {chromedriverVersion: 86.0.4240.22 (398b0743353ff..., userDataDir: C:\WINDOWS\TEMP\scoped_dir1...}, goog:chromeOptions: {debuggerAddress: localhost:62642}, javascriptEnabled: true, networkConnectionEnabled: false, pageLoadStrategy: normal, platform: WINDOWS, platformName: WINDOWS, proxy: Proxy(), setWindowRect: true, strictFileInteractability: false, timeouts: {implicit: 0, pageLoad: 300000, script: 30000}, unhandledPromptBehavior: dismiss and notify, webauthn:virtualAuthenticators: true}
Session ID: a91f03c5aa6a25908e4f4ccaefcc847e]]>
            </message>
            <full-stacktrace>
              <![CDATA[org.openqa.selenium.ElementClickInterceptedException: element click intercepted: Element <button id="submit" type="button" class="btn btn-primary">...</button> is not clickable at point (720, 636). Other element would receive the click: <footer>...</footer>
  (Session info: chrome=86.0.4240.111)
Build info: version: '3.141.59', revision: 'e82be7d358', time: '2018-11-14T08:17:03'
System info: host: 'SURYA', ip: '192.168.0.7', os.name: 'Windows 10', os.arch: 'amd64', os.version: '10.0', java.version: '1.8.0_161'
Driver info: org.openqa.selenium.chrome.ChromeDriver
Capabilities {acceptInsecureCerts: false, browserName: chrome, browserVersion: 86.0.4240.111, chrome: {chromedriverVersion: 86.0.4240.22 (398b0743353ff..., userDataDir: C:\WINDOWS\TEMP\scoped_dir1...}, goog:chromeOptions: {debuggerAddress: localhost:62642}, javascriptEnabled: true, networkConnectionEnabled: false, pageLoadStrategy: normal, platform: WINDOWS, platformName: WINDOWS, proxy: Proxy(), setWindowRect: true, strictFileInteractability: false, timeouts: {implicit: 0, pageLoad: 300000, script: 30000}, unhandledPromptBehavior: dismiss and notify, webauthn:virtualAuthenticators: true}
Session ID: a91f03c5aa6a25908e4f4ccaefcc847e
	at sun.reflect.NativeConstructorAccessorImpl.newInstance0(Native Method)
	at sun.reflect.NativeConstructorAccessorImpl.newInstance(NativeConstructorAccessorImpl.java:62)
	at sun.reflect.DelegatingConstructorAccessorImpl.newInstance(DelegatingConstructorAccessorImpl.java:45)
	at java.lang.reflect.Constructor.newInstance(Constructor.java:423)
	at org.openqa.selenium.remote.http.W3CHttpResponseCodec.createException(W3CHttpResponseCodec.java:187)
	at org.openqa.selenium.remote.http.W3CHttpResponseCodec.decode(W3CHttpResponseCodec.java:122)
	at org.openqa.selenium.remote.http.W3CHttpResponseCodec.decode(W3CHttpResponseCodec.java:49)
	at org.openqa.selenium.remote.HttpCommandExecutor.execute(HttpCommandExecutor.java:158)
	at org.openqa.selenium.remote.service.DriverCommandExecutor.execute(DriverCommandExecutor.java:83)
	at org.openqa.selenium.remote.RemoteWebDriver.execute(RemoteWebDriver.java:552)
	at org.openqa.selenium.remote.RemoteWebElement.execute(RemoteWebElement.java:285)
	at org.openqa.selenium.remote.RemoteWebElement.click(RemoteWebElement.java:84)
	at sun.reflect.NativeMethodAccessorImpl.invoke0(Native Method)
	at sun.reflect.NativeMethodAccessorImpl.invoke(NativeMethodAccessorImpl.java:62)
	at sun.reflect.DelegatingMethodAccessorImpl.invoke(DelegatingMethodAccessorImpl.java:43)
	at java.lang.reflect.Method.invoke(Method.java:498)
	at org.openqa.selenium.support.pagefactory.internal.LocatingElementHandler.invoke(LocatingElementHandler.java:51)
	at com.sun.proxy.$Proxy10.click(Unknown Source)
	at testcases.TC1_TextBox_Page.testing_submit_button_with_ValidData(TC1_TextBox_Page.java:76)
	at sun.reflect.NativeMethodAccessorImpl.invoke0(Native Method)
	at sun.reflect.NativeMethodAccessorImpl.invoke(NativeMethodAccessorImpl.java:62)
	at sun.reflect.DelegatingMethodAccessorImpl.invoke(DelegatingMethodAccessorImpl.java:43)
	at java.lang.reflect.Method.invoke(Method.java:498)
	at org.testng.internal.MethodInvocationHelper.invokeMethod(MethodInvocationHelper.java:108)
	at org.testng.internal.Invoker.invokeMethod(Invoker.java:661)
	at org.testng.internal.Invoker.invokeTestMethod(Invoker.java:869)
	at org.testng.internal.Invoker.invokeTestMethods(Invoker.java:1193)
	at org.testng.internal.TestMethodWorker.invokeTestMethods(TestMethodWorker.java:126)
	at org.testng.internal.TestMethodWorker.run(TestMethodWorker.java:109)
	at org.testng.TestRunner.privateRun(TestRunner.java:744)
	at org.testng.TestRunner.run(TestRunner.java:602)
	at org.testng.SuiteRunner.runTest(SuiteRunner.java:380)
	at org.testng.SuiteRunner.runSequentially(SuiteRunner.java:375)
	at org.testng.SuiteRunner.privateRun(SuiteRunner.java:340)
	at org.testng.SuiteRunner.run(SuiteRunner.java:289)
	at org.testng.SuiteRunnerWorker.runSuite(SuiteRunnerWorker.java:52)
	at org.testng.SuiteRunnerWorker.run(SuiteRunnerWorker.java:86)
	at org.testng.TestNG.runSuitesSequentially(TestNG.java:1301)
	at org.testng.TestNG.runSuitesLocally(TestNG.java:1226)
	at org.testng.TestNG.runSuites(TestNG.java:1144)
	at org.testng.TestNG.run(TestNG.java:1115)
	at org.apache.maven.surefire.testng.TestNGExecutor.run(TestNGExecutor.java:295)
	at org.apache.maven.surefire.testng.TestNGXmlTestSuite.execute(TestNGXmlTestSuite.java:84)
	at org.apache.maven.surefire.testng.TestNGProvider.invoke(TestNGProvider.java:90)
	at org.apache.maven.surefire.booter.ForkedBooter.invokeProviderInSameClassLoader(ForkedBooter.java:203)
	at org.apache.maven.surefire.booter.ForkedBooter.runSuitesInProcess(ForkedBooter.java:155)
	at org.apache.maven.surefire.booter.ForkedBooter.main(ForkedBooter.java:103)
]]>
            </full-stacktrace>
          </exception> <!-- org.openqa.selenium.ElementClickInterceptedException -->
          <reporter-output>
            <line>
              <![CDATA[Evidance of the Test]]>
            </line>
            <line>
              <![CDATA[<hr>]]>
            </line>
            <line>
              <![CDATA[<a href='G:\practiseSelenium\maven2\test-output\screenshots\Fail Evidance of the method - TESTING_SUBMIT_BUTTON_WITH_VALIDDATA at Tue_Nov_03_11_12_06_IST_2020.jpeg'> <img src='G:\practiseSelenium\maven2\test-output\screenshots\Fail Evidance of the method - TESTING_SUBMIT_BUTTON_WITH_VALIDDATA at Tue_Nov_03_11_12_06_IST_2020.jpeg' height='200' width='400'/> </a>]]>
            </line>
          </reporter-output>
        </test-method> <!-- testing_submit_button_with_ValidData -->
        <test-method status="FAIL" signature="testing_form_by_entering_Invalid_Email()[pri:6, instance:testcases.TC1_TextBox_Page@2133c8f8]" name="testing_form_by_entering_Invalid_Email" duration-ms="2325" started-at="2020-11-03T11:12:22Z" finished-at="2020-11-03T11:12:24Z">
          <exception class="org.openqa.selenium.ElementClickInterceptedException">
            <message>
              <![CDATA[element click intercepted: Element <button id="submit" type="button" class="btn btn-primary">...</button> is not clickable at point (720, 636). Other element would receive the click: <footer>...</footer>
  (Session info: chrome=86.0.4240.111)
Build info: version: '3.141.59', revision: 'e82be7d358', time: '2018-11-14T08:17:03'
System info: host: 'SURYA', ip: '192.168.0.7', os.name: 'Windows 10', os.arch: 'amd64', os.version: '10.0', java.version: '1.8.0_161'
Driver info: org.openqa.selenium.chrome.ChromeDriver
Capabilities {acceptInsecureCerts: false, browserName: chrome, browserVersion: 86.0.4240.111, chrome: {chromedriverVersion: 86.0.4240.22 (398b0743353ff..., userDataDir: C:\WINDOWS\TEMP\scoped_dir1...}, goog:chromeOptions: {debuggerAddress: localhost:62642}, javascriptEnabled: true, networkConnectionEnabled: false, pageLoadStrategy: normal, platform: WINDOWS, platformName: WINDOWS, proxy: Proxy(), setWindowRect: true, strictFileInteractability: false, timeouts: {implicit: 0, pageLoad: 300000, script: 30000}, unhandledPromptBehavior: dismiss and notify, webauthn:virtualAuthenticators: true}
Session ID: a91f03c5aa6a25908e4f4ccaefcc847e]]>
            </message>
            <full-stacktrace>
              <![CDATA[org.openqa.selenium.ElementClickInterceptedException: element click intercepted: Element <button id="submit" type="button" class="btn btn-primary">...</button> is not clickable at point (720, 636). Other element would receive the click: <footer>...</footer>
  (Session info: chrome=86.0.4240.111)
Build info: version: '3.141.59', revision: 'e82be7d358', time: '2018-11-14T08:17:03'
System info: host: 'SURYA', ip: '192.168.0.7', os.name: 'Windows 10', os.arch: 'amd64', os.version: '10.0', java.version: '1.8.0_161'
Driver info: org.openqa.selenium.chrome.ChromeDriver
Capabilities {acceptInsecureCerts: false, browserName: chrome, browserVersion: 86.0.4240.111, chrome: {chromedriverVersion: 86.0.4240.22 (398b0743353ff..., userDataDir: C:\WINDOWS\TEMP\scoped_dir1...}, goog:chromeOptions: {debuggerAddress: localhost:62642}, javascriptEnabled: true, networkConnectionEnabled: false, pageLoadStrategy: normal, platform: WINDOWS, platformName: WINDOWS, proxy: Proxy(), setWindowRect: true, strictFileInteractability: false, timeouts: {implicit: 0, pageLoad: 300000, script: 30000}, unhandledPromptBehavior: dismiss and notify, webauthn:virtualAuthenticators: true}
Session ID: a91f03c5aa6a25908e4f4ccaefcc847e
	at sun.reflect.NativeConstructorAccessorImpl.newInstance0(Native Method)
	at sun.reflect.NativeConstructorAccessorImpl.newInstance(NativeConstructorAccessorImpl.java:62)
	at sun.reflect.DelegatingConstructorAccessorImpl.newInstance(DelegatingConstructorAccessorImpl.java:45)
	at java.lang.reflect.Constructor.newInstance(Constructor.java:423)
	at org.openqa.selenium.remote.http.W3CHttpResponseCodec.createException(W3CHttpResponseCodec.java:187)
	at org.openqa.selenium.remote.http.W3CHttpResponseCodec.decode(W3CHttpResponseCodec.java:122)
	at org.openqa.selenium.remote.http.W3CHttpResponseCodec.decode(W3CHttpResponseCodec.java:49)
	at org.openqa.selenium.remote.HttpCommandExecutor.execute(HttpCommandExecutor.java:158)
	at org.openqa.selenium.remote.service.DriverCommandExecutor.execute(DriverCommandExecutor.java:83)
	at org.openqa.selenium.remote.RemoteWebDriver.execute(RemoteWebDriver.java:552)
	at org.openqa.selenium.remote.RemoteWebElement.execute(RemoteWebElement.java:285)
	at org.openqa.selenium.remote.RemoteWebElement.click(RemoteWebElement.java:84)
	at sun.reflect.NativeMethodAccessorImpl.invoke0(Native Method)
	at sun.reflect.NativeMethodAccessorImpl.invoke(NativeMethodAccessorImpl.java:62)
	at sun.reflect.DelegatingMethodAccessorImpl.invoke(DelegatingMethodAccessorImpl.java:43)
	at java.lang.reflect.Method.invoke(Method.java:498)
	at org.openqa.selenium.support.pagefactory.internal.LocatingElementHandler.invoke(LocatingElementHandler.java:51)
	at com.sun.proxy.$Proxy10.click(Unknown Source)
	at testcases.TC1_TextBox_Page.testing_form_by_entering_Invalid_Email(TC1_TextBox_Page.java:38)
	at sun.reflect.NativeMethodAccessorImpl.invoke0(Native Method)
	at sun.reflect.NativeMethodAccessorImpl.invoke(NativeMethodAccessorImpl.java:62)
	at sun.reflect.DelegatingMethodAccessorImpl.invoke(DelegatingMethodAccessorImpl.java:43)
	at java.lang.reflect.Method.invoke(Method.java:498)
	at org.testng.internal.MethodInvocationHelper.invokeMethod(MethodInvocationHelper.java:108)
	at org.testng.internal.Invoker.invokeMethod(Invoker.java:661)
	at org.testng.internal.Invoker.invokeTestMethod(Invoker.java:869)
	at org.testng.internal.Invoker.invokeTestMethods(Invoker.java:1193)
	at org.testng.internal.TestMethodWorker.invokeTestMethods(TestMethodWorker.java:126)
	at org.testng.internal.TestMethodWorker.run(TestMethodWorker.java:109)
	at org.testng.TestRunner.privateRun(TestRunner.java:744)
	at org.testng.TestRunner.run(TestRunner.java:602)
	at org.testng.SuiteRunner.runTest(SuiteRunner.java:380)
	at org.testng.SuiteRunner.runSequentially(SuiteRunner.java:375)
	at org.testng.SuiteRunner.privateRun(SuiteRunner.java:340)
	at org.testng.SuiteRunner.run(SuiteRunner.java:289)
	at org.testng.SuiteRunnerWorker.runSuite(SuiteRunnerWorker.java:52)
	at org.testng.SuiteRunnerWorker.run(SuiteRunnerWorker.java:86)
	at org.testng.TestNG.runSuitesSequentially(TestNG.java:1301)
	at org.testng.TestNG.runSuitesLocally(TestNG.java:1226)
	at org.testng.TestNG.runSuites(TestNG.java:1144)
	at org.testng.TestNG.run(TestNG.java:1115)
	at org.apache.maven.surefire.testng.TestNGExecutor.run(TestNGExecutor.java:295)
	at org.apache.maven.surefire.testng.TestNGXmlTestSuite.execute(TestNGXmlTestSuite.java:84)
	at org.apache.maven.surefire.testng.TestNGProvider.invoke(TestNGProvider.java:90)
	at org.apache.maven.surefire.booter.ForkedBooter.invokeProviderInSameClassLoader(ForkedBooter.java:203)
	at org.apache.maven.surefire.booter.ForkedBooter.runSuitesInProcess(ForkedBooter.java:155)
	at org.apache.maven.surefire.booter.ForkedBooter.main(ForkedBooter.java:103)
]]>
            </full-stacktrace>
          </exception> <!-- org.openqa.selenium.ElementClickInterceptedException -->
          <reporter-output>
            <line>
              <![CDATA[Evidance of the Test]]>
            </line>
            <line>
              <![CDATA[<hr>]]>
            </line>
            <line>
              <![CDATA[<a href='G:\practiseSelenium\maven2\test-output\screenshots\Fail Evidance of the method - TESTING_FORM_BY_ENTERING_INVALID_EMAIL at Tue_Nov_03_11_12_06_IST_2020.jpeg'> <img src='G:\practiseSelenium\maven2\test-output\screenshots\Fail Evidance of the method - TESTING_FORM_BY_ENTERING_INVALID_EMAIL at Tue_Nov_03_11_12_06_IST_2020.jpeg' height='200' width='400'/> </a>]]>
            </line>
          </reporter-output>
        </test-method> <!-- testing_form_by_entering_Invalid_Email -->
      </class> <!-- testcases.TC1_TextBox_Page -->
    </test> <!-- Text Box Test -->
    <test name="Check Box Test" duration-ms="7138" started-at="2020-11-03T05:42:25Z" finished-at="2020-11-03T05:42:32Z">
      <class name="testcases.TC2_CheckBox_Page">
        <test-method status="PASS" signature="opening_CheckBox_Page()[pri:0, instance:testcases.TC2_CheckBox_Page@6442b0a6]" name="opening_CheckBox_Page" is-config="true" duration-ms="625" started-at="2020-11-03T11:12:25Z" finished-at="2020-11-03T11:12:25Z">
          <reporter-output>
          </reporter-output>
        </test-method> <!-- opening_CheckBox_Page -->
        <test-method status="PASS" signature="testing_Unexpanded_Expansion()[pri:7, instance:testcases.TC2_CheckBox_Page@6442b0a6]" name="testing_Unexpanded_Expansion" duration-ms="25" started-at="2020-11-03T11:12:25Z" finished-at="2020-11-03T11:12:25Z">
          <reporter-output>
            <line>
              <![CDATA[Evidance of the Test]]>
            </line>
            <line>
              <![CDATA[<hr>]]>
            </line>
            <line>
              <![CDATA[<a href='G:\practiseSelenium\maven2\test-output\screenshots\Pass Evidance of the method - TESTING_UNEXPANDED_EXPANSION at Tue_Nov_03_11_12_06_IST_2020.jpeg'> <img src='G:\practiseSelenium\maven2\test-output\screenshots\Pass Evidance of the method - TESTING_UNEXPANDED_EXPANSION at Tue_Nov_03_11_12_06_IST_2020.jpeg' height='200' width='400'/> </a>]]>
            </line>
          </reporter-output>
        </test-method> <!-- testing_Unexpanded_Expansion -->
        <test-method status="PASS" signature="settingUp()[pri:0, instance:testcases.TC2_CheckBox_Page@6442b0a6]" name="settingUp" is-config="true" duration-ms="0" started-at="2020-11-03T11:12:25Z" finished-at="2020-11-03T11:12:25Z">
          <reporter-output>
          </reporter-output>
        </test-method> <!-- settingUp -->
        <test-method status="PASS" signature="testing_ExpandAll_Button()[pri:8, instance:testcases.TC2_CheckBox_Page@6442b0a6]" name="testing_ExpandAll_Button" duration-ms="180" started-at="2020-11-03T11:12:26Z" finished-at="2020-11-03T11:12:26Z">
          <reporter-output>
            <line>
              <![CDATA[Evidance of the Test]]>
            </line>
            <line>
              <![CDATA[<hr>]]>
            </line>
            <line>
              <![CDATA[<a href='G:\practiseSelenium\maven2\test-output\screenshots\Pass Evidance of the method - TESTING_EXPANDALL_BUTTON at Tue_Nov_03_11_12_06_IST_2020.jpeg'> <img src='G:\practiseSelenium\maven2\test-output\screenshots\Pass Evidance of the method - TESTING_EXPANDALL_BUTTON at Tue_Nov_03_11_12_06_IST_2020.jpeg' height='200' width='400'/> </a>]]>
            </line>
          </reporter-output>
        </test-method> <!-- testing_ExpandAll_Button -->
        <test-method status="PASS" signature="settingUp()[pri:0, instance:testcases.TC2_CheckBox_Page@6442b0a6]" name="settingUp" is-config="true" duration-ms="0" started-at="2020-11-03T11:12:26Z" finished-at="2020-11-03T11:12:26Z">
          <reporter-output>
          </reporter-output>
        </test-method> <!-- settingUp -->
        <test-method status="PASS" signature="settingUp()[pri:0, instance:testcases.TC2_CheckBox_Page@6442b0a6]" name="settingUp" is-config="true" duration-ms="0" started-at="2020-11-03T11:12:26Z" finished-at="2020-11-03T11:12:26Z">
          <reporter-output>
          </reporter-output>
        </test-method> <!-- settingUp -->
        <test-method status="PASS" signature="testing_CollapseAll_Button()[pri:9, instance:testcases.TC2_CheckBox_Page@6442b0a6]" name="testing_CollapseAll_Button" duration-ms="108" started-at="2020-11-03T11:12:26Z" finished-at="2020-11-03T11:12:26Z">
          <reporter-output>
            <line>
              <![CDATA[Evidance of the Test]]>
            </line>
            <line>
              <![CDATA[<hr>]]>
            </line>
            <line>
              <![CDATA[<a href='G:\practiseSelenium\maven2\test-output\screenshots\Pass Evidance of the method - TESTING_COLLAPSEALL_BUTTON at Tue_Nov_03_11_12_06_IST_2020.jpeg'> <img src='G:\practiseSelenium\maven2\test-output\screenshots\Pass Evidance of the method - TESTING_COLLAPSEALL_BUTTON at Tue_Nov_03_11_12_06_IST_2020.jpeg' height='200' width='400'/> </a>]]>
            </line>
          </reporter-output>
        </test-method> <!-- testing_CollapseAll_Button -->
        <test-method status="PASS" signature="testing_desktop_checkBox_text_by_Checking()[pri:10, instance:testcases.TC2_CheckBox_Page@6442b0a6]" name="testing_desktop_checkBox_text_by_Checking" duration-ms="322" started-at="2020-11-03T11:12:27Z" finished-at="2020-11-03T11:12:27Z">
          <reporter-output>
            <line>
              <![CDATA[Evidance of the Test]]>
            </line>
            <line>
              <![CDATA[<hr>]]>
            </line>
            <line>
              <![CDATA[<a href='G:\practiseSelenium\maven2\test-output\screenshots\Pass Evidance of the method - TESTING_DESKTOP_CHECKBOX_TEXT_BY_CHECKING at Tue_Nov_03_11_12_06_IST_2020.jpeg'> <img src='G:\practiseSelenium\maven2\test-output\screenshots\Pass Evidance of the method - TESTING_DESKTOP_CHECKBOX_TEXT_BY_CHECKING at Tue_Nov_03_11_12_06_IST_2020.jpeg' height='200' width='400'/> </a>]]>
            </line>
          </reporter-output>
        </test-method> <!-- testing_desktop_checkBox_text_by_Checking -->
        <test-method status="PASS" signature="settingUp()[pri:0, instance:testcases.TC2_CheckBox_Page@6442b0a6]" name="settingUp" is-config="true" duration-ms="0" started-at="2020-11-03T11:12:27Z" finished-at="2020-11-03T11:12:27Z">
          <reporter-output>
          </reporter-output>
        </test-method> <!-- settingUp -->
        <test-method status="PASS" signature="settingUp()[pri:0, instance:testcases.TC2_CheckBox_Page@6442b0a6]" name="settingUp" is-config="true" duration-ms="1" started-at="2020-11-03T11:12:27Z" finished-at="2020-11-03T11:12:27Z">
          <reporter-output>
          </reporter-output>
        </test-method> <!-- settingUp -->
        <test-method status="PASS" signature="testing_desktop_checkBox_text_by_UnChecking()[pri:11, instance:testcases.TC2_CheckBox_Page@6442b0a6]" name="testing_desktop_checkBox_text_by_UnChecking" duration-ms="92" started-at="2020-11-03T11:12:27Z" finished-at="2020-11-03T11:12:27Z">
          <reporter-output>
            <line>
              <![CDATA[Evidance of the Test]]>
            </line>
            <line>
              <![CDATA[<hr>]]>
            </line>
            <line>
              <![CDATA[<a href='G:\practiseSelenium\maven2\test-output\screenshots\Pass Evidance of the method - TESTING_DESKTOP_CHECKBOX_TEXT_BY_UNCHECKING at Tue_Nov_03_11_12_06_IST_2020.jpeg'> <img src='G:\practiseSelenium\maven2\test-output\screenshots\Pass Evidance of the method - TESTING_DESKTOP_CHECKBOX_TEXT_BY_UNCHECKING at Tue_Nov_03_11_12_06_IST_2020.jpeg' height='200' width='400'/> </a>]]>
            </line>
          </reporter-output>
        </test-method> <!-- testing_desktop_checkBox_text_by_UnChecking -->
        <test-method status="PASS" signature="settingUp()[pri:0, instance:testcases.TC2_CheckBox_Page@6442b0a6]" name="settingUp" is-config="true" duration-ms="0" started-at="2020-11-03T11:12:28Z" finished-at="2020-11-03T11:12:28Z">
          <reporter-output>
          </reporter-output>
        </test-method> <!-- settingUp -->
        <test-method status="PASS" signature="testing_documents_checkBox_text_by_Checking()[pri:12, instance:testcases.TC2_CheckBox_Page@6442b0a6]" name="testing_documents_checkBox_text_by_Checking" duration-ms="347" started-at="2020-11-03T11:12:28Z" finished-at="2020-11-03T11:12:28Z">
          <reporter-output>
            <line>
              <![CDATA[Evidance of the Test]]>
            </line>
            <line>
              <![CDATA[<hr>]]>
            </line>
            <line>
              <![CDATA[<a href='G:\practiseSelenium\maven2\test-output\screenshots\Pass Evidance of the method - TESTING_DOCUMENTS_CHECKBOX_TEXT_BY_CHECKING at Tue_Nov_03_11_12_06_IST_2020.jpeg'> <img src='G:\practiseSelenium\maven2\test-output\screenshots\Pass Evidance of the method - TESTING_DOCUMENTS_CHECKBOX_TEXT_BY_CHECKING at Tue_Nov_03_11_12_06_IST_2020.jpeg' height='200' width='400'/> </a>]]>
            </line>
          </reporter-output>
        </test-method> <!-- testing_documents_checkBox_text_by_Checking -->
        <test-method status="PASS" signature="settingUp()[pri:0, instance:testcases.TC2_CheckBox_Page@6442b0a6]" name="settingUp" is-config="true" duration-ms="0" started-at="2020-11-03T11:12:28Z" finished-at="2020-11-03T11:12:28Z">
          <reporter-output>
          </reporter-output>
        </test-method> <!-- settingUp -->
        <test-method status="PASS" signature="testing_documents_checkBox_text_by_UnChecking()[pri:13, instance:testcases.TC2_CheckBox_Page@6442b0a6]" name="testing_documents_checkBox_text_by_UnChecking" duration-ms="101" started-at="2020-11-03T11:12:28Z" finished-at="2020-11-03T11:12:29Z">
          <reporter-output>
            <line>
              <![CDATA[Evidance of the Test]]>
            </line>
            <line>
              <![CDATA[<hr>]]>
            </line>
            <line>
              <![CDATA[<a href='G:\practiseSelenium\maven2\test-output\screenshots\Pass Evidance of the method - TESTING_DOCUMENTS_CHECKBOX_TEXT_BY_UNCHECKING at Tue_Nov_03_11_12_06_IST_2020.jpeg'> <img src='G:\practiseSelenium\maven2\test-output\screenshots\Pass Evidance of the method - TESTING_DOCUMENTS_CHECKBOX_TEXT_BY_UNCHECKING at Tue_Nov_03_11_12_06_IST_2020.jpeg' height='200' width='400'/> </a>]]>
            </line>
          </reporter-output>
        </test-method> <!-- testing_documents_checkBox_text_by_UnChecking -->
        <test-method status="PASS" signature="settingUp()[pri:0, instance:testcases.TC2_CheckBox_Page@6442b0a6]" name="settingUp" is-config="true" duration-ms="1" started-at="2020-11-03T11:12:29Z" finished-at="2020-11-03T11:12:29Z">
          <reporter-output>
          </reporter-output>
        </test-method> <!-- settingUp -->
        <test-method status="FAIL" signature="testing_downloads_checkBox_text_by_Checking()[pri:14, instance:testcases.TC2_CheckBox_Page@6442b0a6]" name="testing_downloads_checkBox_text_by_Checking" duration-ms="1301" started-at="2020-11-03T11:12:29Z" finished-at="2020-11-03T11:12:30Z">
          <exception class="org.openqa.selenium.ElementClickInterceptedException">
            <message>
              <![CDATA[element click intercepted: Element <span class="rct-title">...</span> is not clickable at point (461, 637). Other element would receive the click: <span>...</span>
  (Session info: chrome=86.0.4240.111)
Build info: version: '3.141.59', revision: 'e82be7d358', time: '2018-11-14T08:17:03'
System info: host: 'SURYA', ip: '192.168.0.7', os.name: 'Windows 10', os.arch: 'amd64', os.version: '10.0', java.version: '1.8.0_161'
Driver info: org.openqa.selenium.chrome.ChromeDriver
Capabilities {acceptInsecureCerts: false, browserName: chrome, browserVersion: 86.0.4240.111, chrome: {chromedriverVersion: 86.0.4240.22 (398b0743353ff..., userDataDir: C:\WINDOWS\TEMP\scoped_dir1...}, goog:chromeOptions: {debuggerAddress: localhost:62642}, javascriptEnabled: true, networkConnectionEnabled: false, pageLoadStrategy: normal, platform: WINDOWS, platformName: WINDOWS, proxy: Proxy(), setWindowRect: true, strictFileInteractability: false, timeouts: {implicit: 0, pageLoad: 300000, script: 30000}, unhandledPromptBehavior: dismiss and notify, webauthn:virtualAuthenticators: true}
Session ID: a91f03c5aa6a25908e4f4ccaefcc847e]]>
            </message>
            <full-stacktrace>
              <![CDATA[org.openqa.selenium.ElementClickInterceptedException: element click intercepted: Element <span class="rct-title">...</span> is not clickable at point (461, 637). Other element would receive the click: <span>...</span>
  (Session info: chrome=86.0.4240.111)
Build info: version: '3.141.59', revision: 'e82be7d358', time: '2018-11-14T08:17:03'
System info: host: 'SURYA', ip: '192.168.0.7', os.name: 'Windows 10', os.arch: 'amd64', os.version: '10.0', java.version: '1.8.0_161'
Driver info: org.openqa.selenium.chrome.ChromeDriver
Capabilities {acceptInsecureCerts: false, browserName: chrome, browserVersion: 86.0.4240.111, chrome: {chromedriverVersion: 86.0.4240.22 (398b0743353ff..., userDataDir: C:\WINDOWS\TEMP\scoped_dir1...}, goog:chromeOptions: {debuggerAddress: localhost:62642}, javascriptEnabled: true, networkConnectionEnabled: false, pageLoadStrategy: normal, platform: WINDOWS, platformName: WINDOWS, proxy: Proxy(), setWindowRect: true, strictFileInteractability: false, timeouts: {implicit: 0, pageLoad: 300000, script: 30000}, unhandledPromptBehavior: dismiss and notify, webauthn:virtualAuthenticators: true}
Session ID: a91f03c5aa6a25908e4f4ccaefcc847e
	at sun.reflect.NativeConstructorAccessorImpl.newInstance0(Native Method)
	at sun.reflect.NativeConstructorAccessorImpl.newInstance(NativeConstructorAccessorImpl.java:62)
	at sun.reflect.DelegatingConstructorAccessorImpl.newInstance(DelegatingConstructorAccessorImpl.java:45)
	at java.lang.reflect.Constructor.newInstance(Constructor.java:423)
	at org.openqa.selenium.remote.http.W3CHttpResponseCodec.createException(W3CHttpResponseCodec.java:187)
	at org.openqa.selenium.remote.http.W3CHttpResponseCodec.decode(W3CHttpResponseCodec.java:122)
	at org.openqa.selenium.remote.http.W3CHttpResponseCodec.decode(W3CHttpResponseCodec.java:49)
	at org.openqa.selenium.remote.HttpCommandExecutor.execute(HttpCommandExecutor.java:158)
	at org.openqa.selenium.remote.service.DriverCommandExecutor.execute(DriverCommandExecutor.java:83)
	at org.openqa.selenium.remote.RemoteWebDriver.execute(RemoteWebDriver.java:552)
	at org.openqa.selenium.remote.RemoteWebElement.execute(RemoteWebElement.java:285)
	at org.openqa.selenium.remote.RemoteWebElement.click(RemoteWebElement.java:84)
	at sun.reflect.NativeMethodAccessorImpl.invoke0(Native Method)
	at sun.reflect.NativeMethodAccessorImpl.invoke(NativeMethodAccessorImpl.java:62)
	at sun.reflect.DelegatingMethodAccessorImpl.invoke(DelegatingMethodAccessorImpl.java:43)
	at java.lang.reflect.Method.invoke(Method.java:498)
	at org.openqa.selenium.support.pagefactory.internal.LocatingElementHandler.invoke(LocatingElementHandler.java:51)
	at com.sun.proxy.$Proxy10.click(Unknown Source)
	at testcases.TC2_CheckBox_Page.testing_downloads_checkBox_text_by_Checking(TC2_CheckBox_Page.java:125)
	at sun.reflect.NativeMethodAccessorImpl.invoke0(Native Method)
	at sun.reflect.NativeMethodAccessorImpl.invoke(NativeMethodAccessorImpl.java:62)
	at sun.reflect.DelegatingMethodAccessorImpl.invoke(DelegatingMethodAccessorImpl.java:43)
	at java.lang.reflect.Method.invoke(Method.java:498)
	at org.testng.internal.MethodInvocationHelper.invokeMethod(MethodInvocationHelper.java:108)
	at org.testng.internal.Invoker.invokeMethod(Invoker.java:661)
	at org.testng.internal.Invoker.invokeTestMethod(Invoker.java:869)
	at org.testng.internal.Invoker.invokeTestMethods(Invoker.java:1193)
	at org.testng.internal.TestMethodWorker.invokeTestMethods(TestMethodWorker.java:126)
	at org.testng.internal.TestMethodWorker.run(TestMethodWorker.java:109)
	at org.testng.TestRunner.privateRun(TestRunner.java:744)
	at org.testng.TestRunner.run(TestRunner.java:602)
	at org.testng.SuiteRunner.runTest(SuiteRunner.java:380)
	at org.testng.SuiteRunner.runSequentially(SuiteRunner.java:375)
	at org.testng.SuiteRunner.privateRun(SuiteRunner.java:340)
	at org.testng.SuiteRunner.run(SuiteRunner.java:289)
	at org.testng.SuiteRunnerWorker.runSuite(SuiteRunnerWorker.java:52)
	at org.testng.SuiteRunnerWorker.run(SuiteRunnerWorker.java:86)
	at org.testng.TestNG.runSuitesSequentially(TestNG.java:1301)
	at org.testng.TestNG.runSuitesLocally(TestNG.java:1226)
	at org.testng.TestNG.runSuites(TestNG.java:1144)
	at org.testng.TestNG.run(TestNG.java:1115)
	at org.apache.maven.surefire.testng.TestNGExecutor.run(TestNGExecutor.java:295)
	at org.apache.maven.surefire.testng.TestNGXmlTestSuite.execute(TestNGXmlTestSuite.java:84)
	at org.apache.maven.surefire.testng.TestNGProvider.invoke(TestNGProvider.java:90)
	at org.apache.maven.surefire.booter.ForkedBooter.invokeProviderInSameClassLoader(ForkedBooter.java:203)
	at org.apache.maven.surefire.booter.ForkedBooter.runSuitesInProcess(ForkedBooter.java:155)
	at org.apache.maven.surefire.booter.ForkedBooter.main(ForkedBooter.java:103)
]]>
            </full-stacktrace>
          </exception> <!-- org.openqa.selenium.ElementClickInterceptedException -->
          <reporter-output>
            <line>
              <![CDATA[Evidance of the Test]]>
            </line>
            <line>
              <![CDATA[<hr>]]>
            </line>
            <line>
              <![CDATA[<a href='G:\practiseSelenium\maven2\test-output\screenshots\Fail Evidance of the method - TESTING_DOWNLOADS_CHECKBOX_TEXT_BY_CHECKING at Tue_Nov_03_11_12_06_IST_2020.jpeg'> <img src='G:\practiseSelenium\maven2\test-output\screenshots\Fail Evidance of the method - TESTING_DOWNLOADS_CHECKBOX_TEXT_BY_CHECKING at Tue_Nov_03_11_12_06_IST_2020.jpeg' height='200' width='400'/> </a>]]>
            </line>
          </reporter-output>
        </test-method> <!-- testing_downloads_checkBox_text_by_Checking -->
        <test-method status="FAIL" signature="testing_downloads_checkBox_text_by_UnChecking()[pri:15, instance:testcases.TC2_CheckBox_Page@6442b0a6]" name="testing_downloads_checkBox_text_by_UnChecking" duration-ms="1051" started-at="2020-11-03T11:12:31Z" finished-at="2020-11-03T11:12:32Z">
          <exception class="org.openqa.selenium.ElementClickInterceptedException">
            <message>
              <![CDATA[element click intercepted: Element <span class="rct-title">...</span> is not clickable at point (461, 637). Other element would receive the click: <span>...</span>
  (Session info: chrome=86.0.4240.111)
Build info: version: '3.141.59', revision: 'e82be7d358', time: '2018-11-14T08:17:03'
System info: host: 'SURYA', ip: '192.168.0.7', os.name: 'Windows 10', os.arch: 'amd64', os.version: '10.0', java.version: '1.8.0_161'
Driver info: org.openqa.selenium.chrome.ChromeDriver
Capabilities {acceptInsecureCerts: false, browserName: chrome, browserVersion: 86.0.4240.111, chrome: {chromedriverVersion: 86.0.4240.22 (398b0743353ff..., userDataDir: C:\WINDOWS\TEMP\scoped_dir1...}, goog:chromeOptions: {debuggerAddress: localhost:62642}, javascriptEnabled: true, networkConnectionEnabled: false, pageLoadStrategy: normal, platform: WINDOWS, platformName: WINDOWS, proxy: Proxy(), setWindowRect: true, strictFileInteractability: false, timeouts: {implicit: 0, pageLoad: 300000, script: 30000}, unhandledPromptBehavior: dismiss and notify, webauthn:virtualAuthenticators: true}
Session ID: a91f03c5aa6a25908e4f4ccaefcc847e]]>
            </message>
            <full-stacktrace>
              <![CDATA[org.openqa.selenium.ElementClickInterceptedException: element click intercepted: Element <span class="rct-title">...</span> is not clickable at point (461, 637). Other element would receive the click: <span>...</span>
  (Session info: chrome=86.0.4240.111)
Build info: version: '3.141.59', revision: 'e82be7d358', time: '2018-11-14T08:17:03'
System info: host: 'SURYA', ip: '192.168.0.7', os.name: 'Windows 10', os.arch: 'amd64', os.version: '10.0', java.version: '1.8.0_161'
Driver info: org.openqa.selenium.chrome.ChromeDriver
Capabilities {acceptInsecureCerts: false, browserName: chrome, browserVersion: 86.0.4240.111, chrome: {chromedriverVersion: 86.0.4240.22 (398b0743353ff..., userDataDir: C:\WINDOWS\TEMP\scoped_dir1...}, goog:chromeOptions: {debuggerAddress: localhost:62642}, javascriptEnabled: true, networkConnectionEnabled: false, pageLoadStrategy: normal, platform: WINDOWS, platformName: WINDOWS, proxy: Proxy(), setWindowRect: true, strictFileInteractability: false, timeouts: {implicit: 0, pageLoad: 300000, script: 30000}, unhandledPromptBehavior: dismiss and notify, webauthn:virtualAuthenticators: true}
Session ID: a91f03c5aa6a25908e4f4ccaefcc847e
	at sun.reflect.NativeConstructorAccessorImpl.newInstance0(Native Method)
	at sun.reflect.NativeConstructorAccessorImpl.newInstance(NativeConstructorAccessorImpl.java:62)
	at sun.reflect.DelegatingConstructorAccessorImpl.newInstance(DelegatingConstructorAccessorImpl.java:45)
	at java.lang.reflect.Constructor.newInstance(Constructor.java:423)
	at org.openqa.selenium.remote.http.W3CHttpResponseCodec.createException(W3CHttpResponseCodec.java:187)
	at org.openqa.selenium.remote.http.W3CHttpResponseCodec.decode(W3CHttpResponseCodec.java:122)
	at org.openqa.selenium.remote.http.W3CHttpResponseCodec.decode(W3CHttpResponseCodec.java:49)
	at org.openqa.selenium.remote.HttpCommandExecutor.execute(HttpCommandExecutor.java:158)
	at org.openqa.selenium.remote.service.DriverCommandExecutor.execute(DriverCommandExecutor.java:83)
	at org.openqa.selenium.remote.RemoteWebDriver.execute(RemoteWebDriver.java:552)
	at org.openqa.selenium.remote.RemoteWebElement.execute(RemoteWebElement.java:285)
	at org.openqa.selenium.remote.RemoteWebElement.click(RemoteWebElement.java:84)
	at sun.reflect.NativeMethodAccessorImpl.invoke0(Native Method)
	at sun.reflect.NativeMethodAccessorImpl.invoke(NativeMethodAccessorImpl.java:62)
	at sun.reflect.DelegatingMethodAccessorImpl.invoke(DelegatingMethodAccessorImpl.java:43)
	at java.lang.reflect.Method.invoke(Method.java:498)
	at org.openqa.selenium.support.pagefactory.internal.LocatingElementHandler.invoke(LocatingElementHandler.java:51)
	at com.sun.proxy.$Proxy10.click(Unknown Source)
	at testcases.TC2_CheckBox_Page.testing_downloads_checkBox_text_by_UnChecking(TC2_CheckBox_Page.java:141)
	at sun.reflect.NativeMethodAccessorImpl.invoke0(Native Method)
	at sun.reflect.NativeMethodAccessorImpl.invoke(NativeMethodAccessorImpl.java:62)
	at sun.reflect.DelegatingMethodAccessorImpl.invoke(DelegatingMethodAccessorImpl.java:43)
	at java.lang.reflect.Method.invoke(Method.java:498)
	at org.testng.internal.MethodInvocationHelper.invokeMethod(MethodInvocationHelper.java:108)
	at org.testng.internal.Invoker.invokeMethod(Invoker.java:661)
	at org.testng.internal.Invoker.invokeTestMethod(Invoker.java:869)
	at org.testng.internal.Invoker.invokeTestMethods(Invoker.java:1193)
	at org.testng.internal.TestMethodWorker.invokeTestMethods(TestMethodWorker.java:126)
	at org.testng.internal.TestMethodWorker.run(TestMethodWorker.java:109)
	at org.testng.TestRunner.privateRun(TestRunner.java:744)
	at org.testng.TestRunner.run(TestRunner.java:602)
	at org.testng.SuiteRunner.runTest(SuiteRunner.java:380)
	at org.testng.SuiteRunner.runSequentially(SuiteRunner.java:375)
	at org.testng.SuiteRunner.privateRun(SuiteRunner.java:340)
	at org.testng.SuiteRunner.run(SuiteRunner.java:289)
	at org.testng.SuiteRunnerWorker.runSuite(SuiteRunnerWorker.java:52)
	at org.testng.SuiteRunnerWorker.run(SuiteRunnerWorker.java:86)
	at org.testng.TestNG.runSuitesSequentially(TestNG.java:1301)
	at org.testng.TestNG.runSuitesLocally(TestNG.java:1226)
	at org.testng.TestNG.runSuites(TestNG.java:1144)
	at org.testng.TestNG.run(TestNG.java:1115)
	at org.apache.maven.surefire.testng.TestNGExecutor.run(TestNGExecutor.java:295)
	at org.apache.maven.surefire.testng.TestNGXmlTestSuite.execute(TestNGXmlTestSuite.java:84)
	at org.apache.maven.surefire.testng.TestNGProvider.invoke(TestNGProvider.java:90)
	at org.apache.maven.surefire.booter.ForkedBooter.invokeProviderInSameClassLoader(ForkedBooter.java:203)
	at org.apache.maven.surefire.booter.ForkedBooter.runSuitesInProcess(ForkedBooter.java:155)
	at org.apache.maven.surefire.booter.ForkedBooter.main(ForkedBooter.java:103)
]]>
            </full-stacktrace>
          </exception> <!-- org.openqa.selenium.ElementClickInterceptedException -->
          <reporter-output>
            <line>
              <![CDATA[Evidance of the Test]]>
            </line>
            <line>
              <![CDATA[<hr>]]>
            </line>
            <line>
              <![CDATA[<a href='G:\practiseSelenium\maven2\test-output\screenshots\Fail Evidance of the method - TESTING_DOWNLOADS_CHECKBOX_TEXT_BY_UNCHECKING at Tue_Nov_03_11_12_06_IST_2020.jpeg'> <img src='G:\practiseSelenium\maven2\test-output\screenshots\Fail Evidance of the method - TESTING_DOWNLOADS_CHECKBOX_TEXT_BY_UNCHECKING at Tue_Nov_03_11_12_06_IST_2020.jpeg' height='200' width='400'/> </a>]]>
            </line>
          </reporter-output>
        </test-method> <!-- testing_downloads_checkBox_text_by_UnChecking -->
        <test-method status="PASS" signature="settingUp()[pri:0, instance:testcases.TC2_CheckBox_Page@6442b0a6]" name="settingUp" is-config="true" duration-ms="0" started-at="2020-11-03T11:12:31Z" finished-at="2020-11-03T11:12:31Z">
          <reporter-output>
          </reporter-output>
        </test-method> <!-- settingUp -->
      </class> <!-- testcases.TC2_CheckBox_Page -->
    </test> <!-- Check Box Test -->
    <test name="Radio Button Test" duration-ms="6117" started-at="2020-11-03T05:42:32Z" finished-at="2020-11-03T05:42:38Z">
      <class name="testcases.TC3_RadioButton_Page">
        <test-method status="PASS" signature="opening_RadioButton_page()[pri:0, instance:testcases.TC3_RadioButton_Page@1554909b]" name="opening_RadioButton_page" is-config="true" duration-ms="863" started-at="2020-11-03T11:12:32Z" finished-at="2020-11-03T11:12:33Z">
          <reporter-output>
          </reporter-output>
        </test-method> <!-- opening_RadioButton_page -->
        <test-method status="PASS" signature="testing_status_of_radiobuttons()[pri:16, instance:testcases.TC3_RadioButton_Page@1554909b]" name="testing_status_of_radiobuttons" duration-ms="386" started-at="2020-11-03T11:12:33Z" finished-at="2020-11-03T11:12:33Z">
          <reporter-output>
            <line>
              <![CDATA[Evidance of the Test]]>
            </line>
            <line>
              <![CDATA[<hr>]]>
            </line>
            <line>
              <![CDATA[<a href='G:\practiseSelenium\maven2\test-output\screenshots\Pass Evidance of the method - TESTING_STATUS_OF_RADIOBUTTONS at Tue_Nov_03_11_12_06_IST_2020.jpeg'> <img src='G:\practiseSelenium\maven2\test-output\screenshots\Pass Evidance of the method - TESTING_STATUS_OF_RADIOBUTTONS at Tue_Nov_03_11_12_06_IST_2020.jpeg' height='200' width='400'/> </a>]]>
            </line>
          </reporter-output>
        </test-method> <!-- testing_status_of_radiobuttons -->
        <test-method status="PASS" signature="refresh_page()[pri:0, instance:testcases.TC3_RadioButton_Page@1554909b]" name="refresh_page" is-config="true" duration-ms="645" started-at="2020-11-03T11:12:34Z" finished-at="2020-11-03T11:12:34Z">
          <reporter-output>
          </reporter-output>
        </test-method> <!-- refresh_page -->
        <test-method status="PASS" signature="testing_Yes_radio_button()[pri:17, instance:testcases.TC3_RadioButton_Page@1554909b]" name="testing_Yes_radio_button" duration-ms="314" started-at="2020-11-03T11:12:34Z" finished-at="2020-11-03T11:12:35Z">
          <reporter-output>
            <line>
              <![CDATA[Evidance of the Test]]>
            </line>
            <line>
              <![CDATA[<hr>]]>
            </line>
            <line>
              <![CDATA[<a href='G:\practiseSelenium\maven2\test-output\screenshots\Pass Evidance of the method - TESTING_YES_RADIO_BUTTON at Tue_Nov_03_11_12_06_IST_2020.jpeg'> <img src='G:\practiseSelenium\maven2\test-output\screenshots\Pass Evidance of the method - TESTING_YES_RADIO_BUTTON at Tue_Nov_03_11_12_06_IST_2020.jpeg' height='200' width='400'/> </a>]]>
            </line>
          </reporter-output>
        </test-method> <!-- testing_Yes_radio_button -->
        <test-method status="PASS" signature="refresh_page()[pri:0, instance:testcases.TC3_RadioButton_Page@1554909b]" name="refresh_page" is-config="true" duration-ms="772" started-at="2020-11-03T11:12:35Z" finished-at="2020-11-03T11:12:36Z">
          <reporter-output>
          </reporter-output>
        </test-method> <!-- refresh_page -->
        <test-method status="PASS" signature="testing_Impressive_radio_button()[pri:18, instance:testcases.TC3_RadioButton_Page@1554909b]" name="testing_Impressive_radio_button" duration-ms="200" started-at="2020-11-03T11:12:36Z" finished-at="2020-11-03T11:12:36Z">
          <reporter-output>
            <line>
              <![CDATA[Evidance of the Test]]>
            </line>
            <line>
              <![CDATA[<hr>]]>
            </line>
            <line>
              <![CDATA[<a href='G:\practiseSelenium\maven2\test-output\screenshots\Pass Evidance of the method - TESTING_IMPRESSIVE_RADIO_BUTTON at Tue_Nov_03_11_12_06_IST_2020.jpeg'> <img src='G:\practiseSelenium\maven2\test-output\screenshots\Pass Evidance of the method - TESTING_IMPRESSIVE_RADIO_BUTTON at Tue_Nov_03_11_12_06_IST_2020.jpeg' height='200' width='400'/> </a>]]>
            </line>
          </reporter-output>
        </test-method> <!-- testing_Impressive_radio_button -->
        <test-method status="PASS" signature="refresh_page()[pri:0, instance:testcases.TC3_RadioButton_Page@1554909b]" name="refresh_page" is-config="true" duration-ms="638" started-at="2020-11-03T11:12:36Z" finished-at="2020-11-03T11:12:37Z">
          <reporter-output>
          </reporter-output>
        </test-method> <!-- refresh_page -->
        <test-method status="PASS" signature="testing_No_radio_button()[pri:19, instance:testcases.TC3_RadioButton_Page@1554909b]" name="testing_No_radio_button" duration-ms="114" started-at="2020-11-03T11:12:37Z" finished-at="2020-11-03T11:12:37Z">
          <reporter-output>
            <line>
              <![CDATA[Evidance of the Test]]>
            </line>
            <line>
              <![CDATA[<hr>]]>
            </line>
            <line>
              <![CDATA[<a href='G:\practiseSelenium\maven2\test-output\screenshots\Pass Evidance of the method - TESTING_NO_RADIO_BUTTON at Tue_Nov_03_11_12_06_IST_2020.jpeg'> <img src='G:\practiseSelenium\maven2\test-output\screenshots\Pass Evidance of the method - TESTING_NO_RADIO_BUTTON at Tue_Nov_03_11_12_06_IST_2020.jpeg' height='200' width='400'/> </a>]]>
            </line>
          </reporter-output>
        </test-method> <!-- testing_No_radio_button -->
        <test-method status="PASS" signature="refresh_page()[pri:0, instance:testcases.TC3_RadioButton_Page@1554909b]" name="refresh_page" is-config="true" duration-ms="794" started-at="2020-11-03T11:12:37Z" finished-at="2020-11-03T11:12:38Z">
          <reporter-output>
          </reporter-output>
        </test-method> <!-- refresh_page -->
      </class> <!-- testcases.TC3_RadioButton_Page -->
    </test> <!-- Radio Button Test -->
    <test name="Buttons Page Test" duration-ms="6233" started-at="2020-11-03T05:42:38Z" finished-at="2020-11-03T05:42:44Z">
      <class name="testcases.TC5_Buttons_Page">
        <test-method status="PASS" signature="setUp()[pri:0, instance:testcases.TC5_Buttons_Page@1a407d53]" name="setUp" is-config="true" duration-ms="7185" started-at="2020-11-03T11:12:06Z" finished-at="2020-11-03T11:12:13Z">
          <reporter-output>
          </reporter-output>
        </test-method> <!-- setUp -->
        <test-method status="PASS" signature="opening_RadioButton_page()[pri:0, instance:testcases.TC5_Buttons_Page@1a407d53]" name="opening_RadioButton_page" is-config="true" duration-ms="852" started-at="2020-11-03T11:12:38Z" finished-at="2020-11-03T11:12:39Z">
          <reporter-output>
          </reporter-output>
        </test-method> <!-- opening_RadioButton_page -->
        <test-method status="PASS" signature="testing_left_click_button()[pri:20, instance:testcases.TC5_Buttons_Page@1a407d53]" name="testing_left_click_button" duration-ms="303" started-at="2020-11-03T11:12:39Z" finished-at="2020-11-03T11:12:39Z">
          <reporter-output>
            <line>
              <![CDATA[Evidance of the Test]]>
            </line>
            <line>
              <![CDATA[<hr>]]>
            </line>
            <line>
              <![CDATA[<a href='G:\practiseSelenium\maven2\test-output\screenshots\Pass Evidance of the method - TESTING_LEFT_CLICK_BUTTON at Tue_Nov_03_11_12_06_IST_2020.jpeg'> <img src='G:\practiseSelenium\maven2\test-output\screenshots\Pass Evidance of the method - TESTING_LEFT_CLICK_BUTTON at Tue_Nov_03_11_12_06_IST_2020.jpeg' height='200' width='400'/> </a>]]>
            </line>
          </reporter-output>
        </test-method> <!-- testing_left_click_button -->
        <test-method status="PASS" signature="refresh_page()[pri:0, instance:testcases.TC5_Buttons_Page@1a407d53]" name="refresh_page" is-config="true" duration-ms="778" started-at="2020-11-03T11:12:40Z" finished-at="2020-11-03T11:12:40Z">
          <reporter-output>
          </reporter-output>
        </test-method> <!-- refresh_page -->
        <test-method status="PASS" signature="testing_right_click_button()[pri:21, instance:testcases.TC5_Buttons_Page@1a407d53]" name="testing_right_click_button" duration-ms="692" started-at="2020-11-03T11:12:40Z" finished-at="2020-11-03T11:12:41Z">
          <reporter-output>
            <line>
              <![CDATA[Evidance of the Test]]>
            </line>
            <line>
              <![CDATA[<hr>]]>
            </line>
            <line>
              <![CDATA[<a href='G:\practiseSelenium\maven2\test-output\screenshots\Pass Evidance of the method - TESTING_RIGHT_CLICK_BUTTON at Tue_Nov_03_11_12_06_IST_2020.jpeg'> <img src='G:\practiseSelenium\maven2\test-output\screenshots\Pass Evidance of the method - TESTING_RIGHT_CLICK_BUTTON at Tue_Nov_03_11_12_06_IST_2020.jpeg' height='200' width='400'/> </a>]]>
            </line>
          </reporter-output>
        </test-method> <!-- testing_right_click_button -->
        <test-method status="PASS" signature="refresh_page()[pri:0, instance:testcases.TC5_Buttons_Page@1a407d53]" name="refresh_page" is-config="true" duration-ms="815" started-at="2020-11-03T11:12:41Z" finished-at="2020-11-03T11:12:42Z">
          <reporter-output>
          </reporter-output>
        </test-method> <!-- refresh_page -->
        <test-method status="PASS" signature="testing_double_click_button()[pri:22, instance:testcases.TC5_Buttons_Page@1a407d53]" name="testing_double_click_button" duration-ms="895" started-at="2020-11-03T11:12:42Z" finished-at="2020-11-03T11:12:43Z">
          <reporter-output>
            <line>
              <![CDATA[Evidance of the Test]]>
            </line>
            <line>
              <![CDATA[<hr>]]>
            </line>
            <line>
              <![CDATA[<a href='G:\practiseSelenium\maven2\test-output\screenshots\Pass Evidance of the method - TESTING_DOUBLE_CLICK_BUTTON at Tue_Nov_03_11_12_06_IST_2020.jpeg'> <img src='G:\practiseSelenium\maven2\test-output\screenshots\Pass Evidance of the method - TESTING_DOUBLE_CLICK_BUTTON at Tue_Nov_03_11_12_06_IST_2020.jpeg' height='200' width='400'/> </a>]]>
            </line>
          </reporter-output>
        </test-method> <!-- testing_double_click_button -->
        <test-method status="PASS" signature="refresh_page()[pri:0, instance:testcases.TC5_Buttons_Page@1a407d53]" name="refresh_page" is-config="true" duration-ms="832" started-at="2020-11-03T11:12:44Z" finished-at="2020-11-03T11:12:44Z">
          <reporter-output>
          </reporter-output>
        </test-method> <!-- refresh_page -->
        <test-method status="PASS" signature="tearDown()[pri:0, instance:testcases.TC5_Buttons_Page@1a407d53]" name="tearDown" is-config="true" duration-ms="1081" started-at="2020-11-03T11:12:44Z" finished-at="2020-11-03T11:12:45Z">
          <reporter-output>
          </reporter-output>
        </test-method> <!-- tearDown -->
      </class> <!-- testcases.TC5_Buttons_Page -->
    </test> <!-- Buttons Page Test -->
  </suite> <!-- Testing ToolsQA Suite -->
</testng-results>
