<html>
<head>
<title>TestNG:  Check Box Test</title>
<link href="../testng.css" rel="stylesheet" type="text/css" />
<link href="../my-testng.css" rel="stylesheet" type="text/css" />

<style type="text/css">
.log { display: none;} 
.stack-trace { display: none;} 
</style>
<script type="text/javascript">
<!--
function flip(e) {
  current = e.style.display;
  if (current == 'block') {
    e.style.display = 'none';
    return 0;
  }
  else {
    e.style.display = 'block';
    return 1;
  }
}

function toggleBox(szDivId, elem, msg1, msg2)
{
  var res = -1;  if (document.getElementById) {
    res = flip(document.getElementById(szDivId));
  }
  else if (document.all) {
    // this is the way old msie versions work
    res = flip(document.all[szDivId]);
  }
  if(elem) {
    if(res == 0) elem.innerHTML = msg1; else elem.innerHTML = msg2;
  }

}

function toggleAllBoxes() {
  if (document.getElementsByTagName) {
    d = document.getElementsByTagName('div');
    for (i = 0; i < d.length; i++) {
      if (d[i].className == 'log') {
        flip(d[i]);
      }
    }
  }
}

// -->
</script>

</head>
<body>
<h2 align='center'>Check Box Test</h2><table border='1' align="center">
<tr>
<td>Tests passed/Failed/Skipped:</td><td>7/2/0</td>
</tr><tr>
<td>Started on:</td><td>Tue Nov 03 11:12:25 IST 2020</td>
</tr>
<tr><td>Total time:</td><td>7 seconds (7138 ms)</td>
</tr><tr>
<td>Included groups:</td><td></td>
</tr><tr>
<td>Excluded groups:</td><td></td>
</tr>
</table><p/>
<small><i>(Hover the method name to see the test class name)</i></small><p/>
<table width='100%' border='1' class='invocation-failed'>
<tr><td colspan='4' align='center'><b>FAILED TESTS</b></td></tr>
<tr><td><b>Test method</b></td>
<td width="30%"><b>Exception</b></td>
<td width="10%"><b>Time (seconds)</b></td>
<td><b>Instance</b></td>
</tr>
<tr>
<td title='testcases.TC2_CheckBox_Page.testing_downloads_checkBox_text_by_Checking()'><b>testing_downloads_checkBox_text_by_Checking</b><br>Test class: testcases.TC2_CheckBox_Page<br/>
<a href="#Output-1364127192" onClick='toggleBox("Output-1364127192", this, "Show output", "Hide output");'>Show output</a>

<a href="#Output-1364127192" onClick="toggleAllBoxes();">Show all outputs</a>
<div class='log' id="Output-1364127192">
Evidance of the Test<br/>
<hr><br/>
<a href='G:\practiseSelenium\maven2\test-output\screenshots\Fail Evidance of the method - TESTING_DOWNLOADS_CHECKBOX_TEXT_BY_CHECKING at Tue_Nov_03_11_12_06_IST_2020.jpeg'> <img src='G:\practiseSelenium\maven2\test-output\screenshots\Fail Evidance of the method - TESTING_DOWNLOADS_CHECKBOX_TEXT_BY_CHECKING at Tue_Nov_03_11_12_06_IST_2020.jpeg' height='200' width='400'/> </a><br/>
</div>
</td>
<td><div><pre>org.openqa.selenium.ElementClickInterceptedException: element click intercepted: Element &lt;span class=&quot;rct-title&quot;&gt;...&lt;/span&gt; is not clickable at point (461, 637). Other element would receive the click: &lt;span&gt;...&lt;/span&gt;
  (Session info: chrome=86.0.4240.111)
Build info: version: &apos;3.141.59&apos;, revision: &apos;e82be7d358&apos;, time: &apos;2018-11-14T08:17:03&apos;
System info: host: &apos;SURYA&apos;, ip: &apos;192.168.0.7&apos;, os.name: &apos;Windows 10&apos;, os.arch: &apos;amd64&apos;, os.version: &apos;10.0&apos;, java.version: &apos;1.8.0_161&apos;
Driver info: org.openqa.selenium.chrome.ChromeDriver
Capabilities {acceptInsecureCerts: false, browserName: chrome, browserVersion: 86.0.4240.111, chrome: {chromedriverVersion: 86.0.4240.22 (398b0743353ff..., userDataDir: C:\WINDOWS\TEMP\scoped_dir1...}, goog:chromeOptions: {debuggerAddress: localhost:62642}, javascriptEnabled: true, networkConnectionEnabled: false, pageLoadStrategy: normal, platform: WINDOWS, platformName: WINDOWS, proxy: Proxy(), setWindowRect: true, strictFileInteractability: false, timeouts: {implicit: 0, pageLoad: 300000, script: 30000}, unhandledPromptBehavior: dismiss and notify, webauthn:virtualAuthenticators: true}
Session ID: a91f03c5aa6a25908e4f4ccaefcc847e
	at org.openqa.selenium.remote.http.W3CHttpResponseCodec.createException(W3CHttpResponseCodec.java:187)
	at org.openqa.selenium.remote.http.W3CHttpResponseCodec.decode(W3CHttpResponseCodec.java:122)
	at org.openqa.selenium.remote.http.W3CHttpResponseCodec.decode(W3CHttpResponseCodec.java:49)
	at org.openqa.selenium.remote.HttpCommandExecutor.execute(HttpCommandExecutor.java:158)
	at org.openqa.selenium.remote.service.DriverCommandExecutor.execute(DriverCommandExecutor.java:83)
	at org.openqa.selenium.remote.RemoteWebDriver.execute(RemoteWebDriver.java:552)
	at org.openqa.selenium.remote.RemoteWebElement.execute(RemoteWebElement.java:285)
	at org.openqa.selenium.remote.RemoteWebElement.click(RemoteWebElement.java:84)
	at org.openqa.selenium.support.pagefactory.internal.LocatingElementHandler.invoke(LocatingElementHandler.java:51)
	at com.sun.proxy.$Proxy10.click(Unknown Source)
	at testcases.TC2_CheckBox_Page.testing_downloads_checkBox_text_by_Checking(TC2_CheckBox_Page.java:125)
... Removed 36 stack frames</pre></div><a href='#' onClick='toggleBox("stack-trace1364127192", this, "Click to show all stack frames", "Click to hide stack frames")'>Click to show all stack frames</a>
<div class='stack-trace' id='stack-trace1364127192'><pre>org.openqa.selenium.ElementClickInterceptedException: element click intercepted: Element &lt;span class=&quot;rct-title&quot;&gt;...&lt;/span&gt; is not clickable at point (461, 637). Other element would receive the click: &lt;span&gt;...&lt;/span&gt;
  (Session info: chrome=86.0.4240.111)
Build info: version: &apos;3.141.59&apos;, revision: &apos;e82be7d358&apos;, time: &apos;2018-11-14T08:17:03&apos;
System info: host: &apos;SURYA&apos;, ip: &apos;192.168.0.7&apos;, os.name: &apos;Windows 10&apos;, os.arch: &apos;amd64&apos;, os.version: &apos;10.0&apos;, java.version: &apos;1.8.0_161&apos;
Driver info: org.openqa.selenium.chrome.ChromeDriver
Capabilities {acceptInsecureCerts: false, browserName: chrome, browserVersion: 86.0.4240.111, chrome: {chromedriverVersion: 86.0.4240.22 (398b0743353ff..., userDataDir: C:\WINDOWS\TEMP\scoped_dir1...}, goog:chromeOptions: {debuggerAddress: localhost:62642}, javascriptEnabled: true, networkConnectionEnabled: false, pageLoadStrategy: normal, platform: WINDOWS, platformName: WINDOWS, proxy: Proxy(), setWindowRect: true, strictFileInteractability: false, timeouts: {implicit: 0, pageLoad: 300000, script: 30000}, unhandledPromptBehavior: dismiss and notify, webauthn:virtualAuthenticators: true}
Session ID: a91f03c5aa6a25908e4f4ccaefcc847e
	at sun.reflect.NativeConstructorAccessorImpl.newInstance0(Native Method)
	at sun.reflect.NativeConstructorAccessorImpl.newInstance(NativeConstructorAccessorImpl.java:62)
	at sun.reflect.DelegatingConstructorAccessorImpl.newInstance(DelegatingConstructorAccessorImpl.java:45)
	at java.lang.reflect.Constructor.newInstance(Constructor.java:423)
	at org.openqa.selenium.remote.http.W3CHttpResponseCodec.createException(W3CHttpResponseCodec.java:187)
	at org.openqa.selenium.remote.http.W3CHttpResponseCodec.decode(W3CHttpResponseCodec.java:122)
	at org.openqa.selenium.remote.http.W3CHttpResponseCodec.decode(W3CHttpResponseCodec.java:49)
	at org.openqa.selenium.remote.HttpCommandExecutor.execute(HttpCommandExecutor.java:158)
	at org.openqa.selenium.remote.service.DriverCommandExecutor.execute(DriverCommandExecutor.java:83)
	at org.openqa.selenium.remote.RemoteWebDriver.execute(RemoteWebDriver.java:552)
	at org.openqa.selenium.remote.RemoteWebElement.execute(RemoteWebElement.java:285)
	at org.openqa.selenium.remote.RemoteWebElement.click(RemoteWebElement.java:84)
	at sun.reflect.NativeMethodAccessorImpl.invoke0(Native Method)
	at sun.reflect.NativeMethodAccessorImpl.invoke(NativeMethodAccessorImpl.java:62)
	at sun.reflect.DelegatingMethodAccessorImpl.invoke(DelegatingMethodAccessorImpl.java:43)
	at java.lang.reflect.Method.invoke(Method.java:498)
	at org.openqa.selenium.support.pagefactory.internal.LocatingElementHandler.invoke(LocatingElementHandler.java:51)
	at com.sun.proxy.$Proxy10.click(Unknown Source)
	at testcases.TC2_CheckBox_Page.testing_downloads_checkBox_text_by_Checking(TC2_CheckBox_Page.java:125)
	at sun.reflect.NativeMethodAccessorImpl.invoke0(Native Method)
	at sun.reflect.NativeMethodAccessorImpl.invoke(NativeMethodAccessorImpl.java:62)
	at sun.reflect.DelegatingMethodAccessorImpl.invoke(DelegatingMethodAccessorImpl.java:43)
	at java.lang.reflect.Method.invoke(Method.java:498)
	at org.testng.internal.MethodInvocationHelper.invokeMethod(MethodInvocationHelper.java:108)
	at org.testng.internal.Invoker.invokeMethod(Invoker.java:661)
	at org.testng.internal.Invoker.invokeTestMethod(Invoker.java:869)
	at org.testng.internal.Invoker.invokeTestMethods(Invoker.java:1193)
	at org.testng.internal.TestMethodWorker.invokeTestMethods(TestMethodWorker.java:126)
	at org.testng.internal.TestMethodWorker.run(TestMethodWorker.java:109)
	at org.testng.TestRunner.privateRun(TestRunner.java:744)
	at org.testng.TestRunner.run(TestRunner.java:602)
	at org.testng.SuiteRunner.runTest(SuiteRunner.java:380)
	at org.testng.SuiteRunner.runSequentially(SuiteRunner.java:375)
	at org.testng.SuiteRunner.privateRun(SuiteRunner.java:340)
	at org.testng.SuiteRunner.run(SuiteRunner.java:289)
	at org.testng.SuiteRunnerWorker.runSuite(SuiteRunnerWorker.java:52)
	at org.testng.SuiteRunnerWorker.run(SuiteRunnerWorker.java:86)
	at org.testng.TestNG.runSuitesSequentially(TestNG.java:1301)
	at org.testng.TestNG.runSuitesLocally(TestNG.java:1226)
	at org.testng.TestNG.runSuites(TestNG.java:1144)
	at org.testng.TestNG.run(TestNG.java:1115)
	at org.apache.maven.surefire.testng.TestNGExecutor.run(TestNGExecutor.java:295)
	at org.apache.maven.surefire.testng.TestNGXmlTestSuite.execute(TestNGXmlTestSuite.java:84)
	at org.apache.maven.surefire.testng.TestNGProvider.invoke(TestNGProvider.java:90)
	at org.apache.maven.surefire.booter.ForkedBooter.invokeProviderInSameClassLoader(ForkedBooter.java:203)
	at org.apache.maven.surefire.booter.ForkedBooter.runSuitesInProcess(ForkedBooter.java:155)
	at org.apache.maven.surefire.booter.ForkedBooter.main(ForkedBooter.java:103)
</pre></div></td>
<td>1</td>
<td>testcases.TC2_CheckBox_Page@6442b0a6</td></tr>
<tr>
<td title='testcases.TC2_CheckBox_Page.testing_downloads_checkBox_text_by_UnChecking()'><b>testing_downloads_checkBox_text_by_UnChecking</b><br>Test class: testcases.TC2_CheckBox_Page<br/>
<a href="#Output-1441243996" onClick='toggleBox("Output-1441243996", this, "Show output", "Hide output");'>Show output</a>

<a href="#Output-1441243996" onClick="toggleAllBoxes();">Show all outputs</a>
<div class='log' id="Output-1441243996">
Evidance of the Test<br/>
<hr><br/>
<a href='G:\practiseSelenium\maven2\test-output\screenshots\Fail Evidance of the method - TESTING_DOWNLOADS_CHECKBOX_TEXT_BY_UNCHECKING at Tue_Nov_03_11_12_06_IST_2020.jpeg'> <img src='G:\practiseSelenium\maven2\test-output\screenshots\Fail Evidance of the method - TESTING_DOWNLOADS_CHECKBOX_TEXT_BY_UNCHECKING at Tue_Nov_03_11_12_06_IST_2020.jpeg' height='200' width='400'/> </a><br/>
</div>
</td>
<td><div><pre>org.openqa.selenium.ElementClickInterceptedException: element click intercepted: Element &lt;span class=&quot;rct-title&quot;&gt;...&lt;/span&gt; is not clickable at point (461, 637). Other element would receive the click: &lt;span&gt;...&lt;/span&gt;
  (Session info: chrome=86.0.4240.111)
Build info: version: &apos;3.141.59&apos;, revision: &apos;e82be7d358&apos;, time: &apos;2018-11-14T08:17:03&apos;
System info: host: &apos;SURYA&apos;, ip: &apos;192.168.0.7&apos;, os.name: &apos;Windows 10&apos;, os.arch: &apos;amd64&apos;, os.version: &apos;10.0&apos;, java.version: &apos;1.8.0_161&apos;
Driver info: org.openqa.selenium.chrome.ChromeDriver
Capabilities {acceptInsecureCerts: false, browserName: chrome, browserVersion: 86.0.4240.111, chrome: {chromedriverVersion: 86.0.4240.22 (398b0743353ff..., userDataDir: C:\WINDOWS\TEMP\scoped_dir1...}, goog:chromeOptions: {debuggerAddress: localhost:62642}, javascriptEnabled: true, networkConnectionEnabled: false, pageLoadStrategy: normal, platform: WINDOWS, platformName: WINDOWS, proxy: Proxy(), setWindowRect: true, strictFileInteractability: false, timeouts: {implicit: 0, pageLoad: 300000, script: 30000}, unhandledPromptBehavior: dismiss and notify, webauthn:virtualAuthenticators: true}
Session ID: a91f03c5aa6a25908e4f4ccaefcc847e
	at org.openqa.selenium.remote.http.W3CHttpResponseCodec.createException(W3CHttpResponseCodec.java:187)
	at org.openqa.selenium.remote.http.W3CHttpResponseCodec.decode(W3CHttpResponseCodec.java:122)
	at org.openqa.selenium.remote.http.W3CHttpResponseCodec.decode(W3CHttpResponseCodec.java:49)
	at org.openqa.selenium.remote.HttpCommandExecutor.execute(HttpCommandExecutor.java:158)
	at org.openqa.selenium.remote.service.DriverCommandExecutor.execute(DriverCommandExecutor.java:83)
	at org.openqa.selenium.remote.RemoteWebDriver.execute(RemoteWebDriver.java:552)
	at org.openqa.selenium.remote.RemoteWebElement.execute(RemoteWebElement.java:285)
	at org.openqa.selenium.remote.RemoteWebElement.click(RemoteWebElement.java:84)
	at org.openqa.selenium.support.pagefactory.internal.LocatingElementHandler.invoke(LocatingElementHandler.java:51)
	at com.sun.proxy.$Proxy10.click(Unknown Source)
	at testcases.TC2_CheckBox_Page.testing_downloads_checkBox_text_by_UnChecking(TC2_CheckBox_Page.java:141)
... Removed 36 stack frames</pre></div><a href='#' onClick='toggleBox("stack-trace1441243996", this, "Click to show all stack frames", "Click to hide stack frames")'>Click to show all stack frames</a>
<div class='stack-trace' id='stack-trace1441243996'><pre>org.openqa.selenium.ElementClickInterceptedException: element click intercepted: Element &lt;span class=&quot;rct-title&quot;&gt;...&lt;/span&gt; is not clickable at point (461, 637). Other element would receive the click: &lt;span&gt;...&lt;/span&gt;
  (Session info: chrome=86.0.4240.111)
Build info: version: &apos;3.141.59&apos;, revision: &apos;e82be7d358&apos;, time: &apos;2018-11-14T08:17:03&apos;
System info: host: &apos;SURYA&apos;, ip: &apos;192.168.0.7&apos;, os.name: &apos;Windows 10&apos;, os.arch: &apos;amd64&apos;, os.version: &apos;10.0&apos;, java.version: &apos;1.8.0_161&apos;
Driver info: org.openqa.selenium.chrome.ChromeDriver
Capabilities {acceptInsecureCerts: false, browserName: chrome, browserVersion: 86.0.4240.111, chrome: {chromedriverVersion: 86.0.4240.22 (398b0743353ff..., userDataDir: C:\WINDOWS\TEMP\scoped_dir1...}, goog:chromeOptions: {debuggerAddress: localhost:62642}, javascriptEnabled: true, networkConnectionEnabled: false, pageLoadStrategy: normal, platform: WINDOWS, platformName: WINDOWS, proxy: Proxy(), setWindowRect: true, strictFileInteractability: false, timeouts: {implicit: 0, pageLoad: 300000, script: 30000}, unhandledPromptBehavior: dismiss and notify, webauthn:virtualAuthenticators: true}
Session ID: a91f03c5aa6a25908e4f4ccaefcc847e
	at sun.reflect.NativeConstructorAccessorImpl.newInstance0(Native Method)
	at sun.reflect.NativeConstructorAccessorImpl.newInstance(NativeConstructorAccessorImpl.java:62)
	at sun.reflect.DelegatingConstructorAccessorImpl.newInstance(DelegatingConstructorAccessorImpl.java:45)
	at java.lang.reflect.Constructor.newInstance(Constructor.java:423)
	at org.openqa.selenium.remote.http.W3CHttpResponseCodec.createException(W3CHttpResponseCodec.java:187)
	at org.openqa.selenium.remote.http.W3CHttpResponseCodec.decode(W3CHttpResponseCodec.java:122)
	at org.openqa.selenium.remote.http.W3CHttpResponseCodec.decode(W3CHttpResponseCodec.java:49)
	at org.openqa.selenium.remote.HttpCommandExecutor.execute(HttpCommandExecutor.java:158)
	at org.openqa.selenium.remote.service.DriverCommandExecutor.execute(DriverCommandExecutor.java:83)
	at org.openqa.selenium.remote.RemoteWebDriver.execute(RemoteWebDriver.java:552)
	at org.openqa.selenium.remote.RemoteWebElement.execute(RemoteWebElement.java:285)
	at org.openqa.selenium.remote.RemoteWebElement.click(RemoteWebElement.java:84)
	at sun.reflect.NativeMethodAccessorImpl.invoke0(Native Method)
	at sun.reflect.NativeMethodAccessorImpl.invoke(NativeMethodAccessorImpl.java:62)
	at sun.reflect.DelegatingMethodAccessorImpl.invoke(DelegatingMethodAccessorImpl.java:43)
	at java.lang.reflect.Method.invoke(Method.java:498)
	at org.openqa.selenium.support.pagefactory.internal.LocatingElementHandler.invoke(LocatingElementHandler.java:51)
	at com.sun.proxy.$Proxy10.click(Unknown Source)
	at testcases.TC2_CheckBox_Page.testing_downloads_checkBox_text_by_UnChecking(TC2_CheckBox_Page.java:141)
	at sun.reflect.NativeMethodAccessorImpl.invoke0(Native Method)
	at sun.reflect.NativeMethodAccessorImpl.invoke(NativeMethodAccessorImpl.java:62)
	at sun.reflect.DelegatingMethodAccessorImpl.invoke(DelegatingMethodAccessorImpl.java:43)
	at java.lang.reflect.Method.invoke(Method.java:498)
	at org.testng.internal.MethodInvocationHelper.invokeMethod(MethodInvocationHelper.java:108)
	at org.testng.internal.Invoker.invokeMethod(Invoker.java:661)
	at org.testng.internal.Invoker.invokeTestMethod(Invoker.java:869)
	at org.testng.internal.Invoker.invokeTestMethods(Invoker.java:1193)
	at org.testng.internal.TestMethodWorker.invokeTestMethods(TestMethodWorker.java:126)
	at org.testng.internal.TestMethodWorker.run(TestMethodWorker.java:109)
	at org.testng.TestRunner.privateRun(TestRunner.java:744)
	at org.testng.TestRunner.run(TestRunner.java:602)
	at org.testng.SuiteRunner.runTest(SuiteRunner.java:380)
	at org.testng.SuiteRunner.runSequentially(SuiteRunner.java:375)
	at org.testng.SuiteRunner.privateRun(SuiteRunner.java:340)
	at org.testng.SuiteRunner.run(SuiteRunner.java:289)
	at org.testng.SuiteRunnerWorker.runSuite(SuiteRunnerWorker.java:52)
	at org.testng.SuiteRunnerWorker.run(SuiteRunnerWorker.java:86)
	at org.testng.TestNG.runSuitesSequentially(TestNG.java:1301)
	at org.testng.TestNG.runSuitesLocally(TestNG.java:1226)
	at org.testng.TestNG.runSuites(TestNG.java:1144)
	at org.testng.TestNG.run(TestNG.java:1115)
	at org.apache.maven.surefire.testng.TestNGExecutor.run(TestNGExecutor.java:295)
	at org.apache.maven.surefire.testng.TestNGXmlTestSuite.execute(TestNGXmlTestSuite.java:84)
	at org.apache.maven.surefire.testng.TestNGProvider.invoke(TestNGProvider.java:90)
	at org.apache.maven.surefire.booter.ForkedBooter.invokeProviderInSameClassLoader(ForkedBooter.java:203)
	at org.apache.maven.surefire.booter.ForkedBooter.runSuitesInProcess(ForkedBooter.java:155)
	at org.apache.maven.surefire.booter.ForkedBooter.main(ForkedBooter.java:103)
</pre></div></td>
<td>1</td>
<td>testcases.TC2_CheckBox_Page@6442b0a6</td></tr>
</table><p>
<table width='100%' border='1' class='invocation-passed'>
<tr><td colspan='4' align='center'><b>PASSED TESTS</b></td></tr>
<tr><td><b>Test method</b></td>
<td width="30%"><b>Exception</b></td>
<td width="10%"><b>Time (seconds)</b></td>
<td><b>Instance</b></td>
</tr>
<tr>
<td title='testcases.TC2_CheckBox_Page.testing_CollapseAll_Button()'><b>testing_CollapseAll_Button</b><br>Test class: testcases.TC2_CheckBox_Page<br/>
<a href="#Output-1403716230" onClick='toggleBox("Output-1403716230", this, "Show output", "Hide output");'>Show output</a>

<a href="#Output-1403716230" onClick="toggleAllBoxes();">Show all outputs</a>
<div class='log' id="Output-1403716230">
Evidance of the Test<br/>
<hr><br/>
<a href='G:\practiseSelenium\maven2\test-output\screenshots\Pass Evidance of the method - TESTING_COLLAPSEALL_BUTTON at Tue_Nov_03_11_12_06_IST_2020.jpeg'> <img src='G:\practiseSelenium\maven2\test-output\screenshots\Pass Evidance of the method - TESTING_COLLAPSEALL_BUTTON at Tue_Nov_03_11_12_06_IST_2020.jpeg' height='200' width='400'/> </a><br/>
</div>
</td>
<td></td>
<td>0</td>
<td>testcases.TC2_CheckBox_Page@6442b0a6</td></tr>
<tr>
<td title='testcases.TC2_CheckBox_Page.testing_ExpandAll_Button()'><b>testing_ExpandAll_Button</b><br>Test class: testcases.TC2_CheckBox_Page<br/>
<a href="#Output-1324173038" onClick='toggleBox("Output-1324173038", this, "Show output", "Hide output");'>Show output</a>

<a href="#Output-1324173038" onClick="toggleAllBoxes();">Show all outputs</a>
<div class='log' id="Output-1324173038">
Evidance of the Test<br/>
<hr><br/>
<a href='G:\practiseSelenium\maven2\test-output\screenshots\Pass Evidance of the method - TESTING_EXPANDALL_BUTTON at Tue_Nov_03_11_12_06_IST_2020.jpeg'> <img src='G:\practiseSelenium\maven2\test-output\screenshots\Pass Evidance of the method - TESTING_EXPANDALL_BUTTON at Tue_Nov_03_11_12_06_IST_2020.jpeg' height='200' width='400'/> </a><br/>
</div>
</td>
<td></td>
<td>0</td>
<td>testcases.TC2_CheckBox_Page@6442b0a6</td></tr>
<tr>
<td title='testcases.TC2_CheckBox_Page.testing_Unexpanded_Expansion()'><b>testing_Unexpanded_Expansion</b><br>Test class: testcases.TC2_CheckBox_Page<br/>
<a href="#Output-708153797" onClick='toggleBox("Output-708153797", this, "Show output", "Hide output");'>Show output</a>

<a href="#Output-708153797" onClick="toggleAllBoxes();">Show all outputs</a>
<div class='log' id="Output-708153797">
Evidance of the Test<br/>
<hr><br/>
<a href='G:\practiseSelenium\maven2\test-output\screenshots\Pass Evidance of the method - TESTING_UNEXPANDED_EXPANSION at Tue_Nov_03_11_12_06_IST_2020.jpeg'> <img src='G:\practiseSelenium\maven2\test-output\screenshots\Pass Evidance of the method - TESTING_UNEXPANDED_EXPANSION at Tue_Nov_03_11_12_06_IST_2020.jpeg' height='200' width='400'/> </a><br/>
</div>
</td>
<td></td>
<td>0</td>
<td>testcases.TC2_CheckBox_Page@6442b0a6</td></tr>
<tr>
<td title='testcases.TC2_CheckBox_Page.testing_desktop_checkBox_text_by_Checking()'><b>testing_desktop_checkBox_text_by_Checking</b><br>Test class: testcases.TC2_CheckBox_Page<br/>
<a href="#Output-1495161082" onClick='toggleBox("Output-1495161082", this, "Show output", "Hide output");'>Show output</a>

<a href="#Output-1495161082" onClick="toggleAllBoxes();">Show all outputs</a>
<div class='log' id="Output-1495161082">
Evidance of the Test<br/>
<hr><br/>
<a href='G:\practiseSelenium\maven2\test-output\screenshots\Pass Evidance of the method - TESTING_DESKTOP_CHECKBOX_TEXT_BY_CHECKING at Tue_Nov_03_11_12_06_IST_2020.jpeg'> <img src='G:\practiseSelenium\maven2\test-output\screenshots\Pass Evidance of the method - TESTING_DESKTOP_CHECKBOX_TEXT_BY_CHECKING at Tue_Nov_03_11_12_06_IST_2020.jpeg' height='200' width='400'/> </a><br/>
</div>
</td>
<td></td>
<td>0</td>
<td>testcases.TC2_CheckBox_Page@6442b0a6</td></tr>
<tr>
<td title='testcases.TC2_CheckBox_Page.testing_desktop_checkBox_text_by_UnChecking()'><b>testing_desktop_checkBox_text_by_UnChecking</b><br>Test class: testcases.TC2_CheckBox_Page<br/>
<a href="#Output-145066402" onClick='toggleBox("Output-145066402", this, "Show output", "Hide output");'>Show output</a>

<a href="#Output-145066402" onClick="toggleAllBoxes();">Show all outputs</a>
<div class='log' id="Output-145066402">
Evidance of the Test<br/>
<hr><br/>
<a href='G:\practiseSelenium\maven2\test-output\screenshots\Pass Evidance of the method - TESTING_DESKTOP_CHECKBOX_TEXT_BY_UNCHECKING at Tue_Nov_03_11_12_06_IST_2020.jpeg'> <img src='G:\practiseSelenium\maven2\test-output\screenshots\Pass Evidance of the method - TESTING_DESKTOP_CHECKBOX_TEXT_BY_UNCHECKING at Tue_Nov_03_11_12_06_IST_2020.jpeg' height='200' width='400'/> </a><br/>
</div>
</td>
<td></td>
<td>0</td>
<td>testcases.TC2_CheckBox_Page@6442b0a6</td></tr>
<tr>
<td title='testcases.TC2_CheckBox_Page.testing_documents_checkBox_text_by_Checking()'><b>testing_documents_checkBox_text_by_Checking</b><br>Test class: testcases.TC2_CheckBox_Page<br/>
<a href="#Output-1397333381" onClick='toggleBox("Output-1397333381", this, "Show output", "Hide output");'>Show output</a>

<a href="#Output-1397333381" onClick="toggleAllBoxes();">Show all outputs</a>
<div class='log' id="Output-1397333381">
Evidance of the Test<br/>
<hr><br/>
<a href='G:\practiseSelenium\maven2\test-output\screenshots\Pass Evidance of the method - TESTING_DOCUMENTS_CHECKBOX_TEXT_BY_CHECKING at Tue_Nov_03_11_12_06_IST_2020.jpeg'> <img src='G:\practiseSelenium\maven2\test-output\screenshots\Pass Evidance of the method - TESTING_DOCUMENTS_CHECKBOX_TEXT_BY_CHECKING at Tue_Nov_03_11_12_06_IST_2020.jpeg' height='200' width='400'/> </a><br/>
</div>
</td>
<td></td>
<td>0</td>
<td>testcases.TC2_CheckBox_Page@6442b0a6</td></tr>
<tr>
<td title='testcases.TC2_CheckBox_Page.testing_documents_checkBox_text_by_UnChecking()'><b>testing_documents_checkBox_text_by_UnChecking</b><br>Test class: testcases.TC2_CheckBox_Page<br/>
<a href="#Output-777813771" onClick='toggleBox("Output-777813771", this, "Show output", "Hide output");'>Show output</a>

<a href="#Output-777813771" onClick="toggleAllBoxes();">Show all outputs</a>
<div class='log' id="Output-777813771">
Evidance of the Test<br/>
<hr><br/>
<a href='G:\practiseSelenium\maven2\test-output\screenshots\Pass Evidance of the method - TESTING_DOCUMENTS_CHECKBOX_TEXT_BY_UNCHECKING at Tue_Nov_03_11_12_06_IST_2020.jpeg'> <img src='G:\practiseSelenium\maven2\test-output\screenshots\Pass Evidance of the method - TESTING_DOCUMENTS_CHECKBOX_TEXT_BY_UNCHECKING at Tue_Nov_03_11_12_06_IST_2020.jpeg' height='200' width='400'/> </a><br/>
</div>
</td>
<td></td>
<td>0</td>
<td>testcases.TC2_CheckBox_Page@6442b0a6</td></tr>
</table><p>
</body>
</html>