<!DOCTYPE html PUBLIC "-//W3C//DTD XHTML 1.1//EN" "http://www.w3.org/TR/xhtml11/DTD/xhtml11.dtd">
<html xmlns="http://www.w3.org/1999/xhtml">
<head>
<meta http-equiv="content-type" content="text/html; charset=UTF-8"/>
<title>TestNG Report</title>
<style type="text/css">table {margin-bottom:10px;border-collapse:collapse;empty-cells:show}th,td {border:1px solid #009;padding:.25em .5em}th {vertical-align:bottom}td {vertical-align:top}table a {font-weight:bold}.stripe td {background-color: #E6EBF9}.num {text-align:right}.passedodd td {background-color: #3F3}.passedeven td {background-color: #0A0}.skippedodd td {background-color: #DDD}.skippedeven td {background-color: #CCC}.failedodd td,.attn {background-color: #F33}.failedeven td,.stripe .attn {background-color: #D00}.stacktrace {white-space:pre;font-family:monospace}.totop {font-size:85%;text-align:center;border-bottom:2px solid #000}.invisible {display:none}</style>
</head>
<body>
<table>
<tr><th>Test</th><th># Passed</th><th># Skipped</th><th># Failed</th><th>Time (ms)</th><th>Included Groups</th><th>Excluded Groups</th></tr>
<tr><th colspan="7">Testing ToolsQA Suite</th></tr>
<tr><td><a href="#t0">Text Box Test</a></td><td class="num">6</td><td class="num">0</td><td class="num">0</td><td class="num">10,473</td><td></td><td></td></tr>
<tr class="stripe"><td><a href="#t1">Check Box Test</a></td><td class="num">9</td><td class="num">0</td><td class="num">0</td><td class="num">5,589</td><td></td><td></td></tr>
<tr><td><a href="#t2">Radio Button Test</a></td><td class="num">4</td><td class="num">0</td><td class="num">0</td><td class="num">5,871</td><td></td><td></td></tr>
<tr class="stripe"><td><a href="#t3">Buttons Page Test</a></td><td class="num">3</td><td class="num">0</td><td class="num">0</td><td class="num">5,201</td><td></td><td></td></tr>
<tr><td><a href="#t4">Links Page Test</a></td><td class="num">2</td><td class="num">0</td><td class="num attn">7</td><td class="num">39,135</td><td></td><td></td></tr>
<tr><th>Total</th><th class="num">24</th><th class="num">0</th><th class="num attn">7</th><th class="num">66,269</th><th colspan="2"></th></tr>
</table>
<table id='summary'><thead><tr><th>Class</th><th>Method</th><th>Start</th><th>Time (ms)</th></tr></thead><tbody><tr><th colspan="4">Testing ToolsQA Suite</th></tr></tbody><tbody id="t0"><tr><th colspan="4">Text Box Test &#8212; passed</th></tr><tr class="passedeven"><td rowspan="6">testcases.TC1_TextBox_Page</td><td><a href="#m0">testing_currentAddress_shadow_enteringText</a></td><td rowspan="1">1604299688950</td><td rowspan="1">395</td></tr><tr class="passedeven"><td><a href="#m1">testing_form_by_entering_Invalid_Email</a></td><td rowspan="1">1604299692455</td><td rowspan="1">1546</td></tr><tr class="passedeven"><td><a href="#m2">testing_permanenAddress_shadow_enteringText</a></td><td rowspan="1">1604299689759</td><td rowspan="1">328</td></tr><tr class="passedeven"><td><a href="#m3">testing_submit_button_with_ValidData</a></td><td rowspan="1">1604299690525</td><td rowspan="1">1534</td></tr><tr class="passedeven"><td><a href="#m4">testing_userEmail_shadow_entering_Valid_Text</a></td><td rowspan="1">1604299688319</td><td rowspan="1">255</td></tr><tr class="passedeven"><td><a href="#m5">testing_userName_shadow_enteringText</a></td><td rowspan="1">1604299687513</td><td rowspan="1">333</td></tr></tbody>
<tbody id="t1"><tr><th colspan="4">Check Box Test &#8212; passed</th></tr><tr class="passedeven"><td rowspan="9">testcases.TC2_CheckBox_Page</td><td><a href="#m6">testing_CollapseAll_Button</a></td><td rowspan="1">1604299696237</td><td rowspan="1">133</td></tr><tr class="passedeven"><td><a href="#m7">testing_ExpandAll_Button</a></td><td rowspan="1">1604299695638</td><td rowspan="1">207</td></tr><tr class="passedeven"><td><a href="#m8">testing_Unexpanded_Expansion</a></td><td rowspan="1">1604299695114</td><td rowspan="1">51</td></tr><tr class="passedeven"><td><a href="#m9">testing_desktop_checkBox_text_by_Checking</a></td><td rowspan="1">1604299696744</td><td rowspan="1">245</td></tr><tr class="passedeven"><td><a href="#m10">testing_desktop_checkBox_text_by_UnChecking</a></td><td rowspan="1">1604299697388</td><td rowspan="1">61</td></tr><tr class="passedeven"><td><a href="#m11">testing_documents_checkBox_text_by_Checking</a></td><td rowspan="1">1604299697843</td><td rowspan="1">332</td></tr><tr class="passedeven"><td><a href="#m12">testing_documents_checkBox_text_by_UnChecking</a></td><td rowspan="1">1604299698560</td><td rowspan="1">58</td></tr><tr class="passedeven"><td><a href="#m13">testing_downloads_checkBox_text_by_Checking</a></td><td rowspan="1">1604299698993</td><td rowspan="1">246</td></tr><tr class="passedeven"><td><a href="#m14">testing_downloads_checkBox_text_by_UnChecking</a></td><td rowspan="1">1604299699645</td><td rowspan="1">62</td></tr></tbody>
<tbody id="t2"><tr><th colspan="4">Radio Button Test &#8212; passed</th></tr><tr class="passedeven"><td rowspan="4">testcases.TC3_RadioButton_Page</td><td><a href="#m15">testing_Impressive_radio_button</a></td><td rowspan="1">1604299703221</td><td rowspan="1">129</td></tr><tr class="passedeven"><td><a href="#m16">testing_No_radio_button</a></td><td rowspan="1">1604299704449</td><td rowspan="1">179</td></tr><tr class="passedeven"><td><a href="#m17">testing_Yes_radio_button</a></td><td rowspan="1">1604299701999</td><td rowspan="1">215</td></tr><tr class="passedeven"><td><a href="#m18">testing_status_of_radiobuttons</a></td><td rowspan="1">1604299700812</td><td rowspan="1">168</td></tr></tbody>
<tbody id="t3"><tr><th colspan="4">Buttons Page Test &#8212; passed</th></tr><tr class="passedeven"><td rowspan="3">testcases.TC5_Buttons_Page</td><td><a href="#m19">testing_double_click_button</a></td><td rowspan="1">1604299709502</td><td rowspan="1">622</td></tr><tr class="passedeven"><td><a href="#m20">testing_left_click_button</a></td><td rowspan="1">1604299706801</td><td rowspan="1">182</td></tr><tr class="passedeven"><td><a href="#m21">testing_right_click_button</a></td><td rowspan="1">1604299708016</td><td rowspan="1">486</td></tr></tbody>
<tbody id="t4"><tr><th colspan="4">Links Page Test &#8212; failed</th></tr><tr class="failedeven"><td rowspan="7">testcases.TC6_Links_Page</td><td><a href="#m22">testing_created_link</a></td><td rowspan="1">1604299720744</td><td rowspan="1">239</td></tr><tr class="failedeven"><td><a href="#m23">testing_links_badRequest_link</a></td><td rowspan="1">1604299733536</td><td rowspan="1">173</td></tr><tr class="failedeven"><td><a href="#m24">testing_links_forbidden_link</a></td><td rowspan="1">1604299741951</td><td rowspan="1">236</td></tr><tr class="failedeven"><td><a href="#m25">testing_links_links_invalidUrl_link</a></td><td rowspan="1">1604299746256</td><td rowspan="1">147</td></tr><tr class="failedeven"><td><a href="#m26">testing_links_links_moved_link</a></td><td rowspan="1">1604299729327</td><td rowspan="1">200</td></tr><tr class="failedeven"><td><a href="#m27">testing_links_links_unauthorized_link</a></td><td rowspan="1">1604299737703</td><td rowspan="1">202</td></tr><tr class="failedeven"><td><a href="#m28">testing_links_noContent_link</a></td><td rowspan="1">1604299724979</td><td rowspan="1">173</td></tr><tr><th colspan="4">Links Page Test &#8212; passed</th></tr><tr class="passedeven"><td rowspan="2">testcases.TC6_Links_Page</td><td><a href="#m29">testing_dynamicLink_link</a></td><td rowspan="1">1604299716144</td><td rowspan="1">140</td></tr><tr class="passedeven"><td><a href="#m30">testing_simpleLink_link</a></td><td rowspan="1">1604299711944</td><td rowspan="1">139</td></tr></tbody>
</table>
<h2>Text Box Test</h2><h3 id="m0">testcases.TC1_TextBox_Page#testing_currentAddress_shadow_enteringText</h3><table class="result"><tr><th>Messages</th></tr><tr><td><div class="messages">Evidance of the Test<br/><hr><br/><a href='G:\practiseSelenium\maven2\test-output\screenshots\Pass Evidance of the method - TESTING_CURRENTADDRESS_SHADOW_ENTERINGTEXT at Mon_Nov_02_12_17_57_IST_2020.jpeg'> <img src='G:\practiseSelenium\maven2\test-output\screenshots\Pass Evidance of the method - TESTING_CURRENTADDRESS_SHADOW_ENTERINGTEXT at Mon_Nov_02_12_17_57_IST_2020.jpeg' height='200' width='400'/> </a></div></td></tr></table><p class="totop"><a href="#summary">back to summary</a></p>
<h3 id="m1">testcases.TC1_TextBox_Page#testing_form_by_entering_Invalid_Email</h3><table class="result"><tr><th>Messages</th></tr><tr><td><div class="messages">Evidance of the Test<br/><hr><br/><a href='G:\practiseSelenium\maven2\test-output\screenshots\Pass Evidance of the method - TESTING_FORM_BY_ENTERING_INVALID_EMAIL at Mon_Nov_02_12_17_57_IST_2020.jpeg'> <img src='G:\practiseSelenium\maven2\test-output\screenshots\Pass Evidance of the method - TESTING_FORM_BY_ENTERING_INVALID_EMAIL at Mon_Nov_02_12_17_57_IST_2020.jpeg' height='200' width='400'/> </a></div></td></tr></table><p class="totop"><a href="#summary">back to summary</a></p>
<h3 id="m2">testcases.TC1_TextBox_Page#testing_permanenAddress_shadow_enteringText</h3><table class="result"><tr><th>Messages</th></tr><tr><td><div class="messages">Evidance of the Test<br/><hr><br/><a href='G:\practiseSelenium\maven2\test-output\screenshots\Pass Evidance of the method - TESTING_PERMANENADDRESS_SHADOW_ENTERINGTEXT at Mon_Nov_02_12_17_57_IST_2020.jpeg'> <img src='G:\practiseSelenium\maven2\test-output\screenshots\Pass Evidance of the method - TESTING_PERMANENADDRESS_SHADOW_ENTERINGTEXT at Mon_Nov_02_12_17_57_IST_2020.jpeg' height='200' width='400'/> </a></div></td></tr></table><p class="totop"><a href="#summary">back to summary</a></p>
<h3 id="m3">testcases.TC1_TextBox_Page#testing_submit_button_with_ValidData</h3><table class="result"><tr><th>Messages</th></tr><tr><td><div class="messages">Evidance of the Test<br/><hr><br/><a href='G:\practiseSelenium\maven2\test-output\screenshots\Pass Evidance of the method - TESTING_SUBMIT_BUTTON_WITH_VALIDDATA at Mon_Nov_02_12_17_57_IST_2020.jpeg'> <img src='G:\practiseSelenium\maven2\test-output\screenshots\Pass Evidance of the method - TESTING_SUBMIT_BUTTON_WITH_VALIDDATA at Mon_Nov_02_12_17_57_IST_2020.jpeg' height='200' width='400'/> </a></div></td></tr></table><p class="totop"><a href="#summary">back to summary</a></p>
<h3 id="m4">testcases.TC1_TextBox_Page#testing_userEmail_shadow_entering_Valid_Text</h3><table class="result"><tr><th>Messages</th></tr><tr><td><div class="messages">Evidance of the Test<br/><hr><br/><a href='G:\practiseSelenium\maven2\test-output\screenshots\Pass Evidance of the method - TESTING_USEREMAIL_SHADOW_ENTERING_VALID_TEXT at Mon_Nov_02_12_17_57_IST_2020.jpeg'> <img src='G:\practiseSelenium\maven2\test-output\screenshots\Pass Evidance of the method - TESTING_USEREMAIL_SHADOW_ENTERING_VALID_TEXT at Mon_Nov_02_12_17_57_IST_2020.jpeg' height='200' width='400'/> </a></div></td></tr></table><p class="totop"><a href="#summary">back to summary</a></p>
<h3 id="m5">testcases.TC1_TextBox_Page#testing_userName_shadow_enteringText</h3><table class="result"><tr><th>Messages</th></tr><tr><td><div class="messages">Evidance of the Test<br/><hr><br/><a href='G:\practiseSelenium\maven2\test-output\screenshots\Pass Evidance of the method - TESTING_USERNAME_SHADOW_ENTERINGTEXT at Mon_Nov_02_12_17_57_IST_2020.jpeg'> <img src='G:\practiseSelenium\maven2\test-output\screenshots\Pass Evidance of the method - TESTING_USERNAME_SHADOW_ENTERINGTEXT at Mon_Nov_02_12_17_57_IST_2020.jpeg' height='200' width='400'/> </a></div></td></tr></table><p class="totop"><a href="#summary">back to summary</a></p>
<h2>Check Box Test</h2><h3 id="m6">testcases.TC2_CheckBox_Page#testing_CollapseAll_Button</h3><table class="result"><tr><th>Messages</th></tr><tr><td><div class="messages">Evidance of the Test<br/><hr><br/><a href='G:\practiseSelenium\maven2\test-output\screenshots\Pass Evidance of the method - TESTING_COLLAPSEALL_BUTTON at Mon_Nov_02_12_17_57_IST_2020.jpeg'> <img src='G:\practiseSelenium\maven2\test-output\screenshots\Pass Evidance of the method - TESTING_COLLAPSEALL_BUTTON at Mon_Nov_02_12_17_57_IST_2020.jpeg' height='200' width='400'/> </a></div></td></tr></table><p class="totop"><a href="#summary">back to summary</a></p>
<h3 id="m7">testcases.TC2_CheckBox_Page#testing_ExpandAll_Button</h3><table class="result"><tr><th>Messages</th></tr><tr><td><div class="messages">Evidance of the Test<br/><hr><br/><a href='G:\practiseSelenium\maven2\test-output\screenshots\Pass Evidance of the method - TESTING_EXPANDALL_BUTTON at Mon_Nov_02_12_17_57_IST_2020.jpeg'> <img src='G:\practiseSelenium\maven2\test-output\screenshots\Pass Evidance of the method - TESTING_EXPANDALL_BUTTON at Mon_Nov_02_12_17_57_IST_2020.jpeg' height='200' width='400'/> </a></div></td></tr></table><p class="totop"><a href="#summary">back to summary</a></p>
<h3 id="m8">testcases.TC2_CheckBox_Page#testing_Unexpanded_Expansion</h3><table class="result"><tr><th>Messages</th></tr><tr><td><div class="messages">Evidance of the Test<br/><hr><br/><a href='G:\practiseSelenium\maven2\test-output\screenshots\Pass Evidance of the method - TESTING_UNEXPANDED_EXPANSION at Mon_Nov_02_12_17_57_IST_2020.jpeg'> <img src='G:\practiseSelenium\maven2\test-output\screenshots\Pass Evidance of the method - TESTING_UNEXPANDED_EXPANSION at Mon_Nov_02_12_17_57_IST_2020.jpeg' height='200' width='400'/> </a></div></td></tr></table><p class="totop"><a href="#summary">back to summary</a></p>
<h3 id="m9">testcases.TC2_CheckBox_Page#testing_desktop_checkBox_text_by_Checking</h3><table class="result"><tr><th>Messages</th></tr><tr><td><div class="messages">Evidance of the Test<br/><hr><br/><a href='G:\practiseSelenium\maven2\test-output\screenshots\Pass Evidance of the method - TESTING_DESKTOP_CHECKBOX_TEXT_BY_CHECKING at Mon_Nov_02_12_17_57_IST_2020.jpeg'> <img src='G:\practiseSelenium\maven2\test-output\screenshots\Pass Evidance of the method - TESTING_DESKTOP_CHECKBOX_TEXT_BY_CHECKING at Mon_Nov_02_12_17_57_IST_2020.jpeg' height='200' width='400'/> </a></div></td></tr></table><p class="totop"><a href="#summary">back to summary</a></p>
<h3 id="m10">testcases.TC2_CheckBox_Page#testing_desktop_checkBox_text_by_UnChecking</h3><table class="result"><tr><th>Messages</th></tr><tr><td><div class="messages">Evidance of the Test<br/><hr><br/><a href='G:\practiseSelenium\maven2\test-output\screenshots\Pass Evidance of the method - TESTING_DESKTOP_CHECKBOX_TEXT_BY_UNCHECKING at Mon_Nov_02_12_17_57_IST_2020.jpeg'> <img src='G:\practiseSelenium\maven2\test-output\screenshots\Pass Evidance of the method - TESTING_DESKTOP_CHECKBOX_TEXT_BY_UNCHECKING at Mon_Nov_02_12_17_57_IST_2020.jpeg' height='200' width='400'/> </a></div></td></tr></table><p class="totop"><a href="#summary">back to summary</a></p>
<h3 id="m11">testcases.TC2_CheckBox_Page#testing_documents_checkBox_text_by_Checking</h3><table class="result"><tr><th>Messages</th></tr><tr><td><div class="messages">Evidance of the Test<br/><hr><br/><a href='G:\practiseSelenium\maven2\test-output\screenshots\Pass Evidance of the method - TESTING_DOCUMENTS_CHECKBOX_TEXT_BY_CHECKING at Mon_Nov_02_12_17_57_IST_2020.jpeg'> <img src='G:\practiseSelenium\maven2\test-output\screenshots\Pass Evidance of the method - TESTING_DOCUMENTS_CHECKBOX_TEXT_BY_CHECKING at Mon_Nov_02_12_17_57_IST_2020.jpeg' height='200' width='400'/> </a></div></td></tr></table><p class="totop"><a href="#summary">back to summary</a></p>
<h3 id="m12">testcases.TC2_CheckBox_Page#testing_documents_checkBox_text_by_UnChecking</h3><table class="result"><tr><th>Messages</th></tr><tr><td><div class="messages">Evidance of the Test<br/><hr><br/><a href='G:\practiseSelenium\maven2\test-output\screenshots\Pass Evidance of the method - TESTING_DOCUMENTS_CHECKBOX_TEXT_BY_UNCHECKING at Mon_Nov_02_12_17_57_IST_2020.jpeg'> <img src='G:\practiseSelenium\maven2\test-output\screenshots\Pass Evidance of the method - TESTING_DOCUMENTS_CHECKBOX_TEXT_BY_UNCHECKING at Mon_Nov_02_12_17_57_IST_2020.jpeg' height='200' width='400'/> </a></div></td></tr></table><p class="totop"><a href="#summary">back to summary</a></p>
<h3 id="m13">testcases.TC2_CheckBox_Page#testing_downloads_checkBox_text_by_Checking</h3><table class="result"><tr><th>Messages</th></tr><tr><td><div class="messages">Evidance of the Test<br/><hr><br/><a href='G:\practiseSelenium\maven2\test-output\screenshots\Pass Evidance of the method - TESTING_DOWNLOADS_CHECKBOX_TEXT_BY_CHECKING at Mon_Nov_02_12_17_57_IST_2020.jpeg'> <img src='G:\practiseSelenium\maven2\test-output\screenshots\Pass Evidance of the method - TESTING_DOWNLOADS_CHECKBOX_TEXT_BY_CHECKING at Mon_Nov_02_12_17_57_IST_2020.jpeg' height='200' width='400'/> </a></div></td></tr></table><p class="totop"><a href="#summary">back to summary</a></p>
<h3 id="m14">testcases.TC2_CheckBox_Page#testing_downloads_checkBox_text_by_UnChecking</h3><table class="result"><tr><th>Messages</th></tr><tr><td><div class="messages">Evidance of the Test<br/><hr><br/><a href='G:\practiseSelenium\maven2\test-output\screenshots\Pass Evidance of the method - TESTING_DOWNLOADS_CHECKBOX_TEXT_BY_UNCHECKING at Mon_Nov_02_12_17_57_IST_2020.jpeg'> <img src='G:\practiseSelenium\maven2\test-output\screenshots\Pass Evidance of the method - TESTING_DOWNLOADS_CHECKBOX_TEXT_BY_UNCHECKING at Mon_Nov_02_12_17_57_IST_2020.jpeg' height='200' width='400'/> </a></div></td></tr></table><p class="totop"><a href="#summary">back to summary</a></p>
<h2>Radio Button Test</h2><h3 id="m15">testcases.TC3_RadioButton_Page#testing_Impressive_radio_button</h3><table class="result"><tr><th>Messages</th></tr><tr><td><div class="messages">Evidance of the Test<br/><hr><br/><a href='G:\practiseSelenium\maven2\test-output\screenshots\Pass Evidance of the method - TESTING_IMPRESSIVE_RADIO_BUTTON at Mon_Nov_02_12_17_57_IST_2020.jpeg'> <img src='G:\practiseSelenium\maven2\test-output\screenshots\Pass Evidance of the method - TESTING_IMPRESSIVE_RADIO_BUTTON at Mon_Nov_02_12_17_57_IST_2020.jpeg' height='200' width='400'/> </a></div></td></tr></table><p class="totop"><a href="#summary">back to summary</a></p>
<h3 id="m16">testcases.TC3_RadioButton_Page#testing_No_radio_button</h3><table class="result"><tr><th>Messages</th></tr><tr><td><div class="messages">Evidance of the Test<br/><hr><br/><a href='G:\practiseSelenium\maven2\test-output\screenshots\Pass Evidance of the method - TESTING_NO_RADIO_BUTTON at Mon_Nov_02_12_17_57_IST_2020.jpeg'> <img src='G:\practiseSelenium\maven2\test-output\screenshots\Pass Evidance of the method - TESTING_NO_RADIO_BUTTON at Mon_Nov_02_12_17_57_IST_2020.jpeg' height='200' width='400'/> </a></div></td></tr></table><p class="totop"><a href="#summary">back to summary</a></p>
<h3 id="m17">testcases.TC3_RadioButton_Page#testing_Yes_radio_button</h3><table class="result"><tr><th>Messages</th></tr><tr><td><div class="messages">Evidance of the Test<br/><hr><br/><a href='G:\practiseSelenium\maven2\test-output\screenshots\Pass Evidance of the method - TESTING_YES_RADIO_BUTTON at Mon_Nov_02_12_17_57_IST_2020.jpeg'> <img src='G:\practiseSelenium\maven2\test-output\screenshots\Pass Evidance of the method - TESTING_YES_RADIO_BUTTON at Mon_Nov_02_12_17_57_IST_2020.jpeg' height='200' width='400'/> </a></div></td></tr></table><p class="totop"><a href="#summary">back to summary</a></p>
<h3 id="m18">testcases.TC3_RadioButton_Page#testing_status_of_radiobuttons</h3><table class="result"><tr><th>Messages</th></tr><tr><td><div class="messages">Evidance of the Test<br/><hr><br/><a href='G:\practiseSelenium\maven2\test-output\screenshots\Pass Evidance of the method - TESTING_STATUS_OF_RADIOBUTTONS at Mon_Nov_02_12_17_57_IST_2020.jpeg'> <img src='G:\practiseSelenium\maven2\test-output\screenshots\Pass Evidance of the method - TESTING_STATUS_OF_RADIOBUTTONS at Mon_Nov_02_12_17_57_IST_2020.jpeg' height='200' width='400'/> </a></div></td></tr></table><p class="totop"><a href="#summary">back to summary</a></p>
<h2>Buttons Page Test</h2><h3 id="m19">testcases.TC5_Buttons_Page#testing_double_click_button</h3><table class="result"><tr><th>Messages</th></tr><tr><td><div class="messages">Evidance of the Test<br/><hr><br/><a href='G:\practiseSelenium\maven2\test-output\screenshots\Pass Evidance of the method - TESTING_DOUBLE_CLICK_BUTTON at Mon_Nov_02_12_17_57_IST_2020.jpeg'> <img src='G:\practiseSelenium\maven2\test-output\screenshots\Pass Evidance of the method - TESTING_DOUBLE_CLICK_BUTTON at Mon_Nov_02_12_17_57_IST_2020.jpeg' height='200' width='400'/> </a></div></td></tr></table><p class="totop"><a href="#summary">back to summary</a></p>
<h3 id="m20">testcases.TC5_Buttons_Page#testing_left_click_button</h3><table class="result"><tr><th>Messages</th></tr><tr><td><div class="messages">Evidance of the Test<br/><hr><br/><a href='G:\practiseSelenium\maven2\test-output\screenshots\Pass Evidance of the method - TESTING_LEFT_CLICK_BUTTON at Mon_Nov_02_12_17_57_IST_2020.jpeg'> <img src='G:\practiseSelenium\maven2\test-output\screenshots\Pass Evidance of the method - TESTING_LEFT_CLICK_BUTTON at Mon_Nov_02_12_17_57_IST_2020.jpeg' height='200' width='400'/> </a></div></td></tr></table><p class="totop"><a href="#summary">back to summary</a></p>
<h3 id="m21">testcases.TC5_Buttons_Page#testing_right_click_button</h3><table class="result"><tr><th>Messages</th></tr><tr><td><div class="messages">Evidance of the Test<br/><hr><br/><a href='G:\practiseSelenium\maven2\test-output\screenshots\Pass Evidance of the method - TESTING_RIGHT_CLICK_BUTTON at Mon_Nov_02_12_17_57_IST_2020.jpeg'> <img src='G:\practiseSelenium\maven2\test-output\screenshots\Pass Evidance of the method - TESTING_RIGHT_CLICK_BUTTON at Mon_Nov_02_12_17_57_IST_2020.jpeg' height='200' width='400'/> </a></div></td></tr></table><p class="totop"><a href="#summary">back to summary</a></p>
<h2>Links Page Test</h2><h3 id="m22">testcases.TC6_Links_Page#testing_created_link</h3><table class="result"><tr><th>Messages</th></tr><tr><td><div class="messages">Evidance of the Test<br/><hr><br/><a href='G:\practiseSelenium\maven2\test-output\screenshots\Fail Evidance of the method - TESTING_CREATED_LINK at Mon_Nov_02_12_17_57_IST_2020.jpeg'> <img src='G:\practiseSelenium\maven2\test-output\screenshots\Fail Evidance of the method - TESTING_CREATED_LINK at Mon_Nov_02_12_17_57_IST_2020.jpeg' height='200' width='400'/> </a></div></td></tr><tr><th>Exception</th></tr><tr><td><div class="stacktrace">java.lang.AssertionError: expected [null] but found [Link has responded with staus 201 and status text Created]
	at testcases.TC6_Links_Page.testing_created_link(TC6_Links_Page.java:89)
... Removed 31 stack frames</div></td></tr></table><p class="totop"><a href="#summary">back to summary</a></p>
<h3 id="m23">testcases.TC6_Links_Page#testing_links_badRequest_link</h3><table class="result"><tr><th>Messages</th></tr><tr><td><div class="messages">Evidance of the Test<br/><hr><br/><a href='G:\practiseSelenium\maven2\test-output\screenshots\Fail Evidance of the method - TESTING_LINKS_BADREQUEST_LINK at Mon_Nov_02_12_17_57_IST_2020.jpeg'> <img src='G:\practiseSelenium\maven2\test-output\screenshots\Fail Evidance of the method - TESTING_LINKS_BADREQUEST_LINK at Mon_Nov_02_12_17_57_IST_2020.jpeg' height='200' width='400'/> </a></div></td></tr><tr><th>Exception</th></tr><tr><td><div class="stacktrace">org.openqa.selenium.NoSuchElementException: no such element: Unable to locate element: {&quot;method&quot;:&quot;xpath&quot;,&quot;selector&quot;:&quot;/html/body/div/div/div/div[2]/div[2]/div[1]/p[10]&quot;}
  (Session info: chrome=86.0.4240.111)
For documentation on this error, please visit: https://www.seleniumhq.org/exceptions/no_such_element.html
Build info: version: &apos;3.141.59&apos;, revision: &apos;e82be7d358&apos;, time: &apos;2018-11-14T08:17:03&apos;
System info: host: &apos;SURYA&apos;, ip: &apos;192.168.0.7&apos;, os.name: &apos;Windows 10&apos;, os.arch: &apos;amd64&apos;, os.version: &apos;10.0&apos;, java.version: &apos;1.8.0_161&apos;
Driver info: org.openqa.selenium.chrome.ChromeDriver
Capabilities {acceptInsecureCerts: false, browserName: chrome, browserVersion: 86.0.4240.111, chrome: {chromedriverVersion: 86.0.4240.22 (398b0743353ff..., userDataDir: C:\Users\Surya\AppData\Loca...}, goog:chromeOptions: {debuggerAddress: localhost:55580}, javascriptEnabled: true, networkConnectionEnabled: false, pageLoadStrategy: normal, platform: WINDOWS, platformName: WINDOWS, proxy: Proxy(), setWindowRect: true, strictFileInteractability: false, timeouts: {implicit: 0, pageLoad: 300000, script: 30000}, unhandledPromptBehavior: dismiss and notify, webauthn:virtualAuthenticators: true}
Session ID: 1a42f6b60d01b01538341f3844822f05
*** Element info: {Using=xpath, value=/html/body/div/div/div/div[2]/div[2]/div[1]/p[10]}
	at org.openqa.selenium.remote.http.W3CHttpResponseCodec.createException(W3CHttpResponseCodec.java:187)
	at org.openqa.selenium.remote.http.W3CHttpResponseCodec.decode(W3CHttpResponseCodec.java:122)
	at org.openqa.selenium.remote.http.W3CHttpResponseCodec.decode(W3CHttpResponseCodec.java:49)
	at org.openqa.selenium.remote.HttpCommandExecutor.execute(HttpCommandExecutor.java:158)
	at org.openqa.selenium.remote.service.DriverCommandExecutor.execute(DriverCommandExecutor.java:83)
	at org.openqa.selenium.remote.RemoteWebDriver.execute(RemoteWebDriver.java:552)
	at org.openqa.selenium.remote.RemoteWebDriver.findElement(RemoteWebDriver.java:323)
	at org.openqa.selenium.remote.RemoteWebDriver.findElementByXPath(RemoteWebDriver.java:428)
	at org.openqa.selenium.By$ByXPath.findElement(By.java:353)
	at org.openqa.selenium.remote.RemoteWebDriver.findElement(RemoteWebDriver.java:315)
	at org.openqa.selenium.support.pagefactory.DefaultElementLocator.findElement(DefaultElementLocator.java:69)
	at org.openqa.selenium.support.pagefactory.internal.LocatingElementHandler.invoke(LocatingElementHandler.java:38)
	at com.sun.proxy.$Proxy12.getText(Unknown Source)
	at testcases.TC6_Links_Page.testing_links_badRequest_link(TC6_Links_Page.java:135)
... Removed 29 stack frames</div></td></tr></table><p class="totop"><a href="#summary">back to summary</a></p>
<h3 id="m24">testcases.TC6_Links_Page#testing_links_forbidden_link</h3><table class="result"><tr><th>Messages</th></tr><tr><td><div class="messages">Evidance of the Test<br/><hr><br/><a href='G:\practiseSelenium\maven2\test-output\screenshots\Fail Evidance of the method - TESTING_LINKS_FORBIDDEN_LINK at Mon_Nov_02_12_17_57_IST_2020.jpeg'> <img src='G:\practiseSelenium\maven2\test-output\screenshots\Fail Evidance of the method - TESTING_LINKS_FORBIDDEN_LINK at Mon_Nov_02_12_17_57_IST_2020.jpeg' height='200' width='400'/> </a></div></td></tr><tr><th>Exception</th></tr><tr><td><div class="stacktrace">org.openqa.selenium.NoSuchElementException: no such element: Unable to locate element: {&quot;method&quot;:&quot;xpath&quot;,&quot;selector&quot;:&quot;/html/body/div/div/div/div[2]/div[2]/div[1]/p[10]&quot;}
  (Session info: chrome=86.0.4240.111)
For documentation on this error, please visit: https://www.seleniumhq.org/exceptions/no_such_element.html
Build info: version: &apos;3.141.59&apos;, revision: &apos;e82be7d358&apos;, time: &apos;2018-11-14T08:17:03&apos;
System info: host: &apos;SURYA&apos;, ip: &apos;192.168.0.7&apos;, os.name: &apos;Windows 10&apos;, os.arch: &apos;amd64&apos;, os.version: &apos;10.0&apos;, java.version: &apos;1.8.0_161&apos;
Driver info: org.openqa.selenium.chrome.ChromeDriver
Capabilities {acceptInsecureCerts: false, browserName: chrome, browserVersion: 86.0.4240.111, chrome: {chromedriverVersion: 86.0.4240.22 (398b0743353ff..., userDataDir: C:\Users\Surya\AppData\Loca...}, goog:chromeOptions: {debuggerAddress: localhost:55580}, javascriptEnabled: true, networkConnectionEnabled: false, pageLoadStrategy: normal, platform: WINDOWS, platformName: WINDOWS, proxy: Proxy(), setWindowRect: true, strictFileInteractability: false, timeouts: {implicit: 0, pageLoad: 300000, script: 30000}, unhandledPromptBehavior: dismiss and notify, webauthn:virtualAuthenticators: true}
Session ID: 1a42f6b60d01b01538341f3844822f05
*** Element info: {Using=xpath, value=/html/body/div/div/div/div[2]/div[2]/div[1]/p[10]}
	at org.openqa.selenium.remote.http.W3CHttpResponseCodec.createException(W3CHttpResponseCodec.java:187)
	at org.openqa.selenium.remote.http.W3CHttpResponseCodec.decode(W3CHttpResponseCodec.java:122)
	at org.openqa.selenium.remote.http.W3CHttpResponseCodec.decode(W3CHttpResponseCodec.java:49)
	at org.openqa.selenium.remote.HttpCommandExecutor.execute(HttpCommandExecutor.java:158)
	at org.openqa.selenium.remote.service.DriverCommandExecutor.execute(DriverCommandExecutor.java:83)
	at org.openqa.selenium.remote.RemoteWebDriver.execute(RemoteWebDriver.java:552)
	at org.openqa.selenium.remote.RemoteWebDriver.findElement(RemoteWebDriver.java:323)
	at org.openqa.selenium.remote.RemoteWebDriver.findElementByXPath(RemoteWebDriver.java:428)
	at org.openqa.selenium.By$ByXPath.findElement(By.java:353)
	at org.openqa.selenium.remote.RemoteWebDriver.findElement(RemoteWebDriver.java:315)
	at org.openqa.selenium.support.pagefactory.DefaultElementLocator.findElement(DefaultElementLocator.java:69)
	at org.openqa.selenium.support.pagefactory.internal.LocatingElementHandler.invoke(LocatingElementHandler.java:38)
	at com.sun.proxy.$Proxy12.getText(Unknown Source)
	at testcases.TC6_Links_Page.testing_links_forbidden_link(TC6_Links_Page.java:165)
... Removed 28 stack frames</div></td></tr></table><p class="totop"><a href="#summary">back to summary</a></p>
<h3 id="m25">testcases.TC6_Links_Page#testing_links_links_invalidUrl_link</h3><table class="result"><tr><th>Messages</th></tr><tr><td><div class="messages">Evidance of the Test<br/><hr><br/><a href='G:\practiseSelenium\maven2\test-output\screenshots\Fail Evidance of the method - TESTING_LINKS_LINKS_INVALIDURL_LINK at Mon_Nov_02_12_17_57_IST_2020.jpeg'> <img src='G:\practiseSelenium\maven2\test-output\screenshots\Fail Evidance of the method - TESTING_LINKS_LINKS_INVALIDURL_LINK at Mon_Nov_02_12_17_57_IST_2020.jpeg' height='200' width='400'/> </a></div></td></tr><tr><th>Exception</th></tr><tr><td><div class="stacktrace">org.openqa.selenium.NoSuchElementException: no such element: Unable to locate element: {&quot;method&quot;:&quot;xpath&quot;,&quot;selector&quot;:&quot;/html/body/div/div/div/div[2]/div[2]/div[1]/p[10]&quot;}
  (Session info: chrome=86.0.4240.111)
For documentation on this error, please visit: https://www.seleniumhq.org/exceptions/no_such_element.html
Build info: version: &apos;3.141.59&apos;, revision: &apos;e82be7d358&apos;, time: &apos;2018-11-14T08:17:03&apos;
System info: host: &apos;SURYA&apos;, ip: &apos;192.168.0.7&apos;, os.name: &apos;Windows 10&apos;, os.arch: &apos;amd64&apos;, os.version: &apos;10.0&apos;, java.version: &apos;1.8.0_161&apos;
Driver info: org.openqa.selenium.chrome.ChromeDriver
Capabilities {acceptInsecureCerts: false, browserName: chrome, browserVersion: 86.0.4240.111, chrome: {chromedriverVersion: 86.0.4240.22 (398b0743353ff..., userDataDir: C:\Users\Surya\AppData\Loca...}, goog:chromeOptions: {debuggerAddress: localhost:55580}, javascriptEnabled: true, networkConnectionEnabled: false, pageLoadStrategy: normal, platform: WINDOWS, platformName: WINDOWS, proxy: Proxy(), setWindowRect: true, strictFileInteractability: false, timeouts: {implicit: 0, pageLoad: 300000, script: 30000}, unhandledPromptBehavior: dismiss and notify, webauthn:virtualAuthenticators: true}
Session ID: 1a42f6b60d01b01538341f3844822f05
*** Element info: {Using=xpath, value=/html/body/div/div/div/div[2]/div[2]/div[1]/p[10]}
	at org.openqa.selenium.remote.http.W3CHttpResponseCodec.createException(W3CHttpResponseCodec.java:187)
	at org.openqa.selenium.remote.http.W3CHttpResponseCodec.decode(W3CHttpResponseCodec.java:122)
	at org.openqa.selenium.remote.http.W3CHttpResponseCodec.decode(W3CHttpResponseCodec.java:49)
	at org.openqa.selenium.remote.HttpCommandExecutor.execute(HttpCommandExecutor.java:158)
	at org.openqa.selenium.remote.service.DriverCommandExecutor.execute(DriverCommandExecutor.java:83)
	at org.openqa.selenium.remote.RemoteWebDriver.execute(RemoteWebDriver.java:552)
	at org.openqa.selenium.remote.RemoteWebDriver.findElement(RemoteWebDriver.java:323)
	at org.openqa.selenium.remote.RemoteWebDriver.findElementByXPath(RemoteWebDriver.java:428)
	at org.openqa.selenium.By$ByXPath.findElement(By.java:353)
	at org.openqa.selenium.remote.RemoteWebDriver.findElement(RemoteWebDriver.java:315)
	at org.openqa.selenium.support.pagefactory.DefaultElementLocator.findElement(DefaultElementLocator.java:69)
	at org.openqa.selenium.support.pagefactory.internal.LocatingElementHandler.invoke(LocatingElementHandler.java:38)
	at com.sun.proxy.$Proxy12.getText(Unknown Source)
	at testcases.TC6_Links_Page.testing_links_links_invalidUrl_link(TC6_Links_Page.java:180)
... Removed 28 stack frames</div></td></tr></table><p class="totop"><a href="#summary">back to summary</a></p>
<h3 id="m26">testcases.TC6_Links_Page#testing_links_links_moved_link</h3><table class="result"><tr><th>Messages</th></tr><tr><td><div class="messages">Evidance of the Test<br/><hr><br/><a href='G:\practiseSelenium\maven2\test-output\screenshots\Fail Evidance of the method - TESTING_LINKS_LINKS_MOVED_LINK at Mon_Nov_02_12_17_57_IST_2020.jpeg'> <img src='G:\practiseSelenium\maven2\test-output\screenshots\Fail Evidance of the method - TESTING_LINKS_LINKS_MOVED_LINK at Mon_Nov_02_12_17_57_IST_2020.jpeg' height='200' width='400'/> </a></div></td></tr><tr><th>Exception</th></tr><tr><td><div class="stacktrace">org.openqa.selenium.NoSuchElementException: no such element: Unable to locate element: {&quot;method&quot;:&quot;xpath&quot;,&quot;selector&quot;:&quot;/html/body/div/div/div/div[2]/div[2]/div[1]/p[10]&quot;}
  (Session info: chrome=86.0.4240.111)
For documentation on this error, please visit: https://www.seleniumhq.org/exceptions/no_such_element.html
Build info: version: &apos;3.141.59&apos;, revision: &apos;e82be7d358&apos;, time: &apos;2018-11-14T08:17:03&apos;
System info: host: &apos;SURYA&apos;, ip: &apos;192.168.0.7&apos;, os.name: &apos;Windows 10&apos;, os.arch: &apos;amd64&apos;, os.version: &apos;10.0&apos;, java.version: &apos;1.8.0_161&apos;
Driver info: org.openqa.selenium.chrome.ChromeDriver
Capabilities {acceptInsecureCerts: false, browserName: chrome, browserVersion: 86.0.4240.111, chrome: {chromedriverVersion: 86.0.4240.22 (398b0743353ff..., userDataDir: C:\Users\Surya\AppData\Loca...}, goog:chromeOptions: {debuggerAddress: localhost:55580}, javascriptEnabled: true, networkConnectionEnabled: false, pageLoadStrategy: normal, platform: WINDOWS, platformName: WINDOWS, proxy: Proxy(), setWindowRect: true, strictFileInteractability: false, timeouts: {implicit: 0, pageLoad: 300000, script: 30000}, unhandledPromptBehavior: dismiss and notify, webauthn:virtualAuthenticators: true}
Session ID: 1a42f6b60d01b01538341f3844822f05
*** Element info: {Using=xpath, value=/html/body/div/div/div/div[2]/div[2]/div[1]/p[10]}
	at org.openqa.selenium.remote.http.W3CHttpResponseCodec.createException(W3CHttpResponseCodec.java:187)
	at org.openqa.selenium.remote.http.W3CHttpResponseCodec.decode(W3CHttpResponseCodec.java:122)
	at org.openqa.selenium.remote.http.W3CHttpResponseCodec.decode(W3CHttpResponseCodec.java:49)
	at org.openqa.selenium.remote.HttpCommandExecutor.execute(HttpCommandExecutor.java:158)
	at org.openqa.selenium.remote.service.DriverCommandExecutor.execute(DriverCommandExecutor.java:83)
	at org.openqa.selenium.remote.RemoteWebDriver.execute(RemoteWebDriver.java:552)
	at org.openqa.selenium.remote.RemoteWebDriver.findElement(RemoteWebDriver.java:323)
	at org.openqa.selenium.remote.RemoteWebDriver.findElementByXPath(RemoteWebDriver.java:428)
	at org.openqa.selenium.By$ByXPath.findElement(By.java:353)
	at org.openqa.selenium.remote.RemoteWebDriver.findElement(RemoteWebDriver.java:315)
	at org.openqa.selenium.support.pagefactory.DefaultElementLocator.findElement(DefaultElementLocator.java:69)
	at org.openqa.selenium.support.pagefactory.internal.LocatingElementHandler.invoke(LocatingElementHandler.java:38)
	at com.sun.proxy.$Proxy12.getText(Unknown Source)
	at testcases.TC6_Links_Page.testing_links_links_moved_link(TC6_Links_Page.java:120)
... Removed 29 stack frames</div></td></tr></table><p class="totop"><a href="#summary">back to summary</a></p>
<h3 id="m27">testcases.TC6_Links_Page#testing_links_links_unauthorized_link</h3><table class="result"><tr><th>Messages</th></tr><tr><td><div class="messages">Evidance of the Test<br/><hr><br/><a href='G:\practiseSelenium\maven2\test-output\screenshots\Fail Evidance of the method - TESTING_LINKS_LINKS_UNAUTHORIZED_LINK at Mon_Nov_02_12_17_57_IST_2020.jpeg'> <img src='G:\practiseSelenium\maven2\test-output\screenshots\Fail Evidance of the method - TESTING_LINKS_LINKS_UNAUTHORIZED_LINK at Mon_Nov_02_12_17_57_IST_2020.jpeg' height='200' width='400'/> </a></div></td></tr><tr><th>Exception</th></tr><tr><td><div class="stacktrace">org.openqa.selenium.NoSuchElementException: no such element: Unable to locate element: {&quot;method&quot;:&quot;xpath&quot;,&quot;selector&quot;:&quot;/html/body/div/div/div/div[2]/div[2]/div[1]/p[10]&quot;}
  (Session info: chrome=86.0.4240.111)
For documentation on this error, please visit: https://www.seleniumhq.org/exceptions/no_such_element.html
Build info: version: &apos;3.141.59&apos;, revision: &apos;e82be7d358&apos;, time: &apos;2018-11-14T08:17:03&apos;
System info: host: &apos;SURYA&apos;, ip: &apos;192.168.0.7&apos;, os.name: &apos;Windows 10&apos;, os.arch: &apos;amd64&apos;, os.version: &apos;10.0&apos;, java.version: &apos;1.8.0_161&apos;
Driver info: org.openqa.selenium.chrome.ChromeDriver
Capabilities {acceptInsecureCerts: false, browserName: chrome, browserVersion: 86.0.4240.111, chrome: {chromedriverVersion: 86.0.4240.22 (398b0743353ff..., userDataDir: C:\Users\Surya\AppData\Loca...}, goog:chromeOptions: {debuggerAddress: localhost:55580}, javascriptEnabled: true, networkConnectionEnabled: false, pageLoadStrategy: normal, platform: WINDOWS, platformName: WINDOWS, proxy: Proxy(), setWindowRect: true, strictFileInteractability: false, timeouts: {implicit: 0, pageLoad: 300000, script: 30000}, unhandledPromptBehavior: dismiss and notify, webauthn:virtualAuthenticators: true}
Session ID: 1a42f6b60d01b01538341f3844822f05
*** Element info: {Using=xpath, value=/html/body/div/div/div/div[2]/div[2]/div[1]/p[10]}
	at org.openqa.selenium.remote.http.W3CHttpResponseCodec.createException(W3CHttpResponseCodec.java:187)
	at org.openqa.selenium.remote.http.W3CHttpResponseCodec.decode(W3CHttpResponseCodec.java:122)
	at org.openqa.selenium.remote.http.W3CHttpResponseCodec.decode(W3CHttpResponseCodec.java:49)
	at org.openqa.selenium.remote.HttpCommandExecutor.execute(HttpCommandExecutor.java:158)
	at org.openqa.selenium.remote.service.DriverCommandExecutor.execute(DriverCommandExecutor.java:83)
	at org.openqa.selenium.remote.RemoteWebDriver.execute(RemoteWebDriver.java:552)
	at org.openqa.selenium.remote.RemoteWebDriver.findElement(RemoteWebDriver.java:323)
	at org.openqa.selenium.remote.RemoteWebDriver.findElementByXPath(RemoteWebDriver.java:428)
	at org.openqa.selenium.By$ByXPath.findElement(By.java:353)
	at org.openqa.selenium.remote.RemoteWebDriver.findElement(RemoteWebDriver.java:315)
	at org.openqa.selenium.support.pagefactory.DefaultElementLocator.findElement(DefaultElementLocator.java:69)
	at org.openqa.selenium.support.pagefactory.internal.LocatingElementHandler.invoke(LocatingElementHandler.java:38)
	at com.sun.proxy.$Proxy12.getText(Unknown Source)
	at testcases.TC6_Links_Page.testing_links_links_unauthorized_link(TC6_Links_Page.java:150)
... Removed 28 stack frames</div></td></tr></table><p class="totop"><a href="#summary">back to summary</a></p>
<h3 id="m28">testcases.TC6_Links_Page#testing_links_noContent_link</h3><table class="result"><tr><th>Messages</th></tr><tr><td><div class="messages">Evidance of the Test<br/><hr><br/><a href='G:\practiseSelenium\maven2\test-output\screenshots\Fail Evidance of the method - TESTING_LINKS_NOCONTENT_LINK at Mon_Nov_02_12_17_57_IST_2020.jpeg'> <img src='G:\practiseSelenium\maven2\test-output\screenshots\Fail Evidance of the method - TESTING_LINKS_NOCONTENT_LINK at Mon_Nov_02_12_17_57_IST_2020.jpeg' height='200' width='400'/> </a></div></td></tr><tr><th>Exception</th></tr><tr><td><div class="stacktrace">org.openqa.selenium.NoSuchElementException: no such element: Unable to locate element: {&quot;method&quot;:&quot;xpath&quot;,&quot;selector&quot;:&quot;/html/body/div/div/div/div[2]/div[2]/div[1]/p[10]&quot;}
  (Session info: chrome=86.0.4240.111)
For documentation on this error, please visit: https://www.seleniumhq.org/exceptions/no_such_element.html
Build info: version: &apos;3.141.59&apos;, revision: &apos;e82be7d358&apos;, time: &apos;2018-11-14T08:17:03&apos;
System info: host: &apos;SURYA&apos;, ip: &apos;192.168.0.7&apos;, os.name: &apos;Windows 10&apos;, os.arch: &apos;amd64&apos;, os.version: &apos;10.0&apos;, java.version: &apos;1.8.0_161&apos;
Driver info: org.openqa.selenium.chrome.ChromeDriver
Capabilities {acceptInsecureCerts: false, browserName: chrome, browserVersion: 86.0.4240.111, chrome: {chromedriverVersion: 86.0.4240.22 (398b0743353ff..., userDataDir: C:\Users\Surya\AppData\Loca...}, goog:chromeOptions: {debuggerAddress: localhost:55580}, javascriptEnabled: true, networkConnectionEnabled: false, pageLoadStrategy: normal, platform: WINDOWS, platformName: WINDOWS, proxy: Proxy(), setWindowRect: true, strictFileInteractability: false, timeouts: {implicit: 0, pageLoad: 300000, script: 30000}, unhandledPromptBehavior: dismiss and notify, webauthn:virtualAuthenticators: true}
Session ID: 1a42f6b60d01b01538341f3844822f05
*** Element info: {Using=xpath, value=/html/body/div/div/div/div[2]/div[2]/div[1]/p[10]}
	at org.openqa.selenium.remote.http.W3CHttpResponseCodec.createException(W3CHttpResponseCodec.java:187)
	at org.openqa.selenium.remote.http.W3CHttpResponseCodec.decode(W3CHttpResponseCodec.java:122)
	at org.openqa.selenium.remote.http.W3CHttpResponseCodec.decode(W3CHttpResponseCodec.java:49)
	at org.openqa.selenium.remote.HttpCommandExecutor.execute(HttpCommandExecutor.java:158)
	at org.openqa.selenium.remote.service.DriverCommandExecutor.execute(DriverCommandExecutor.java:83)
	at org.openqa.selenium.remote.RemoteWebDriver.execute(RemoteWebDriver.java:552)
	at org.openqa.selenium.remote.RemoteWebDriver.findElement(RemoteWebDriver.java:323)
	at org.openqa.selenium.remote.RemoteWebDriver.findElementByXPath(RemoteWebDriver.java:428)
	at org.openqa.selenium.By$ByXPath.findElement(By.java:353)
	at org.openqa.selenium.remote.RemoteWebDriver.findElement(RemoteWebDriver.java:315)
	at org.openqa.selenium.support.pagefactory.DefaultElementLocator.findElement(DefaultElementLocator.java:69)
	at org.openqa.selenium.support.pagefactory.internal.LocatingElementHandler.invoke(LocatingElementHandler.java:38)
	at com.sun.proxy.$Proxy12.getText(Unknown Source)
	at testcases.TC6_Links_Page.testing_links_noContent_link(TC6_Links_Page.java:105)
... Removed 29 stack frames</div></td></tr></table><p class="totop"><a href="#summary">back to summary</a></p>
<h3 id="m29">testcases.TC6_Links_Page#testing_dynamicLink_link</h3><table class="result"><tr><th>Messages</th></tr><tr><td><div class="messages">Evidance of the Test<br/><hr><br/><a href='G:\practiseSelenium\maven2\test-output\screenshots\Pass Evidance of the method - TESTING_DYNAMICLINK_LINK at Mon_Nov_02_12_17_57_IST_2020.jpeg'> <img src='G:\practiseSelenium\maven2\test-output\screenshots\Pass Evidance of the method - TESTING_DYNAMICLINK_LINK at Mon_Nov_02_12_17_57_IST_2020.jpeg' height='200' width='400'/> </a></div></td></tr></table><p class="totop"><a href="#summary">back to summary</a></p>
<h3 id="m30">testcases.TC6_Links_Page#testing_simpleLink_link</h3><table class="result"><tr><th>Messages</th></tr><tr><td><div class="messages">Evidance of the Test<br/><hr><br/><a href='G:\practiseSelenium\maven2\test-output\screenshots\Pass Evidance of the method - TESTING_SIMPLELINK_LINK at Mon_Nov_02_12_17_57_IST_2020.jpeg'> <img src='G:\practiseSelenium\maven2\test-output\screenshots\Pass Evidance of the method - TESTING_SIMPLELINK_LINK at Mon_Nov_02_12_17_57_IST_2020.jpeg' height='200' width='400'/> </a></div></td></tr></table><p class="totop"><a href="#summary">back to summary</a></p>
</body>
</html>
