<!DOCTYPE html>

<html>
  <head>
  <meta charset='utf-8'>
  <title>TestNG reports</title>

    <link type="text/css" href="testng-reports.css" rel="stylesheet" />
    <script type="text/javascript" src="jquery-1.7.1.min.js"></script>
    <script type="text/javascript" src="testng-reports.js"></script>
    <script type="text/javascript" src="https://www.google.com/jsapi"></script>
    <script type='text/javascript'>
      google.load('visualization', '1', {packages:['table']});
      google.setOnLoadCallback(drawTable);
      var suiteTableInitFunctions = new Array();
      var suiteTableData = new Array();
    </script>
    <!--
      <script type="text/javascript" src="jquery-ui/js/jquery-ui-1.8.16.custom.min.js"></script>
     -->
  </head>

  <body>
    <div class="top-banner-root">
      <span class="top-banner-title-font">Test results</span>
      <br/>
      <span class="top-banner-font-1">1 suite, 7 failed tests</span>
    </div> <!-- top-banner-root -->
    <div class="navigator-root">
      <div class="navigator-suite-header">
        <span>All suites</span>
        <a href="#" class="collapse-all-link" title="Collapse/expand all the suites">
          <img class="collapse-all-icon" src="collapseall.gif">
          </img> <!-- collapse-all-icon -->
        </a> <!-- collapse-all-link -->
      </div> <!-- navigator-suite-header -->
      <div class="suite">
        <div class="rounded-window">
          <div class="suite-header light-rounded-window-top">
            <a href="#" class="navigator-link" panel-name="suite-Testing_ToolsQA_Suite">
              <span class="suite-name border-failed">Testing ToolsQA Suite</span>
            </a> <!-- navigator-link -->
          </div> <!-- suite-header light-rounded-window-top -->
          <div class="navigator-suite-content">
            <div class="suite-section-title">
              <span>Info</span>
            </div> <!-- suite-section-title -->
            <div class="suite-section-content">
              <ul>
                <li>
                  <a href="#" class="navigator-link " panel-name="test-xml-Testing_ToolsQA_Suite">
                    <span>G:\practiseSelenium\maven2\TestingToolsQA.xml</span>
                  </a> <!-- navigator-link  -->
                </li>
                <li>
                  <a href="#" class="navigator-link " panel-name="testlist-Testing_ToolsQA_Suite">
                    <span class="test-stats">5 tests</span>
                  </a> <!-- navigator-link  -->
                </li>
                <li>
                  <a href="#" class="navigator-link " panel-name="group-Testing_ToolsQA_Suite">
                    <span>0 groups</span>
                  </a> <!-- navigator-link  -->
                </li>
                <li>
                  <a href="#" class="navigator-link " panel-name="times-Testing_ToolsQA_Suite">
                    <span>Times</span>
                  </a> <!-- navigator-link  -->
                </li>
                <li>
                  <a href="#" class="navigator-link " panel-name="reporter-Testing_ToolsQA_Suite">
                    <span>Reporter output</span>
                  </a> <!-- navigator-link  -->
                </li>
                <li>
                  <a href="#" class="navigator-link " panel-name="ignored-methods-Testing_ToolsQA_Suite">
                    <span>Ignored methods</span>
                  </a> <!-- navigator-link  -->
                </li>
                <li>
                  <a href="#" class="navigator-link " panel-name="chronological-Testing_ToolsQA_Suite">
                    <span>Chronological view</span>
                  </a> <!-- navigator-link  -->
                </li>
              </ul>
            </div> <!-- suite-section-content -->
            <div class="result-section">
              <div class="suite-section-title">
                <span>Results</span>
              </div> <!-- suite-section-title -->
              <div class="suite-section-content">
                <ul>
                  <li>
                    <span class="method-stats">31 methods, 7 failed,   24 passed</span>
                  </li>
                  <li>
                    <span class="method-list-title failed">Failed methods</span>
                    <span class="show-or-hide-methods failed">
                      <a href="#" panel-name="suite-Testing_ToolsQA_Suite" class="hide-methods failed suite-Testing_ToolsQA_Suite"> (hide)</a> <!-- hide-methods failed suite-Testing_ToolsQA_Suite -->
                      <a href="#" panel-name="suite-Testing_ToolsQA_Suite" class="show-methods failed suite-Testing_ToolsQA_Suite"> (show)</a> <!-- show-methods failed suite-Testing_ToolsQA_Suite -->
                    </span>
                    <div class="method-list-content failed suite-Testing_ToolsQA_Suite">
                      <span>
                        <img width="3%" src="failed.png"/>
                        <a href="#" class="method navigator-link" panel-name="suite-Testing_ToolsQA_Suite" title="testcases.TC6_Links_Page" hash-for-method="testing_created_link">testing_created_link</a> <!-- method navigator-link -->
                      </span>
                      <br/>
                      <span>
                        <img width="3%" src="failed.png"/>
                        <a href="#" class="method navigator-link" panel-name="suite-Testing_ToolsQA_Suite" title="testcases.TC6_Links_Page" hash-for-method="testing_links_badRequest_link">testing_links_badRequest_link</a> <!-- method navigator-link -->
                      </span>
                      <br/>
                      <span>
                        <img width="3%" src="failed.png"/>
                        <a href="#" class="method navigator-link" panel-name="suite-Testing_ToolsQA_Suite" title="testcases.TC6_Links_Page" hash-for-method="testing_links_forbidden_link">testing_links_forbidden_link</a> <!-- method navigator-link -->
                      </span>
                      <br/>
                      <span>
                        <img width="3%" src="failed.png"/>
                        <a href="#" class="method navigator-link" panel-name="suite-Testing_ToolsQA_Suite" title="testcases.TC6_Links_Page" hash-for-method="testing_links_links_invalidUrl_link">testing_links_links_invalidUrl_link</a> <!-- method navigator-link -->
                      </span>
                      <br/>
                      <span>
                        <img width="3%" src="failed.png"/>
                        <a href="#" class="method navigator-link" panel-name="suite-Testing_ToolsQA_Suite" title="testcases.TC6_Links_Page" hash-for-method="testing_links_links_moved_link">testing_links_links_moved_link</a> <!-- method navigator-link -->
                      </span>
                      <br/>
                      <span>
                        <img width="3%" src="failed.png"/>
                        <a href="#" class="method navigator-link" panel-name="suite-Testing_ToolsQA_Suite" title="testcases.TC6_Links_Page" hash-for-method="testing_links_links_unauthorized_link">testing_links_links_unauthorized_link</a> <!-- method navigator-link -->
                      </span>
                      <br/>
                      <span>
                        <img width="3%" src="failed.png"/>
                        <a href="#" class="method navigator-link" panel-name="suite-Testing_ToolsQA_Suite" title="testcases.TC6_Links_Page" hash-for-method="testing_links_noContent_link">testing_links_noContent_link</a> <!-- method navigator-link -->
                      </span>
                      <br/>
                    </div> <!-- method-list-content failed suite-Testing_ToolsQA_Suite -->
                  </li>
                  <li>
                    <span class="method-list-title passed">Passed methods</span>
                    <span class="show-or-hide-methods passed">
                      <a href="#" panel-name="suite-Testing_ToolsQA_Suite" class="hide-methods passed suite-Testing_ToolsQA_Suite"> (hide)</a> <!-- hide-methods passed suite-Testing_ToolsQA_Suite -->
                      <a href="#" panel-name="suite-Testing_ToolsQA_Suite" class="show-methods passed suite-Testing_ToolsQA_Suite"> (show)</a> <!-- show-methods passed suite-Testing_ToolsQA_Suite -->
                    </span>
                    <div class="method-list-content passed suite-Testing_ToolsQA_Suite">
                      <span>
                        <img width="3%" src="passed.png"/>
                        <a href="#" class="method navigator-link" panel-name="suite-Testing_ToolsQA_Suite" title="testcases.TC2_CheckBox_Page" hash-for-method="testing_CollapseAll_Button">testing_CollapseAll_Button</a> <!-- method navigator-link -->
                      </span>
                      <br/>
                      <span>
                        <img width="3%" src="passed.png"/>
                        <a href="#" class="method navigator-link" panel-name="suite-Testing_ToolsQA_Suite" title="testcases.TC2_CheckBox_Page" hash-for-method="testing_ExpandAll_Button">testing_ExpandAll_Button</a> <!-- method navigator-link -->
                      </span>
                      <br/>
                      <span>
                        <img width="3%" src="passed.png"/>
                        <a href="#" class="method navigator-link" panel-name="suite-Testing_ToolsQA_Suite" title="testcases.TC3_RadioButton_Page" hash-for-method="testing_Impressive_radio_button">testing_Impressive_radio_button</a> <!-- method navigator-link -->
                      </span>
                      <br/>
                      <span>
                        <img width="3%" src="passed.png"/>
                        <a href="#" class="method navigator-link" panel-name="suite-Testing_ToolsQA_Suite" title="testcases.TC3_RadioButton_Page" hash-for-method="testing_No_radio_button">testing_No_radio_button</a> <!-- method navigator-link -->
                      </span>
                      <br/>
                      <span>
                        <img width="3%" src="passed.png"/>
                        <a href="#" class="method navigator-link" panel-name="suite-Testing_ToolsQA_Suite" title="testcases.TC2_CheckBox_Page" hash-for-method="testing_Unexpanded_Expansion">testing_Unexpanded_Expansion</a> <!-- method navigator-link -->
                      </span>
                      <br/>
                      <span>
                        <img width="3%" src="passed.png"/>
                        <a href="#" class="method navigator-link" panel-name="suite-Testing_ToolsQA_Suite" title="testcases.TC3_RadioButton_Page" hash-for-method="testing_Yes_radio_button">testing_Yes_radio_button</a> <!-- method navigator-link -->
                      </span>
                      <br/>
                      <span>
                        <img width="3%" src="passed.png"/>
                        <a href="#" class="method navigator-link" panel-name="suite-Testing_ToolsQA_Suite" title="testcases.TC1_TextBox_Page" hash-for-method="testing_currentAddress_shadow_enteringText">testing_currentAddress_shadow_enteringText</a> <!-- method navigator-link -->
                      </span>
                      <br/>
                      <span>
                        <img width="3%" src="passed.png"/>
                        <a href="#" class="method navigator-link" panel-name="suite-Testing_ToolsQA_Suite" title="testcases.TC2_CheckBox_Page" hash-for-method="testing_desktop_checkBox_text_by_Checking">testing_desktop_checkBox_text_by_Checking</a> <!-- method navigator-link -->
                      </span>
                      <br/>
                      <span>
                        <img width="3%" src="passed.png"/>
                        <a href="#" class="method navigator-link" panel-name="suite-Testing_ToolsQA_Suite" title="testcases.TC2_CheckBox_Page" hash-for-method="testing_desktop_checkBox_text_by_UnChecking">testing_desktop_checkBox_text_by_UnChecking</a> <!-- method navigator-link -->
                      </span>
                      <br/>
                      <span>
                        <img width="3%" src="passed.png"/>
                        <a href="#" class="method navigator-link" panel-name="suite-Testing_ToolsQA_Suite" title="testcases.TC2_CheckBox_Page" hash-for-method="testing_documents_checkBox_text_by_Checking">testing_documents_checkBox_text_by_Checking</a> <!-- method navigator-link -->
                      </span>
                      <br/>
                      <span>
                        <img width="3%" src="passed.png"/>
                        <a href="#" class="method navigator-link" panel-name="suite-Testing_ToolsQA_Suite" title="testcases.TC2_CheckBox_Page" hash-for-method="testing_documents_checkBox_text_by_UnChecking">testing_documents_checkBox_text_by_UnChecking</a> <!-- method navigator-link -->
                      </span>
                      <br/>
                      <span>
                        <img width="3%" src="passed.png"/>
                        <a href="#" class="method navigator-link" panel-name="suite-Testing_ToolsQA_Suite" title="testcases.TC5_Buttons_Page" hash-for-method="testing_double_click_button">testing_double_click_button</a> <!-- method navigator-link -->
                      </span>
                      <br/>
                      <span>
                        <img width="3%" src="passed.png"/>
                        <a href="#" class="method navigator-link" panel-name="suite-Testing_ToolsQA_Suite" title="testcases.TC2_CheckBox_Page" hash-for-method="testing_downloads_checkBox_text_by_Checking">testing_downloads_checkBox_text_by_Checking</a> <!-- method navigator-link -->
                      </span>
                      <br/>
                      <span>
                        <img width="3%" src="passed.png"/>
                        <a href="#" class="method navigator-link" panel-name="suite-Testing_ToolsQA_Suite" title="testcases.TC2_CheckBox_Page" hash-for-method="testing_downloads_checkBox_text_by_UnChecking">testing_downloads_checkBox_text_by_UnChecking</a> <!-- method navigator-link -->
                      </span>
                      <br/>
                      <span>
                        <img width="3%" src="passed.png"/>
                        <a href="#" class="method navigator-link" panel-name="suite-Testing_ToolsQA_Suite" title="testcases.TC6_Links_Page" hash-for-method="testing_dynamicLink_link">testing_dynamicLink_link</a> <!-- method navigator-link -->
                      </span>
                      <br/>
                      <span>
                        <img width="3%" src="passed.png"/>
                        <a href="#" class="method navigator-link" panel-name="suite-Testing_ToolsQA_Suite" title="testcases.TC1_TextBox_Page" hash-for-method="testing_form_by_entering_Invalid_Email">testing_form_by_entering_Invalid_Email</a> <!-- method navigator-link -->
                      </span>
                      <br/>
                      <span>
                        <img width="3%" src="passed.png"/>
                        <a href="#" class="method navigator-link" panel-name="suite-Testing_ToolsQA_Suite" title="testcases.TC5_Buttons_Page" hash-for-method="testing_left_click_button">testing_left_click_button</a> <!-- method navigator-link -->
                      </span>
                      <br/>
                      <span>
                        <img width="3%" src="passed.png"/>
                        <a href="#" class="method navigator-link" panel-name="suite-Testing_ToolsQA_Suite" title="testcases.TC1_TextBox_Page" hash-for-method="testing_permanenAddress_shadow_enteringText">testing_permanenAddress_shadow_enteringText</a> <!-- method navigator-link -->
                      </span>
                      <br/>
                      <span>
                        <img width="3%" src="passed.png"/>
                        <a href="#" class="method navigator-link" panel-name="suite-Testing_ToolsQA_Suite" title="testcases.TC5_Buttons_Page" hash-for-method="testing_right_click_button">testing_right_click_button</a> <!-- method navigator-link -->
                      </span>
                      <br/>
                      <span>
                        <img width="3%" src="passed.png"/>
                        <a href="#" class="method navigator-link" panel-name="suite-Testing_ToolsQA_Suite" title="testcases.TC6_Links_Page" hash-for-method="testing_simpleLink_link">testing_simpleLink_link</a> <!-- method navigator-link -->
                      </span>
                      <br/>
                      <span>
                        <img width="3%" src="passed.png"/>
                        <a href="#" class="method navigator-link" panel-name="suite-Testing_ToolsQA_Suite" title="testcases.TC3_RadioButton_Page" hash-for-method="testing_status_of_radiobuttons">testing_status_of_radiobuttons</a> <!-- method navigator-link -->
                      </span>
                      <br/>
                      <span>
                        <img width="3%" src="passed.png"/>
                        <a href="#" class="method navigator-link" panel-name="suite-Testing_ToolsQA_Suite" title="testcases.TC1_TextBox_Page" hash-for-method="testing_submit_button_with_ValidData">testing_submit_button_with_ValidData</a> <!-- method navigator-link -->
                      </span>
                      <br/>
                      <span>
                        <img width="3%" src="passed.png"/>
                        <a href="#" class="method navigator-link" panel-name="suite-Testing_ToolsQA_Suite" title="testcases.TC1_TextBox_Page" hash-for-method="testing_userEmail_shadow_entering_Valid_Text">testing_userEmail_shadow_entering_Valid_Text</a> <!-- method navigator-link -->
                      </span>
                      <br/>
                      <span>
                        <img width="3%" src="passed.png"/>
                        <a href="#" class="method navigator-link" panel-name="suite-Testing_ToolsQA_Suite" title="testcases.TC1_TextBox_Page" hash-for-method="testing_userName_shadow_enteringText">testing_userName_shadow_enteringText</a> <!-- method navigator-link -->
                      </span>
                      <br/>
                    </div> <!-- method-list-content passed suite-Testing_ToolsQA_Suite -->
                  </li>
                </ul>
              </div> <!-- suite-section-content -->
            </div> <!-- result-section -->
          </div> <!-- navigator-suite-content -->
        </div> <!-- rounded-window -->
      </div> <!-- suite -->
    </div> <!-- navigator-root -->
    <div class="wrapper">
      <div class="main-panel-root">
        <div panel-name="suite-Testing_ToolsQA_Suite" class="panel Testing_ToolsQA_Suite">
          <div class="suite-Testing_ToolsQA_Suite-class-failed">
            <div class="main-panel-header rounded-window-top">
              <img src="failed.png"/>
              <span class="class-name">testcases.TC6_Links_Page</span>
            </div> <!-- main-panel-header rounded-window-top -->
            <div class="main-panel-content rounded-window-bottom">
              <div class="method">
                <div class="method-content">
                  <a name="testing_created_link">
                  </a> <!-- testing_created_link -->
                  <span class="method-name">testing_created_link</span>
                  <div class="stack-trace">java.lang.AssertionError: expected [null] but found [Link has responded with staus 201 and status text Created]
	at testcases.TC6_Links_Page.testing_created_link(TC6_Links_Page.java:89)
... Removed 31 stack frames
</div> <!-- stack-trace -->
                </div> <!-- method-content -->
              </div> <!-- method -->
              <div class="method">
                <div class="method-content">
                  <a name="testing_links_badRequest_link">
                  </a> <!-- testing_links_badRequest_link -->
                  <span class="method-name">testing_links_badRequest_link</span>
                  <div class="stack-trace">org.openqa.selenium.NoSuchElementException: no such element: Unable to locate element: {&quot;method&quot;:&quot;xpath&quot;,&quot;selector&quot;:&quot;/html/body/div/div/div/div[2]/div[2]/div[1]/p[10]&quot;}
  (Session info: chrome=86.0.4240.111)
For documentation on this error, please visit: https://www.seleniumhq.org/exceptions/no_such_element.html
Build info: version: &apos;3.141.59&apos;, revision: &apos;e82be7d358&apos;, time: &apos;2018-11-14T08:17:03&apos;
System info: host: &apos;SURYA&apos;, ip: &apos;192.168.0.7&apos;, os.name: &apos;Windows 10&apos;, os.arch: &apos;amd64&apos;, os.version: &apos;10.0&apos;, java.version: &apos;1.8.0_161&apos;
Driver info: org.openqa.selenium.chrome.ChromeDriver
Capabilities {acceptInsecureCerts: false, browserName: chrome, browserVersion: 86.0.4240.111, chrome: {chromedriverVersion: 86.0.4240.22 (398b0743353ff..., userDataDir: C:\Users\Surya\AppData\Loca...}, goog:chromeOptions: {debuggerAddress: localhost:55580}, javascriptEnabled: true, networkConnectionEnabled: false, pageLoadStrategy: normal, platform: WINDOWS, platformName: WINDOWS, proxy: Proxy(), setWindowRect: true, strictFileInteractability: false, timeouts: {implicit: 0, pageLoad: 300000, script: 30000}, unhandledPromptBehavior: dismiss and notify, webauthn:virtualAuthenticators: true}
Session ID: 1a42f6b60d01b01538341f3844822f05
*** Element info: {Using=xpath, value=/html/body/div/div/div/div[2]/div[2]/div[1]/p[10]}
	at org.openqa.selenium.remote.http.W3CHttpResponseCodec.createException(W3CHttpResponseCodec.java:187)
	at org.openqa.selenium.remote.http.W3CHttpResponseCodec.decode(W3CHttpResponseCodec.java:122)
	at org.openqa.selenium.remote.http.W3CHttpResponseCodec.decode(W3CHttpResponseCodec.java:49)
	at org.openqa.selenium.remote.HttpCommandExecutor.execute(HttpCommandExecutor.java:158)
	at org.openqa.selenium.remote.service.DriverCommandExecutor.execute(DriverCommandExecutor.java:83)
	at org.openqa.selenium.remote.RemoteWebDriver.execute(RemoteWebDriver.java:552)
	at org.openqa.selenium.remote.RemoteWebDriver.findElement(RemoteWebDriver.java:323)
	at org.openqa.selenium.remote.RemoteWebDriver.findElementByXPath(RemoteWebDriver.java:428)
	at org.openqa.selenium.By$ByXPath.findElement(By.java:353)
	at org.openqa.selenium.remote.RemoteWebDriver.findElement(RemoteWebDriver.java:315)
	at org.openqa.selenium.support.pagefactory.DefaultElementLocator.findElement(DefaultElementLocator.java:69)
	at org.openqa.selenium.support.pagefactory.internal.LocatingElementHandler.invoke(LocatingElementHandler.java:38)
	at com.sun.proxy.$Proxy12.getText(Unknown Source)
	at testcases.TC6_Links_Page.testing_links_badRequest_link(TC6_Links_Page.java:135)
... Removed 29 stack frames
</div> <!-- stack-trace -->
                </div> <!-- method-content -->
              </div> <!-- method -->
              <div class="method">
                <div class="method-content">
                  <a name="testing_links_forbidden_link">
                  </a> <!-- testing_links_forbidden_link -->
                  <span class="method-name">testing_links_forbidden_link</span>
                  <div class="stack-trace">org.openqa.selenium.NoSuchElementException: no such element: Unable to locate element: {&quot;method&quot;:&quot;xpath&quot;,&quot;selector&quot;:&quot;/html/body/div/div/div/div[2]/div[2]/div[1]/p[10]&quot;}
  (Session info: chrome=86.0.4240.111)
For documentation on this error, please visit: https://www.seleniumhq.org/exceptions/no_such_element.html
Build info: version: &apos;3.141.59&apos;, revision: &apos;e82be7d358&apos;, time: &apos;2018-11-14T08:17:03&apos;
System info: host: &apos;SURYA&apos;, ip: &apos;192.168.0.7&apos;, os.name: &apos;Windows 10&apos;, os.arch: &apos;amd64&apos;, os.version: &apos;10.0&apos;, java.version: &apos;1.8.0_161&apos;
Driver info: org.openqa.selenium.chrome.ChromeDriver
Capabilities {acceptInsecureCerts: false, browserName: chrome, browserVersion: 86.0.4240.111, chrome: {chromedriverVersion: 86.0.4240.22 (398b0743353ff..., userDataDir: C:\Users\Surya\AppData\Loca...}, goog:chromeOptions: {debuggerAddress: localhost:55580}, javascriptEnabled: true, networkConnectionEnabled: false, pageLoadStrategy: normal, platform: WINDOWS, platformName: WINDOWS, proxy: Proxy(), setWindowRect: true, strictFileInteractability: false, timeouts: {implicit: 0, pageLoad: 300000, script: 30000}, unhandledPromptBehavior: dismiss and notify, webauthn:virtualAuthenticators: true}
Session ID: 1a42f6b60d01b01538341f3844822f05
*** Element info: {Using=xpath, value=/html/body/div/div/div/div[2]/div[2]/div[1]/p[10]}
	at org.openqa.selenium.remote.http.W3CHttpResponseCodec.createException(W3CHttpResponseCodec.java:187)
	at org.openqa.selenium.remote.http.W3CHttpResponseCodec.decode(W3CHttpResponseCodec.java:122)
	at org.openqa.selenium.remote.http.W3CHttpResponseCodec.decode(W3CHttpResponseCodec.java:49)
	at org.openqa.selenium.remote.HttpCommandExecutor.execute(HttpCommandExecutor.java:158)
	at org.openqa.selenium.remote.service.DriverCommandExecutor.execute(DriverCommandExecutor.java:83)
	at org.openqa.selenium.remote.RemoteWebDriver.execute(RemoteWebDriver.java:552)
	at org.openqa.selenium.remote.RemoteWebDriver.findElement(RemoteWebDriver.java:323)
	at org.openqa.selenium.remote.RemoteWebDriver.findElementByXPath(RemoteWebDriver.java:428)
	at org.openqa.selenium.By$ByXPath.findElement(By.java:353)
	at org.openqa.selenium.remote.RemoteWebDriver.findElement(RemoteWebDriver.java:315)
	at org.openqa.selenium.support.pagefactory.DefaultElementLocator.findElement(DefaultElementLocator.java:69)
	at org.openqa.selenium.support.pagefactory.internal.LocatingElementHandler.invoke(LocatingElementHandler.java:38)
	at com.sun.proxy.$Proxy12.getText(Unknown Source)
	at testcases.TC6_Links_Page.testing_links_forbidden_link(TC6_Links_Page.java:165)
... Removed 28 stack frames
</div> <!-- stack-trace -->
                </div> <!-- method-content -->
              </div> <!-- method -->
              <div class="method">
                <div class="method-content">
                  <a name="testing_links_links_invalidUrl_link">
                  </a> <!-- testing_links_links_invalidUrl_link -->
                  <span class="method-name">testing_links_links_invalidUrl_link</span>
                  <div class="stack-trace">org.openqa.selenium.NoSuchElementException: no such element: Unable to locate element: {&quot;method&quot;:&quot;xpath&quot;,&quot;selector&quot;:&quot;/html/body/div/div/div/div[2]/div[2]/div[1]/p[10]&quot;}
  (Session info: chrome=86.0.4240.111)
For documentation on this error, please visit: https://www.seleniumhq.org/exceptions/no_such_element.html
Build info: version: &apos;3.141.59&apos;, revision: &apos;e82be7d358&apos;, time: &apos;2018-11-14T08:17:03&apos;
System info: host: &apos;SURYA&apos;, ip: &apos;192.168.0.7&apos;, os.name: &apos;Windows 10&apos;, os.arch: &apos;amd64&apos;, os.version: &apos;10.0&apos;, java.version: &apos;1.8.0_161&apos;
Driver info: org.openqa.selenium.chrome.ChromeDriver
Capabilities {acceptInsecureCerts: false, browserName: chrome, browserVersion: 86.0.4240.111, chrome: {chromedriverVersion: 86.0.4240.22 (398b0743353ff..., userDataDir: C:\Users\Surya\AppData\Loca...}, goog:chromeOptions: {debuggerAddress: localhost:55580}, javascriptEnabled: true, networkConnectionEnabled: false, pageLoadStrategy: normal, platform: WINDOWS, platformName: WINDOWS, proxy: Proxy(), setWindowRect: true, strictFileInteractability: false, timeouts: {implicit: 0, pageLoad: 300000, script: 30000}, unhandledPromptBehavior: dismiss and notify, webauthn:virtualAuthenticators: true}
Session ID: 1a42f6b60d01b01538341f3844822f05
*** Element info: {Using=xpath, value=/html/body/div/div/div/div[2]/div[2]/div[1]/p[10]}
	at org.openqa.selenium.remote.http.W3CHttpResponseCodec.createException(W3CHttpResponseCodec.java:187)
	at org.openqa.selenium.remote.http.W3CHttpResponseCodec.decode(W3CHttpResponseCodec.java:122)
	at org.openqa.selenium.remote.http.W3CHttpResponseCodec.decode(W3CHttpResponseCodec.java:49)
	at org.openqa.selenium.remote.HttpCommandExecutor.execute(HttpCommandExecutor.java:158)
	at org.openqa.selenium.remote.service.DriverCommandExecutor.execute(DriverCommandExecutor.java:83)
	at org.openqa.selenium.remote.RemoteWebDriver.execute(RemoteWebDriver.java:552)
	at org.openqa.selenium.remote.RemoteWebDriver.findElement(RemoteWebDriver.java:323)
	at org.openqa.selenium.remote.RemoteWebDriver.findElementByXPath(RemoteWebDriver.java:428)
	at org.openqa.selenium.By$ByXPath.findElement(By.java:353)
	at org.openqa.selenium.remote.RemoteWebDriver.findElement(RemoteWebDriver.java:315)
	at org.openqa.selenium.support.pagefactory.DefaultElementLocator.findElement(DefaultElementLocator.java:69)
	at org.openqa.selenium.support.pagefactory.internal.LocatingElementHandler.invoke(LocatingElementHandler.java:38)
	at com.sun.proxy.$Proxy12.getText(Unknown Source)
	at testcases.TC6_Links_Page.testing_links_links_invalidUrl_link(TC6_Links_Page.java:180)
... Removed 28 stack frames
</div> <!-- stack-trace -->
                </div> <!-- method-content -->
              </div> <!-- method -->
              <div class="method">
                <div class="method-content">
                  <a name="testing_links_links_moved_link">
                  </a> <!-- testing_links_links_moved_link -->
                  <span class="method-name">testing_links_links_moved_link</span>
                  <div class="stack-trace">org.openqa.selenium.NoSuchElementException: no such element: Unable to locate element: {&quot;method&quot;:&quot;xpath&quot;,&quot;selector&quot;:&quot;/html/body/div/div/div/div[2]/div[2]/div[1]/p[10]&quot;}
  (Session info: chrome=86.0.4240.111)
For documentation on this error, please visit: https://www.seleniumhq.org/exceptions/no_such_element.html
Build info: version: &apos;3.141.59&apos;, revision: &apos;e82be7d358&apos;, time: &apos;2018-11-14T08:17:03&apos;
System info: host: &apos;SURYA&apos;, ip: &apos;192.168.0.7&apos;, os.name: &apos;Windows 10&apos;, os.arch: &apos;amd64&apos;, os.version: &apos;10.0&apos;, java.version: &apos;1.8.0_161&apos;
Driver info: org.openqa.selenium.chrome.ChromeDriver
Capabilities {acceptInsecureCerts: false, browserName: chrome, browserVersion: 86.0.4240.111, chrome: {chromedriverVersion: 86.0.4240.22 (398b0743353ff..., userDataDir: C:\Users\Surya\AppData\Loca...}, goog:chromeOptions: {debuggerAddress: localhost:55580}, javascriptEnabled: true, networkConnectionEnabled: false, pageLoadStrategy: normal, platform: WINDOWS, platformName: WINDOWS, proxy: Proxy(), setWindowRect: true, strictFileInteractability: false, timeouts: {implicit: 0, pageLoad: 300000, script: 30000}, unhandledPromptBehavior: dismiss and notify, webauthn:virtualAuthenticators: true}
Session ID: 1a42f6b60d01b01538341f3844822f05
*** Element info: {Using=xpath, value=/html/body/div/div/div/div[2]/div[2]/div[1]/p[10]}
	at org.openqa.selenium.remote.http.W3CHttpResponseCodec.createException(W3CHttpResponseCodec.java:187)
	at org.openqa.selenium.remote.http.W3CHttpResponseCodec.decode(W3CHttpResponseCodec.java:122)
	at org.openqa.selenium.remote.http.W3CHttpResponseCodec.decode(W3CHttpResponseCodec.java:49)
	at org.openqa.selenium.remote.HttpCommandExecutor.execute(HttpCommandExecutor.java:158)
	at org.openqa.selenium.remote.service.DriverCommandExecutor.execute(DriverCommandExecutor.java:83)
	at org.openqa.selenium.remote.RemoteWebDriver.execute(RemoteWebDriver.java:552)
	at org.openqa.selenium.remote.RemoteWebDriver.findElement(RemoteWebDriver.java:323)
	at org.openqa.selenium.remote.RemoteWebDriver.findElementByXPath(RemoteWebDriver.java:428)
	at org.openqa.selenium.By$ByXPath.findElement(By.java:353)
	at org.openqa.selenium.remote.RemoteWebDriver.findElement(RemoteWebDriver.java:315)
	at org.openqa.selenium.support.pagefactory.DefaultElementLocator.findElement(DefaultElementLocator.java:69)
	at org.openqa.selenium.support.pagefactory.internal.LocatingElementHandler.invoke(LocatingElementHandler.java:38)
	at com.sun.proxy.$Proxy12.getText(Unknown Source)
	at testcases.TC6_Links_Page.testing_links_links_moved_link(TC6_Links_Page.java:120)
... Removed 29 stack frames
</div> <!-- stack-trace -->
                </div> <!-- method-content -->
              </div> <!-- method -->
              <div class="method">
                <div class="method-content">
                  <a name="testing_links_links_unauthorized_link">
                  </a> <!-- testing_links_links_unauthorized_link -->
                  <span class="method-name">testing_links_links_unauthorized_link</span>
                  <div class="stack-trace">org.openqa.selenium.NoSuchElementException: no such element: Unable to locate element: {&quot;method&quot;:&quot;xpath&quot;,&quot;selector&quot;:&quot;/html/body/div/div/div/div[2]/div[2]/div[1]/p[10]&quot;}
  (Session info: chrome=86.0.4240.111)
For documentation on this error, please visit: https://www.seleniumhq.org/exceptions/no_such_element.html
Build info: version: &apos;3.141.59&apos;, revision: &apos;e82be7d358&apos;, time: &apos;2018-11-14T08:17:03&apos;
System info: host: &apos;SURYA&apos;, ip: &apos;192.168.0.7&apos;, os.name: &apos;Windows 10&apos;, os.arch: &apos;amd64&apos;, os.version: &apos;10.0&apos;, java.version: &apos;1.8.0_161&apos;
Driver info: org.openqa.selenium.chrome.ChromeDriver
Capabilities {acceptInsecureCerts: false, browserName: chrome, browserVersion: 86.0.4240.111, chrome: {chromedriverVersion: 86.0.4240.22 (398b0743353ff..., userDataDir: C:\Users\Surya\AppData\Loca...}, goog:chromeOptions: {debuggerAddress: localhost:55580}, javascriptEnabled: true, networkConnectionEnabled: false, pageLoadStrategy: normal, platform: WINDOWS, platformName: WINDOWS, proxy: Proxy(), setWindowRect: true, strictFileInteractability: false, timeouts: {implicit: 0, pageLoad: 300000, script: 30000}, unhandledPromptBehavior: dismiss and notify, webauthn:virtualAuthenticators: true}
Session ID: 1a42f6b60d01b01538341f3844822f05
*** Element info: {Using=xpath, value=/html/body/div/div/div/div[2]/div[2]/div[1]/p[10]}
	at org.openqa.selenium.remote.http.W3CHttpResponseCodec.createException(W3CHttpResponseCodec.java:187)
	at org.openqa.selenium.remote.http.W3CHttpResponseCodec.decode(W3CHttpResponseCodec.java:122)
	at org.openqa.selenium.remote.http.W3CHttpResponseCodec.decode(W3CHttpResponseCodec.java:49)
	at org.openqa.selenium.remote.HttpCommandExecutor.execute(HttpCommandExecutor.java:158)
	at org.openqa.selenium.remote.service.DriverCommandExecutor.execute(DriverCommandExecutor.java:83)
	at org.openqa.selenium.remote.RemoteWebDriver.execute(RemoteWebDriver.java:552)
	at org.openqa.selenium.remote.RemoteWebDriver.findElement(RemoteWebDriver.java:323)
	at org.openqa.selenium.remote.RemoteWebDriver.findElementByXPath(RemoteWebDriver.java:428)
	at org.openqa.selenium.By$ByXPath.findElement(By.java:353)
	at org.openqa.selenium.remote.RemoteWebDriver.findElement(RemoteWebDriver.java:315)
	at org.openqa.selenium.support.pagefactory.DefaultElementLocator.findElement(DefaultElementLocator.java:69)
	at org.openqa.selenium.support.pagefactory.internal.LocatingElementHandler.invoke(LocatingElementHandler.java:38)
	at com.sun.proxy.$Proxy12.getText(Unknown Source)
	at testcases.TC6_Links_Page.testing_links_links_unauthorized_link(TC6_Links_Page.java:150)
... Removed 28 stack frames
</div> <!-- stack-trace -->
                </div> <!-- method-content -->
              </div> <!-- method -->
              <div class="method">
                <div class="method-content">
                  <a name="testing_links_noContent_link">
                  </a> <!-- testing_links_noContent_link -->
                  <span class="method-name">testing_links_noContent_link</span>
                  <div class="stack-trace">org.openqa.selenium.NoSuchElementException: no such element: Unable to locate element: {&quot;method&quot;:&quot;xpath&quot;,&quot;selector&quot;:&quot;/html/body/div/div/div/div[2]/div[2]/div[1]/p[10]&quot;}
  (Session info: chrome=86.0.4240.111)
For documentation on this error, please visit: https://www.seleniumhq.org/exceptions/no_such_element.html
Build info: version: &apos;3.141.59&apos;, revision: &apos;e82be7d358&apos;, time: &apos;2018-11-14T08:17:03&apos;
System info: host: &apos;SURYA&apos;, ip: &apos;192.168.0.7&apos;, os.name: &apos;Windows 10&apos;, os.arch: &apos;amd64&apos;, os.version: &apos;10.0&apos;, java.version: &apos;1.8.0_161&apos;
Driver info: org.openqa.selenium.chrome.ChromeDriver
Capabilities {acceptInsecureCerts: false, browserName: chrome, browserVersion: 86.0.4240.111, chrome: {chromedriverVersion: 86.0.4240.22 (398b0743353ff..., userDataDir: C:\Users\Surya\AppData\Loca...}, goog:chromeOptions: {debuggerAddress: localhost:55580}, javascriptEnabled: true, networkConnectionEnabled: false, pageLoadStrategy: normal, platform: WINDOWS, platformName: WINDOWS, proxy: Proxy(), setWindowRect: true, strictFileInteractability: false, timeouts: {implicit: 0, pageLoad: 300000, script: 30000}, unhandledPromptBehavior: dismiss and notify, webauthn:virtualAuthenticators: true}
Session ID: 1a42f6b60d01b01538341f3844822f05
*** Element info: {Using=xpath, value=/html/body/div/div/div/div[2]/div[2]/div[1]/p[10]}
	at org.openqa.selenium.remote.http.W3CHttpResponseCodec.createException(W3CHttpResponseCodec.java:187)
	at org.openqa.selenium.remote.http.W3CHttpResponseCodec.decode(W3CHttpResponseCodec.java:122)
	at org.openqa.selenium.remote.http.W3CHttpResponseCodec.decode(W3CHttpResponseCodec.java:49)
	at org.openqa.selenium.remote.HttpCommandExecutor.execute(HttpCommandExecutor.java:158)
	at org.openqa.selenium.remote.service.DriverCommandExecutor.execute(DriverCommandExecutor.java:83)
	at org.openqa.selenium.remote.RemoteWebDriver.execute(RemoteWebDriver.java:552)
	at org.openqa.selenium.remote.RemoteWebDriver.findElement(RemoteWebDriver.java:323)
	at org.openqa.selenium.remote.RemoteWebDriver.findElementByXPath(RemoteWebDriver.java:428)
	at org.openqa.selenium.By$ByXPath.findElement(By.java:353)
	at org.openqa.selenium.remote.RemoteWebDriver.findElement(RemoteWebDriver.java:315)
	at org.openqa.selenium.support.pagefactory.DefaultElementLocator.findElement(DefaultElementLocator.java:69)
	at org.openqa.selenium.support.pagefactory.internal.LocatingElementHandler.invoke(LocatingElementHandler.java:38)
	at com.sun.proxy.$Proxy12.getText(Unknown Source)
	at testcases.TC6_Links_Page.testing_links_noContent_link(TC6_Links_Page.java:105)
... Removed 29 stack frames
</div> <!-- stack-trace -->
                </div> <!-- method-content -->
              </div> <!-- method -->
            </div> <!-- main-panel-content rounded-window-bottom -->
          </div> <!-- suite-Testing_ToolsQA_Suite-class-failed -->
          <div class="suite-Testing_ToolsQA_Suite-class-passed">
            <div class="main-panel-header rounded-window-top">
              <img src="passed.png"/>
              <span class="class-name">testcases.TC2_CheckBox_Page</span>
            </div> <!-- main-panel-header rounded-window-top -->
            <div class="main-panel-content rounded-window-bottom">
              <div class="method">
                <div class="method-content">
                  <a name="testing_CollapseAll_Button">
                  </a> <!-- testing_CollapseAll_Button -->
                  <span class="method-name">testing_CollapseAll_Button</span>
                </div> <!-- method-content -->
              </div> <!-- method -->
              <div class="method">
                <div class="method-content">
                  <a name="testing_ExpandAll_Button">
                  </a> <!-- testing_ExpandAll_Button -->
                  <span class="method-name">testing_ExpandAll_Button</span>
                </div> <!-- method-content -->
              </div> <!-- method -->
              <div class="method">
                <div class="method-content">
                  <a name="testing_Unexpanded_Expansion">
                  </a> <!-- testing_Unexpanded_Expansion -->
                  <span class="method-name">testing_Unexpanded_Expansion</span>
                </div> <!-- method-content -->
              </div> <!-- method -->
              <div class="method">
                <div class="method-content">
                  <a name="testing_desktop_checkBox_text_by_Checking">
                  </a> <!-- testing_desktop_checkBox_text_by_Checking -->
                  <span class="method-name">testing_desktop_checkBox_text_by_Checking</span>
                </div> <!-- method-content -->
              </div> <!-- method -->
              <div class="method">
                <div class="method-content">
                  <a name="testing_desktop_checkBox_text_by_UnChecking">
                  </a> <!-- testing_desktop_checkBox_text_by_UnChecking -->
                  <span class="method-name">testing_desktop_checkBox_text_by_UnChecking</span>
                </div> <!-- method-content -->
              </div> <!-- method -->
              <div class="method">
                <div class="method-content">
                  <a name="testing_documents_checkBox_text_by_Checking">
                  </a> <!-- testing_documents_checkBox_text_by_Checking -->
                  <span class="method-name">testing_documents_checkBox_text_by_Checking</span>
                </div> <!-- method-content -->
              </div> <!-- method -->
              <div class="method">
                <div class="method-content">
                  <a name="testing_documents_checkBox_text_by_UnChecking">
                  </a> <!-- testing_documents_checkBox_text_by_UnChecking -->
                  <span class="method-name">testing_documents_checkBox_text_by_UnChecking</span>
                </div> <!-- method-content -->
              </div> <!-- method -->
              <div class="method">
                <div class="method-content">
                  <a name="testing_downloads_checkBox_text_by_Checking">
                  </a> <!-- testing_downloads_checkBox_text_by_Checking -->
                  <span class="method-name">testing_downloads_checkBox_text_by_Checking</span>
                </div> <!-- method-content -->
              </div> <!-- method -->
              <div class="method">
                <div class="method-content">
                  <a name="testing_downloads_checkBox_text_by_UnChecking">
                  </a> <!-- testing_downloads_checkBox_text_by_UnChecking -->
                  <span class="method-name">testing_downloads_checkBox_text_by_UnChecking</span>
                </div> <!-- method-content -->
              </div> <!-- method -->
            </div> <!-- main-panel-content rounded-window-bottom -->
          </div> <!-- suite-Testing_ToolsQA_Suite-class-passed -->
          <div class="suite-Testing_ToolsQA_Suite-class-passed">
            <div class="main-panel-header rounded-window-top">
              <img src="passed.png"/>
              <span class="class-name">testcases.TC1_TextBox_Page</span>
            </div> <!-- main-panel-header rounded-window-top -->
            <div class="main-panel-content rounded-window-bottom">
              <div class="method">
                <div class="method-content">
                  <a name="testing_currentAddress_shadow_enteringText">
                  </a> <!-- testing_currentAddress_shadow_enteringText -->
                  <span class="method-name">testing_currentAddress_shadow_enteringText</span>
                </div> <!-- method-content -->
              </div> <!-- method -->
              <div class="method">
                <div class="method-content">
                  <a name="testing_form_by_entering_Invalid_Email">
                  </a> <!-- testing_form_by_entering_Invalid_Email -->
                  <span class="method-name">testing_form_by_entering_Invalid_Email</span>
                </div> <!-- method-content -->
              </div> <!-- method -->
              <div class="method">
                <div class="method-content">
                  <a name="testing_permanenAddress_shadow_enteringText">
                  </a> <!-- testing_permanenAddress_shadow_enteringText -->
                  <span class="method-name">testing_permanenAddress_shadow_enteringText</span>
                </div> <!-- method-content -->
              </div> <!-- method -->
              <div class="method">
                <div class="method-content">
                  <a name="testing_submit_button_with_ValidData">
                  </a> <!-- testing_submit_button_with_ValidData -->
                  <span class="method-name">testing_submit_button_with_ValidData</span>
                </div> <!-- method-content -->
              </div> <!-- method -->
              <div class="method">
                <div class="method-content">
                  <a name="testing_userEmail_shadow_entering_Valid_Text">
                  </a> <!-- testing_userEmail_shadow_entering_Valid_Text -->
                  <span class="method-name">testing_userEmail_shadow_entering_Valid_Text</span>
                </div> <!-- method-content -->
              </div> <!-- method -->
              <div class="method">
                <div class="method-content">
                  <a name="testing_userName_shadow_enteringText">
                  </a> <!-- testing_userName_shadow_enteringText -->
                  <span class="method-name">testing_userName_shadow_enteringText</span>
                </div> <!-- method-content -->
              </div> <!-- method -->
            </div> <!-- main-panel-content rounded-window-bottom -->
          </div> <!-- suite-Testing_ToolsQA_Suite-class-passed -->
          <div class="suite-Testing_ToolsQA_Suite-class-passed">
            <div class="main-panel-header rounded-window-top">
              <img src="passed.png"/>
              <span class="class-name">testcases.TC5_Buttons_Page</span>
            </div> <!-- main-panel-header rounded-window-top -->
            <div class="main-panel-content rounded-window-bottom">
              <div class="method">
                <div class="method-content">
                  <a name="testing_double_click_button">
                  </a> <!-- testing_double_click_button -->
                  <span class="method-name">testing_double_click_button</span>
                </div> <!-- method-content -->
              </div> <!-- method -->
              <div class="method">
                <div class="method-content">
                  <a name="testing_left_click_button">
                  </a> <!-- testing_left_click_button -->
                  <span class="method-name">testing_left_click_button</span>
                </div> <!-- method-content -->
              </div> <!-- method -->
              <div class="method">
                <div class="method-content">
                  <a name="testing_right_click_button">
                  </a> <!-- testing_right_click_button -->
                  <span class="method-name">testing_right_click_button</span>
                </div> <!-- method-content -->
              </div> <!-- method -->
            </div> <!-- main-panel-content rounded-window-bottom -->
          </div> <!-- suite-Testing_ToolsQA_Suite-class-passed -->
          <div class="suite-Testing_ToolsQA_Suite-class-passed">
            <div class="main-panel-header rounded-window-top">
              <img src="passed.png"/>
              <span class="class-name">testcases.TC3_RadioButton_Page</span>
            </div> <!-- main-panel-header rounded-window-top -->
            <div class="main-panel-content rounded-window-bottom">
              <div class="method">
                <div class="method-content">
                  <a name="testing_Impressive_radio_button">
                  </a> <!-- testing_Impressive_radio_button -->
                  <span class="method-name">testing_Impressive_radio_button</span>
                </div> <!-- method-content -->
              </div> <!-- method -->
              <div class="method">
                <div class="method-content">
                  <a name="testing_No_radio_button">
                  </a> <!-- testing_No_radio_button -->
                  <span class="method-name">testing_No_radio_button</span>
                </div> <!-- method-content -->
              </div> <!-- method -->
              <div class="method">
                <div class="method-content">
                  <a name="testing_Yes_radio_button">
                  </a> <!-- testing_Yes_radio_button -->
                  <span class="method-name">testing_Yes_radio_button</span>
                </div> <!-- method-content -->
              </div> <!-- method -->
              <div class="method">
                <div class="method-content">
                  <a name="testing_status_of_radiobuttons">
                  </a> <!-- testing_status_of_radiobuttons -->
                  <span class="method-name">testing_status_of_radiobuttons</span>
                </div> <!-- method-content -->
              </div> <!-- method -->
            </div> <!-- main-panel-content rounded-window-bottom -->
          </div> <!-- suite-Testing_ToolsQA_Suite-class-passed -->
          <div class="suite-Testing_ToolsQA_Suite-class-passed">
            <div class="main-panel-header rounded-window-top">
              <img src="passed.png"/>
              <span class="class-name">testcases.TC6_Links_Page</span>
            </div> <!-- main-panel-header rounded-window-top -->
            <div class="main-panel-content rounded-window-bottom">
              <div class="method">
                <div class="method-content">
                  <a name="testing_dynamicLink_link">
                  </a> <!-- testing_dynamicLink_link -->
                  <span class="method-name">testing_dynamicLink_link</span>
                </div> <!-- method-content -->
              </div> <!-- method -->
              <div class="method">
                <div class="method-content">
                  <a name="testing_simpleLink_link">
                  </a> <!-- testing_simpleLink_link -->
                  <span class="method-name">testing_simpleLink_link</span>
                </div> <!-- method-content -->
              </div> <!-- method -->
            </div> <!-- main-panel-content rounded-window-bottom -->
          </div> <!-- suite-Testing_ToolsQA_Suite-class-passed -->
        </div> <!-- panel Testing_ToolsQA_Suite -->
        <div panel-name="test-xml-Testing_ToolsQA_Suite" class="panel">
          <div class="main-panel-header rounded-window-top">
            <span class="header-content">G:\practiseSelenium\maven2\TestingToolsQA.xml</span>
          </div> <!-- main-panel-header rounded-window-top -->
          <div class="main-panel-content rounded-window-bottom">
            <pre>
&lt;?xml version=&quot;1.0&quot; encoding=&quot;UTF-8&quot;?&gt;
&lt;!DOCTYPE suite SYSTEM &quot;http://testng.org/testng-1.0.dtd&quot;&gt;
&lt;suite guice-stage=&quot;DEVELOPMENT&quot; name=&quot;Testing ToolsQA Suite&quot;&gt;
  &lt;listeners&gt;
    &lt;listener class-name=&quot;listeners.CustomListener&quot;/&gt;
  &lt;/listeners&gt;
  &lt;test thread-count=&quot;5&quot; name=&quot;Text Box Test&quot;&gt;
    &lt;classes&gt;
      &lt;class name=&quot;testcases.TC1_TextBox_Page&quot;/&gt;
    &lt;/classes&gt;
  &lt;/test&gt; &lt;!-- Text Box Test --&gt;
  &lt;test thread-count=&quot;5&quot; name=&quot;Check Box Test&quot;&gt;
    &lt;classes&gt;
      &lt;class name=&quot;testcases.TC2_CheckBox_Page&quot;/&gt;
    &lt;/classes&gt;
  &lt;/test&gt; &lt;!-- Check Box Test --&gt;
  &lt;test thread-count=&quot;5&quot; name=&quot;Radio Button Test&quot;&gt;
    &lt;classes&gt;
      &lt;class name=&quot;testcases.TC3_RadioButton_Page&quot;/&gt;
    &lt;/classes&gt;
  &lt;/test&gt; &lt;!-- Radio Button Test --&gt;
  &lt;test thread-count=&quot;5&quot; name=&quot;Buttons Page Test&quot;&gt;
    &lt;classes&gt;
      &lt;class name=&quot;testcases.TC5_Buttons_Page&quot;/&gt;
    &lt;/classes&gt;
  &lt;/test&gt; &lt;!-- Buttons Page Test --&gt;
  &lt;test thread-count=&quot;5&quot; name=&quot;Links Page Test&quot;&gt;
    &lt;classes&gt;
      &lt;class name=&quot;testcases.TC6_Links_Page&quot;/&gt;
    &lt;/classes&gt;
  &lt;/test&gt; &lt;!-- Links Page Test --&gt;
&lt;/suite&gt; &lt;!-- Testing ToolsQA Suite --&gt;
            </pre>
          </div> <!-- main-panel-content rounded-window-bottom -->
        </div> <!-- panel -->
        <div panel-name="testlist-Testing_ToolsQA_Suite" class="panel">
          <div class="main-panel-header rounded-window-top">
            <span class="header-content">Tests for Testing ToolsQA Suite</span>
          </div> <!-- main-panel-header rounded-window-top -->
          <div class="main-panel-content rounded-window-bottom">
            <ul>
              <li>
                <span class="test-name">Text Box Test (1 class)</span>
              </li>
              <li>
                <span class="test-name">Check Box Test (1 class)</span>
              </li>
              <li>
                <span class="test-name">Radio Button Test (1 class)</span>
              </li>
              <li>
                <span class="test-name">Buttons Page Test (1 class)</span>
              </li>
              <li>
                <span class="test-name">Links Page Test (1 class)</span>
              </li>
            </ul>
          </div> <!-- main-panel-content rounded-window-bottom -->
        </div> <!-- panel -->
        <div panel-name="group-Testing_ToolsQA_Suite" class="panel">
          <div class="main-panel-header rounded-window-top">
            <span class="header-content">Groups for Testing ToolsQA Suite</span>
          </div> <!-- main-panel-header rounded-window-top -->
          <div class="main-panel-content rounded-window-bottom">
          </div> <!-- main-panel-content rounded-window-bottom -->
        </div> <!-- panel -->
        <div panel-name="times-Testing_ToolsQA_Suite" class="panel">
          <div class="main-panel-header rounded-window-top">
            <span class="header-content">Times for Testing ToolsQA Suite</span>
          </div> <!-- main-panel-header rounded-window-top -->
          <div class="main-panel-content rounded-window-bottom">
            <div class="times-div">
              <script type="text/javascript">
suiteTableInitFunctions.push('tableData_Testing_ToolsQA_Suite');
function tableData_Testing_ToolsQA_Suite() {
var data = new google.visualization.DataTable();
data.addColumn('number', 'Number');
data.addColumn('string', 'Method');
data.addColumn('string', 'Class');
data.addColumn('number', 'Time (ms)');
data.addRows(31);
data.setCell(0, 0, 0)
data.setCell(0, 1, 'testing_form_by_entering_Invalid_Email')
data.setCell(0, 2, 'testcases.TC1_TextBox_Page')
data.setCell(0, 3, 1546);
data.setCell(1, 0, 1)
data.setCell(1, 1, 'testing_submit_button_with_ValidData')
data.setCell(1, 2, 'testcases.TC1_TextBox_Page')
data.setCell(1, 3, 1534);
data.setCell(2, 0, 2)
data.setCell(2, 1, 'testing_double_click_button')
data.setCell(2, 2, 'testcases.TC5_Buttons_Page')
data.setCell(2, 3, 622);
data.setCell(3, 0, 3)
data.setCell(3, 1, 'testing_right_click_button')
data.setCell(3, 2, 'testcases.TC5_Buttons_Page')
data.setCell(3, 3, 486);
data.setCell(4, 0, 4)
data.setCell(4, 1, 'testing_currentAddress_shadow_enteringText')
data.setCell(4, 2, 'testcases.TC1_TextBox_Page')
data.setCell(4, 3, 395);
data.setCell(5, 0, 5)
data.setCell(5, 1, 'testing_userName_shadow_enteringText')
data.setCell(5, 2, 'testcases.TC1_TextBox_Page')
data.setCell(5, 3, 333);
data.setCell(6, 0, 6)
data.setCell(6, 1, 'testing_documents_checkBox_text_by_Checking')
data.setCell(6, 2, 'testcases.TC2_CheckBox_Page')
data.setCell(6, 3, 332);
data.setCell(7, 0, 7)
data.setCell(7, 1, 'testing_permanenAddress_shadow_enteringText')
data.setCell(7, 2, 'testcases.TC1_TextBox_Page')
data.setCell(7, 3, 328);
data.setCell(8, 0, 8)
data.setCell(8, 1, 'testing_userEmail_shadow_entering_Valid_Text')
data.setCell(8, 2, 'testcases.TC1_TextBox_Page')
data.setCell(8, 3, 255);
data.setCell(9, 0, 9)
data.setCell(9, 1, 'testing_downloads_checkBox_text_by_Checking')
data.setCell(9, 2, 'testcases.TC2_CheckBox_Page')
data.setCell(9, 3, 246);
data.setCell(10, 0, 10)
data.setCell(10, 1, 'testing_desktop_checkBox_text_by_Checking')
data.setCell(10, 2, 'testcases.TC2_CheckBox_Page')
data.setCell(10, 3, 245);
data.setCell(11, 0, 11)
data.setCell(11, 1, 'testing_created_link')
data.setCell(11, 2, 'testcases.TC6_Links_Page')
data.setCell(11, 3, 239);
data.setCell(12, 0, 12)
data.setCell(12, 1, 'testing_links_forbidden_link')
data.setCell(12, 2, 'testcases.TC6_Links_Page')
data.setCell(12, 3, 236);
data.setCell(13, 0, 13)
data.setCell(13, 1, 'testing_Yes_radio_button')
data.setCell(13, 2, 'testcases.TC3_RadioButton_Page')
data.setCell(13, 3, 215);
data.setCell(14, 0, 14)
data.setCell(14, 1, 'testing_ExpandAll_Button')
data.setCell(14, 2, 'testcases.TC2_CheckBox_Page')
data.setCell(14, 3, 207);
data.setCell(15, 0, 15)
data.setCell(15, 1, 'testing_links_links_unauthorized_link')
data.setCell(15, 2, 'testcases.TC6_Links_Page')
data.setCell(15, 3, 202);
data.setCell(16, 0, 16)
data.setCell(16, 1, 'testing_links_links_moved_link')
data.setCell(16, 2, 'testcases.TC6_Links_Page')
data.setCell(16, 3, 200);
data.setCell(17, 0, 17)
data.setCell(17, 1, 'testing_left_click_button')
data.setCell(17, 2, 'testcases.TC5_Buttons_Page')
data.setCell(17, 3, 182);
data.setCell(18, 0, 18)
data.setCell(18, 1, 'testing_No_radio_button')
data.setCell(18, 2, 'testcases.TC3_RadioButton_Page')
data.setCell(18, 3, 179);
data.setCell(19, 0, 19)
data.setCell(19, 1, 'testing_links_noContent_link')
data.setCell(19, 2, 'testcases.TC6_Links_Page')
data.setCell(19, 3, 173);
data.setCell(20, 0, 20)
data.setCell(20, 1, 'testing_links_badRequest_link')
data.setCell(20, 2, 'testcases.TC6_Links_Page')
data.setCell(20, 3, 173);
data.setCell(21, 0, 21)
data.setCell(21, 1, 'testing_status_of_radiobuttons')
data.setCell(21, 2, 'testcases.TC3_RadioButton_Page')
data.setCell(21, 3, 168);
data.setCell(22, 0, 22)
data.setCell(22, 1, 'testing_links_links_invalidUrl_link')
data.setCell(22, 2, 'testcases.TC6_Links_Page')
data.setCell(22, 3, 147);
data.setCell(23, 0, 23)
data.setCell(23, 1, 'testing_dynamicLink_link')
data.setCell(23, 2, 'testcases.TC6_Links_Page')
data.setCell(23, 3, 140);
data.setCell(24, 0, 24)
data.setCell(24, 1, 'testing_simpleLink_link')
data.setCell(24, 2, 'testcases.TC6_Links_Page')
data.setCell(24, 3, 139);
data.setCell(25, 0, 25)
data.setCell(25, 1, 'testing_CollapseAll_Button')
data.setCell(25, 2, 'testcases.TC2_CheckBox_Page')
data.setCell(25, 3, 133);
data.setCell(26, 0, 26)
data.setCell(26, 1, 'testing_Impressive_radio_button')
data.setCell(26, 2, 'testcases.TC3_RadioButton_Page')
data.setCell(26, 3, 129);
data.setCell(27, 0, 27)
data.setCell(27, 1, 'testing_downloads_checkBox_text_by_UnChecking')
data.setCell(27, 2, 'testcases.TC2_CheckBox_Page')
data.setCell(27, 3, 62);
data.setCell(28, 0, 28)
data.setCell(28, 1, 'testing_desktop_checkBox_text_by_UnChecking')
data.setCell(28, 2, 'testcases.TC2_CheckBox_Page')
data.setCell(28, 3, 61);
data.setCell(29, 0, 29)
data.setCell(29, 1, 'testing_documents_checkBox_text_by_UnChecking')
data.setCell(29, 2, 'testcases.TC2_CheckBox_Page')
data.setCell(29, 3, 58);
data.setCell(30, 0, 30)
data.setCell(30, 1, 'testing_Unexpanded_Expansion')
data.setCell(30, 2, 'testcases.TC2_CheckBox_Page')
data.setCell(30, 3, 51);
window.suiteTableData['Testing_ToolsQA_Suite']= { tableData: data, tableDiv: 'times-div-Testing_ToolsQA_Suite'}
return data;
}
              </script>
              <span class="suite-total-time">Total running time: 9 seconds</span>
              <div id="times-div-Testing_ToolsQA_Suite">
              </div> <!-- times-div-Testing_ToolsQA_Suite -->
            </div> <!-- times-div -->
          </div> <!-- main-panel-content rounded-window-bottom -->
        </div> <!-- panel -->
        <div panel-name="reporter-Testing_ToolsQA_Suite" class="panel">
          <div class="main-panel-header rounded-window-top">
            <span class="header-content">Reporter output for Testing ToolsQA Suite</span>
          </div> <!-- main-panel-header rounded-window-top -->
          <div class="main-panel-content rounded-window-bottom">
            <div class="reporter-method-div">
              <span class="reporter-method-name">testing_userEmail_shadow_entering_Valid_Text</span>
              <div class="reporter-method-output-div">
                <span class="reporter-method-output">Evidance of the Test</span>
                <span class="reporter-method-output"><hr></span>
                <span class="reporter-method-output"><a href='G:\practiseSelenium\maven2\test-output\screenshots\Pass Evidance of the method - TESTING_USEREMAIL_SHADOW_ENTERING_VALID_TEXT at Mon_Nov_02_12_17_57_IST_2020.jpeg'> <img src='G:\practiseSelenium\maven2\test-output\screenshots\Pass Evidance of the method - TESTING_USEREMAIL_SHADOW_ENTERING_VALID_TEXT at Mon_Nov_02_12_17_57_IST_2020.jpeg' height='200' width='400'/> </a></span>
              </div> <!-- reporter-method-output-div -->
            </div> <!-- reporter-method-div -->
            <div class="reporter-method-div">
              <span class="reporter-method-name">testing_form_by_entering_Invalid_Email</span>
              <div class="reporter-method-output-div">
                <span class="reporter-method-output">Evidance of the Test</span>
                <span class="reporter-method-output"><hr></span>
                <span class="reporter-method-output"><a href='G:\practiseSelenium\maven2\test-output\screenshots\Pass Evidance of the method - TESTING_FORM_BY_ENTERING_INVALID_EMAIL at Mon_Nov_02_12_17_57_IST_2020.jpeg'> <img src='G:\practiseSelenium\maven2\test-output\screenshots\Pass Evidance of the method - TESTING_FORM_BY_ENTERING_INVALID_EMAIL at Mon_Nov_02_12_17_57_IST_2020.jpeg' height='200' width='400'/> </a></span>
              </div> <!-- reporter-method-output-div -->
            </div> <!-- reporter-method-div -->
            <div class="reporter-method-div">
              <span class="reporter-method-name">testing_currentAddress_shadow_enteringText</span>
              <div class="reporter-method-output-div">
                <span class="reporter-method-output">Evidance of the Test</span>
                <span class="reporter-method-output"><hr></span>
                <span class="reporter-method-output"><a href='G:\practiseSelenium\maven2\test-output\screenshots\Pass Evidance of the method - TESTING_CURRENTADDRESS_SHADOW_ENTERINGTEXT at Mon_Nov_02_12_17_57_IST_2020.jpeg'> <img src='G:\practiseSelenium\maven2\test-output\screenshots\Pass Evidance of the method - TESTING_CURRENTADDRESS_SHADOW_ENTERINGTEXT at Mon_Nov_02_12_17_57_IST_2020.jpeg' height='200' width='400'/> </a></span>
              </div> <!-- reporter-method-output-div -->
            </div> <!-- reporter-method-div -->
            <div class="reporter-method-div">
              <span class="reporter-method-name">testing_permanenAddress_shadow_enteringText</span>
              <div class="reporter-method-output-div">
                <span class="reporter-method-output">Evidance of the Test</span>
                <span class="reporter-method-output"><hr></span>
                <span class="reporter-method-output"><a href='G:\practiseSelenium\maven2\test-output\screenshots\Pass Evidance of the method - TESTING_PERMANENADDRESS_SHADOW_ENTERINGTEXT at Mon_Nov_02_12_17_57_IST_2020.jpeg'> <img src='G:\practiseSelenium\maven2\test-output\screenshots\Pass Evidance of the method - TESTING_PERMANENADDRESS_SHADOW_ENTERINGTEXT at Mon_Nov_02_12_17_57_IST_2020.jpeg' height='200' width='400'/> </a></span>
              </div> <!-- reporter-method-output-div -->
            </div> <!-- reporter-method-div -->
            <div class="reporter-method-div">
              <span class="reporter-method-name">testing_userName_shadow_enteringText</span>
              <div class="reporter-method-output-div">
                <span class="reporter-method-output">Evidance of the Test</span>
                <span class="reporter-method-output"><hr></span>
                <span class="reporter-method-output"><a href='G:\practiseSelenium\maven2\test-output\screenshots\Pass Evidance of the method - TESTING_USERNAME_SHADOW_ENTERINGTEXT at Mon_Nov_02_12_17_57_IST_2020.jpeg'> <img src='G:\practiseSelenium\maven2\test-output\screenshots\Pass Evidance of the method - TESTING_USERNAME_SHADOW_ENTERINGTEXT at Mon_Nov_02_12_17_57_IST_2020.jpeg' height='200' width='400'/> </a></span>
              </div> <!-- reporter-method-output-div -->
            </div> <!-- reporter-method-div -->
            <div class="reporter-method-div">
              <span class="reporter-method-name">testing_submit_button_with_ValidData</span>
              <div class="reporter-method-output-div">
                <span class="reporter-method-output">Evidance of the Test</span>
                <span class="reporter-method-output"><hr></span>
                <span class="reporter-method-output"><a href='G:\practiseSelenium\maven2\test-output\screenshots\Pass Evidance of the method - TESTING_SUBMIT_BUTTON_WITH_VALIDDATA at Mon_Nov_02_12_17_57_IST_2020.jpeg'> <img src='G:\practiseSelenium\maven2\test-output\screenshots\Pass Evidance of the method - TESTING_SUBMIT_BUTTON_WITH_VALIDDATA at Mon_Nov_02_12_17_57_IST_2020.jpeg' height='200' width='400'/> </a></span>
              </div> <!-- reporter-method-output-div -->
            </div> <!-- reporter-method-div -->
            <div class="reporter-method-div">
              <span class="reporter-method-name">testing_downloads_checkBox_text_by_Checking</span>
              <div class="reporter-method-output-div">
                <span class="reporter-method-output">Evidance of the Test</span>
                <span class="reporter-method-output"><hr></span>
                <span class="reporter-method-output"><a href='G:\practiseSelenium\maven2\test-output\screenshots\Pass Evidance of the method - TESTING_DOWNLOADS_CHECKBOX_TEXT_BY_CHECKING at Mon_Nov_02_12_17_57_IST_2020.jpeg'> <img src='G:\practiseSelenium\maven2\test-output\screenshots\Pass Evidance of the method - TESTING_DOWNLOADS_CHECKBOX_TEXT_BY_CHECKING at Mon_Nov_02_12_17_57_IST_2020.jpeg' height='200' width='400'/> </a></span>
              </div> <!-- reporter-method-output-div -->
            </div> <!-- reporter-method-div -->
            <div class="reporter-method-div">
              <span class="reporter-method-name">testing_desktop_checkBox_text_by_Checking</span>
              <div class="reporter-method-output-div">
                <span class="reporter-method-output">Evidance of the Test</span>
                <span class="reporter-method-output"><hr></span>
                <span class="reporter-method-output"><a href='G:\practiseSelenium\maven2\test-output\screenshots\Pass Evidance of the method - TESTING_DESKTOP_CHECKBOX_TEXT_BY_CHECKING at Mon_Nov_02_12_17_57_IST_2020.jpeg'> <img src='G:\practiseSelenium\maven2\test-output\screenshots\Pass Evidance of the method - TESTING_DESKTOP_CHECKBOX_TEXT_BY_CHECKING at Mon_Nov_02_12_17_57_IST_2020.jpeg' height='200' width='400'/> </a></span>
              </div> <!-- reporter-method-output-div -->
            </div> <!-- reporter-method-div -->
            <div class="reporter-method-div">
              <span class="reporter-method-name">testing_downloads_checkBox_text_by_UnChecking</span>
              <div class="reporter-method-output-div">
                <span class="reporter-method-output">Evidance of the Test</span>
                <span class="reporter-method-output"><hr></span>
                <span class="reporter-method-output"><a href='G:\practiseSelenium\maven2\test-output\screenshots\Pass Evidance of the method - TESTING_DOWNLOADS_CHECKBOX_TEXT_BY_UNCHECKING at Mon_Nov_02_12_17_57_IST_2020.jpeg'> <img src='G:\practiseSelenium\maven2\test-output\screenshots\Pass Evidance of the method - TESTING_DOWNLOADS_CHECKBOX_TEXT_BY_UNCHECKING at Mon_Nov_02_12_17_57_IST_2020.jpeg' height='200' width='400'/> </a></span>
              </div> <!-- reporter-method-output-div -->
            </div> <!-- reporter-method-div -->
            <div class="reporter-method-div">
              <span class="reporter-method-name">testing_documents_checkBox_text_by_Checking</span>
              <div class="reporter-method-output-div">
                <span class="reporter-method-output">Evidance of the Test</span>
                <span class="reporter-method-output"><hr></span>
                <span class="reporter-method-output"><a href='G:\practiseSelenium\maven2\test-output\screenshots\Pass Evidance of the method - TESTING_DOCUMENTS_CHECKBOX_TEXT_BY_CHECKING at Mon_Nov_02_12_17_57_IST_2020.jpeg'> <img src='G:\practiseSelenium\maven2\test-output\screenshots\Pass Evidance of the method - TESTING_DOCUMENTS_CHECKBOX_TEXT_BY_CHECKING at Mon_Nov_02_12_17_57_IST_2020.jpeg' height='200' width='400'/> </a></span>
              </div> <!-- reporter-method-output-div -->
            </div> <!-- reporter-method-div -->
            <div class="reporter-method-div">
              <span class="reporter-method-name">testing_Unexpanded_Expansion</span>
              <div class="reporter-method-output-div">
                <span class="reporter-method-output">Evidance of the Test</span>
                <span class="reporter-method-output"><hr></span>
                <span class="reporter-method-output"><a href='G:\practiseSelenium\maven2\test-output\screenshots\Pass Evidance of the method - TESTING_UNEXPANDED_EXPANSION at Mon_Nov_02_12_17_57_IST_2020.jpeg'> <img src='G:\practiseSelenium\maven2\test-output\screenshots\Pass Evidance of the method - TESTING_UNEXPANDED_EXPANSION at Mon_Nov_02_12_17_57_IST_2020.jpeg' height='200' width='400'/> </a></span>
              </div> <!-- reporter-method-output-div -->
            </div> <!-- reporter-method-div -->
            <div class="reporter-method-div">
              <span class="reporter-method-name">testing_documents_checkBox_text_by_UnChecking</span>
              <div class="reporter-method-output-div">
                <span class="reporter-method-output">Evidance of the Test</span>
                <span class="reporter-method-output"><hr></span>
                <span class="reporter-method-output"><a href='G:\practiseSelenium\maven2\test-output\screenshots\Pass Evidance of the method - TESTING_DOCUMENTS_CHECKBOX_TEXT_BY_UNCHECKING at Mon_Nov_02_12_17_57_IST_2020.jpeg'> <img src='G:\practiseSelenium\maven2\test-output\screenshots\Pass Evidance of the method - TESTING_DOCUMENTS_CHECKBOX_TEXT_BY_UNCHECKING at Mon_Nov_02_12_17_57_IST_2020.jpeg' height='200' width='400'/> </a></span>
              </div> <!-- reporter-method-output-div -->
            </div> <!-- reporter-method-div -->
            <div class="reporter-method-div">
              <span class="reporter-method-name">testing_ExpandAll_Button</span>
              <div class="reporter-method-output-div">
                <span class="reporter-method-output">Evidance of the Test</span>
                <span class="reporter-method-output"><hr></span>
                <span class="reporter-method-output"><a href='G:\practiseSelenium\maven2\test-output\screenshots\Pass Evidance of the method - TESTING_EXPANDALL_BUTTON at Mon_Nov_02_12_17_57_IST_2020.jpeg'> <img src='G:\practiseSelenium\maven2\test-output\screenshots\Pass Evidance of the method - TESTING_EXPANDALL_BUTTON at Mon_Nov_02_12_17_57_IST_2020.jpeg' height='200' width='400'/> </a></span>
              </div> <!-- reporter-method-output-div -->
            </div> <!-- reporter-method-div -->
            <div class="reporter-method-div">
              <span class="reporter-method-name">testing_CollapseAll_Button</span>
              <div class="reporter-method-output-div">
                <span class="reporter-method-output">Evidance of the Test</span>
                <span class="reporter-method-output"><hr></span>
                <span class="reporter-method-output"><a href='G:\practiseSelenium\maven2\test-output\screenshots\Pass Evidance of the method - TESTING_COLLAPSEALL_BUTTON at Mon_Nov_02_12_17_57_IST_2020.jpeg'> <img src='G:\practiseSelenium\maven2\test-output\screenshots\Pass Evidance of the method - TESTING_COLLAPSEALL_BUTTON at Mon_Nov_02_12_17_57_IST_2020.jpeg' height='200' width='400'/> </a></span>
              </div> <!-- reporter-method-output-div -->
            </div> <!-- reporter-method-div -->
            <div class="reporter-method-div">
              <span class="reporter-method-name">testing_desktop_checkBox_text_by_UnChecking</span>
              <div class="reporter-method-output-div">
                <span class="reporter-method-output">Evidance of the Test</span>
                <span class="reporter-method-output"><hr></span>
                <span class="reporter-method-output"><a href='G:\practiseSelenium\maven2\test-output\screenshots\Pass Evidance of the method - TESTING_DESKTOP_CHECKBOX_TEXT_BY_UNCHECKING at Mon_Nov_02_12_17_57_IST_2020.jpeg'> <img src='G:\practiseSelenium\maven2\test-output\screenshots\Pass Evidance of the method - TESTING_DESKTOP_CHECKBOX_TEXT_BY_UNCHECKING at Mon_Nov_02_12_17_57_IST_2020.jpeg' height='200' width='400'/> </a></span>
              </div> <!-- reporter-method-output-div -->
            </div> <!-- reporter-method-div -->
            <div class="reporter-method-div">
              <span class="reporter-method-name">testing_Yes_radio_button</span>
              <div class="reporter-method-output-div">
                <span class="reporter-method-output">Evidance of the Test</span>
                <span class="reporter-method-output"><hr></span>
                <span class="reporter-method-output"><a href='G:\practiseSelenium\maven2\test-output\screenshots\Pass Evidance of the method - TESTING_YES_RADIO_BUTTON at Mon_Nov_02_12_17_57_IST_2020.jpeg'> <img src='G:\practiseSelenium\maven2\test-output\screenshots\Pass Evidance of the method - TESTING_YES_RADIO_BUTTON at Mon_Nov_02_12_17_57_IST_2020.jpeg' height='200' width='400'/> </a></span>
              </div> <!-- reporter-method-output-div -->
            </div> <!-- reporter-method-div -->
            <div class="reporter-method-div">
              <span class="reporter-method-name">testing_Impressive_radio_button</span>
              <div class="reporter-method-output-div">
                <span class="reporter-method-output">Evidance of the Test</span>
                <span class="reporter-method-output"><hr></span>
                <span class="reporter-method-output"><a href='G:\practiseSelenium\maven2\test-output\screenshots\Pass Evidance of the method - TESTING_IMPRESSIVE_RADIO_BUTTON at Mon_Nov_02_12_17_57_IST_2020.jpeg'> <img src='G:\practiseSelenium\maven2\test-output\screenshots\Pass Evidance of the method - TESTING_IMPRESSIVE_RADIO_BUTTON at Mon_Nov_02_12_17_57_IST_2020.jpeg' height='200' width='400'/> </a></span>
              </div> <!-- reporter-method-output-div -->
            </div> <!-- reporter-method-div -->
            <div class="reporter-method-div">
              <span class="reporter-method-name">testing_No_radio_button</span>
              <div class="reporter-method-output-div">
                <span class="reporter-method-output">Evidance of the Test</span>
                <span class="reporter-method-output"><hr></span>
                <span class="reporter-method-output"><a href='G:\practiseSelenium\maven2\test-output\screenshots\Pass Evidance of the method - TESTING_NO_RADIO_BUTTON at Mon_Nov_02_12_17_57_IST_2020.jpeg'> <img src='G:\practiseSelenium\maven2\test-output\screenshots\Pass Evidance of the method - TESTING_NO_RADIO_BUTTON at Mon_Nov_02_12_17_57_IST_2020.jpeg' height='200' width='400'/> </a></span>
              </div> <!-- reporter-method-output-div -->
            </div> <!-- reporter-method-div -->
            <div class="reporter-method-div">
              <span class="reporter-method-name">testing_status_of_radiobuttons</span>
              <div class="reporter-method-output-div">
                <span class="reporter-method-output">Evidance of the Test</span>
                <span class="reporter-method-output"><hr></span>
                <span class="reporter-method-output"><a href='G:\practiseSelenium\maven2\test-output\screenshots\Pass Evidance of the method - TESTING_STATUS_OF_RADIOBUTTONS at Mon_Nov_02_12_17_57_IST_2020.jpeg'> <img src='G:\practiseSelenium\maven2\test-output\screenshots\Pass Evidance of the method - TESTING_STATUS_OF_RADIOBUTTONS at Mon_Nov_02_12_17_57_IST_2020.jpeg' height='200' width='400'/> </a></span>
              </div> <!-- reporter-method-output-div -->
            </div> <!-- reporter-method-div -->
            <div class="reporter-method-div">
              <span class="reporter-method-name">testing_right_click_button</span>
              <div class="reporter-method-output-div">
                <span class="reporter-method-output">Evidance of the Test</span>
                <span class="reporter-method-output"><hr></span>
                <span class="reporter-method-output"><a href='G:\practiseSelenium\maven2\test-output\screenshots\Pass Evidance of the method - TESTING_RIGHT_CLICK_BUTTON at Mon_Nov_02_12_17_57_IST_2020.jpeg'> <img src='G:\practiseSelenium\maven2\test-output\screenshots\Pass Evidance of the method - TESTING_RIGHT_CLICK_BUTTON at Mon_Nov_02_12_17_57_IST_2020.jpeg' height='200' width='400'/> </a></span>
              </div> <!-- reporter-method-output-div -->
            </div> <!-- reporter-method-div -->
            <div class="reporter-method-div">
              <span class="reporter-method-name">testing_left_click_button</span>
              <div class="reporter-method-output-div">
                <span class="reporter-method-output">Evidance of the Test</span>
                <span class="reporter-method-output"><hr></span>
                <span class="reporter-method-output"><a href='G:\practiseSelenium\maven2\test-output\screenshots\Pass Evidance of the method - TESTING_LEFT_CLICK_BUTTON at Mon_Nov_02_12_17_57_IST_2020.jpeg'> <img src='G:\practiseSelenium\maven2\test-output\screenshots\Pass Evidance of the method - TESTING_LEFT_CLICK_BUTTON at Mon_Nov_02_12_17_57_IST_2020.jpeg' height='200' width='400'/> </a></span>
              </div> <!-- reporter-method-output-div -->
            </div> <!-- reporter-method-div -->
            <div class="reporter-method-div">
              <span class="reporter-method-name">testing_double_click_button</span>
              <div class="reporter-method-output-div">
                <span class="reporter-method-output">Evidance of the Test</span>
                <span class="reporter-method-output"><hr></span>
                <span class="reporter-method-output"><a href='G:\practiseSelenium\maven2\test-output\screenshots\Pass Evidance of the method - TESTING_DOUBLE_CLICK_BUTTON at Mon_Nov_02_12_17_57_IST_2020.jpeg'> <img src='G:\practiseSelenium\maven2\test-output\screenshots\Pass Evidance of the method - TESTING_DOUBLE_CLICK_BUTTON at Mon_Nov_02_12_17_57_IST_2020.jpeg' height='200' width='400'/> </a></span>
              </div> <!-- reporter-method-output-div -->
            </div> <!-- reporter-method-div -->
            <div class="reporter-method-div">
              <span class="reporter-method-name">testing_simpleLink_link</span>
              <div class="reporter-method-output-div">
                <span class="reporter-method-output">Evidance of the Test</span>
                <span class="reporter-method-output"><hr></span>
                <span class="reporter-method-output"><a href='G:\practiseSelenium\maven2\test-output\screenshots\Pass Evidance of the method - TESTING_SIMPLELINK_LINK at Mon_Nov_02_12_17_57_IST_2020.jpeg'> <img src='G:\practiseSelenium\maven2\test-output\screenshots\Pass Evidance of the method - TESTING_SIMPLELINK_LINK at Mon_Nov_02_12_17_57_IST_2020.jpeg' height='200' width='400'/> </a></span>
              </div> <!-- reporter-method-output-div -->
            </div> <!-- reporter-method-div -->
            <div class="reporter-method-div">
              <span class="reporter-method-name">testing_dynamicLink_link</span>
              <div class="reporter-method-output-div">
                <span class="reporter-method-output">Evidance of the Test</span>
                <span class="reporter-method-output"><hr></span>
                <span class="reporter-method-output"><a href='G:\practiseSelenium\maven2\test-output\screenshots\Pass Evidance of the method - TESTING_DYNAMICLINK_LINK at Mon_Nov_02_12_17_57_IST_2020.jpeg'> <img src='G:\practiseSelenium\maven2\test-output\screenshots\Pass Evidance of the method - TESTING_DYNAMICLINK_LINK at Mon_Nov_02_12_17_57_IST_2020.jpeg' height='200' width='400'/> </a></span>
              </div> <!-- reporter-method-output-div -->
            </div> <!-- reporter-method-div -->
            <div class="reporter-method-div">
              <span class="reporter-method-name">testing_links_links_invalidUrl_link</span>
              <div class="reporter-method-output-div">
                <span class="reporter-method-output">Evidance of the Test</span>
                <span class="reporter-method-output"><hr></span>
                <span class="reporter-method-output"><a href='G:\practiseSelenium\maven2\test-output\screenshots\Fail Evidance of the method - TESTING_LINKS_LINKS_INVALIDURL_LINK at Mon_Nov_02_12_17_57_IST_2020.jpeg'> <img src='G:\practiseSelenium\maven2\test-output\screenshots\Fail Evidance of the method - TESTING_LINKS_LINKS_INVALIDURL_LINK at Mon_Nov_02_12_17_57_IST_2020.jpeg' height='200' width='400'/> </a></span>
              </div> <!-- reporter-method-output-div -->
            </div> <!-- reporter-method-div -->
            <div class="reporter-method-div">
              <span class="reporter-method-name">testing_links_noContent_link</span>
              <div class="reporter-method-output-div">
                <span class="reporter-method-output">Evidance of the Test</span>
                <span class="reporter-method-output"><hr></span>
                <span class="reporter-method-output"><a href='G:\practiseSelenium\maven2\test-output\screenshots\Fail Evidance of the method - TESTING_LINKS_NOCONTENT_LINK at Mon_Nov_02_12_17_57_IST_2020.jpeg'> <img src='G:\practiseSelenium\maven2\test-output\screenshots\Fail Evidance of the method - TESTING_LINKS_NOCONTENT_LINK at Mon_Nov_02_12_17_57_IST_2020.jpeg' height='200' width='400'/> </a></span>
              </div> <!-- reporter-method-output-div -->
            </div> <!-- reporter-method-div -->
            <div class="reporter-method-div">
              <span class="reporter-method-name">testing_links_badRequest_link</span>
              <div class="reporter-method-output-div">
                <span class="reporter-method-output">Evidance of the Test</span>
                <span class="reporter-method-output"><hr></span>
                <span class="reporter-method-output"><a href='G:\practiseSelenium\maven2\test-output\screenshots\Fail Evidance of the method - TESTING_LINKS_BADREQUEST_LINK at Mon_Nov_02_12_17_57_IST_2020.jpeg'> <img src='G:\practiseSelenium\maven2\test-output\screenshots\Fail Evidance of the method - TESTING_LINKS_BADREQUEST_LINK at Mon_Nov_02_12_17_57_IST_2020.jpeg' height='200' width='400'/> </a></span>
              </div> <!-- reporter-method-output-div -->
            </div> <!-- reporter-method-div -->
            <div class="reporter-method-div">
              <span class="reporter-method-name">testing_links_links_moved_link</span>
              <div class="reporter-method-output-div">
                <span class="reporter-method-output">Evidance of the Test</span>
                <span class="reporter-method-output"><hr></span>
                <span class="reporter-method-output"><a href='G:\practiseSelenium\maven2\test-output\screenshots\Fail Evidance of the method - TESTING_LINKS_LINKS_MOVED_LINK at Mon_Nov_02_12_17_57_IST_2020.jpeg'> <img src='G:\practiseSelenium\maven2\test-output\screenshots\Fail Evidance of the method - TESTING_LINKS_LINKS_MOVED_LINK at Mon_Nov_02_12_17_57_IST_2020.jpeg' height='200' width='400'/> </a></span>
              </div> <!-- reporter-method-output-div -->
            </div> <!-- reporter-method-div -->
            <div class="reporter-method-div">
              <span class="reporter-method-name">testing_links_forbidden_link</span>
              <div class="reporter-method-output-div">
                <span class="reporter-method-output">Evidance of the Test</span>
                <span class="reporter-method-output"><hr></span>
                <span class="reporter-method-output"><a href='G:\practiseSelenium\maven2\test-output\screenshots\Fail Evidance of the method - TESTING_LINKS_FORBIDDEN_LINK at Mon_Nov_02_12_17_57_IST_2020.jpeg'> <img src='G:\practiseSelenium\maven2\test-output\screenshots\Fail Evidance of the method - TESTING_LINKS_FORBIDDEN_LINK at Mon_Nov_02_12_17_57_IST_2020.jpeg' height='200' width='400'/> </a></span>
              </div> <!-- reporter-method-output-div -->
            </div> <!-- reporter-method-div -->
            <div class="reporter-method-div">
              <span class="reporter-method-name">testing_created_link</span>
              <div class="reporter-method-output-div">
                <span class="reporter-method-output">Evidance of the Test</span>
                <span class="reporter-method-output"><hr></span>
                <span class="reporter-method-output"><a href='G:\practiseSelenium\maven2\test-output\screenshots\Fail Evidance of the method - TESTING_CREATED_LINK at Mon_Nov_02_12_17_57_IST_2020.jpeg'> <img src='G:\practiseSelenium\maven2\test-output\screenshots\Fail Evidance of the method - TESTING_CREATED_LINK at Mon_Nov_02_12_17_57_IST_2020.jpeg' height='200' width='400'/> </a></span>
              </div> <!-- reporter-method-output-div -->
            </div> <!-- reporter-method-div -->
            <div class="reporter-method-div">
              <span class="reporter-method-name">testing_links_links_unauthorized_link</span>
              <div class="reporter-method-output-div">
                <span class="reporter-method-output">Evidance of the Test</span>
                <span class="reporter-method-output"><hr></span>
                <span class="reporter-method-output"><a href='G:\practiseSelenium\maven2\test-output\screenshots\Fail Evidance of the method - TESTING_LINKS_LINKS_UNAUTHORIZED_LINK at Mon_Nov_02_12_17_57_IST_2020.jpeg'> <img src='G:\practiseSelenium\maven2\test-output\screenshots\Fail Evidance of the method - TESTING_LINKS_LINKS_UNAUTHORIZED_LINK at Mon_Nov_02_12_17_57_IST_2020.jpeg' height='200' width='400'/> </a></span>
              </div> <!-- reporter-method-output-div -->
            </div> <!-- reporter-method-div -->
          </div> <!-- main-panel-content rounded-window-bottom -->
        </div> <!-- panel -->
        <div panel-name="ignored-methods-Testing_ToolsQA_Suite" class="panel">
          <div class="main-panel-header rounded-window-top">
            <span class="header-content">0 ignored methods</span>
          </div> <!-- main-panel-header rounded-window-top -->
          <div class="main-panel-content rounded-window-bottom">
          </div> <!-- main-panel-content rounded-window-bottom -->
        </div> <!-- panel -->
        <div panel-name="chronological-Testing_ToolsQA_Suite" class="panel">
          <div class="main-panel-header rounded-window-top">
            <span class="header-content">Methods in chronological order</span>
          </div> <!-- main-panel-header rounded-window-top -->
          <div class="main-panel-content rounded-window-bottom">
            <div class="chronological-class">
              <div class="chronological-class-name">testcases.TC6_Links_Page</div> <!-- chronological-class-name -->
              <div class="configuration-suite before">
                <span class="method-name">setUp</span>
                <span class="method-start">0 ms</span>
              </div> <!-- configuration-suite before -->
            </div> <!-- chronological-class -->
            <div class="chronological-class">
              <div class="chronological-class-name">testcases.TC1_TextBox_Page</div> <!-- chronological-class-name -->
              <div class="configuration-class before">
                <span class="method-name">opening_TextBox_Page</span>
                <span class="method-start">6416 ms</span>
              </div> <!-- configuration-class before -->
              <div class="test-method">
                <span class="method-name">testing_userName_shadow_enteringText</span>
                <span class="method-start">9941 ms</span>
              </div> <!-- test-method -->
              <div class="test-method">
                <span class="method-name">testing_userEmail_shadow_entering_Valid_Text</span>
                <span class="method-start">10747 ms</span>
              </div> <!-- test-method -->
              <div class="test-method">
                <span class="method-name">testing_currentAddress_shadow_enteringText</span>
                <span class="method-start">11378 ms</span>
              </div> <!-- test-method -->
              <div class="test-method">
                <span class="method-name">testing_permanenAddress_shadow_enteringText</span>
                <span class="method-start">12187 ms</span>
              </div> <!-- test-method -->
              <div class="test-method">
                <span class="method-name">testing_submit_button_with_ValidData</span>
                <span class="method-start">12953 ms</span>
              </div> <!-- test-method -->
              <div class="test-method">
                <span class="method-name">testing_form_by_entering_Invalid_Email</span>
                <span class="method-start">14883 ms</span>
              </div> <!-- test-method -->
            </div> <!-- chronological-class -->
            <div class="chronological-class">
              <div class="chronological-class-name">testcases.TC2_CheckBox_Page</div> <!-- chronological-class-name -->
              <div class="configuration-class before">
                <span class="method-name">opening_CheckBox_Page</span>
                <span class="method-start">16912 ms</span>
              </div> <!-- configuration-class before -->
              <div class="configuration-method before">
                <span class="method-name">settingUp</span>
                <span class="method-start">17541 ms</span>
              </div> <!-- configuration-method before -->
              <div class="test-method">
                <span class="method-name">testing_Unexpanded_Expansion</span>
                <span class="method-start">17542 ms</span>
              </div> <!-- test-method -->
              <div class="configuration-method before">
                <span class="method-name">settingUp</span>
                <span class="method-start">18066 ms</span>
              </div> <!-- configuration-method before -->
              <div class="test-method">
                <span class="method-name">testing_ExpandAll_Button</span>
                <span class="method-start">18066 ms</span>
              </div> <!-- test-method -->
              <div class="configuration-method before">
                <span class="method-name">settingUp</span>
                <span class="method-start">18665 ms</span>
              </div> <!-- configuration-method before -->
              <div class="test-method">
                <span class="method-name">testing_CollapseAll_Button</span>
                <span class="method-start">18665 ms</span>
              </div> <!-- test-method -->
              <div class="configuration-method before">
                <span class="method-name">settingUp</span>
                <span class="method-start">19172 ms</span>
              </div> <!-- configuration-method before -->
              <div class="test-method">
                <span class="method-name">testing_desktop_checkBox_text_by_Checking</span>
                <span class="method-start">19172 ms</span>
              </div> <!-- test-method -->
              <div class="configuration-method before">
                <span class="method-name">settingUp</span>
                <span class="method-start">19816 ms</span>
              </div> <!-- configuration-method before -->
              <div class="test-method">
                <span class="method-name">testing_desktop_checkBox_text_by_UnChecking</span>
                <span class="method-start">19816 ms</span>
              </div> <!-- test-method -->
              <div class="configuration-method before">
                <span class="method-name">settingUp</span>
                <span class="method-start">20271 ms</span>
              </div> <!-- configuration-method before -->
              <div class="test-method">
                <span class="method-name">testing_documents_checkBox_text_by_Checking</span>
                <span class="method-start">20271 ms</span>
              </div> <!-- test-method -->
              <div class="configuration-method before">
                <span class="method-name">settingUp</span>
                <span class="method-start">20988 ms</span>
              </div> <!-- configuration-method before -->
              <div class="test-method">
                <span class="method-name">testing_documents_checkBox_text_by_UnChecking</span>
                <span class="method-start">20988 ms</span>
              </div> <!-- test-method -->
              <div class="configuration-method before">
                <span class="method-name">settingUp</span>
                <span class="method-start">21420 ms</span>
              </div> <!-- configuration-method before -->
              <div class="test-method">
                <span class="method-name">testing_downloads_checkBox_text_by_Checking</span>
                <span class="method-start">21421 ms</span>
              </div> <!-- test-method -->
              <div class="configuration-method before">
                <span class="method-name">settingUp</span>
                <span class="method-start">22073 ms</span>
              </div> <!-- configuration-method before -->
              <div class="test-method">
                <span class="method-name">testing_downloads_checkBox_text_by_UnChecking</span>
                <span class="method-start">22073 ms</span>
              </div> <!-- test-method -->
            </div> <!-- chronological-class -->
            <div class="chronological-class">
              <div class="chronological-class-name">testcases.TC3_RadioButton_Page</div> <!-- chronological-class-name -->
              <div class="configuration-class before">
                <span class="method-name">opening_RadioButton_page</span>
                <span class="method-start">22535 ms</span>
              </div> <!-- configuration-class before -->
              <div class="test-method">
                <span class="method-name">testing_status_of_radiobuttons</span>
                <span class="method-start">23240 ms</span>
              </div> <!-- test-method -->
              <div class="configuration-method after">
                <span class="method-name">refresh_page</span>
                <span class="method-start">23790 ms</span>
              </div> <!-- configuration-method after -->
              <div class="test-method">
                <span class="method-name">testing_Yes_radio_button</span>
                <span class="method-start">24427 ms</span>
              </div> <!-- test-method -->
              <div class="configuration-method after">
                <span class="method-name">refresh_page</span>
                <span class="method-start">25011 ms</span>
              </div> <!-- configuration-method after -->
              <div class="test-method">
                <span class="method-name">testing_Impressive_radio_button</span>
                <span class="method-start">25649 ms</span>
              </div> <!-- test-method -->
              <div class="configuration-method after">
                <span class="method-name">refresh_page</span>
                <span class="method-start">26225 ms</span>
              </div> <!-- configuration-method after -->
              <div class="test-method">
                <span class="method-name">testing_No_radio_button</span>
                <span class="method-start">26877 ms</span>
              </div> <!-- test-method -->
              <div class="configuration-method after">
                <span class="method-name">refresh_page</span>
                <span class="method-start">27453 ms</span>
              </div> <!-- configuration-method after -->
            </div> <!-- chronological-class -->
            <div class="chronological-class">
              <div class="chronological-class-name">testcases.TC5_Buttons_Page</div> <!-- chronological-class-name -->
              <div class="configuration-class before">
                <span class="method-name">opening_RadioButton_page</span>
                <span class="method-start">28457 ms</span>
              </div> <!-- configuration-class before -->
              <div class="test-method">
                <span class="method-name">testing_left_click_button</span>
                <span class="method-start">29229 ms</span>
              </div> <!-- test-method -->
              <div class="configuration-method after">
                <span class="method-name">refresh_page</span>
                <span class="method-start">29834 ms</span>
              </div> <!-- configuration-method after -->
              <div class="test-method">
                <span class="method-name">testing_right_click_button</span>
                <span class="method-start">30444 ms</span>
              </div> <!-- test-method -->
              <div class="configuration-method after">
                <span class="method-name">refresh_page</span>
                <span class="method-start">31301 ms</span>
              </div> <!-- configuration-method after -->
              <div class="test-method">
                <span class="method-name">testing_double_click_button</span>
                <span class="method-start">31930 ms</span>
              </div> <!-- test-method -->
              <div class="configuration-method after">
                <span class="method-name">refresh_page</span>
                <span class="method-start">32954 ms</span>
              </div> <!-- configuration-method after -->
            </div> <!-- chronological-class -->
            <div class="chronological-class">
              <div class="chronological-class-name">testcases.TC6_Links_Page</div> <!-- chronological-class-name -->
              <div class="configuration-class before">
                <span class="method-name">opening_RadioButton_page</span>
                <span class="method-start">33704 ms</span>
              </div> <!-- configuration-class before -->
              <div class="test-method">
                <span class="method-name">testing_simpleLink_link</span>
                <span class="method-start">34372 ms</span>
              </div> <!-- test-method -->
              <div class="configuration-method after">
                <span class="method-name">refresh_page</span>
                <span class="method-start">34903 ms</span>
              </div> <!-- configuration-method after -->
              <div class="test-method">
                <span class="method-name">testing_dynamicLink_link</span>
                <span class="method-start">38572 ms</span>
              </div> <!-- test-method -->
              <div class="configuration-method after">
                <span class="method-name">refresh_page</span>
                <span class="method-start">39155 ms</span>
              </div> <!-- configuration-method after -->
              <div class="test-method">
                <img src="failed.png">
                </img>
                <span class="method-name">testing_created_link</span>
                <span class="method-start">43172 ms</span>
              </div> <!-- test-method -->
              <div class="configuration-method after">
                <span class="method-name">refresh_page</span>
                <span class="method-start">43760 ms</span>
              </div> <!-- configuration-method after -->
              <div class="test-method">
                <img src="failed.png">
                </img>
                <span class="method-name">testing_links_noContent_link</span>
                <span class="method-start">47407 ms</span>
              </div> <!-- test-method -->
              <div class="configuration-method after">
                <span class="method-name">refresh_page</span>
                <span class="method-start">48110 ms</span>
              </div> <!-- configuration-method after -->
              <div class="test-method">
                <img src="failed.png">
                </img>
                <span class="method-name">testing_links_links_moved_link</span>
                <span class="method-start">51755 ms</span>
              </div> <!-- test-method -->
              <div class="configuration-method after">
                <span class="method-name">refresh_page</span>
                <span class="method-start">52309 ms</span>
              </div> <!-- configuration-method after -->
              <div class="test-method">
                <img src="failed.png">
                </img>
                <span class="method-name">testing_links_badRequest_link</span>
                <span class="method-start">55964 ms</span>
              </div> <!-- test-method -->
              <div class="configuration-method after">
                <span class="method-name">refresh_page</span>
                <span class="method-start">56523 ms</span>
              </div> <!-- configuration-method after -->
              <div class="test-method">
                <img src="failed.png">
                </img>
                <span class="method-name">testing_links_links_unauthorized_link</span>
                <span class="method-start">60131 ms</span>
              </div> <!-- test-method -->
              <div class="configuration-method after">
                <span class="method-name">refresh_page</span>
                <span class="method-start">60695 ms</span>
              </div> <!-- configuration-method after -->
              <div class="test-method">
                <img src="failed.png">
                </img>
                <span class="method-name">testing_links_forbidden_link</span>
                <span class="method-start">64379 ms</span>
              </div> <!-- test-method -->
              <div class="configuration-method after">
                <span class="method-name">refresh_page</span>
                <span class="method-start">65014 ms</span>
              </div> <!-- configuration-method after -->
              <div class="test-method">
                <img src="failed.png">
                </img>
                <span class="method-name">testing_links_links_invalidUrl_link</span>
                <span class="method-start">68684 ms</span>
              </div> <!-- test-method -->
              <div class="configuration-method after">
                <span class="method-name">refresh_page</span>
                <span class="method-start">69190 ms</span>
              </div> <!-- configuration-method after -->
              <div class="configuration-suite after">
                <span class="method-name">tearDown</span>
                <span class="method-start">72917 ms</span>
              </div> <!-- configuration-suite after -->
          </div> <!-- main-panel-content rounded-window-bottom -->
        </div> <!-- panel -->
      </div> <!-- main-panel-root -->
    </div> <!-- wrapper -->
  </body>
</html>
