<?xml version="1.0" encoding="UTF-8"?>
<testng-results skipped="0" failed="7" ignored="0" total="31" passed="24">
  <reporter-output>
    <line>
      <![CDATA[Evidance of the Test]]>
    </line>
    <line>
      <![CDATA[<hr>]]>
    </line>
    <line>
      <![CDATA[<a href='G:\practiseSelenium\maven2\test-output\screenshots\Pass Evidance of the method - TESTING_USERNAME_SHADOW_ENTERINGTEXT at Mon_Nov_02_12_17_57_IST_2020.jpeg'> <img src='G:\practiseSelenium\maven2\test-output\screenshots\Pass Evidance of the method - TESTING_USERNAME_SHADOW_ENTERINGTEXT at Mon_Nov_02_12_17_57_IST_2020.jpeg' height='200' width='400'/> </a>]]>
    </line>
    <line>
      <![CDATA[Evidance of the Test]]>
    </line>
    <line>
      <![CDATA[<hr>]]>
    </line>
    <line>
      <![CDATA[<a href='G:\practiseSelenium\maven2\test-output\screenshots\Pass Evidance of the method - TESTING_USEREMAIL_SHADOW_ENTERING_VALID_TEXT at Mon_Nov_02_12_17_57_IST_2020.jpeg'> <img src='G:\practiseSelenium\maven2\test-output\screenshots\Pass Evidance of the method - TESTING_USEREMAIL_SHADOW_ENTERING_VALID_TEXT at Mon_Nov_02_12_17_57_IST_2020.jpeg' height='200' width='400'/> </a>]]>
    </line>
    <line>
      <![CDATA[Evidance of the Test]]>
    </line>
    <line>
      <![CDATA[<hr>]]>
    </line>
    <line>
      <![CDATA[<a href='G:\practiseSelenium\maven2\test-output\screenshots\Pass Evidance of the method - TESTING_CURRENTADDRESS_SHADOW_ENTERINGTEXT at Mon_Nov_02_12_17_57_IST_2020.jpeg'> <img src='G:\practiseSelenium\maven2\test-output\screenshots\Pass Evidance of the method - TESTING_CURRENTADDRESS_SHADOW_ENTERINGTEXT at Mon_Nov_02_12_17_57_IST_2020.jpeg' height='200' width='400'/> </a>]]>
    </line>
    <line>
      <![CDATA[Evidance of the Test]]>
    </line>
    <line>
      <![CDATA[<hr>]]>
    </line>
    <line>
      <![CDATA[<a href='G:\practiseSelenium\maven2\test-output\screenshots\Pass Evidance of the method - TESTING_PERMANENADDRESS_SHADOW_ENTERINGTEXT at Mon_Nov_02_12_17_57_IST_2020.jpeg'> <img src='G:\practiseSelenium\maven2\test-output\screenshots\Pass Evidance of the method - TESTING_PERMANENADDRESS_SHADOW_ENTERINGTEXT at Mon_Nov_02_12_17_57_IST_2020.jpeg' height='200' width='400'/> </a>]]>
    </line>
    <line>
      <![CDATA[Evidance of the Test]]>
    </line>
    <line>
      <![CDATA[<hr>]]>
    </line>
    <line>
      <![CDATA[<a href='G:\practiseSelenium\maven2\test-output\screenshots\Pass Evidance of the method - TESTING_SUBMIT_BUTTON_WITH_VALIDDATA at Mon_Nov_02_12_17_57_IST_2020.jpeg'> <img src='G:\practiseSelenium\maven2\test-output\screenshots\Pass Evidance of the method - TESTING_SUBMIT_BUTTON_WITH_VALIDDATA at Mon_Nov_02_12_17_57_IST_2020.jpeg' height='200' width='400'/> </a>]]>
    </line>
    <line>
      <![CDATA[Evidance of the Test]]>
    </line>
    <line>
      <![CDATA[<hr>]]>
    </line>
    <line>
      <![CDATA[<a href='G:\practiseSelenium\maven2\test-output\screenshots\Pass Evidance of the method - TESTING_FORM_BY_ENTERING_INVALID_EMAIL at Mon_Nov_02_12_17_57_IST_2020.jpeg'> <img src='G:\practiseSelenium\maven2\test-output\screenshots\Pass Evidance of the method - TESTING_FORM_BY_ENTERING_INVALID_EMAIL at Mon_Nov_02_12_17_57_IST_2020.jpeg' height='200' width='400'/> </a>]]>
    </line>
    <line>
      <![CDATA[Evidance of the Test]]>
    </line>
    <line>
      <![CDATA[<hr>]]>
    </line>
    <line>
      <![CDATA[<a href='G:\practiseSelenium\maven2\test-output\screenshots\Pass Evidance of the method - TESTING_UNEXPANDED_EXPANSION at Mon_Nov_02_12_17_57_IST_2020.jpeg'> <img src='G:\practiseSelenium\maven2\test-output\screenshots\Pass Evidance of the method - TESTING_UNEXPANDED_EXPANSION at Mon_Nov_02_12_17_57_IST_2020.jpeg' height='200' width='400'/> </a>]]>
    </line>
    <line>
      <![CDATA[Evidance of the Test]]>
    </line>
    <line>
      <![CDATA[<hr>]]>
    </line>
    <line>
      <![CDATA[<a href='G:\practiseSelenium\maven2\test-output\screenshots\Pass Evidance of the method - TESTING_EXPANDALL_BUTTON at Mon_Nov_02_12_17_57_IST_2020.jpeg'> <img src='G:\practiseSelenium\maven2\test-output\screenshots\Pass Evidance of the method - TESTING_EXPANDALL_BUTTON at Mon_Nov_02_12_17_57_IST_2020.jpeg' height='200' width='400'/> </a>]]>
    </line>
    <line>
      <![CDATA[Evidance of the Test]]>
    </line>
    <line>
      <![CDATA[<hr>]]>
    </line>
    <line>
      <![CDATA[<a href='G:\practiseSelenium\maven2\test-output\screenshots\Pass Evidance of the method - TESTING_COLLAPSEALL_BUTTON at Mon_Nov_02_12_17_57_IST_2020.jpeg'> <img src='G:\practiseSelenium\maven2\test-output\screenshots\Pass Evidance of the method - TESTING_COLLAPSEALL_BUTTON at Mon_Nov_02_12_17_57_IST_2020.jpeg' height='200' width='400'/> </a>]]>
    </line>
    <line>
      <![CDATA[Evidance of the Test]]>
    </line>
    <line>
      <![CDATA[<hr>]]>
    </line>
    <line>
      <![CDATA[<a href='G:\practiseSelenium\maven2\test-output\screenshots\Pass Evidance of the method - TESTING_DESKTOP_CHECKBOX_TEXT_BY_CHECKING at Mon_Nov_02_12_17_57_IST_2020.jpeg'> <img src='G:\practiseSelenium\maven2\test-output\screenshots\Pass Evidance of the method - TESTING_DESKTOP_CHECKBOX_TEXT_BY_CHECKING at Mon_Nov_02_12_17_57_IST_2020.jpeg' height='200' width='400'/> </a>]]>
    </line>
    <line>
      <![CDATA[Evidance of the Test]]>
    </line>
    <line>
      <![CDATA[<hr>]]>
    </line>
    <line>
      <![CDATA[<a href='G:\practiseSelenium\maven2\test-output\screenshots\Pass Evidance of the method - TESTING_DESKTOP_CHECKBOX_TEXT_BY_UNCHECKING at Mon_Nov_02_12_17_57_IST_2020.jpeg'> <img src='G:\practiseSelenium\maven2\test-output\screenshots\Pass Evidance of the method - TESTING_DESKTOP_CHECKBOX_TEXT_BY_UNCHECKING at Mon_Nov_02_12_17_57_IST_2020.jpeg' height='200' width='400'/> </a>]]>
    </line>
    <line>
      <![CDATA[Evidance of the Test]]>
    </line>
    <line>
      <![CDATA[<hr>]]>
    </line>
    <line>
      <![CDATA[<a href='G:\practiseSelenium\maven2\test-output\screenshots\Pass Evidance of the method - TESTING_DOCUMENTS_CHECKBOX_TEXT_BY_CHECKING at Mon_Nov_02_12_17_57_IST_2020.jpeg'> <img src='G:\practiseSelenium\maven2\test-output\screenshots\Pass Evidance of the method - TESTING_DOCUMENTS_CHECKBOX_TEXT_BY_CHECKING at Mon_Nov_02_12_17_57_IST_2020.jpeg' height='200' width='400'/> </a>]]>
    </line>
    <line>
      <![CDATA[Evidance of the Test]]>
    </line>
    <line>
      <![CDATA[<hr>]]>
    </line>
    <line>
      <![CDATA[<a href='G:\practiseSelenium\maven2\test-output\screenshots\Pass Evidance of the method - TESTING_DOCUMENTS_CHECKBOX_TEXT_BY_UNCHECKING at Mon_Nov_02_12_17_57_IST_2020.jpeg'> <img src='G:\practiseSelenium\maven2\test-output\screenshots\Pass Evidance of the method - TESTING_DOCUMENTS_CHECKBOX_TEXT_BY_UNCHECKING at Mon_Nov_02_12_17_57_IST_2020.jpeg' height='200' width='400'/> </a>]]>
    </line>
    <line>
      <![CDATA[Evidance of the Test]]>
    </line>
    <line>
      <![CDATA[<hr>]]>
    </line>
    <line>
      <![CDATA[<a href='G:\practiseSelenium\maven2\test-output\screenshots\Pass Evidance of the method - TESTING_DOWNLOADS_CHECKBOX_TEXT_BY_CHECKING at Mon_Nov_02_12_17_57_IST_2020.jpeg'> <img src='G:\practiseSelenium\maven2\test-output\screenshots\Pass Evidance of the method - TESTING_DOWNLOADS_CHECKBOX_TEXT_BY_CHECKING at Mon_Nov_02_12_17_57_IST_2020.jpeg' height='200' width='400'/> </a>]]>
    </line>
    <line>
      <![CDATA[Evidance of the Test]]>
    </line>
    <line>
      <![CDATA[<hr>]]>
    </line>
    <line>
      <![CDATA[<a href='G:\practiseSelenium\maven2\test-output\screenshots\Pass Evidance of the method - TESTING_DOWNLOADS_CHECKBOX_TEXT_BY_UNCHECKING at Mon_Nov_02_12_17_57_IST_2020.jpeg'> <img src='G:\practiseSelenium\maven2\test-output\screenshots\Pass Evidance of the method - TESTING_DOWNLOADS_CHECKBOX_TEXT_BY_UNCHECKING at Mon_Nov_02_12_17_57_IST_2020.jpeg' height='200' width='400'/> </a>]]>
    </line>
    <line>
      <![CDATA[Evidance of the Test]]>
    </line>
    <line>
      <![CDATA[<hr>]]>
    </line>
    <line>
      <![CDATA[<a href='G:\practiseSelenium\maven2\test-output\screenshots\Pass Evidance of the method - TESTING_STATUS_OF_RADIOBUTTONS at Mon_Nov_02_12_17_57_IST_2020.jpeg'> <img src='G:\practiseSelenium\maven2\test-output\screenshots\Pass Evidance of the method - TESTING_STATUS_OF_RADIOBUTTONS at Mon_Nov_02_12_17_57_IST_2020.jpeg' height='200' width='400'/> </a>]]>
    </line>
    <line>
      <![CDATA[Evidance of the Test]]>
    </line>
    <line>
      <![CDATA[<hr>]]>
    </line>
    <line>
      <![CDATA[<a href='G:\practiseSelenium\maven2\test-output\screenshots\Pass Evidance of the method - TESTING_YES_RADIO_BUTTON at Mon_Nov_02_12_17_57_IST_2020.jpeg'> <img src='G:\practiseSelenium\maven2\test-output\screenshots\Pass Evidance of the method - TESTING_YES_RADIO_BUTTON at Mon_Nov_02_12_17_57_IST_2020.jpeg' height='200' width='400'/> </a>]]>
    </line>
    <line>
      <![CDATA[Evidance of the Test]]>
    </line>
    <line>
      <![CDATA[<hr>]]>
    </line>
    <line>
      <![CDATA[<a href='G:\practiseSelenium\maven2\test-output\screenshots\Pass Evidance of the method - TESTING_IMPRESSIVE_RADIO_BUTTON at Mon_Nov_02_12_17_57_IST_2020.jpeg'> <img src='G:\practiseSelenium\maven2\test-output\screenshots\Pass Evidance of the method - TESTING_IMPRESSIVE_RADIO_BUTTON at Mon_Nov_02_12_17_57_IST_2020.jpeg' height='200' width='400'/> </a>]]>
    </line>
    <line>
      <![CDATA[Evidance of the Test]]>
    </line>
    <line>
      <![CDATA[<hr>]]>
    </line>
    <line>
      <![CDATA[<a href='G:\practiseSelenium\maven2\test-output\screenshots\Pass Evidance of the method - TESTING_NO_RADIO_BUTTON at Mon_Nov_02_12_17_57_IST_2020.jpeg'> <img src='G:\practiseSelenium\maven2\test-output\screenshots\Pass Evidance of the method - TESTING_NO_RADIO_BUTTON at Mon_Nov_02_12_17_57_IST_2020.jpeg' height='200' width='400'/> </a>]]>
    </line>
    <line>
      <![CDATA[Evidance of the Test]]>
    </line>
    <line>
      <![CDATA[<hr>]]>
    </line>
    <line>
      <![CDATA[<a href='G:\practiseSelenium\maven2\test-output\screenshots\Pass Evidance of the method - TESTING_LEFT_CLICK_BUTTON at Mon_Nov_02_12_17_57_IST_2020.jpeg'> <img src='G:\practiseSelenium\maven2\test-output\screenshots\Pass Evidance of the method - TESTING_LEFT_CLICK_BUTTON at Mon_Nov_02_12_17_57_IST_2020.jpeg' height='200' width='400'/> </a>]]>
    </line>
    <line>
      <![CDATA[Evidance of the Test]]>
    </line>
    <line>
      <![CDATA[<hr>]]>
    </line>
    <line>
      <![CDATA[<a href='G:\practiseSelenium\maven2\test-output\screenshots\Pass Evidance of the method - TESTING_RIGHT_CLICK_BUTTON at Mon_Nov_02_12_17_57_IST_2020.jpeg'> <img src='G:\practiseSelenium\maven2\test-output\screenshots\Pass Evidance of the method - TESTING_RIGHT_CLICK_BUTTON at Mon_Nov_02_12_17_57_IST_2020.jpeg' height='200' width='400'/> </a>]]>
    </line>
    <line>
      <![CDATA[Evidance of the Test]]>
    </line>
    <line>
      <![CDATA[<hr>]]>
    </line>
    <line>
      <![CDATA[<a href='G:\practiseSelenium\maven2\test-output\screenshots\Pass Evidance of the method - TESTING_DOUBLE_CLICK_BUTTON at Mon_Nov_02_12_17_57_IST_2020.jpeg'> <img src='G:\practiseSelenium\maven2\test-output\screenshots\Pass Evidance of the method - TESTING_DOUBLE_CLICK_BUTTON at Mon_Nov_02_12_17_57_IST_2020.jpeg' height='200' width='400'/> </a>]]>
    </line>
    <line>
      <![CDATA[Evidance of the Test]]>
    </line>
    <line>
      <![CDATA[<hr>]]>
    </line>
    <line>
      <![CDATA[<a href='G:\practiseSelenium\maven2\test-output\screenshots\Pass Evidance of the method - TESTING_SIMPLELINK_LINK at Mon_Nov_02_12_17_57_IST_2020.jpeg'> <img src='G:\practiseSelenium\maven2\test-output\screenshots\Pass Evidance of the method - TESTING_SIMPLELINK_LINK at Mon_Nov_02_12_17_57_IST_2020.jpeg' height='200' width='400'/> </a>]]>
    </line>
    <line>
      <![CDATA[Evidance of the Test]]>
    </line>
    <line>
      <![CDATA[<hr>]]>
    </line>
    <line>
      <![CDATA[<a href='G:\practiseSelenium\maven2\test-output\screenshots\Pass Evidance of the method - TESTING_DYNAMICLINK_LINK at Mon_Nov_02_12_17_57_IST_2020.jpeg'> <img src='G:\practiseSelenium\maven2\test-output\screenshots\Pass Evidance of the method - TESTING_DYNAMICLINK_LINK at Mon_Nov_02_12_17_57_IST_2020.jpeg' height='200' width='400'/> </a>]]>
    </line>
    <line>
      <![CDATA[Evidance of the Test]]>
    </line>
    <line>
      <![CDATA[<hr>]]>
    </line>
    <line>
      <![CDATA[<a href='G:\practiseSelenium\maven2\test-output\screenshots\Fail Evidance of the method - TESTING_CREATED_LINK at Mon_Nov_02_12_17_57_IST_2020.jpeg'> <img src='G:\practiseSelenium\maven2\test-output\screenshots\Fail Evidance of the method - TESTING_CREATED_LINK at Mon_Nov_02_12_17_57_IST_2020.jpeg' height='200' width='400'/> </a>]]>
    </line>
    <line>
      <![CDATA[Evidance of the Test]]>
    </line>
    <line>
      <![CDATA[<hr>]]>
    </line>
    <line>
      <![CDATA[<a href='G:\practiseSelenium\maven2\test-output\screenshots\Fail Evidance of the method - TESTING_LINKS_NOCONTENT_LINK at Mon_Nov_02_12_17_57_IST_2020.jpeg'> <img src='G:\practiseSelenium\maven2\test-output\screenshots\Fail Evidance of the method - TESTING_LINKS_NOCONTENT_LINK at Mon_Nov_02_12_17_57_IST_2020.jpeg' height='200' width='400'/> </a>]]>
    </line>
    <line>
      <![CDATA[Evidance of the Test]]>
    </line>
    <line>
      <![CDATA[<hr>]]>
    </line>
    <line>
      <![CDATA[<a href='G:\practiseSelenium\maven2\test-output\screenshots\Fail Evidance of the method - TESTING_LINKS_LINKS_MOVED_LINK at Mon_Nov_02_12_17_57_IST_2020.jpeg'> <img src='G:\practiseSelenium\maven2\test-output\screenshots\Fail Evidance of the method - TESTING_LINKS_LINKS_MOVED_LINK at Mon_Nov_02_12_17_57_IST_2020.jpeg' height='200' width='400'/> </a>]]>
    </line>
    <line>
      <![CDATA[Evidance of the Test]]>
    </line>
    <line>
      <![CDATA[<hr>]]>
    </line>
    <line>
      <![CDATA[<a href='G:\practiseSelenium\maven2\test-output\screenshots\Fail Evidance of the method - TESTING_LINKS_BADREQUEST_LINK at Mon_Nov_02_12_17_57_IST_2020.jpeg'> <img src='G:\practiseSelenium\maven2\test-output\screenshots\Fail Evidance of the method - TESTING_LINKS_BADREQUEST_LINK at Mon_Nov_02_12_17_57_IST_2020.jpeg' height='200' width='400'/> </a>]]>
    </line>
    <line>
      <![CDATA[Evidance of the Test]]>
    </line>
    <line>
      <![CDATA[<hr>]]>
    </line>
    <line>
      <![CDATA[<a href='G:\practiseSelenium\maven2\test-output\screenshots\Fail Evidance of the method - TESTING_LINKS_LINKS_UNAUTHORIZED_LINK at Mon_Nov_02_12_17_57_IST_2020.jpeg'> <img src='G:\practiseSelenium\maven2\test-output\screenshots\Fail Evidance of the method - TESTING_LINKS_LINKS_UNAUTHORIZED_LINK at Mon_Nov_02_12_17_57_IST_2020.jpeg' height='200' width='400'/> </a>]]>
    </line>
    <line>
      <![CDATA[Evidance of the Test]]>
    </line>
    <line>
      <![CDATA[<hr>]]>
    </line>
    <line>
      <![CDATA[<a href='G:\practiseSelenium\maven2\test-output\screenshots\Fail Evidance of the method - TESTING_LINKS_FORBIDDEN_LINK at Mon_Nov_02_12_17_57_IST_2020.jpeg'> <img src='G:\practiseSelenium\maven2\test-output\screenshots\Fail Evidance of the method - TESTING_LINKS_FORBIDDEN_LINK at Mon_Nov_02_12_17_57_IST_2020.jpeg' height='200' width='400'/> </a>]]>
    </line>
    <line>
      <![CDATA[Evidance of the Test]]>
    </line>
    <line>
      <![CDATA[<hr>]]>
    </line>
    <line>
      <![CDATA[<a href='G:\practiseSelenium\maven2\test-output\screenshots\Fail Evidance of the method - TESTING_LINKS_LINKS_INVALIDURL_LINK at Mon_Nov_02_12_17_57_IST_2020.jpeg'> <img src='G:\practiseSelenium\maven2\test-output\screenshots\Fail Evidance of the method - TESTING_LINKS_LINKS_INVALIDURL_LINK at Mon_Nov_02_12_17_57_IST_2020.jpeg' height='200' width='400'/> </a>]]>
    </line>
  </reporter-output>
  <suite name="Testing ToolsQA Suite" duration-ms="66429" started-at="2020-11-02T06:48:03Z" finished-at="2020-11-02T06:49:10Z">
    <groups>
    </groups>
    <test name="Text Box Test" duration-ms="10473" started-at="2020-11-02T06:48:03Z" finished-at="2020-11-02T06:48:14Z">
      <class name="testcases.TC1_TextBox_Page">
        <test-method status="PASS" signature="opening_TextBox_Page()[pri:0, instance:testcases.TC1_TextBox_Page@14bf9759]" name="opening_TextBox_Page" is-config="true" duration-ms="3518" started-at="2020-11-02T06:48:03Z" finished-at="2020-11-02T06:48:07Z">
          <reporter-output>
          </reporter-output>
        </test-method> <!-- opening_TextBox_Page -->
        <test-method status="PASS" signature="testing_userName_shadow_enteringText()[pri:1, instance:testcases.TC1_TextBox_Page@14bf9759]" name="testing_userName_shadow_enteringText" duration-ms="333" started-at="2020-11-02T06:48:07Z" finished-at="2020-11-02T06:48:07Z">
          <reporter-output>
            <line>
              <![CDATA[Evidance of the Test]]>
            </line>
            <line>
              <![CDATA[<hr>]]>
            </line>
            <line>
              <![CDATA[<a href='G:\practiseSelenium\maven2\test-output\screenshots\Pass Evidance of the method - TESTING_USERNAME_SHADOW_ENTERINGTEXT at Mon_Nov_02_12_17_57_IST_2020.jpeg'> <img src='G:\practiseSelenium\maven2\test-output\screenshots\Pass Evidance of the method - TESTING_USERNAME_SHADOW_ENTERINGTEXT at Mon_Nov_02_12_17_57_IST_2020.jpeg' height='200' width='400'/> </a>]]>
            </line>
          </reporter-output>
        </test-method> <!-- testing_userName_shadow_enteringText -->
        <test-method status="PASS" signature="testing_userEmail_shadow_entering_Valid_Text()[pri:2, instance:testcases.TC1_TextBox_Page@14bf9759]" name="testing_userEmail_shadow_entering_Valid_Text" duration-ms="255" started-at="2020-11-02T06:48:08Z" finished-at="2020-11-02T06:48:08Z">
          <reporter-output>
            <line>
              <![CDATA[Evidance of the Test]]>
            </line>
            <line>
              <![CDATA[<hr>]]>
            </line>
            <line>
              <![CDATA[<a href='G:\practiseSelenium\maven2\test-output\screenshots\Pass Evidance of the method - TESTING_USEREMAIL_SHADOW_ENTERING_VALID_TEXT at Mon_Nov_02_12_17_57_IST_2020.jpeg'> <img src='G:\practiseSelenium\maven2\test-output\screenshots\Pass Evidance of the method - TESTING_USEREMAIL_SHADOW_ENTERING_VALID_TEXT at Mon_Nov_02_12_17_57_IST_2020.jpeg' height='200' width='400'/> </a>]]>
            </line>
          </reporter-output>
        </test-method> <!-- testing_userEmail_shadow_entering_Valid_Text -->
        <test-method status="PASS" signature="testing_currentAddress_shadow_enteringText()[pri:3, instance:testcases.TC1_TextBox_Page@14bf9759]" name="testing_currentAddress_shadow_enteringText" duration-ms="395" started-at="2020-11-02T06:48:08Z" finished-at="2020-11-02T06:48:09Z">
          <reporter-output>
            <line>
              <![CDATA[Evidance of the Test]]>
            </line>
            <line>
              <![CDATA[<hr>]]>
            </line>
            <line>
              <![CDATA[<a href='G:\practiseSelenium\maven2\test-output\screenshots\Pass Evidance of the method - TESTING_CURRENTADDRESS_SHADOW_ENTERINGTEXT at Mon_Nov_02_12_17_57_IST_2020.jpeg'> <img src='G:\practiseSelenium\maven2\test-output\screenshots\Pass Evidance of the method - TESTING_CURRENTADDRESS_SHADOW_ENTERINGTEXT at Mon_Nov_02_12_17_57_IST_2020.jpeg' height='200' width='400'/> </a>]]>
            </line>
          </reporter-output>
        </test-method> <!-- testing_currentAddress_shadow_enteringText -->
        <test-method status="PASS" signature="testing_permanenAddress_shadow_enteringText()[pri:4, instance:testcases.TC1_TextBox_Page@14bf9759]" name="testing_permanenAddress_shadow_enteringText" duration-ms="328" started-at="2020-11-02T06:48:09Z" finished-at="2020-11-02T06:48:10Z">
          <reporter-output>
            <line>
              <![CDATA[Evidance of the Test]]>
            </line>
            <line>
              <![CDATA[<hr>]]>
            </line>
            <line>
              <![CDATA[<a href='G:\practiseSelenium\maven2\test-output\screenshots\Pass Evidance of the method - TESTING_PERMANENADDRESS_SHADOW_ENTERINGTEXT at Mon_Nov_02_12_17_57_IST_2020.jpeg'> <img src='G:\practiseSelenium\maven2\test-output\screenshots\Pass Evidance of the method - TESTING_PERMANENADDRESS_SHADOW_ENTERINGTEXT at Mon_Nov_02_12_17_57_IST_2020.jpeg' height='200' width='400'/> </a>]]>
            </line>
          </reporter-output>
        </test-method> <!-- testing_permanenAddress_shadow_enteringText -->
        <test-method status="PASS" signature="testing_submit_button_with_ValidData()[pri:5, instance:testcases.TC1_TextBox_Page@14bf9759]" name="testing_submit_button_with_ValidData" duration-ms="1534" started-at="2020-11-02T06:48:10Z" finished-at="2020-11-02T06:48:12Z">
          <reporter-output>
            <line>
              <![CDATA[Evidance of the Test]]>
            </line>
            <line>
              <![CDATA[<hr>]]>
            </line>
            <line>
              <![CDATA[<a href='G:\practiseSelenium\maven2\test-output\screenshots\Pass Evidance of the method - TESTING_SUBMIT_BUTTON_WITH_VALIDDATA at Mon_Nov_02_12_17_57_IST_2020.jpeg'> <img src='G:\practiseSelenium\maven2\test-output\screenshots\Pass Evidance of the method - TESTING_SUBMIT_BUTTON_WITH_VALIDDATA at Mon_Nov_02_12_17_57_IST_2020.jpeg' height='200' width='400'/> </a>]]>
            </line>
          </reporter-output>
        </test-method> <!-- testing_submit_button_with_ValidData -->
        <test-method status="PASS" signature="testing_form_by_entering_Invalid_Email()[pri:6, instance:testcases.TC1_TextBox_Page@14bf9759]" name="testing_form_by_entering_Invalid_Email" duration-ms="1546" started-at="2020-11-02T06:48:12Z" finished-at="2020-11-02T06:48:14Z">
          <reporter-output>
            <line>
              <![CDATA[Evidance of the Test]]>
            </line>
            <line>
              <![CDATA[<hr>]]>
            </line>
            <line>
              <![CDATA[<a href='G:\practiseSelenium\maven2\test-output\screenshots\Pass Evidance of the method - TESTING_FORM_BY_ENTERING_INVALID_EMAIL at Mon_Nov_02_12_17_57_IST_2020.jpeg'> <img src='G:\practiseSelenium\maven2\test-output\screenshots\Pass Evidance of the method - TESTING_FORM_BY_ENTERING_INVALID_EMAIL at Mon_Nov_02_12_17_57_IST_2020.jpeg' height='200' width='400'/> </a>]]>
            </line>
          </reporter-output>
        </test-method> <!-- testing_form_by_entering_Invalid_Email -->
      </class> <!-- testcases.TC1_TextBox_Page -->
    </test> <!-- Text Box Test -->
    <test name="Check Box Test" duration-ms="5589" started-at="2020-11-02T06:48:14Z" finished-at="2020-11-02T06:48:20Z">
      <class name="testcases.TC2_CheckBox_Page">
        <test-method status="PASS" signature="opening_CheckBox_Page()[pri:0, instance:testcases.TC2_CheckBox_Page@20322d26]" name="opening_CheckBox_Page" is-config="true" duration-ms="629" started-at="2020-11-02T06:48:14Z" finished-at="2020-11-02T06:48:15Z">
          <reporter-output>
          </reporter-output>
        </test-method> <!-- opening_CheckBox_Page -->
        <test-method status="PASS" signature="settingUp()[pri:0, instance:testcases.TC2_CheckBox_Page@20322d26]" name="settingUp" is-config="true" duration-ms="1" started-at="2020-11-02T06:48:15Z" finished-at="2020-11-02T06:48:15Z">
          <reporter-output>
          </reporter-output>
        </test-method> <!-- settingUp -->
        <test-method status="PASS" signature="testing_Unexpanded_Expansion()[pri:7, instance:testcases.TC2_CheckBox_Page@20322d26]" name="testing_Unexpanded_Expansion" duration-ms="51" started-at="2020-11-02T06:48:15Z" finished-at="2020-11-02T06:48:15Z">
          <reporter-output>
            <line>
              <![CDATA[Evidance of the Test]]>
            </line>
            <line>
              <![CDATA[<hr>]]>
            </line>
            <line>
              <![CDATA[<a href='G:\practiseSelenium\maven2\test-output\screenshots\Pass Evidance of the method - TESTING_UNEXPANDED_EXPANSION at Mon_Nov_02_12_17_57_IST_2020.jpeg'> <img src='G:\practiseSelenium\maven2\test-output\screenshots\Pass Evidance of the method - TESTING_UNEXPANDED_EXPANSION at Mon_Nov_02_12_17_57_IST_2020.jpeg' height='200' width='400'/> </a>]]>
            </line>
          </reporter-output>
        </test-method> <!-- testing_Unexpanded_Expansion -->
        <test-method status="PASS" signature="settingUp()[pri:0, instance:testcases.TC2_CheckBox_Page@20322d26]" name="settingUp" is-config="true" duration-ms="0" started-at="2020-11-02T06:48:15Z" finished-at="2020-11-02T06:48:15Z">
          <reporter-output>
          </reporter-output>
        </test-method> <!-- settingUp -->
        <test-method status="PASS" signature="testing_ExpandAll_Button()[pri:8, instance:testcases.TC2_CheckBox_Page@20322d26]" name="testing_ExpandAll_Button" duration-ms="207" started-at="2020-11-02T06:48:15Z" finished-at="2020-11-02T06:48:15Z">
          <reporter-output>
            <line>
              <![CDATA[Evidance of the Test]]>
            </line>
            <line>
              <![CDATA[<hr>]]>
            </line>
            <line>
              <![CDATA[<a href='G:\practiseSelenium\maven2\test-output\screenshots\Pass Evidance of the method - TESTING_EXPANDALL_BUTTON at Mon_Nov_02_12_17_57_IST_2020.jpeg'> <img src='G:\practiseSelenium\maven2\test-output\screenshots\Pass Evidance of the method - TESTING_EXPANDALL_BUTTON at Mon_Nov_02_12_17_57_IST_2020.jpeg' height='200' width='400'/> </a>]]>
            </line>
          </reporter-output>
        </test-method> <!-- testing_ExpandAll_Button -->
        <test-method status="PASS" signature="settingUp()[pri:0, instance:testcases.TC2_CheckBox_Page@20322d26]" name="settingUp" is-config="true" duration-ms="0" started-at="2020-11-02T06:48:16Z" finished-at="2020-11-02T06:48:16Z">
          <reporter-output>
          </reporter-output>
        </test-method> <!-- settingUp -->
        <test-method status="PASS" signature="testing_CollapseAll_Button()[pri:9, instance:testcases.TC2_CheckBox_Page@20322d26]" name="testing_CollapseAll_Button" duration-ms="133" started-at="2020-11-02T06:48:16Z" finished-at="2020-11-02T06:48:16Z">
          <reporter-output>
            <line>
              <![CDATA[Evidance of the Test]]>
            </line>
            <line>
              <![CDATA[<hr>]]>
            </line>
            <line>
              <![CDATA[<a href='G:\practiseSelenium\maven2\test-output\screenshots\Pass Evidance of the method - TESTING_COLLAPSEALL_BUTTON at Mon_Nov_02_12_17_57_IST_2020.jpeg'> <img src='G:\practiseSelenium\maven2\test-output\screenshots\Pass Evidance of the method - TESTING_COLLAPSEALL_BUTTON at Mon_Nov_02_12_17_57_IST_2020.jpeg' height='200' width='400'/> </a>]]>
            </line>
          </reporter-output>
        </test-method> <!-- testing_CollapseAll_Button -->
        <test-method status="PASS" signature="settingUp()[pri:0, instance:testcases.TC2_CheckBox_Page@20322d26]" name="settingUp" is-config="true" duration-ms="0" started-at="2020-11-02T06:48:16Z" finished-at="2020-11-02T06:48:16Z">
          <reporter-output>
          </reporter-output>
        </test-method> <!-- settingUp -->
        <test-method status="PASS" signature="testing_desktop_checkBox_text_by_Checking()[pri:10, instance:testcases.TC2_CheckBox_Page@20322d26]" name="testing_desktop_checkBox_text_by_Checking" duration-ms="245" started-at="2020-11-02T06:48:16Z" finished-at="2020-11-02T06:48:16Z">
          <reporter-output>
            <line>
              <![CDATA[Evidance of the Test]]>
            </line>
            <line>
              <![CDATA[<hr>]]>
            </line>
            <line>
              <![CDATA[<a href='G:\practiseSelenium\maven2\test-output\screenshots\Pass Evidance of the method - TESTING_DESKTOP_CHECKBOX_TEXT_BY_CHECKING at Mon_Nov_02_12_17_57_IST_2020.jpeg'> <img src='G:\practiseSelenium\maven2\test-output\screenshots\Pass Evidance of the method - TESTING_DESKTOP_CHECKBOX_TEXT_BY_CHECKING at Mon_Nov_02_12_17_57_IST_2020.jpeg' height='200' width='400'/> </a>]]>
            </line>
          </reporter-output>
        </test-method> <!-- testing_desktop_checkBox_text_by_Checking -->
        <test-method status="PASS" signature="settingUp()[pri:0, instance:testcases.TC2_CheckBox_Page@20322d26]" name="settingUp" is-config="true" duration-ms="0" started-at="2020-11-02T06:48:17Z" finished-at="2020-11-02T06:48:17Z">
          <reporter-output>
          </reporter-output>
        </test-method> <!-- settingUp -->
        <test-method status="PASS" signature="testing_desktop_checkBox_text_by_UnChecking()[pri:11, instance:testcases.TC2_CheckBox_Page@20322d26]" name="testing_desktop_checkBox_text_by_UnChecking" duration-ms="61" started-at="2020-11-02T06:48:17Z" finished-at="2020-11-02T06:48:17Z">
          <reporter-output>
            <line>
              <![CDATA[Evidance of the Test]]>
            </line>
            <line>
              <![CDATA[<hr>]]>
            </line>
            <line>
              <![CDATA[<a href='G:\practiseSelenium\maven2\test-output\screenshots\Pass Evidance of the method - TESTING_DESKTOP_CHECKBOX_TEXT_BY_UNCHECKING at Mon_Nov_02_12_17_57_IST_2020.jpeg'> <img src='G:\practiseSelenium\maven2\test-output\screenshots\Pass Evidance of the method - TESTING_DESKTOP_CHECKBOX_TEXT_BY_UNCHECKING at Mon_Nov_02_12_17_57_IST_2020.jpeg' height='200' width='400'/> </a>]]>
            </line>
          </reporter-output>
        </test-method> <!-- testing_desktop_checkBox_text_by_UnChecking -->
        <test-method status="PASS" signature="settingUp()[pri:0, instance:testcases.TC2_CheckBox_Page@20322d26]" name="settingUp" is-config="true" duration-ms="0" started-at="2020-11-02T06:48:17Z" finished-at="2020-11-02T06:48:17Z">
          <reporter-output>
          </reporter-output>
        </test-method> <!-- settingUp -->
        <test-method status="PASS" signature="testing_documents_checkBox_text_by_Checking()[pri:12, instance:testcases.TC2_CheckBox_Page@20322d26]" name="testing_documents_checkBox_text_by_Checking" duration-ms="332" started-at="2020-11-02T06:48:17Z" finished-at="2020-11-02T06:48:18Z">
          <reporter-output>
            <line>
              <![CDATA[Evidance of the Test]]>
            </line>
            <line>
              <![CDATA[<hr>]]>
            </line>
            <line>
              <![CDATA[<a href='G:\practiseSelenium\maven2\test-output\screenshots\Pass Evidance of the method - TESTING_DOCUMENTS_CHECKBOX_TEXT_BY_CHECKING at Mon_Nov_02_12_17_57_IST_2020.jpeg'> <img src='G:\practiseSelenium\maven2\test-output\screenshots\Pass Evidance of the method - TESTING_DOCUMENTS_CHECKBOX_TEXT_BY_CHECKING at Mon_Nov_02_12_17_57_IST_2020.jpeg' height='200' width='400'/> </a>]]>
            </line>
          </reporter-output>
        </test-method> <!-- testing_documents_checkBox_text_by_Checking -->
        <test-method status="PASS" signature="settingUp()[pri:0, instance:testcases.TC2_CheckBox_Page@20322d26]" name="settingUp" is-config="true" duration-ms="0" started-at="2020-11-02T06:48:18Z" finished-at="2020-11-02T06:48:18Z">
          <reporter-output>
          </reporter-output>
        </test-method> <!-- settingUp -->
        <test-method status="PASS" signature="testing_documents_checkBox_text_by_UnChecking()[pri:13, instance:testcases.TC2_CheckBox_Page@20322d26]" name="testing_documents_checkBox_text_by_UnChecking" duration-ms="58" started-at="2020-11-02T06:48:18Z" finished-at="2020-11-02T06:48:18Z">
          <reporter-output>
            <line>
              <![CDATA[Evidance of the Test]]>
            </line>
            <line>
              <![CDATA[<hr>]]>
            </line>
            <line>
              <![CDATA[<a href='G:\practiseSelenium\maven2\test-output\screenshots\Pass Evidance of the method - TESTING_DOCUMENTS_CHECKBOX_TEXT_BY_UNCHECKING at Mon_Nov_02_12_17_57_IST_2020.jpeg'> <img src='G:\practiseSelenium\maven2\test-output\screenshots\Pass Evidance of the method - TESTING_DOCUMENTS_CHECKBOX_TEXT_BY_UNCHECKING at Mon_Nov_02_12_17_57_IST_2020.jpeg' height='200' width='400'/> </a>]]>
            </line>
          </reporter-output>
        </test-method> <!-- testing_documents_checkBox_text_by_UnChecking -->
        <test-method status="PASS" signature="settingUp()[pri:0, instance:testcases.TC2_CheckBox_Page@20322d26]" name="settingUp" is-config="true" duration-ms="1" started-at="2020-11-02T06:48:18Z" finished-at="2020-11-02T06:48:18Z">
          <reporter-output>
          </reporter-output>
        </test-method> <!-- settingUp -->
        <test-method status="PASS" signature="testing_downloads_checkBox_text_by_Checking()[pri:14, instance:testcases.TC2_CheckBox_Page@20322d26]" name="testing_downloads_checkBox_text_by_Checking" duration-ms="246" started-at="2020-11-02T06:48:18Z" finished-at="2020-11-02T06:48:19Z">
          <reporter-output>
            <line>
              <![CDATA[Evidance of the Test]]>
            </line>
            <line>
              <![CDATA[<hr>]]>
            </line>
            <line>
              <![CDATA[<a href='G:\practiseSelenium\maven2\test-output\screenshots\Pass Evidance of the method - TESTING_DOWNLOADS_CHECKBOX_TEXT_BY_CHECKING at Mon_Nov_02_12_17_57_IST_2020.jpeg'> <img src='G:\practiseSelenium\maven2\test-output\screenshots\Pass Evidance of the method - TESTING_DOWNLOADS_CHECKBOX_TEXT_BY_CHECKING at Mon_Nov_02_12_17_57_IST_2020.jpeg' height='200' width='400'/> </a>]]>
            </line>
          </reporter-output>
        </test-method> <!-- testing_downloads_checkBox_text_by_Checking -->
        <test-method status="PASS" signature="testing_downloads_checkBox_text_by_UnChecking()[pri:15, instance:testcases.TC2_CheckBox_Page@20322d26]" name="testing_downloads_checkBox_text_by_UnChecking" duration-ms="62" started-at="2020-11-02T06:48:19Z" finished-at="2020-11-02T06:48:19Z">
          <reporter-output>
            <line>
              <![CDATA[Evidance of the Test]]>
            </line>
            <line>
              <![CDATA[<hr>]]>
            </line>
            <line>
              <![CDATA[<a href='G:\practiseSelenium\maven2\test-output\screenshots\Pass Evidance of the method - TESTING_DOWNLOADS_CHECKBOX_TEXT_BY_UNCHECKING at Mon_Nov_02_12_17_57_IST_2020.jpeg'> <img src='G:\practiseSelenium\maven2\test-output\screenshots\Pass Evidance of the method - TESTING_DOWNLOADS_CHECKBOX_TEXT_BY_UNCHECKING at Mon_Nov_02_12_17_57_IST_2020.jpeg' height='200' width='400'/> </a>]]>
            </line>
          </reporter-output>
        </test-method> <!-- testing_downloads_checkBox_text_by_UnChecking -->
        <test-method status="PASS" signature="settingUp()[pri:0, instance:testcases.TC2_CheckBox_Page@20322d26]" name="settingUp" is-config="true" duration-ms="0" started-at="2020-11-02T06:48:19Z" finished-at="2020-11-02T06:48:19Z">
          <reporter-output>
          </reporter-output>
        </test-method> <!-- settingUp -->
      </class> <!-- testcases.TC2_CheckBox_Page -->
    </test> <!-- Check Box Test -->
    <test name="Radio Button Test" duration-ms="5871" started-at="2020-11-02T06:48:20Z" finished-at="2020-11-02T06:48:25Z">
      <class name="testcases.TC3_RadioButton_Page">
        <test-method status="PASS" signature="opening_RadioButton_page()[pri:0, instance:testcases.TC3_RadioButton_Page@7e0b0338]" name="opening_RadioButton_page" is-config="true" duration-ms="705" started-at="2020-11-02T06:48:20Z" finished-at="2020-11-02T06:48:20Z">
          <reporter-output>
          </reporter-output>
        </test-method> <!-- opening_RadioButton_page -->
        <test-method status="PASS" signature="testing_status_of_radiobuttons()[pri:16, instance:testcases.TC3_RadioButton_Page@7e0b0338]" name="testing_status_of_radiobuttons" duration-ms="168" started-at="2020-11-02T06:48:20Z" finished-at="2020-11-02T06:48:20Z">
          <reporter-output>
            <line>
              <![CDATA[Evidance of the Test]]>
            </line>
            <line>
              <![CDATA[<hr>]]>
            </line>
            <line>
              <![CDATA[<a href='G:\practiseSelenium\maven2\test-output\screenshots\Pass Evidance of the method - TESTING_STATUS_OF_RADIOBUTTONS at Mon_Nov_02_12_17_57_IST_2020.jpeg'> <img src='G:\practiseSelenium\maven2\test-output\screenshots\Pass Evidance of the method - TESTING_STATUS_OF_RADIOBUTTONS at Mon_Nov_02_12_17_57_IST_2020.jpeg' height='200' width='400'/> </a>]]>
            </line>
          </reporter-output>
        </test-method> <!-- testing_status_of_radiobuttons -->
        <test-method status="PASS" signature="refresh_page()[pri:0, instance:testcases.TC3_RadioButton_Page@7e0b0338]" name="refresh_page" is-config="true" duration-ms="636" started-at="2020-11-02T06:48:21Z" finished-at="2020-11-02T06:48:21Z">
          <reporter-output>
          </reporter-output>
        </test-method> <!-- refresh_page -->
        <test-method status="PASS" signature="testing_Yes_radio_button()[pri:17, instance:testcases.TC3_RadioButton_Page@7e0b0338]" name="testing_Yes_radio_button" duration-ms="215" started-at="2020-11-02T06:48:21Z" finished-at="2020-11-02T06:48:22Z">
          <reporter-output>
            <line>
              <![CDATA[Evidance of the Test]]>
            </line>
            <line>
              <![CDATA[<hr>]]>
            </line>
            <line>
              <![CDATA[<a href='G:\practiseSelenium\maven2\test-output\screenshots\Pass Evidance of the method - TESTING_YES_RADIO_BUTTON at Mon_Nov_02_12_17_57_IST_2020.jpeg'> <img src='G:\practiseSelenium\maven2\test-output\screenshots\Pass Evidance of the method - TESTING_YES_RADIO_BUTTON at Mon_Nov_02_12_17_57_IST_2020.jpeg' height='200' width='400'/> </a>]]>
            </line>
          </reporter-output>
        </test-method> <!-- testing_Yes_radio_button -->
        <test-method status="PASS" signature="refresh_page()[pri:0, instance:testcases.TC3_RadioButton_Page@7e0b0338]" name="refresh_page" is-config="true" duration-ms="638" started-at="2020-11-02T06:48:22Z" finished-at="2020-11-02T06:48:23Z">
          <reporter-output>
          </reporter-output>
        </test-method> <!-- refresh_page -->
        <test-method status="PASS" signature="testing_Impressive_radio_button()[pri:18, instance:testcases.TC3_RadioButton_Page@7e0b0338]" name="testing_Impressive_radio_button" duration-ms="129" started-at="2020-11-02T06:48:23Z" finished-at="2020-11-02T06:48:23Z">
          <reporter-output>
            <line>
              <![CDATA[Evidance of the Test]]>
            </line>
            <line>
              <![CDATA[<hr>]]>
            </line>
            <line>
              <![CDATA[<a href='G:\practiseSelenium\maven2\test-output\screenshots\Pass Evidance of the method - TESTING_IMPRESSIVE_RADIO_BUTTON at Mon_Nov_02_12_17_57_IST_2020.jpeg'> <img src='G:\practiseSelenium\maven2\test-output\screenshots\Pass Evidance of the method - TESTING_IMPRESSIVE_RADIO_BUTTON at Mon_Nov_02_12_17_57_IST_2020.jpeg' height='200' width='400'/> </a>]]>
            </line>
          </reporter-output>
        </test-method> <!-- testing_Impressive_radio_button -->
        <test-method status="PASS" signature="refresh_page()[pri:0, instance:testcases.TC3_RadioButton_Page@7e0b0338]" name="refresh_page" is-config="true" duration-ms="651" started-at="2020-11-02T06:48:23Z" finished-at="2020-11-02T06:48:24Z">
          <reporter-output>
          </reporter-output>
        </test-method> <!-- refresh_page -->
        <test-method status="PASS" signature="testing_No_radio_button()[pri:19, instance:testcases.TC3_RadioButton_Page@7e0b0338]" name="testing_No_radio_button" duration-ms="179" started-at="2020-11-02T06:48:24Z" finished-at="2020-11-02T06:48:24Z">
          <reporter-output>
            <line>
              <![CDATA[Evidance of the Test]]>
            </line>
            <line>
              <![CDATA[<hr>]]>
            </line>
            <line>
              <![CDATA[<a href='G:\practiseSelenium\maven2\test-output\screenshots\Pass Evidance of the method - TESTING_NO_RADIO_BUTTON at Mon_Nov_02_12_17_57_IST_2020.jpeg'> <img src='G:\practiseSelenium\maven2\test-output\screenshots\Pass Evidance of the method - TESTING_NO_RADIO_BUTTON at Mon_Nov_02_12_17_57_IST_2020.jpeg' height='200' width='400'/> </a>]]>
            </line>
          </reporter-output>
        </test-method> <!-- testing_No_radio_button -->
        <test-method status="PASS" signature="refresh_page()[pri:0, instance:testcases.TC3_RadioButton_Page@7e0b0338]" name="refresh_page" is-config="true" duration-ms="952" started-at="2020-11-02T06:48:25Z" finished-at="2020-11-02T06:48:25Z">
          <reporter-output>
          </reporter-output>
        </test-method> <!-- refresh_page -->
      </class> <!-- testcases.TC3_RadioButton_Page -->
    </test> <!-- Radio Button Test -->
    <test name="Buttons Page Test" duration-ms="5201" started-at="2020-11-02T06:48:26Z" finished-at="2020-11-02T06:48:31Z">
      <class name="testcases.TC5_Buttons_Page">
        <test-method status="PASS" signature="opening_RadioButton_page()[pri:0, instance:testcases.TC5_Buttons_Page@31610302]" name="opening_RadioButton_page" is-config="true" duration-ms="772" started-at="2020-11-02T06:48:26Z" finished-at="2020-11-02T06:48:26Z">
          <reporter-output>
          </reporter-output>
        </test-method> <!-- opening_RadioButton_page -->
        <test-method status="PASS" signature="testing_left_click_button()[pri:20, instance:testcases.TC5_Buttons_Page@31610302]" name="testing_left_click_button" duration-ms="182" started-at="2020-11-02T06:48:26Z" finished-at="2020-11-02T06:48:26Z">
          <reporter-output>
            <line>
              <![CDATA[Evidance of the Test]]>
            </line>
            <line>
              <![CDATA[<hr>]]>
            </line>
            <line>
              <![CDATA[<a href='G:\practiseSelenium\maven2\test-output\screenshots\Pass Evidance of the method - TESTING_LEFT_CLICK_BUTTON at Mon_Nov_02_12_17_57_IST_2020.jpeg'> <img src='G:\practiseSelenium\maven2\test-output\screenshots\Pass Evidance of the method - TESTING_LEFT_CLICK_BUTTON at Mon_Nov_02_12_17_57_IST_2020.jpeg' height='200' width='400'/> </a>]]>
            </line>
          </reporter-output>
        </test-method> <!-- testing_left_click_button -->
        <test-method status="PASS" signature="refresh_page()[pri:0, instance:testcases.TC5_Buttons_Page@31610302]" name="refresh_page" is-config="true" duration-ms="610" started-at="2020-11-02T06:48:27Z" finished-at="2020-11-02T06:48:28Z">
          <reporter-output>
          </reporter-output>
        </test-method> <!-- refresh_page -->
        <test-method status="PASS" signature="testing_right_click_button()[pri:21, instance:testcases.TC5_Buttons_Page@31610302]" name="testing_right_click_button" duration-ms="486" started-at="2020-11-02T06:48:28Z" finished-at="2020-11-02T06:48:28Z">
          <reporter-output>
            <line>
              <![CDATA[Evidance of the Test]]>
            </line>
            <line>
              <![CDATA[<hr>]]>
            </line>
            <line>
              <![CDATA[<a href='G:\practiseSelenium\maven2\test-output\screenshots\Pass Evidance of the method - TESTING_RIGHT_CLICK_BUTTON at Mon_Nov_02_12_17_57_IST_2020.jpeg'> <img src='G:\practiseSelenium\maven2\test-output\screenshots\Pass Evidance of the method - TESTING_RIGHT_CLICK_BUTTON at Mon_Nov_02_12_17_57_IST_2020.jpeg' height='200' width='400'/> </a>]]>
            </line>
          </reporter-output>
        </test-method> <!-- testing_right_click_button -->
        <test-method status="PASS" signature="refresh_page()[pri:0, instance:testcases.TC5_Buttons_Page@31610302]" name="refresh_page" is-config="true" duration-ms="629" started-at="2020-11-02T06:48:28Z" finished-at="2020-11-02T06:48:29Z">
          <reporter-output>
          </reporter-output>
        </test-method> <!-- refresh_page -->
        <test-method status="PASS" signature="testing_double_click_button()[pri:22, instance:testcases.TC5_Buttons_Page@31610302]" name="testing_double_click_button" duration-ms="622" started-at="2020-11-02T06:48:29Z" finished-at="2020-11-02T06:48:30Z">
          <reporter-output>
            <line>
              <![CDATA[Evidance of the Test]]>
            </line>
            <line>
              <![CDATA[<hr>]]>
            </line>
            <line>
              <![CDATA[<a href='G:\practiseSelenium\maven2\test-output\screenshots\Pass Evidance of the method - TESTING_DOUBLE_CLICK_BUTTON at Mon_Nov_02_12_17_57_IST_2020.jpeg'> <img src='G:\practiseSelenium\maven2\test-output\screenshots\Pass Evidance of the method - TESTING_DOUBLE_CLICK_BUTTON at Mon_Nov_02_12_17_57_IST_2020.jpeg' height='200' width='400'/> </a>]]>
            </line>
          </reporter-output>
        </test-method> <!-- testing_double_click_button -->
        <test-method status="PASS" signature="refresh_page()[pri:0, instance:testcases.TC5_Buttons_Page@31610302]" name="refresh_page" is-config="true" duration-ms="704" started-at="2020-11-02T06:48:30Z" finished-at="2020-11-02T06:48:31Z">
          <reporter-output>
          </reporter-output>
        </test-method> <!-- refresh_page -->
      </class> <!-- testcases.TC5_Buttons_Page -->
    </test> <!-- Buttons Page Test -->
    <test name="Links Page Test" duration-ms="39135" started-at="2020-11-02T06:48:31Z" finished-at="2020-11-02T06:49:10Z">
      <class name="testcases.TC6_Links_Page">
        <test-method status="PASS" signature="setUp()[pri:0, instance:testcases.TC6_Links_Page@5ec0a365]" name="setUp" is-config="true" duration-ms="6409" started-at="2020-11-02T06:47:57Z" finished-at="2020-11-02T06:48:03Z">
          <reporter-output>
          </reporter-output>
        </test-method> <!-- setUp -->
        <test-method status="PASS" signature="opening_RadioButton_page()[pri:0, instance:testcases.TC6_Links_Page@5ec0a365]" name="opening_RadioButton_page" is-config="true" duration-ms="668" started-at="2020-11-02T06:48:31Z" finished-at="2020-11-02T06:48:31Z">
          <reporter-output>
          </reporter-output>
        </test-method> <!-- opening_RadioButton_page -->
        <test-method status="PASS" signature="testing_simpleLink_link()[pri:23, instance:testcases.TC6_Links_Page@5ec0a365]" name="testing_simpleLink_link" duration-ms="139" started-at="2020-11-02T06:48:31Z" finished-at="2020-11-02T06:48:32Z">
          <reporter-output>
            <line>
              <![CDATA[Evidance of the Test]]>
            </line>
            <line>
              <![CDATA[<hr>]]>
            </line>
            <line>
              <![CDATA[<a href='G:\practiseSelenium\maven2\test-output\screenshots\Pass Evidance of the method - TESTING_SIMPLELINK_LINK at Mon_Nov_02_12_17_57_IST_2020.jpeg'> <img src='G:\practiseSelenium\maven2\test-output\screenshots\Pass Evidance of the method - TESTING_SIMPLELINK_LINK at Mon_Nov_02_12_17_57_IST_2020.jpeg' height='200' width='400'/> </a>]]>
            </line>
          </reporter-output>
        </test-method> <!-- testing_simpleLink_link -->
        <test-method status="PASS" signature="refresh_page()[pri:0, instance:testcases.TC6_Links_Page@5ec0a365]" name="refresh_page" is-config="true" duration-ms="3669" started-at="2020-11-02T06:48:32Z" finished-at="2020-11-02T06:48:36Z">
          <reporter-output>
          </reporter-output>
        </test-method> <!-- refresh_page -->
        <test-method status="PASS" signature="testing_dynamicLink_link()[pri:24, instance:testcases.TC6_Links_Page@5ec0a365]" name="testing_dynamicLink_link" duration-ms="140" started-at="2020-11-02T06:48:36Z" finished-at="2020-11-02T06:48:36Z">
          <reporter-output>
            <line>
              <![CDATA[Evidance of the Test]]>
            </line>
            <line>
              <![CDATA[<hr>]]>
            </line>
            <line>
              <![CDATA[<a href='G:\practiseSelenium\maven2\test-output\screenshots\Pass Evidance of the method - TESTING_DYNAMICLINK_LINK at Mon_Nov_02_12_17_57_IST_2020.jpeg'> <img src='G:\practiseSelenium\maven2\test-output\screenshots\Pass Evidance of the method - TESTING_DYNAMICLINK_LINK at Mon_Nov_02_12_17_57_IST_2020.jpeg' height='200' width='400'/> </a>]]>
            </line>
          </reporter-output>
        </test-method> <!-- testing_dynamicLink_link -->
        <test-method status="PASS" signature="refresh_page()[pri:0, instance:testcases.TC6_Links_Page@5ec0a365]" name="refresh_page" is-config="true" duration-ms="4017" started-at="2020-11-02T06:48:36Z" finished-at="2020-11-02T06:48:40Z">
          <reporter-output>
          </reporter-output>
        </test-method> <!-- refresh_page -->
        <test-method status="FAIL" signature="testing_created_link()[pri:25, instance:testcases.TC6_Links_Page@5ec0a365]" name="testing_created_link" duration-ms="239" started-at="2020-11-02T06:48:40Z" finished-at="2020-11-02T06:48:40Z">
          <exception class="java.lang.AssertionError">
            <message>
              <![CDATA[expected [null] but found [Link has responded with staus 201 and status text Created]]]>
            </message>
            <full-stacktrace>
              <![CDATA[java.lang.AssertionError: expected [null] but found [Link has responded with staus 201 and status text Created]
at org.testng.Assert.fail(Assert.java:96)
at org.testng.Assert.failNotEquals(Assert.java:776)
at org.testng.Assert.assertEqualsImpl(Assert.java:132)
at org.testng.Assert.assertEquals(Assert.java:118)
at org.testng.Assert.assertEquals(Assert.java:453)
at org.testng.Assert.assertEquals(Assert.java:463)
at testcases.TC6_Links_Page.testing_created_link(TC6_Links_Page.java:89)
at sun.reflect.NativeMethodAccessorImpl.invoke0(Native Method)
at sun.reflect.NativeMethodAccessorImpl.invoke(NativeMethodAccessorImpl.java:62)
at sun.reflect.DelegatingMethodAccessorImpl.invoke(DelegatingMethodAccessorImpl.java:43)
at java.lang.reflect.Method.invoke(Method.java:498)
at org.testng.internal.MethodInvocationHelper.invokeMethod(MethodInvocationHelper.java:124)
at org.testng.internal.Invoker.invokeMethod(Invoker.java:580)
at org.testng.internal.Invoker.invokeTestMethod(Invoker.java:716)
at org.testng.internal.Invoker.invokeTestMethods(Invoker.java:988)
at org.testng.internal.TestMethodWorker.invokeTestMethods(TestMethodWorker.java:125)
at org.testng.internal.TestMethodWorker.run(TestMethodWorker.java:109)
at org.testng.TestRunner.privateRun(TestRunner.java:648)
at org.testng.TestRunner.run(TestRunner.java:505)
at org.testng.SuiteRunner.runTest(SuiteRunner.java:455)
at org.testng.SuiteRunner.runSequentially(SuiteRunner.java:450)
at org.testng.SuiteRunner.privateRun(SuiteRunner.java:415)
at org.testng.SuiteRunner.run(SuiteRunner.java:364)
at org.testng.SuiteRunnerWorker.runSuite(SuiteRunnerWorker.java:52)
at org.testng.SuiteRunnerWorker.run(SuiteRunnerWorker.java:84)
at org.testng.TestNG.runSuitesSequentially(TestNG.java:1208)
at org.testng.TestNG.runSuitesLocally(TestNG.java:1137)
at org.testng.TestNG.runSuites(TestNG.java:1049)
at org.testng.TestNG.run(TestNG.java:1017)
at org.testng.remote.AbstractRemoteTestNG.run(AbstractRemoteTestNG.java:114)
at org.testng.remote.RemoteTestNG.initAndRun(RemoteTestNG.java:251)
at org.testng.remote.RemoteTestNG.main(RemoteTestNG.java:77)
]]>
            </full-stacktrace>
          </exception> <!-- java.lang.AssertionError -->
          <reporter-output>
            <line>
              <![CDATA[Evidance of the Test]]>
            </line>
            <line>
              <![CDATA[<hr>]]>
            </line>
            <line>
              <![CDATA[<a href='G:\practiseSelenium\maven2\test-output\screenshots\Fail Evidance of the method - TESTING_CREATED_LINK at Mon_Nov_02_12_17_57_IST_2020.jpeg'> <img src='G:\practiseSelenium\maven2\test-output\screenshots\Fail Evidance of the method - TESTING_CREATED_LINK at Mon_Nov_02_12_17_57_IST_2020.jpeg' height='200' width='400'/> </a>]]>
            </line>
          </reporter-output>
        </test-method> <!-- testing_created_link -->
        <test-method status="PASS" signature="refresh_page()[pri:0, instance:testcases.TC6_Links_Page@5ec0a365]" name="refresh_page" is-config="true" duration-ms="3647" started-at="2020-11-02T06:48:41Z" finished-at="2020-11-02T06:48:44Z">
          <reporter-output>
          </reporter-output>
        </test-method> <!-- refresh_page -->
        <test-method status="FAIL" signature="testing_links_noContent_link()[pri:26, instance:testcases.TC6_Links_Page@5ec0a365]" name="testing_links_noContent_link" duration-ms="173" started-at="2020-11-02T06:48:44Z" finished-at="2020-11-02T06:48:45Z">
          <exception class="org.openqa.selenium.NoSuchElementException">
            <message>
              <![CDATA[no such element: Unable to locate element: {"method":"xpath","selector":"/html/body/div/div/div/div[2]/div[2]/div[1]/p[10]"}
  (Session info: chrome=86.0.4240.111)
For documentation on this error, please visit: https://www.seleniumhq.org/exceptions/no_such_element.html
Build info: version: '3.141.59', revision: 'e82be7d358', time: '2018-11-14T08:17:03'
System info: host: 'SURYA', ip: '192.168.0.7', os.name: 'Windows 10', os.arch: 'amd64', os.version: '10.0', java.version: '1.8.0_161'
Driver info: org.openqa.selenium.chrome.ChromeDriver
Capabilities {acceptInsecureCerts: false, browserName: chrome, browserVersion: 86.0.4240.111, chrome: {chromedriverVersion: 86.0.4240.22 (398b0743353ff..., userDataDir: C:\Users\Surya\AppData\Loca...}, goog:chromeOptions: {debuggerAddress: localhost:55580}, javascriptEnabled: true, networkConnectionEnabled: false, pageLoadStrategy: normal, platform: WINDOWS, platformName: WINDOWS, proxy: Proxy(), setWindowRect: true, strictFileInteractability: false, timeouts: {implicit: 0, pageLoad: 300000, script: 30000}, unhandledPromptBehavior: dismiss and notify, webauthn:virtualAuthenticators: true}
Session ID: 1a42f6b60d01b01538341f3844822f05
*** Element info: {Using=xpath, value=/html/body/div/div/div/div[2]/div[2]/div[1]/p[10]}]]>
            </message>
            <full-stacktrace>
              <![CDATA[org.openqa.selenium.NoSuchElementException: no such element: Unable to locate element: {"method":"xpath","selector":"/html/body/div/div/div/div[2]/div[2]/div[1]/p[10]"}
  (Session info: chrome=86.0.4240.111)
For documentation on this error, please visit: https://www.seleniumhq.org/exceptions/no_such_element.html
Build info: version: '3.141.59', revision: 'e82be7d358', time: '2018-11-14T08:17:03'
System info: host: 'SURYA', ip: '192.168.0.7', os.name: 'Windows 10', os.arch: 'amd64', os.version: '10.0', java.version: '1.8.0_161'
Driver info: org.openqa.selenium.chrome.ChromeDriver
Capabilities {acceptInsecureCerts: false, browserName: chrome, browserVersion: 86.0.4240.111, chrome: {chromedriverVersion: 86.0.4240.22 (398b0743353ff..., userDataDir: C:\Users\Surya\AppData\Loca...}, goog:chromeOptions: {debuggerAddress: localhost:55580}, javascriptEnabled: true, networkConnectionEnabled: false, pageLoadStrategy: normal, platform: WINDOWS, platformName: WINDOWS, proxy: Proxy(), setWindowRect: true, strictFileInteractability: false, timeouts: {implicit: 0, pageLoad: 300000, script: 30000}, unhandledPromptBehavior: dismiss and notify, webauthn:virtualAuthenticators: true}
Session ID: 1a42f6b60d01b01538341f3844822f05
*** Element info: {Using=xpath, value=/html/body/div/div/div/div[2]/div[2]/div[1]/p[10]}
at sun.reflect.NativeConstructorAccessorImpl.newInstance0(Native Method)
at sun.reflect.NativeConstructorAccessorImpl.newInstance(NativeConstructorAccessorImpl.java:62)
at sun.reflect.DelegatingConstructorAccessorImpl.newInstance(DelegatingConstructorAccessorImpl.java:45)
at java.lang.reflect.Constructor.newInstance(Constructor.java:423)
at org.openqa.selenium.remote.http.W3CHttpResponseCodec.createException(W3CHttpResponseCodec.java:187)
at org.openqa.selenium.remote.http.W3CHttpResponseCodec.decode(W3CHttpResponseCodec.java:122)
at org.openqa.selenium.remote.http.W3CHttpResponseCodec.decode(W3CHttpResponseCodec.java:49)
at org.openqa.selenium.remote.HttpCommandExecutor.execute(HttpCommandExecutor.java:158)
at org.openqa.selenium.remote.service.DriverCommandExecutor.execute(DriverCommandExecutor.java:83)
at org.openqa.selenium.remote.RemoteWebDriver.execute(RemoteWebDriver.java:552)
at org.openqa.selenium.remote.RemoteWebDriver.findElement(RemoteWebDriver.java:323)
at org.openqa.selenium.remote.RemoteWebDriver.findElementByXPath(RemoteWebDriver.java:428)
at org.openqa.selenium.By$ByXPath.findElement(By.java:353)
at org.openqa.selenium.remote.RemoteWebDriver.findElement(RemoteWebDriver.java:315)
at org.openqa.selenium.support.pagefactory.DefaultElementLocator.findElement(DefaultElementLocator.java:69)
at org.openqa.selenium.support.pagefactory.internal.LocatingElementHandler.invoke(LocatingElementHandler.java:38)
at com.sun.proxy.$Proxy12.getText(Unknown Source)
at testcases.TC6_Links_Page.testing_links_noContent_link(TC6_Links_Page.java:105)
at sun.reflect.NativeMethodAccessorImpl.invoke0(Native Method)
at sun.reflect.NativeMethodAccessorImpl.invoke(NativeMethodAccessorImpl.java:62)
at sun.reflect.DelegatingMethodAccessorImpl.invoke(DelegatingMethodAccessorImpl.java:43)
at java.lang.reflect.Method.invoke(Method.java:498)
at org.testng.internal.MethodInvocationHelper.invokeMethod(MethodInvocationHelper.java:124)
at org.testng.internal.Invoker.invokeMethod(Invoker.java:580)
at org.testng.internal.Invoker.invokeTestMethod(Invoker.java:716)
at org.testng.internal.Invoker.invokeTestMethods(Invoker.java:988)
at org.testng.internal.TestMethodWorker.invokeTestMethods(TestMethodWorker.java:125)
at org.testng.internal.TestMethodWorker.run(TestMethodWorker.java:109)
at org.testng.TestRunner.privateRun(TestRunner.java:648)
at org.testng.TestRunner.run(TestRunner.java:505)
at org.testng.SuiteRunner.runTest(SuiteRunner.java:455)
at org.testng.SuiteRunner.runSequentially(SuiteRunner.java:450)
at org.testng.SuiteRunner.privateRun(SuiteRunner.java:415)
at org.testng.SuiteRunner.run(SuiteRunner.java:364)
at org.testng.SuiteRunnerWorker.runSuite(SuiteRunnerWorker.java:52)
at org.testng.SuiteRunnerWorker.run(SuiteRunnerWorker.java:84)
at org.testng.TestNG.runSuitesSequentially(TestNG.java:1208)
at org.testng.TestNG.runSuitesLocally(TestNG.java:1137)
at org.testng.TestNG.runSuites(TestNG.java:1049)
at org.testng.TestNG.run(TestNG.java:1017)
at org.testng.remote.AbstractRemoteTestNG.run(AbstractRemoteTestNG.java:114)
at org.testng.remote.RemoteTestNG.initAndRun(RemoteTestNG.java:251)
at org.testng.remote.RemoteTestNG.main(RemoteTestNG.java:77)
]]>
            </full-stacktrace>
          </exception> <!-- org.openqa.selenium.NoSuchElementException -->
          <reporter-output>
            <line>
              <![CDATA[Evidance of the Test]]>
            </line>
            <line>
              <![CDATA[<hr>]]>
            </line>
            <line>
              <![CDATA[<a href='G:\practiseSelenium\maven2\test-output\screenshots\Fail Evidance of the method - TESTING_LINKS_NOCONTENT_LINK at Mon_Nov_02_12_17_57_IST_2020.jpeg'> <img src='G:\practiseSelenium\maven2\test-output\screenshots\Fail Evidance of the method - TESTING_LINKS_NOCONTENT_LINK at Mon_Nov_02_12_17_57_IST_2020.jpeg' height='200' width='400'/> </a>]]>
            </line>
          </reporter-output>
        </test-method> <!-- testing_links_noContent_link -->
        <test-method status="PASS" signature="refresh_page()[pri:0, instance:testcases.TC6_Links_Page@5ec0a365]" name="refresh_page" is-config="true" duration-ms="3645" started-at="2020-11-02T06:48:45Z" finished-at="2020-11-02T06:48:49Z">
          <reporter-output>
          </reporter-output>
        </test-method> <!-- refresh_page -->
        <test-method status="FAIL" signature="testing_links_links_moved_link()[pri:27, instance:testcases.TC6_Links_Page@5ec0a365]" name="testing_links_links_moved_link" duration-ms="200" started-at="2020-11-02T06:48:49Z" finished-at="2020-11-02T06:48:49Z">
          <exception class="org.openqa.selenium.NoSuchElementException">
            <message>
              <![CDATA[no such element: Unable to locate element: {"method":"xpath","selector":"/html/body/div/div/div/div[2]/div[2]/div[1]/p[10]"}
  (Session info: chrome=86.0.4240.111)
For documentation on this error, please visit: https://www.seleniumhq.org/exceptions/no_such_element.html
Build info: version: '3.141.59', revision: 'e82be7d358', time: '2018-11-14T08:17:03'
System info: host: 'SURYA', ip: '192.168.0.7', os.name: 'Windows 10', os.arch: 'amd64', os.version: '10.0', java.version: '1.8.0_161'
Driver info: org.openqa.selenium.chrome.ChromeDriver
Capabilities {acceptInsecureCerts: false, browserName: chrome, browserVersion: 86.0.4240.111, chrome: {chromedriverVersion: 86.0.4240.22 (398b0743353ff..., userDataDir: C:\Users\Surya\AppData\Loca...}, goog:chromeOptions: {debuggerAddress: localhost:55580}, javascriptEnabled: true, networkConnectionEnabled: false, pageLoadStrategy: normal, platform: WINDOWS, platformName: WINDOWS, proxy: Proxy(), setWindowRect: true, strictFileInteractability: false, timeouts: {implicit: 0, pageLoad: 300000, script: 30000}, unhandledPromptBehavior: dismiss and notify, webauthn:virtualAuthenticators: true}
Session ID: 1a42f6b60d01b01538341f3844822f05
*** Element info: {Using=xpath, value=/html/body/div/div/div/div[2]/div[2]/div[1]/p[10]}]]>
            </message>
            <full-stacktrace>
              <![CDATA[org.openqa.selenium.NoSuchElementException: no such element: Unable to locate element: {"method":"xpath","selector":"/html/body/div/div/div/div[2]/div[2]/div[1]/p[10]"}
  (Session info: chrome=86.0.4240.111)
For documentation on this error, please visit: https://www.seleniumhq.org/exceptions/no_such_element.html
Build info: version: '3.141.59', revision: 'e82be7d358', time: '2018-11-14T08:17:03'
System info: host: 'SURYA', ip: '192.168.0.7', os.name: 'Windows 10', os.arch: 'amd64', os.version: '10.0', java.version: '1.8.0_161'
Driver info: org.openqa.selenium.chrome.ChromeDriver
Capabilities {acceptInsecureCerts: false, browserName: chrome, browserVersion: 86.0.4240.111, chrome: {chromedriverVersion: 86.0.4240.22 (398b0743353ff..., userDataDir: C:\Users\Surya\AppData\Loca...}, goog:chromeOptions: {debuggerAddress: localhost:55580}, javascriptEnabled: true, networkConnectionEnabled: false, pageLoadStrategy: normal, platform: WINDOWS, platformName: WINDOWS, proxy: Proxy(), setWindowRect: true, strictFileInteractability: false, timeouts: {implicit: 0, pageLoad: 300000, script: 30000}, unhandledPromptBehavior: dismiss and notify, webauthn:virtualAuthenticators: true}
Session ID: 1a42f6b60d01b01538341f3844822f05
*** Element info: {Using=xpath, value=/html/body/div/div/div/div[2]/div[2]/div[1]/p[10]}
at sun.reflect.NativeConstructorAccessorImpl.newInstance0(Native Method)
at sun.reflect.NativeConstructorAccessorImpl.newInstance(NativeConstructorAccessorImpl.java:62)
at sun.reflect.DelegatingConstructorAccessorImpl.newInstance(DelegatingConstructorAccessorImpl.java:45)
at java.lang.reflect.Constructor.newInstance(Constructor.java:423)
at org.openqa.selenium.remote.http.W3CHttpResponseCodec.createException(W3CHttpResponseCodec.java:187)
at org.openqa.selenium.remote.http.W3CHttpResponseCodec.decode(W3CHttpResponseCodec.java:122)
at org.openqa.selenium.remote.http.W3CHttpResponseCodec.decode(W3CHttpResponseCodec.java:49)
at org.openqa.selenium.remote.HttpCommandExecutor.execute(HttpCommandExecutor.java:158)
at org.openqa.selenium.remote.service.DriverCommandExecutor.execute(DriverCommandExecutor.java:83)
at org.openqa.selenium.remote.RemoteWebDriver.execute(RemoteWebDriver.java:552)
at org.openqa.selenium.remote.RemoteWebDriver.findElement(RemoteWebDriver.java:323)
at org.openqa.selenium.remote.RemoteWebDriver.findElementByXPath(RemoteWebDriver.java:428)
at org.openqa.selenium.By$ByXPath.findElement(By.java:353)
at org.openqa.selenium.remote.RemoteWebDriver.findElement(RemoteWebDriver.java:315)
at org.openqa.selenium.support.pagefactory.DefaultElementLocator.findElement(DefaultElementLocator.java:69)
at org.openqa.selenium.support.pagefactory.internal.LocatingElementHandler.invoke(LocatingElementHandler.java:38)
at com.sun.proxy.$Proxy12.getText(Unknown Source)
at testcases.TC6_Links_Page.testing_links_links_moved_link(TC6_Links_Page.java:120)
at sun.reflect.NativeMethodAccessorImpl.invoke0(Native Method)
at sun.reflect.NativeMethodAccessorImpl.invoke(NativeMethodAccessorImpl.java:62)
at sun.reflect.DelegatingMethodAccessorImpl.invoke(DelegatingMethodAccessorImpl.java:43)
at java.lang.reflect.Method.invoke(Method.java:498)
at org.testng.internal.MethodInvocationHelper.invokeMethod(MethodInvocationHelper.java:124)
at org.testng.internal.Invoker.invokeMethod(Invoker.java:580)
at org.testng.internal.Invoker.invokeTestMethod(Invoker.java:716)
at org.testng.internal.Invoker.invokeTestMethods(Invoker.java:988)
at org.testng.internal.TestMethodWorker.invokeTestMethods(TestMethodWorker.java:125)
at org.testng.internal.TestMethodWorker.run(TestMethodWorker.java:109)
at org.testng.TestRunner.privateRun(TestRunner.java:648)
at org.testng.TestRunner.run(TestRunner.java:505)
at org.testng.SuiteRunner.runTest(SuiteRunner.java:455)
at org.testng.SuiteRunner.runSequentially(SuiteRunner.java:450)
at org.testng.SuiteRunner.privateRun(SuiteRunner.java:415)
at org.testng.SuiteRunner.run(SuiteRunner.java:364)
at org.testng.SuiteRunnerWorker.runSuite(SuiteRunnerWorker.java:52)
at org.testng.SuiteRunnerWorker.run(SuiteRunnerWorker.java:84)
at org.testng.TestNG.runSuitesSequentially(TestNG.java:1208)
at org.testng.TestNG.runSuitesLocally(TestNG.java:1137)
at org.testng.TestNG.runSuites(TestNG.java:1049)
at org.testng.TestNG.run(TestNG.java:1017)
at org.testng.remote.AbstractRemoteTestNG.run(AbstractRemoteTestNG.java:114)
at org.testng.remote.RemoteTestNG.initAndRun(RemoteTestNG.java:251)
at org.testng.remote.RemoteTestNG.main(RemoteTestNG.java:77)
]]>
            </full-stacktrace>
          </exception> <!-- org.openqa.selenium.NoSuchElementException -->
          <reporter-output>
            <line>
              <![CDATA[Evidance of the Test]]>
            </line>
            <line>
              <![CDATA[<hr>]]>
            </line>
            <line>
              <![CDATA[<a href='G:\practiseSelenium\maven2\test-output\screenshots\Fail Evidance of the method - TESTING_LINKS_LINKS_MOVED_LINK at Mon_Nov_02_12_17_57_IST_2020.jpeg'> <img src='G:\practiseSelenium\maven2\test-output\screenshots\Fail Evidance of the method - TESTING_LINKS_LINKS_MOVED_LINK at Mon_Nov_02_12_17_57_IST_2020.jpeg' height='200' width='400'/> </a>]]>
            </line>
          </reporter-output>
        </test-method> <!-- testing_links_links_moved_link -->
        <test-method status="PASS" signature="refresh_page()[pri:0, instance:testcases.TC6_Links_Page@5ec0a365]" name="refresh_page" is-config="true" duration-ms="3654" started-at="2020-11-02T06:48:49Z" finished-at="2020-11-02T06:48:53Z">
          <reporter-output>
          </reporter-output>
        </test-method> <!-- refresh_page -->
        <test-method status="FAIL" signature="testing_links_badRequest_link()[pri:28, instance:testcases.TC6_Links_Page@5ec0a365]" name="testing_links_badRequest_link" duration-ms="173" started-at="2020-11-02T06:48:53Z" finished-at="2020-11-02T06:48:53Z">
          <exception class="org.openqa.selenium.NoSuchElementException">
            <message>
              <![CDATA[no such element: Unable to locate element: {"method":"xpath","selector":"/html/body/div/div/div/div[2]/div[2]/div[1]/p[10]"}
  (Session info: chrome=86.0.4240.111)
For documentation on this error, please visit: https://www.seleniumhq.org/exceptions/no_such_element.html
Build info: version: '3.141.59', revision: 'e82be7d358', time: '2018-11-14T08:17:03'
System info: host: 'SURYA', ip: '192.168.0.7', os.name: 'Windows 10', os.arch: 'amd64', os.version: '10.0', java.version: '1.8.0_161'
Driver info: org.openqa.selenium.chrome.ChromeDriver
Capabilities {acceptInsecureCerts: false, browserName: chrome, browserVersion: 86.0.4240.111, chrome: {chromedriverVersion: 86.0.4240.22 (398b0743353ff..., userDataDir: C:\Users\Surya\AppData\Loca...}, goog:chromeOptions: {debuggerAddress: localhost:55580}, javascriptEnabled: true, networkConnectionEnabled: false, pageLoadStrategy: normal, platform: WINDOWS, platformName: WINDOWS, proxy: Proxy(), setWindowRect: true, strictFileInteractability: false, timeouts: {implicit: 0, pageLoad: 300000, script: 30000}, unhandledPromptBehavior: dismiss and notify, webauthn:virtualAuthenticators: true}
Session ID: 1a42f6b60d01b01538341f3844822f05
*** Element info: {Using=xpath, value=/html/body/div/div/div/div[2]/div[2]/div[1]/p[10]}]]>
            </message>
            <full-stacktrace>
              <![CDATA[org.openqa.selenium.NoSuchElementException: no such element: Unable to locate element: {"method":"xpath","selector":"/html/body/div/div/div/div[2]/div[2]/div[1]/p[10]"}
  (Session info: chrome=86.0.4240.111)
For documentation on this error, please visit: https://www.seleniumhq.org/exceptions/no_such_element.html
Build info: version: '3.141.59', revision: 'e82be7d358', time: '2018-11-14T08:17:03'
System info: host: 'SURYA', ip: '192.168.0.7', os.name: 'Windows 10', os.arch: 'amd64', os.version: '10.0', java.version: '1.8.0_161'
Driver info: org.openqa.selenium.chrome.ChromeDriver
Capabilities {acceptInsecureCerts: false, browserName: chrome, browserVersion: 86.0.4240.111, chrome: {chromedriverVersion: 86.0.4240.22 (398b0743353ff..., userDataDir: C:\Users\Surya\AppData\Loca...}, goog:chromeOptions: {debuggerAddress: localhost:55580}, javascriptEnabled: true, networkConnectionEnabled: false, pageLoadStrategy: normal, platform: WINDOWS, platformName: WINDOWS, proxy: Proxy(), setWindowRect: true, strictFileInteractability: false, timeouts: {implicit: 0, pageLoad: 300000, script: 30000}, unhandledPromptBehavior: dismiss and notify, webauthn:virtualAuthenticators: true}
Session ID: 1a42f6b60d01b01538341f3844822f05
*** Element info: {Using=xpath, value=/html/body/div/div/div/div[2]/div[2]/div[1]/p[10]}
at sun.reflect.NativeConstructorAccessorImpl.newInstance0(Native Method)
at sun.reflect.NativeConstructorAccessorImpl.newInstance(NativeConstructorAccessorImpl.java:62)
at sun.reflect.DelegatingConstructorAccessorImpl.newInstance(DelegatingConstructorAccessorImpl.java:45)
at java.lang.reflect.Constructor.newInstance(Constructor.java:423)
at org.openqa.selenium.remote.http.W3CHttpResponseCodec.createException(W3CHttpResponseCodec.java:187)
at org.openqa.selenium.remote.http.W3CHttpResponseCodec.decode(W3CHttpResponseCodec.java:122)
at org.openqa.selenium.remote.http.W3CHttpResponseCodec.decode(W3CHttpResponseCodec.java:49)
at org.openqa.selenium.remote.HttpCommandExecutor.execute(HttpCommandExecutor.java:158)
at org.openqa.selenium.remote.service.DriverCommandExecutor.execute(DriverCommandExecutor.java:83)
at org.openqa.selenium.remote.RemoteWebDriver.execute(RemoteWebDriver.java:552)
at org.openqa.selenium.remote.RemoteWebDriver.findElement(RemoteWebDriver.java:323)
at org.openqa.selenium.remote.RemoteWebDriver.findElementByXPath(RemoteWebDriver.java:428)
at org.openqa.selenium.By$ByXPath.findElement(By.java:353)
at org.openqa.selenium.remote.RemoteWebDriver.findElement(RemoteWebDriver.java:315)
at org.openqa.selenium.support.pagefactory.DefaultElementLocator.findElement(DefaultElementLocator.java:69)
at org.openqa.selenium.support.pagefactory.internal.LocatingElementHandler.invoke(LocatingElementHandler.java:38)
at com.sun.proxy.$Proxy12.getText(Unknown Source)
at testcases.TC6_Links_Page.testing_links_badRequest_link(TC6_Links_Page.java:135)
at sun.reflect.NativeMethodAccessorImpl.invoke0(Native Method)
at sun.reflect.NativeMethodAccessorImpl.invoke(NativeMethodAccessorImpl.java:62)
at sun.reflect.DelegatingMethodAccessorImpl.invoke(DelegatingMethodAccessorImpl.java:43)
at java.lang.reflect.Method.invoke(Method.java:498)
at org.testng.internal.MethodInvocationHelper.invokeMethod(MethodInvocationHelper.java:124)
at org.testng.internal.Invoker.invokeMethod(Invoker.java:580)
at org.testng.internal.Invoker.invokeTestMethod(Invoker.java:716)
at org.testng.internal.Invoker.invokeTestMethods(Invoker.java:988)
at org.testng.internal.TestMethodWorker.invokeTestMethods(TestMethodWorker.java:125)
at org.testng.internal.TestMethodWorker.run(TestMethodWorker.java:109)
at org.testng.TestRunner.privateRun(TestRunner.java:648)
at org.testng.TestRunner.run(TestRunner.java:505)
at org.testng.SuiteRunner.runTest(SuiteRunner.java:455)
at org.testng.SuiteRunner.runSequentially(SuiteRunner.java:450)
at org.testng.SuiteRunner.privateRun(SuiteRunner.java:415)
at org.testng.SuiteRunner.run(SuiteRunner.java:364)
at org.testng.SuiteRunnerWorker.runSuite(SuiteRunnerWorker.java:52)
at org.testng.SuiteRunnerWorker.run(SuiteRunnerWorker.java:84)
at org.testng.TestNG.runSuitesSequentially(TestNG.java:1208)
at org.testng.TestNG.runSuitesLocally(TestNG.java:1137)
at org.testng.TestNG.runSuites(TestNG.java:1049)
at org.testng.TestNG.run(TestNG.java:1017)
at org.testng.remote.AbstractRemoteTestNG.run(AbstractRemoteTestNG.java:114)
at org.testng.remote.RemoteTestNG.initAndRun(RemoteTestNG.java:251)
at org.testng.remote.RemoteTestNG.main(RemoteTestNG.java:77)
]]>
            </full-stacktrace>
          </exception> <!-- org.openqa.selenium.NoSuchElementException -->
          <reporter-output>
            <line>
              <![CDATA[Evidance of the Test]]>
            </line>
            <line>
              <![CDATA[<hr>]]>
            </line>
            <line>
              <![CDATA[<a href='G:\practiseSelenium\maven2\test-output\screenshots\Fail Evidance of the method - TESTING_LINKS_BADREQUEST_LINK at Mon_Nov_02_12_17_57_IST_2020.jpeg'> <img src='G:\practiseSelenium\maven2\test-output\screenshots\Fail Evidance of the method - TESTING_LINKS_BADREQUEST_LINK at Mon_Nov_02_12_17_57_IST_2020.jpeg' height='200' width='400'/> </a>]]>
            </line>
          </reporter-output>
        </test-method> <!-- testing_links_badRequest_link -->
        <test-method status="PASS" signature="refresh_page()[pri:0, instance:testcases.TC6_Links_Page@5ec0a365]" name="refresh_page" is-config="true" duration-ms="3607" started-at="2020-11-02T06:48:54Z" finished-at="2020-11-02T06:48:57Z">
          <reporter-output>
          </reporter-output>
        </test-method> <!-- refresh_page -->
        <test-method status="FAIL" signature="testing_links_links_unauthorized_link()[pri:29, instance:testcases.TC6_Links_Page@5ec0a365]" name="testing_links_links_unauthorized_link" duration-ms="202" started-at="2020-11-02T06:48:57Z" finished-at="2020-11-02T06:48:57Z">
          <exception class="org.openqa.selenium.NoSuchElementException">
            <message>
              <![CDATA[no such element: Unable to locate element: {"method":"xpath","selector":"/html/body/div/div/div/div[2]/div[2]/div[1]/p[10]"}
  (Session info: chrome=86.0.4240.111)
For documentation on this error, please visit: https://www.seleniumhq.org/exceptions/no_such_element.html
Build info: version: '3.141.59', revision: 'e82be7d358', time: '2018-11-14T08:17:03'
System info: host: 'SURYA', ip: '192.168.0.7', os.name: 'Windows 10', os.arch: 'amd64', os.version: '10.0', java.version: '1.8.0_161'
Driver info: org.openqa.selenium.chrome.ChromeDriver
Capabilities {acceptInsecureCerts: false, browserName: chrome, browserVersion: 86.0.4240.111, chrome: {chromedriverVersion: 86.0.4240.22 (398b0743353ff..., userDataDir: C:\Users\Surya\AppData\Loca...}, goog:chromeOptions: {debuggerAddress: localhost:55580}, javascriptEnabled: true, networkConnectionEnabled: false, pageLoadStrategy: normal, platform: WINDOWS, platformName: WINDOWS, proxy: Proxy(), setWindowRect: true, strictFileInteractability: false, timeouts: {implicit: 0, pageLoad: 300000, script: 30000}, unhandledPromptBehavior: dismiss and notify, webauthn:virtualAuthenticators: true}
Session ID: 1a42f6b60d01b01538341f3844822f05
*** Element info: {Using=xpath, value=/html/body/div/div/div/div[2]/div[2]/div[1]/p[10]}]]>
            </message>
            <full-stacktrace>
              <![CDATA[org.openqa.selenium.NoSuchElementException: no such element: Unable to locate element: {"method":"xpath","selector":"/html/body/div/div/div/div[2]/div[2]/div[1]/p[10]"}
  (Session info: chrome=86.0.4240.111)
For documentation on this error, please visit: https://www.seleniumhq.org/exceptions/no_such_element.html
Build info: version: '3.141.59', revision: 'e82be7d358', time: '2018-11-14T08:17:03'
System info: host: 'SURYA', ip: '192.168.0.7', os.name: 'Windows 10', os.arch: 'amd64', os.version: '10.0', java.version: '1.8.0_161'
Driver info: org.openqa.selenium.chrome.ChromeDriver
Capabilities {acceptInsecureCerts: false, browserName: chrome, browserVersion: 86.0.4240.111, chrome: {chromedriverVersion: 86.0.4240.22 (398b0743353ff..., userDataDir: C:\Users\Surya\AppData\Loca...}, goog:chromeOptions: {debuggerAddress: localhost:55580}, javascriptEnabled: true, networkConnectionEnabled: false, pageLoadStrategy: normal, platform: WINDOWS, platformName: WINDOWS, proxy: Proxy(), setWindowRect: true, strictFileInteractability: false, timeouts: {implicit: 0, pageLoad: 300000, script: 30000}, unhandledPromptBehavior: dismiss and notify, webauthn:virtualAuthenticators: true}
Session ID: 1a42f6b60d01b01538341f3844822f05
*** Element info: {Using=xpath, value=/html/body/div/div/div/div[2]/div[2]/div[1]/p[10]}
at sun.reflect.GeneratedConstructorAccessor18.newInstance(Unknown Source)
at sun.reflect.DelegatingConstructorAccessorImpl.newInstance(DelegatingConstructorAccessorImpl.java:45)
at java.lang.reflect.Constructor.newInstance(Constructor.java:423)
at org.openqa.selenium.remote.http.W3CHttpResponseCodec.createException(W3CHttpResponseCodec.java:187)
at org.openqa.selenium.remote.http.W3CHttpResponseCodec.decode(W3CHttpResponseCodec.java:122)
at org.openqa.selenium.remote.http.W3CHttpResponseCodec.decode(W3CHttpResponseCodec.java:49)
at org.openqa.selenium.remote.HttpCommandExecutor.execute(HttpCommandExecutor.java:158)
at org.openqa.selenium.remote.service.DriverCommandExecutor.execute(DriverCommandExecutor.java:83)
at org.openqa.selenium.remote.RemoteWebDriver.execute(RemoteWebDriver.java:552)
at org.openqa.selenium.remote.RemoteWebDriver.findElement(RemoteWebDriver.java:323)
at org.openqa.selenium.remote.RemoteWebDriver.findElementByXPath(RemoteWebDriver.java:428)
at org.openqa.selenium.By$ByXPath.findElement(By.java:353)
at org.openqa.selenium.remote.RemoteWebDriver.findElement(RemoteWebDriver.java:315)
at org.openqa.selenium.support.pagefactory.DefaultElementLocator.findElement(DefaultElementLocator.java:69)
at org.openqa.selenium.support.pagefactory.internal.LocatingElementHandler.invoke(LocatingElementHandler.java:38)
at com.sun.proxy.$Proxy12.getText(Unknown Source)
at testcases.TC6_Links_Page.testing_links_links_unauthorized_link(TC6_Links_Page.java:150)
at sun.reflect.NativeMethodAccessorImpl.invoke0(Native Method)
at sun.reflect.NativeMethodAccessorImpl.invoke(NativeMethodAccessorImpl.java:62)
at sun.reflect.DelegatingMethodAccessorImpl.invoke(DelegatingMethodAccessorImpl.java:43)
at java.lang.reflect.Method.invoke(Method.java:498)
at org.testng.internal.MethodInvocationHelper.invokeMethod(MethodInvocationHelper.java:124)
at org.testng.internal.Invoker.invokeMethod(Invoker.java:580)
at org.testng.internal.Invoker.invokeTestMethod(Invoker.java:716)
at org.testng.internal.Invoker.invokeTestMethods(Invoker.java:988)
at org.testng.internal.TestMethodWorker.invokeTestMethods(TestMethodWorker.java:125)
at org.testng.internal.TestMethodWorker.run(TestMethodWorker.java:109)
at org.testng.TestRunner.privateRun(TestRunner.java:648)
at org.testng.TestRunner.run(TestRunner.java:505)
at org.testng.SuiteRunner.runTest(SuiteRunner.java:455)
at org.testng.SuiteRunner.runSequentially(SuiteRunner.java:450)
at org.testng.SuiteRunner.privateRun(SuiteRunner.java:415)
at org.testng.SuiteRunner.run(SuiteRunner.java:364)
at org.testng.SuiteRunnerWorker.runSuite(SuiteRunnerWorker.java:52)
at org.testng.SuiteRunnerWorker.run(SuiteRunnerWorker.java:84)
at org.testng.TestNG.runSuitesSequentially(TestNG.java:1208)
at org.testng.TestNG.runSuitesLocally(TestNG.java:1137)
at org.testng.TestNG.runSuites(TestNG.java:1049)
at org.testng.TestNG.run(TestNG.java:1017)
at org.testng.remote.AbstractRemoteTestNG.run(AbstractRemoteTestNG.java:114)
at org.testng.remote.RemoteTestNG.initAndRun(RemoteTestNG.java:251)
at org.testng.remote.RemoteTestNG.main(RemoteTestNG.java:77)
]]>
            </full-stacktrace>
          </exception> <!-- org.openqa.selenium.NoSuchElementException -->
          <reporter-output>
            <line>
              <![CDATA[Evidance of the Test]]>
            </line>
            <line>
              <![CDATA[<hr>]]>
            </line>
            <line>
              <![CDATA[<a href='G:\practiseSelenium\maven2\test-output\screenshots\Fail Evidance of the method - TESTING_LINKS_LINKS_UNAUTHORIZED_LINK at Mon_Nov_02_12_17_57_IST_2020.jpeg'> <img src='G:\practiseSelenium\maven2\test-output\screenshots\Fail Evidance of the method - TESTING_LINKS_LINKS_UNAUTHORIZED_LINK at Mon_Nov_02_12_17_57_IST_2020.jpeg' height='200' width='400'/> </a>]]>
            </line>
          </reporter-output>
        </test-method> <!-- testing_links_links_unauthorized_link -->
        <test-method status="PASS" signature="refresh_page()[pri:0, instance:testcases.TC6_Links_Page@5ec0a365]" name="refresh_page" is-config="true" duration-ms="3684" started-at="2020-11-02T06:48:58Z" finished-at="2020-11-02T06:49:01Z">
          <reporter-output>
          </reporter-output>
        </test-method> <!-- refresh_page -->
        <test-method status="FAIL" signature="testing_links_forbidden_link()[pri:30, instance:testcases.TC6_Links_Page@5ec0a365]" name="testing_links_forbidden_link" duration-ms="236" started-at="2020-11-02T06:49:01Z" finished-at="2020-11-02T06:49:02Z">
          <exception class="org.openqa.selenium.NoSuchElementException">
            <message>
              <![CDATA[no such element: Unable to locate element: {"method":"xpath","selector":"/html/body/div/div/div/div[2]/div[2]/div[1]/p[10]"}
  (Session info: chrome=86.0.4240.111)
For documentation on this error, please visit: https://www.seleniumhq.org/exceptions/no_such_element.html
Build info: version: '3.141.59', revision: 'e82be7d358', time: '2018-11-14T08:17:03'
System info: host: 'SURYA', ip: '192.168.0.7', os.name: 'Windows 10', os.arch: 'amd64', os.version: '10.0', java.version: '1.8.0_161'
Driver info: org.openqa.selenium.chrome.ChromeDriver
Capabilities {acceptInsecureCerts: false, browserName: chrome, browserVersion: 86.0.4240.111, chrome: {chromedriverVersion: 86.0.4240.22 (398b0743353ff..., userDataDir: C:\Users\Surya\AppData\Loca...}, goog:chromeOptions: {debuggerAddress: localhost:55580}, javascriptEnabled: true, networkConnectionEnabled: false, pageLoadStrategy: normal, platform: WINDOWS, platformName: WINDOWS, proxy: Proxy(), setWindowRect: true, strictFileInteractability: false, timeouts: {implicit: 0, pageLoad: 300000, script: 30000}, unhandledPromptBehavior: dismiss and notify, webauthn:virtualAuthenticators: true}
Session ID: 1a42f6b60d01b01538341f3844822f05
*** Element info: {Using=xpath, value=/html/body/div/div/div/div[2]/div[2]/div[1]/p[10]}]]>
            </message>
            <full-stacktrace>
              <![CDATA[org.openqa.selenium.NoSuchElementException: no such element: Unable to locate element: {"method":"xpath","selector":"/html/body/div/div/div/div[2]/div[2]/div[1]/p[10]"}
  (Session info: chrome=86.0.4240.111)
For documentation on this error, please visit: https://www.seleniumhq.org/exceptions/no_such_element.html
Build info: version: '3.141.59', revision: 'e82be7d358', time: '2018-11-14T08:17:03'
System info: host: 'SURYA', ip: '192.168.0.7', os.name: 'Windows 10', os.arch: 'amd64', os.version: '10.0', java.version: '1.8.0_161'
Driver info: org.openqa.selenium.chrome.ChromeDriver
Capabilities {acceptInsecureCerts: false, browserName: chrome, browserVersion: 86.0.4240.111, chrome: {chromedriverVersion: 86.0.4240.22 (398b0743353ff..., userDataDir: C:\Users\Surya\AppData\Loca...}, goog:chromeOptions: {debuggerAddress: localhost:55580}, javascriptEnabled: true, networkConnectionEnabled: false, pageLoadStrategy: normal, platform: WINDOWS, platformName: WINDOWS, proxy: Proxy(), setWindowRect: true, strictFileInteractability: false, timeouts: {implicit: 0, pageLoad: 300000, script: 30000}, unhandledPromptBehavior: dismiss and notify, webauthn:virtualAuthenticators: true}
Session ID: 1a42f6b60d01b01538341f3844822f05
*** Element info: {Using=xpath, value=/html/body/div/div/div/div[2]/div[2]/div[1]/p[10]}
at sun.reflect.GeneratedConstructorAccessor18.newInstance(Unknown Source)
at sun.reflect.DelegatingConstructorAccessorImpl.newInstance(DelegatingConstructorAccessorImpl.java:45)
at java.lang.reflect.Constructor.newInstance(Constructor.java:423)
at org.openqa.selenium.remote.http.W3CHttpResponseCodec.createException(W3CHttpResponseCodec.java:187)
at org.openqa.selenium.remote.http.W3CHttpResponseCodec.decode(W3CHttpResponseCodec.java:122)
at org.openqa.selenium.remote.http.W3CHttpResponseCodec.decode(W3CHttpResponseCodec.java:49)
at org.openqa.selenium.remote.HttpCommandExecutor.execute(HttpCommandExecutor.java:158)
at org.openqa.selenium.remote.service.DriverCommandExecutor.execute(DriverCommandExecutor.java:83)
at org.openqa.selenium.remote.RemoteWebDriver.execute(RemoteWebDriver.java:552)
at org.openqa.selenium.remote.RemoteWebDriver.findElement(RemoteWebDriver.java:323)
at org.openqa.selenium.remote.RemoteWebDriver.findElementByXPath(RemoteWebDriver.java:428)
at org.openqa.selenium.By$ByXPath.findElement(By.java:353)
at org.openqa.selenium.remote.RemoteWebDriver.findElement(RemoteWebDriver.java:315)
at org.openqa.selenium.support.pagefactory.DefaultElementLocator.findElement(DefaultElementLocator.java:69)
at org.openqa.selenium.support.pagefactory.internal.LocatingElementHandler.invoke(LocatingElementHandler.java:38)
at com.sun.proxy.$Proxy12.getText(Unknown Source)
at testcases.TC6_Links_Page.testing_links_forbidden_link(TC6_Links_Page.java:165)
at sun.reflect.NativeMethodAccessorImpl.invoke0(Native Method)
at sun.reflect.NativeMethodAccessorImpl.invoke(NativeMethodAccessorImpl.java:62)
at sun.reflect.DelegatingMethodAccessorImpl.invoke(DelegatingMethodAccessorImpl.java:43)
at java.lang.reflect.Method.invoke(Method.java:498)
at org.testng.internal.MethodInvocationHelper.invokeMethod(MethodInvocationHelper.java:124)
at org.testng.internal.Invoker.invokeMethod(Invoker.java:580)
at org.testng.internal.Invoker.invokeTestMethod(Invoker.java:716)
at org.testng.internal.Invoker.invokeTestMethods(Invoker.java:988)
at org.testng.internal.TestMethodWorker.invokeTestMethods(TestMethodWorker.java:125)
at org.testng.internal.TestMethodWorker.run(TestMethodWorker.java:109)
at org.testng.TestRunner.privateRun(TestRunner.java:648)
at org.testng.TestRunner.run(TestRunner.java:505)
at org.testng.SuiteRunner.runTest(SuiteRunner.java:455)
at org.testng.SuiteRunner.runSequentially(SuiteRunner.java:450)
at org.testng.SuiteRunner.privateRun(SuiteRunner.java:415)
at org.testng.SuiteRunner.run(SuiteRunner.java:364)
at org.testng.SuiteRunnerWorker.runSuite(SuiteRunnerWorker.java:52)
at org.testng.SuiteRunnerWorker.run(SuiteRunnerWorker.java:84)
at org.testng.TestNG.runSuitesSequentially(TestNG.java:1208)
at org.testng.TestNG.runSuitesLocally(TestNG.java:1137)
at org.testng.TestNG.runSuites(TestNG.java:1049)
at org.testng.TestNG.run(TestNG.java:1017)
at org.testng.remote.AbstractRemoteTestNG.run(AbstractRemoteTestNG.java:114)
at org.testng.remote.RemoteTestNG.initAndRun(RemoteTestNG.java:251)
at org.testng.remote.RemoteTestNG.main(RemoteTestNG.java:77)
]]>
            </full-stacktrace>
          </exception> <!-- org.openqa.selenium.NoSuchElementException -->
          <reporter-output>
            <line>
              <![CDATA[Evidance of the Test]]>
            </line>
            <line>
              <![CDATA[<hr>]]>
            </line>
            <line>
              <![CDATA[<a href='G:\practiseSelenium\maven2\test-output\screenshots\Fail Evidance of the method - TESTING_LINKS_FORBIDDEN_LINK at Mon_Nov_02_12_17_57_IST_2020.jpeg'> <img src='G:\practiseSelenium\maven2\test-output\screenshots\Fail Evidance of the method - TESTING_LINKS_FORBIDDEN_LINK at Mon_Nov_02_12_17_57_IST_2020.jpeg' height='200' width='400'/> </a>]]>
            </line>
          </reporter-output>
        </test-method> <!-- testing_links_forbidden_link -->
        <test-method status="PASS" signature="refresh_page()[pri:0, instance:testcases.TC6_Links_Page@5ec0a365]" name="refresh_page" is-config="true" duration-ms="3670" started-at="2020-11-02T06:49:02Z" finished-at="2020-11-02T06:49:06Z">
          <reporter-output>
          </reporter-output>
        </test-method> <!-- refresh_page -->
        <test-method status="FAIL" signature="testing_links_links_invalidUrl_link()[pri:31, instance:testcases.TC6_Links_Page@5ec0a365]" name="testing_links_links_invalidUrl_link" duration-ms="147" started-at="2020-11-02T06:49:06Z" finished-at="2020-11-02T06:49:06Z">
          <exception class="org.openqa.selenium.NoSuchElementException">
            <message>
              <![CDATA[no such element: Unable to locate element: {"method":"xpath","selector":"/html/body/div/div/div/div[2]/div[2]/div[1]/p[10]"}
  (Session info: chrome=86.0.4240.111)
For documentation on this error, please visit: https://www.seleniumhq.org/exceptions/no_such_element.html
Build info: version: '3.141.59', revision: 'e82be7d358', time: '2018-11-14T08:17:03'
System info: host: 'SURYA', ip: '192.168.0.7', os.name: 'Windows 10', os.arch: 'amd64', os.version: '10.0', java.version: '1.8.0_161'
Driver info: org.openqa.selenium.chrome.ChromeDriver
Capabilities {acceptInsecureCerts: false, browserName: chrome, browserVersion: 86.0.4240.111, chrome: {chromedriverVersion: 86.0.4240.22 (398b0743353ff..., userDataDir: C:\Users\Surya\AppData\Loca...}, goog:chromeOptions: {debuggerAddress: localhost:55580}, javascriptEnabled: true, networkConnectionEnabled: false, pageLoadStrategy: normal, platform: WINDOWS, platformName: WINDOWS, proxy: Proxy(), setWindowRect: true, strictFileInteractability: false, timeouts: {implicit: 0, pageLoad: 300000, script: 30000}, unhandledPromptBehavior: dismiss and notify, webauthn:virtualAuthenticators: true}
Session ID: 1a42f6b60d01b01538341f3844822f05
*** Element info: {Using=xpath, value=/html/body/div/div/div/div[2]/div[2]/div[1]/p[10]}]]>
            </message>
            <full-stacktrace>
              <![CDATA[org.openqa.selenium.NoSuchElementException: no such element: Unable to locate element: {"method":"xpath","selector":"/html/body/div/div/div/div[2]/div[2]/div[1]/p[10]"}
  (Session info: chrome=86.0.4240.111)
For documentation on this error, please visit: https://www.seleniumhq.org/exceptions/no_such_element.html
Build info: version: '3.141.59', revision: 'e82be7d358', time: '2018-11-14T08:17:03'
System info: host: 'SURYA', ip: '192.168.0.7', os.name: 'Windows 10', os.arch: 'amd64', os.version: '10.0', java.version: '1.8.0_161'
Driver info: org.openqa.selenium.chrome.ChromeDriver
Capabilities {acceptInsecureCerts: false, browserName: chrome, browserVersion: 86.0.4240.111, chrome: {chromedriverVersion: 86.0.4240.22 (398b0743353ff..., userDataDir: C:\Users\Surya\AppData\Loca...}, goog:chromeOptions: {debuggerAddress: localhost:55580}, javascriptEnabled: true, networkConnectionEnabled: false, pageLoadStrategy: normal, platform: WINDOWS, platformName: WINDOWS, proxy: Proxy(), setWindowRect: true, strictFileInteractability: false, timeouts: {implicit: 0, pageLoad: 300000, script: 30000}, unhandledPromptBehavior: dismiss and notify, webauthn:virtualAuthenticators: true}
Session ID: 1a42f6b60d01b01538341f3844822f05
*** Element info: {Using=xpath, value=/html/body/div/div/div/div[2]/div[2]/div[1]/p[10]}
at sun.reflect.GeneratedConstructorAccessor18.newInstance(Unknown Source)
at sun.reflect.DelegatingConstructorAccessorImpl.newInstance(DelegatingConstructorAccessorImpl.java:45)
at java.lang.reflect.Constructor.newInstance(Constructor.java:423)
at org.openqa.selenium.remote.http.W3CHttpResponseCodec.createException(W3CHttpResponseCodec.java:187)
at org.openqa.selenium.remote.http.W3CHttpResponseCodec.decode(W3CHttpResponseCodec.java:122)
at org.openqa.selenium.remote.http.W3CHttpResponseCodec.decode(W3CHttpResponseCodec.java:49)
at org.openqa.selenium.remote.HttpCommandExecutor.execute(HttpCommandExecutor.java:158)
at org.openqa.selenium.remote.service.DriverCommandExecutor.execute(DriverCommandExecutor.java:83)
at org.openqa.selenium.remote.RemoteWebDriver.execute(RemoteWebDriver.java:552)
at org.openqa.selenium.remote.RemoteWebDriver.findElement(RemoteWebDriver.java:323)
at org.openqa.selenium.remote.RemoteWebDriver.findElementByXPath(RemoteWebDriver.java:428)
at org.openqa.selenium.By$ByXPath.findElement(By.java:353)
at org.openqa.selenium.remote.RemoteWebDriver.findElement(RemoteWebDriver.java:315)
at org.openqa.selenium.support.pagefactory.DefaultElementLocator.findElement(DefaultElementLocator.java:69)
at org.openqa.selenium.support.pagefactory.internal.LocatingElementHandler.invoke(LocatingElementHandler.java:38)
at com.sun.proxy.$Proxy12.getText(Unknown Source)
at testcases.TC6_Links_Page.testing_links_links_invalidUrl_link(TC6_Links_Page.java:180)
at sun.reflect.NativeMethodAccessorImpl.invoke0(Native Method)
at sun.reflect.NativeMethodAccessorImpl.invoke(NativeMethodAccessorImpl.java:62)
at sun.reflect.DelegatingMethodAccessorImpl.invoke(DelegatingMethodAccessorImpl.java:43)
at java.lang.reflect.Method.invoke(Method.java:498)
at org.testng.internal.MethodInvocationHelper.invokeMethod(MethodInvocationHelper.java:124)
at org.testng.internal.Invoker.invokeMethod(Invoker.java:580)
at org.testng.internal.Invoker.invokeTestMethod(Invoker.java:716)
at org.testng.internal.Invoker.invokeTestMethods(Invoker.java:988)
at org.testng.internal.TestMethodWorker.invokeTestMethods(TestMethodWorker.java:125)
at org.testng.internal.TestMethodWorker.run(TestMethodWorker.java:109)
at org.testng.TestRunner.privateRun(TestRunner.java:648)
at org.testng.TestRunner.run(TestRunner.java:505)
at org.testng.SuiteRunner.runTest(SuiteRunner.java:455)
at org.testng.SuiteRunner.runSequentially(SuiteRunner.java:450)
at org.testng.SuiteRunner.privateRun(SuiteRunner.java:415)
at org.testng.SuiteRunner.run(SuiteRunner.java:364)
at org.testng.SuiteRunnerWorker.runSuite(SuiteRunnerWorker.java:52)
at org.testng.SuiteRunnerWorker.run(SuiteRunnerWorker.java:84)
at org.testng.TestNG.runSuitesSequentially(TestNG.java:1208)
at org.testng.TestNG.runSuitesLocally(TestNG.java:1137)
at org.testng.TestNG.runSuites(TestNG.java:1049)
at org.testng.TestNG.run(TestNG.java:1017)
at org.testng.remote.AbstractRemoteTestNG.run(AbstractRemoteTestNG.java:114)
at org.testng.remote.RemoteTestNG.initAndRun(RemoteTestNG.java:251)
at org.testng.remote.RemoteTestNG.main(RemoteTestNG.java:77)
]]>
            </full-stacktrace>
          </exception> <!-- org.openqa.selenium.NoSuchElementException -->
          <reporter-output>
            <line>
              <![CDATA[Evidance of the Test]]>
            </line>
            <line>
              <![CDATA[<hr>]]>
            </line>
            <line>
              <![CDATA[<a href='G:\practiseSelenium\maven2\test-output\screenshots\Fail Evidance of the method - TESTING_LINKS_LINKS_INVALIDURL_LINK at Mon_Nov_02_12_17_57_IST_2020.jpeg'> <img src='G:\practiseSelenium\maven2\test-output\screenshots\Fail Evidance of the method - TESTING_LINKS_LINKS_INVALIDURL_LINK at Mon_Nov_02_12_17_57_IST_2020.jpeg' height='200' width='400'/> </a>]]>
            </line>
          </reporter-output>
        </test-method> <!-- testing_links_links_invalidUrl_link -->
        <test-method status="PASS" signature="refresh_page()[pri:0, instance:testcases.TC6_Links_Page@5ec0a365]" name="refresh_page" is-config="true" duration-ms="3648" started-at="2020-11-02T06:49:06Z" finished-at="2020-11-02T06:49:10Z">
          <reporter-output>
          </reporter-output>
        </test-method> <!-- refresh_page -->
        <test-method status="PASS" signature="tearDown()[pri:0, instance:testcases.TC6_Links_Page@5ec0a365]" name="tearDown" is-config="true" duration-ms="946" started-at="2020-11-02T06:49:10Z" finished-at="2020-11-02T06:49:11Z">
          <reporter-output>
          </reporter-output>
        </test-method> <!-- tearDown -->
      </class> <!-- testcases.TC6_Links_Page -->
    </test> <!-- Links Page Test -->
  </suite> <!-- Testing ToolsQA Suite -->
</testng-results>
